#! /usr/bin/vvp
:ivl_version "12.0 (stable)";
:ivl_delay_selection "TYPICAL";
:vpi_time_precision - 12;
:vpi_module "/usr/lib/x86_64-linux-gnu/ivl/system.vpi";
:vpi_module "/usr/lib/x86_64-linux-gnu/ivl/vhdl_sys.vpi";
:vpi_module "/usr/lib/x86_64-linux-gnu/ivl/vhdl_textio.vpi";
:vpi_module "/usr/lib/x86_64-linux-gnu/ivl/v2005_math.vpi";
:vpi_module "/usr/lib/x86_64-linux-gnu/ivl/va_math.vpi";
S_0x6496a343f7d0 .scope module, "tb_uart" "tb_uart" 2 3;
 .timescale -9 -12;
P_0x6496a345ac30 .param/l "ADDR_WIDTH" 0 2 9, +C4<00000000000000000000000000100000>;
P_0x6496a345ac70 .param/l "BASE_ADDR" 0 2 11, C4<00100000000000000000000000000000>;
P_0x6496a345acb0 .param/l "BAUD_DIV" 0 2 8, +C4<00000000000000000000001101100100>;
P_0x6496a345acf0 .param/l "BAUD_DIV_RST" 0 2 13, C4<0000000001101000>;
P_0x6496a345ad30 .param/l "BAUD_RATE" 0 2 6, +C4<00000000000000011100001000000000>;
P_0x6496a345ad70 .param/l "CLK_FREQ" 0 2 7, +C4<00000101111101011110000100000000>;
P_0x6496a345adb0 .param/l "CLK_PERIOD" 0 2 5, +C4<00000000000000000000000000001010>;
P_0x6496a345adf0 .param/l "DATA_WIDTH" 0 2 10, +C4<00000000000000000000000000100000>;
P_0x6496a345ae30 .param/l "SIZE_KB" 0 2 12, +C4<00000000000000000000000000000100>;
v0x6496a347d9f0_0 .var "clk", 0 0;
v0x6496a347dab0_0 .var/i "i", 31 0;
v0x6496a347db90_0 .var "rst_n", 0 0;
v0x6496a347dcf0_0 .var "task_error_count", 31 0;
v0x6496a347ddb0_0 .var "test_num", 31 0;
v0x6496a347de90_0 .var "total_errors", 31 0;
v0x6496a347df70_0 .var "uart_rx", 0 0;
v0x6496a347e010_0 .net "uart_tx", 0 0, v0x6496a34788b0_0;  1 drivers
v0x6496a347e0b0_0 .net "wbs_ack", 0 0, v0x6496a347b660_0;  1 drivers
v0x6496a347e1e0_0 .var "wbs_addr", 31 0;
v0x6496a347e280_0 .var "wbs_cyc", 0 0;
v0x6496a347e320_0 .net "wbs_data_read", 31 0, v0x6496a347b880_0;  1 drivers
v0x6496a347e3f0_0 .var "wbs_data_write", 31 0;
v0x6496a347e490_0 .var "wbs_sel", 3 0;
v0x6496a347e5a0_0 .var "wbs_stb", 0 0;
v0x6496a347e640_0 .var "wbs_we", 0 0;
E_0x6496a340ff30 .event anyedge, v0x6496a34490e0_0;
S_0x6496a33e6db0 .scope module, "dut" "uart_wrapper" 2 51, 3 1 0, S_0x6496a343f7d0;
 .timescale 0 0;
    .port_info 0 /INPUT 1 "clk";
    .port_info 1 /INPUT 1 "rst_n";
    .port_info 2 /INPUT 1 "wbs_cyc";
    .port_info 3 /INPUT 1 "wbs_stb";
    .port_info 4 /INPUT 1 "wbs_we";
    .port_info 5 /INPUT 32 "wbs_addr";
    .port_info 6 /INPUT 32 "wbs_data_write";
    .port_info 7 /INPUT 4 "wbs_sel";
    .port_info 8 /OUTPUT 32 "wbs_data_read";
    .port_info 9 /OUTPUT 1 "wbs_ack";
    .port_info 10 /OUTPUT 1 "uart_tx";
    .port_info 11 /INPUT 1 "uart_rx";
P_0x6496a34540d0 .param/l "ADDR_WIDTH" 0 3 4, +C4<00000000000000000000000000100000>;
P_0x6496a3454110 .param/l "BASE_ADDR" 0 3 2, C4<00100000000000000000000000000000>;
P_0x6496a3454150 .param/l "BAUD_DIV_RST" 0 3 6, C4<0000000001101000>;
P_0x6496a3454190 .param/l "DATA_WIDTH" 0 3 5, +C4<00000000000000000000000000100000>;
P_0x6496a34541d0 .param/l "SIZE_KB" 0 3 3, +C4<00000000000000000000000000000100>;
L_0x6496a3453830 .functor AND 1, L_0x6496a348e740, L_0x6496a348e860, C4<1>, C4<1>;
L_0x6496a3448f40 .functor AND 1, v0x6496a347e280_0, L_0x6496a3453830, C4<1>, C4<1>;
L_0x6496a3400270 .functor AND 1, v0x6496a347e5a0_0, L_0x6496a3453830, C4<1>, C4<1>;
L_0x73465d5b7018 .functor BUFT 1, C4<00100000000000000000000000000000>, C4<0>, C4<0>, C4<0>;
v0x6496a347adc0_0 .net/2u *"_ivl_0", 31 0, L_0x73465d5b7018;  1 drivers
v0x6496a347aec0_0 .net *"_ivl_2", 0 0, L_0x6496a348e740;  1 drivers
L_0x73465d5b7060 .functor BUFT 1, C4<00100000000000000001000000000000>, C4<0>, C4<0>, C4<0>;
v0x6496a347af80_0 .net/2u *"_ivl_4", 31 0, L_0x73465d5b7060;  1 drivers
v0x6496a347b070_0 .net *"_ivl_6", 0 0, L_0x6496a348e860;  1 drivers
v0x6496a347b130_0 .net "clk", 0 0, v0x6496a347d9f0_0;  1 drivers
v0x6496a347b220_0 .net "rst_n", 0 0, v0x6496a347db90_0;  1 drivers
v0x6496a347b2c0_0 .net "tmp_wbs_ack", 0 0, v0x6496a347a470_0;  1 drivers
v0x6496a347b360_0 .net "tmp_wbs_data_read", 31 0, v0x6496a347a860_0;  1 drivers
v0x6496a347b430_0 .net "uart_rx", 0 0, v0x6496a347df70_0;  1 drivers
v0x6496a347b4d0_0 .net "uart_select", 0 0, L_0x6496a3453830;  1 drivers
v0x6496a347b570_0 .net "uart_tx", 0 0, v0x6496a34788b0_0;  alias, 1 drivers
v0x6496a347b660_0 .var "wbs_ack", 0 0;
v0x6496a347b720_0 .net "wbs_addr", 31 0, v0x6496a347e1e0_0;  1 drivers
v0x6496a347b7e0_0 .net "wbs_cyc", 0 0, v0x6496a347e280_0;  1 drivers
v0x6496a347b880_0 .var "wbs_data_read", 31 0;
v0x6496a347b960_0 .net "wbs_data_write", 31 0, v0x6496a347e3f0_0;  1 drivers
v0x6496a347ba20_0 .net "wbs_sel", 3 0, v0x6496a347e490_0;  1 drivers
v0x6496a347baf0_0 .net "wbs_stb", 0 0, v0x6496a347e5a0_0;  1 drivers
v0x6496a347bb90_0 .net "wbs_we", 0 0, v0x6496a347e640_0;  1 drivers
E_0x6496a341bca0 .event posedge, v0x6496a3447da0_0;
L_0x6496a348e740 .cmp/ge 32, v0x6496a347e1e0_0, L_0x73465d5b7018;
L_0x6496a348e860 .cmp/gt 32, L_0x73465d5b7060, v0x6496a347e1e0_0;
S_0x6496a33da500 .scope module, "uart_inst" "uart" 3 44, 4 1 0, S_0x6496a33e6db0;
 .timescale 0 0;
    .port_info 0 /INPUT 1 "clk";
    .port_info 1 /INPUT 1 "rst_n";
    .port_info 2 /INPUT 1 "wbs_cyc";
    .port_info 3 /INPUT 1 "wbs_stb";
    .port_info 4 /INPUT 1 "wbs_we";
    .port_info 5 /INPUT 32 "wbs_addr";
    .port_info 6 /INPUT 32 "wbs_data_write";
    .port_info 7 /INPUT 4 "wbs_sel";
    .port_info 8 /OUTPUT 32 "wbs_data_read";
    .port_info 9 /OUTPUT 1 "wbs_ack";
    .port_info 10 /OUTPUT 1 "uart_tx";
    .port_info 11 /INPUT 1 "uart_rx";
P_0x6496a33da690 .param/l "ADDR_WIDTH" 0 4 2, +C4<00000000000000000000000000100000>;
P_0x6496a33da6d0 .param/l "BAUD_DIV_RST" 0 4 4, C4<0000000001101000>;
P_0x6496a33da710 .param/l "CTRL_RX_ENABLE" 1 4 38, +C4<00000000000000000000000000000001>;
P_0x6496a33da750 .param/l "CTRL_TX_ENABLE" 1 4 37, +C4<00000000000000000000000000000000>;
P_0x6496a33da790 .param/l "DATA_WIDTH" 0 4 3, +C4<00000000000000000000000000100000>;
P_0x6496a33da7d0 .param/l "STATUS_RX_FRAME_ERR" 1 4 34, +C4<00000000000000000000000000000100>;
P_0x6496a33da810 .param/l "STATUS_RX_OVERRUN" 1 4 33, +C4<00000000000000000000000000000011>;
P_0x6496a33da850 .param/l "STATUS_RX_READY" 1 4 32, +C4<00000000000000000000000000000010>;
P_0x6496a33da890 .param/l "STATUS_TX_BUSY" 1 4 31, +C4<00000000000000000000000000000001>;
P_0x6496a33da8d0 .param/l "STATUS_TX_EMPTY" 1 4 30, +C4<00000000000000000000000000000000>;
L_0x73465d5b7138 .functor BUFT 1, C4<000000001000>, C4<0>, C4<0>, C4<0>;
v0x6496a3478b10_0 .net/2u *"_ivl_10", 11 0, L_0x73465d5b7138;  1 drivers
L_0x73465d5b7180 .functor BUFT 1, C4<000000001100>, C4<0>, C4<0>, C4<0>;
v0x6496a3478c10_0 .net/2u *"_ivl_14", 11 0, L_0x73465d5b7180;  1 drivers
L_0x73465d5b71c8 .functor BUFT 1, C4<000000010000>, C4<0>, C4<0>, C4<0>;
v0x6496a3478cf0_0 .net/2u *"_ivl_18", 11 0, L_0x73465d5b71c8;  1 drivers
L_0x73465d5b70a8 .functor BUFT 1, C4<000000000000>, C4<0>, C4<0>, C4<0>;
v0x6496a3478de0_0 .net/2u *"_ivl_2", 11 0, L_0x73465d5b70a8;  1 drivers
L_0x73465d5b70f0 .functor BUFT 1, C4<000000000100>, C4<0>, C4<0>, C4<0>;
v0x6496a3478ec0_0 .net/2u *"_ivl_6", 11 0, L_0x73465d5b70f0;  1 drivers
v0x6496a3478fa0_0 .var "baud_div_reg", 15 0;
v0x6496a34790b0_0 .net "clk", 0 0, v0x6496a347d9f0_0;  alias, 1 drivers
v0x6496a34791a0_0 .var "ctrl_reg", 7 0;
v0x6496a3479280_0 .net "reg_offset", 11 0, L_0x6496a348ea60;  1 drivers
v0x6496a34793f0_0 .net "rst_n", 0 0, v0x6496a347db90_0;  alias, 1 drivers
v0x6496a3479490_0 .net "rx_data", 7 0, v0x6496a3476f70_0;  1 drivers
v0x6496a3479550_0 .var "rx_data_reg", 7 0;
v0x6496a3479610_0 .net "rx_frame_error", 0 0, v0x6496a34771d0_0;  1 drivers
v0x6496a34796b0_0 .net "rx_overrun", 0 0, v0x6496a3477290_0;  1 drivers
v0x6496a3479750_0 .net "rx_ready", 0 0, v0x6496a3477350_0;  1 drivers
v0x6496a34797f0_0 .net "sel_baud_div", 0 0, L_0x6496a348ede0;  1 drivers
v0x6496a3479890_0 .net "sel_ctrl", 0 0, L_0x6496a348ef40;  1 drivers
v0x6496a3479a40_0 .net "sel_rx_data", 0 0, L_0x6496a348eca0;  1 drivers
v0x6496a3479ae0_0 .net "sel_status", 0 0, L_0x6496a348f060;  1 drivers
v0x6496a3479ba0_0 .net "sel_tx_data", 0 0, L_0x6496a348eb30;  1 drivers
v0x6496a3479c60_0 .var "status_reg", 7 0;
v0x6496a3479d40_0 .var "tmp_r_ack", 0 0;
v0x6496a3479e00_0 .var "tmp_w_ack", 0 0;
v0x6496a3479ec0_0 .net "tx_busy", 0 0, v0x6496a3478270_0;  1 drivers
v0x6496a3479f90_0 .var "tx_data_reg", 7 0;
v0x6496a347a060_0 .net "tx_done", 0 0, v0x6496a34783f0_0;  1 drivers
v0x6496a347a130_0 .net "tx_empty", 0 0, v0x6496a34784b0_0;  1 drivers
v0x6496a347a200_0 .var "tx_start_pulse", 0 0;
v0x6496a347a2d0_0 .net "uart_rx", 0 0, v0x6496a347df70_0;  alias, 1 drivers
v0x6496a347a3a0_0 .net "uart_tx", 0 0, v0x6496a34788b0_0;  alias, 1 drivers
v0x6496a347a470_0 .var "wbs_ack", 0 0;
v0x6496a347a510_0 .net "wbs_addr", 31 0, v0x6496a347e1e0_0;  alias, 1 drivers
v0x6496a347a5b0_0 .net "wbs_cyc", 0 0, L_0x6496a3448f40;  1 drivers
v0x6496a347a860_0 .var "wbs_data_read", 31 0;
v0x6496a347a900_0 .net "wbs_data_write", 31 0, v0x6496a347e3f0_0;  alias, 1 drivers
v0x6496a347a9e0_0 .net "wbs_sel", 3 0, v0x6496a347e490_0;  alias, 1 drivers
v0x6496a347aac0_0 .net "wbs_stb", 0 0, L_0x6496a3400270;  1 drivers
v0x6496a347ab80_0 .net "wbs_we", 0 0, v0x6496a347e640_0;  alias, 1 drivers
E_0x6496a3413490/0 .event anyedge, v0x6496a347a5b0_0, v0x6496a347aac0_0, v0x6496a347ab80_0, v0x6496a3479280_0;
E_0x6496a3413490/1 .event anyedge, v0x6496a3478310_0, v0x6496a3479550_0, v0x6496a34465f0_0, v0x6496a34791a0_0;
E_0x6496a3413490/2 .event anyedge, v0x6496a3479c60_0;
E_0x6496a3413490 .event/or E_0x6496a3413490/0, E_0x6496a3413490/1, E_0x6496a3413490/2;
L_0x6496a348ea60 .part v0x6496a347e1e0_0, 0, 12;
L_0x6496a348eb30 .cmp/eq 12, L_0x6496a348ea60, L_0x73465d5b70a8;
L_0x6496a348eca0 .cmp/eq 12, L_0x6496a348ea60, L_0x73465d5b70f0;
L_0x6496a348ede0 .cmp/eq 12, L_0x6496a348ea60, L_0x73465d5b7138;
L_0x6496a348ef40 .cmp/eq 12, L_0x6496a348ea60, L_0x73465d5b7180;
L_0x6496a348f060 .cmp/eq 12, L_0x6496a348ea60, L_0x73465d5b71c8;
L_0x6496a348f1c0 .part v0x6496a34791a0_0, 0, 1;
L_0x6496a348f410 .part v0x6496a34791a0_0, 1, 1;
S_0x6496a33fceb0 .scope module, "uart_rx_inst" "uart_rx" 4 179, 5 1 0, S_0x6496a33da500;
 .timescale 0 0;
    .port_info 0 /INPUT 1 "clk";
    .port_info 1 /INPUT 1 "rst_n";
    .port_info 2 /INPUT 1 "rx_enable";
    .port_info 3 /INPUT 16 "baud_div";
    .port_info 4 /OUTPUT 1 "rx_ready";
    .port_info 5 /OUTPUT 1 "rx_overrun";
    .port_info 6 /OUTPUT 1 "rx_frame_error";
    .port_info 7 /OUTPUT 8 "rx_data";
    .port_info 8 /INPUT 1 "uart_rx";
P_0x6496a33fd040 .param/l "RX_DATA" 1 5 28, C4<010>;
P_0x6496a33fd080 .param/l "RX_ERROR" 1 5 30, C4<100>;
P_0x6496a33fd0c0 .param/l "RX_IDLE" 1 5 26, C4<000>;
P_0x6496a33fd100 .param/l "RX_START" 1 5 27, C4<001>;
P_0x6496a33fd140 .param/l "RX_STOP" 1 5 29, C4<011>;
L_0x6496a3447b80 .functor AND 1, v0x6496a3477690_0, L_0x6496a348f260, C4<1>, C4<1>;
v0x6496a3443430_0 .net *"_ivl_1", 0 0, L_0x6496a348f260;  1 drivers
v0x6496a3446550_0 .var "baud_counter", 15 0;
v0x6496a34465f0_0 .net "baud_div", 15 0, v0x6496a3478fa0_0;  1 drivers
v0x6496a3447ca0_0 .var "baud_tick", 0 0;
v0x6496a3447da0_0 .net "clk", 0 0, v0x6496a347d9f0_0;  alias, 1 drivers
v0x6496a34490e0_0 .net "rst_n", 0 0, v0x6496a347db90_0;  alias, 1 drivers
v0x6496a34491b0_0 .var "rx_bit_counter", 2 0;
v0x6496a3476f70_0 .var "rx_data", 7 0;
v0x6496a3477050_0 .net "rx_enable", 0 0, L_0x6496a348f410;  1 drivers
v0x6496a3477110_0 .net "rx_falling_edge", 0 0, L_0x6496a3447b80;  1 drivers
v0x6496a34771d0_0 .var "rx_frame_error", 0 0;
v0x6496a3477290_0 .var "rx_overrun", 0 0;
v0x6496a3477350_0 .var "rx_ready", 0 0;
v0x6496a3477410_0 .var "rx_shift_reg", 7 0;
v0x6496a34774f0_0 .var "rx_state", 2 0;
v0x6496a34775d0_0 .net "uart_rx", 0 0, v0x6496a347df70_0;  alias, 1 drivers
v0x6496a3477690_0 .var "uart_rx_prev", 0 0;
v0x6496a3477750_0 .var "uart_rx_sync", 0 0;
E_0x6496a3427570/0 .event negedge, v0x6496a34490e0_0;
E_0x6496a3427570/1 .event posedge, v0x6496a3447da0_0;
E_0x6496a3427570 .event/or E_0x6496a3427570/0, E_0x6496a3427570/1;
L_0x6496a348f260 .reduce/nor v0x6496a3477750_0;
S_0x6496a3477930 .scope module, "uart_tx_inst" "uart_tx" 4 163, 6 1 0, S_0x6496a33da500;
 .timescale 0 0;
    .port_info 0 /INPUT 1 "clk";
    .port_info 1 /INPUT 1 "rst_n";
    .port_info 2 /INPUT 1 "tx_enable";
    .port_info 3 /INPUT 8 "tx_data";
    .port_info 4 /INPUT 1 "tx_start";
    .port_info 5 /INPUT 16 "baud_div";
    .port_info 6 /OUTPUT 1 "tx_busy";
    .port_info 7 /OUTPUT 1 "tx_empty";
    .port_info 8 /OUTPUT 1 "tx_done";
    .port_info 9 /OUTPUT 1 "uart_tx";
P_0x6496a34558a0 .param/l "TX_DATA" 1 6 27, C4<10>;
P_0x6496a34558e0 .param/l "TX_IDLE" 1 6 25, C4<00>;
P_0x6496a3455920 .param/l "TX_START" 1 6 26, C4<01>;
P_0x6496a3455960 .param/l "TX_STOP" 1 6 28, C4<11>;
v0x6496a3477da0_0 .var "baud_counter", 15 0;
v0x6496a3477e80_0 .net "baud_div", 15 0, v0x6496a3478fa0_0;  alias, 1 drivers
v0x6496a3477f40_0 .var "baud_tick", 0 0;
v0x6496a3478010_0 .net "clk", 0 0, v0x6496a347d9f0_0;  alias, 1 drivers
v0x6496a34780e0_0 .net "rst_n", 0 0, v0x6496a347db90_0;  alias, 1 drivers
v0x6496a34781d0_0 .var "tx_bit_counter", 2 0;
v0x6496a3478270_0 .var "tx_busy", 0 0;
v0x6496a3478310_0 .net "tx_data", 7 0, v0x6496a3479f90_0;  1 drivers
v0x6496a34783f0_0 .var "tx_done", 0 0;
v0x6496a34784b0_0 .var "tx_empty", 0 0;
v0x6496a3478570_0 .net "tx_enable", 0 0, L_0x6496a348f1c0;  1 drivers
v0x6496a3478630_0 .var "tx_shift_reg", 7 0;
v0x6496a3478710_0 .net "tx_start", 0 0, v0x6496a347a200_0;  1 drivers
v0x6496a34787d0_0 .var "tx_state", 1 0;
v0x6496a34788b0_0 .var "uart_tx", 0 0;
S_0x6496a347bdc0 .scope task, "test_loopback" "test_loopback" 2 324, 2 324 0, S_0x6496a343f7d0;
 .timescale -9 -12;
v0x6496a347bfc0_0 .var "error_count", 31 0;
v0x6496a347c0a0_0 .var "read_data", 31 0;
v0x6496a347c180_0 .var "test_data", 7 0;
TD_tb_uart.test_loopback ;
    %pushi/vec4 0, 0, 32;
    %store/vec4 v0x6496a347bfc0_0, 0, 32;
    %pushi/vec4 0, 0, 32;
    %store/vec4 v0x6496a347c0a0_0, 0, 32;
    %pushi/vec4 170, 0, 8;
    %store/vec4 v0x6496a347c180_0, 0, 8;
    %pushi/vec4 536870912, 0, 32;
    %store/vec4 v0x6496a347d720_0, 0, 32;
    %load/vec4 v0x6496a347c180_0;
    %pad/u 32;
    %store/vec4 v0x6496a347d820_0, 0, 32;
    %pushi/vec4 1, 0, 4;
    %store/vec4 v0x6496a347d900_0, 0, 4;
    %fork TD_tb_uart.wb_write, S_0x6496a347d540;
    %join;
    %delay 104160000, 0;
    %load/vec4 v0x6496a347e010_0;
    %store/vec4 v0x6496a347df70_0, 0, 1;
    %delay 104160000, 0;
    %pushi/vec4 536870916, 0, 32;
    %store/vec4 v0x6496a347d360_0, 0, 32;
    %fork TD_tb_uart.wb_read, S_0x6496a347d180;
    %join;
    %load/vec4 v0x6496a347d460_0;
    %store/vec4 v0x6496a347c0a0_0, 0, 32;
    %load/vec4 v0x6496a347c0a0_0;
    %parti/s 8, 0, 2;
    %load/vec4 v0x6496a347c180_0;
    %cmp/ne;
    %jmp/0xz  T_0.0, 6;
    %vpi_call 2 349 "$display", "ERROR: Loopback test failed: expected %h, got %h", v0x6496a347c180_0, &PV<v0x6496a347c0a0_0, 0, 8> {0 0 0};
    %load/vec4 v0x6496a347bfc0_0;
    %addi 1, 0, 32;
    %store/vec4 v0x6496a347bfc0_0, 0, 32;
    %jmp T_0.1;
T_0.0 ;
    %vpi_call 2 353 "$display", "Loopback test successful: TX -> RX works correctly" {0 0 0};
T_0.1 ;
    %end;
S_0x6496a347c270 .scope task, "test_uart_configuration" "test_uart_configuration" 2 148, 2 148 0, S_0x6496a343f7d0;
 .timescale -9 -12;
v0x6496a347c480_0 .var "error_count", 31 0;
v0x6496a347c560_0 .var "read_data", 31 0;
TD_tb_uart.test_uart_configuration ;
    %pushi/vec4 0, 0, 32;
    %store/vec4 v0x6496a347c480_0, 0, 32;
    %pushi/vec4 0, 0, 32;
    %store/vec4 v0x6496a347c560_0, 0, 32;
    %pushi/vec4 536870920, 0, 32;
    %store/vec4 v0x6496a347d720_0, 0, 32;
    %pushi/vec4 868, 0, 32;
    %store/vec4 v0x6496a347d820_0, 0, 32;
    %pushi/vec4 15, 0, 4;
    %store/vec4 v0x6496a347d900_0, 0, 4;
    %fork TD_tb_uart.wb_write, S_0x6496a347d540;
    %join;
    %pushi/vec4 536870924, 0, 32;
    %store/vec4 v0x6496a347d720_0, 0, 32;
    %pushi/vec4 3, 0, 32;
    %store/vec4 v0x6496a347d820_0, 0, 32;
    %pushi/vec4 15, 0, 4;
    %store/vec4 v0x6496a347d900_0, 0, 4;
    %fork TD_tb_uart.wb_write, S_0x6496a347d540;
    %join;
    %pushi/vec4 536870920, 0, 32;
    %store/vec4 v0x6496a347d360_0, 0, 32;
    %fork TD_tb_uart.wb_read, S_0x6496a347d180;
    %join;
    %load/vec4 v0x6496a347d460_0;
    %store/vec4 v0x6496a347c560_0, 0, 32;
    %load/vec4 v0x6496a347c560_0;
    %parti/s 16, 0, 2;
    %pad/u 32;
    %cmpi/ne 868, 0, 32;
    %jmp/0xz  T_1.2, 6;
    %vpi_call 2 164 "$display", ":ERROR: Baud rate configuration failed" {0 0 0};
    %load/vec4 v0x6496a347c480_0;
    %addi 1, 0, 32;
    %store/vec4 v0x6496a347c480_0, 0, 32;
T_1.2 ;
    %pushi/vec4 536870924, 0, 32;
    %store/vec4 v0x6496a347d360_0, 0, 32;
    %fork TD_tb_uart.wb_read, S_0x6496a347d180;
    %join;
    %load/vec4 v0x6496a347d460_0;
    %store/vec4 v0x6496a347c560_0, 0, 32;
    %load/vec4 v0x6496a347c560_0;
    %parti/s 1, 0, 2;
    %cmpi/ne 1, 0, 1;
    %jmp/1 T_1.6, 6;
    %flag_mov 8, 6;
    %load/vec4 v0x6496a347c560_0;
    %parti/s 1, 1, 2;
    %cmpi/ne 1, 0, 1;
    %flag_or 6, 8;
T_1.6;
    %jmp/0xz  T_1.4, 6;
    %vpi_call 2 170 "$display", "ERROR: Control register configuration failed" {0 0 0};
    %load/vec4 v0x6496a347c480_0;
    %addi 1, 0, 32;
    %store/vec4 v0x6496a347c480_0, 0, 32;
T_1.4 ;
    %vpi_call 2 174 "$display", "Configuration test completed" {0 0 0};
    %end;
S_0x6496a347c640 .scope task, "test_uart_receiver" "test_uart_receiver" 2 268, 2 268 0, S_0x6496a343f7d0;
 .timescale -9 -12;
v0x6496a347c820_0 .var/i "bit_time", 31 0;
v0x6496a347c920_0 .var "error_count", 31 0;
v0x6496a347ca00_0 .var "read_data", 31 0;
v0x6496a347caf0_0 .var "test_data", 7 0;
TD_tb_uart.test_uart_receiver ;
    %pushi/vec4 0, 0, 32;
    %store/vec4 v0x6496a347c920_0, 0, 32;
    %pushi/vec4 0, 0, 32;
    %store/vec4 v0x6496a347ca00_0, 0, 32;
    %pushi/vec4 8680, 0, 32;
    %store/vec4 v0x6496a347c820_0, 0, 32;
    %pushi/vec4 90, 0, 8;
    %store/vec4 v0x6496a347caf0_0, 0, 8;
    %pushi/vec4 1, 0, 1;
    %store/vec4 v0x6496a347df70_0, 0, 1;
    %load/vec4 v0x6496a347c820_0;
    %muli 2, 0, 32;
    %pad/s 64;
    %muli 1000, 0, 64;
    %ix/vec4 4;
    %delayx 4;
    %pushi/vec4 0, 0, 1;
    %store/vec4 v0x6496a347df70_0, 0, 1;
    %load/vec4 v0x6496a347c820_0;
    %pad/s 64;
    %muli 1000, 0, 64;
    %ix/vec4 4;
    %delayx 4;
    %pushi/vec4 0, 0, 32;
    %store/vec4 v0x6496a347dab0_0, 0, 32;
T_2.7 ;
    %load/vec4 v0x6496a347dab0_0;
    %cmpi/s 8, 0, 32;
    %jmp/0xz T_2.8, 5;
    %load/vec4 v0x6496a347caf0_0;
    %load/vec4 v0x6496a347dab0_0;
    %part/s 1;
    %store/vec4 v0x6496a347df70_0, 0, 1;
    %load/vec4 v0x6496a347c820_0;
    %pad/s 64;
    %muli 1000, 0, 64;
    %ix/vec4 4;
    %delayx 4;
    %load/vec4 v0x6496a347dab0_0;
    %addi 1, 0, 32;
    %store/vec4 v0x6496a347dab0_0, 0, 32;
    %jmp T_2.7;
T_2.8 ;
    %pushi/vec4 1, 0, 1;
    %store/vec4 v0x6496a347df70_0, 0, 1;
    %load/vec4 v0x6496a347c820_0;
    %pad/s 64;
    %muli 1000, 0, 64;
    %ix/vec4 4;
    %delayx 4;
    %pushi/vec4 536870928, 0, 32;
    %store/vec4 v0x6496a347d360_0, 0, 32;
    %fork TD_tb_uart.wb_read, S_0x6496a347d180;
    %join;
    %load/vec4 v0x6496a347d460_0;
    %store/vec4 v0x6496a347ca00_0, 0, 32;
    %load/vec4 v0x6496a347ca00_0;
    %parti/s 1, 2, 3;
    %cmpi/ne 1, 0, 1;
    %jmp/0xz  T_2.9, 6;
    %vpi_call 2 301 "$display", "ERROR: RX_READY status not set after reception" {0 0 0};
    %load/vec4 v0x6496a347c920_0;
    %addi 1, 0, 32;
    %store/vec4 v0x6496a347c920_0, 0, 32;
T_2.9 ;
    %pushi/vec4 536870916, 0, 32;
    %store/vec4 v0x6496a347d360_0, 0, 32;
    %fork TD_tb_uart.wb_read, S_0x6496a347d180;
    %join;
    %load/vec4 v0x6496a347d460_0;
    %store/vec4 v0x6496a347ca00_0, 0, 32;
    %load/vec4 v0x6496a347ca00_0;
    %parti/s 8, 0, 2;
    %load/vec4 v0x6496a347caf0_0;
    %cmp/ne;
    %jmp/0xz  T_2.11, 6;
    %vpi_call 2 308 "$display", "ERROR: Received data incorrect: expected %h, got %h", v0x6496a347caf0_0, &PV<v0x6496a347ca00_0, 0, 8> {0 0 0};
    %load/vec4 v0x6496a347c920_0;
    %addi 1, 0, 32;
    %store/vec4 v0x6496a347c920_0, 0, 32;
T_2.11 ;
    %pushi/vec4 536870928, 0, 32;
    %store/vec4 v0x6496a347d360_0, 0, 32;
    %fork TD_tb_uart.wb_read, S_0x6496a347d180;
    %join;
    %load/vec4 v0x6496a347d460_0;
    %store/vec4 v0x6496a347ca00_0, 0, 32;
    %load/vec4 v0x6496a347ca00_0;
    %parti/s 1, 2, 3;
    %cmpi/ne 0, 0, 1;
    %jmp/0xz  T_2.13, 6;
    %vpi_call 2 316 "$display", "ERROR: RX_READY status not cleared after read" {0 0 0};
    %load/vec4 v0x6496a347c920_0;
    %addi 1, 0, 32;
    %store/vec4 v0x6496a347c920_0, 0, 32;
T_2.13 ;
    %vpi_call 2 320 "$display", "Receiver test completed" {0 0 0};
    %end;
S_0x6496a347cbd0 .scope task, "test_uart_transmitter" "test_uart_transmitter" 2 178, 2 178 0, S_0x6496a343f7d0;
 .timescale -9 -12;
v0x6496a347ce00_0 .var/i "bit_time", 31 0;
v0x6496a347cf00_0 .var "error_count", 31 0;
v0x6496a347cfe0_0 .var "read_data", 31 0;
v0x6496a347d0a0_0 .var "test_data", 7 0;
TD_tb_uart.test_uart_transmitter ;
    %pushi/vec4 0, 0, 32;
    %store/vec4 v0x6496a347cf00_0, 0, 32;
    %pushi/vec4 0, 0, 32;
    %store/vec4 v0x6496a347cfe0_0, 0, 32;
    %pushi/vec4 8680, 0, 32;
    %store/vec4 v0x6496a347ce00_0, 0, 32;
    %pushi/vec4 165, 0, 8;
    %store/vec4 v0x6496a347d0a0_0, 0, 8;
    %pushi/vec4 536870928, 0, 32;
    %store/vec4 v0x6496a347d360_0, 0, 32;
    %fork TD_tb_uart.wb_read, S_0x6496a347d180;
    %join;
    %load/vec4 v0x6496a347d460_0;
    %store/vec4 v0x6496a347cfe0_0, 0, 32;
    %load/vec4 v0x6496a347cfe0_0;
    %parti/s 1, 0, 2;
    %cmpi/ne 1, 0, 1;
    %jmp/0xz  T_3.15, 6;
    %vpi_call 2 193 "$display", "ERROR: TX_EMPTY not set initially" {0 0 0};
    %load/vec4 v0x6496a347cf00_0;
    %addi 1, 0, 32;
    %store/vec4 v0x6496a347cf00_0, 0, 32;
T_3.15 ;
    %pushi/vec4 536870912, 0, 32;
    %store/vec4 v0x6496a347d720_0, 0, 32;
    %load/vec4 v0x6496a347d0a0_0;
    %pad/u 32;
    %store/vec4 v0x6496a347d820_0, 0, 32;
    %pushi/vec4 1, 0, 4;
    %store/vec4 v0x6496a347d900_0, 0, 4;
    %fork TD_tb_uart.wb_write, S_0x6496a347d540;
    %join;
    %delay 10000, 0;
    %pushi/vec4 536870928, 0, 32;
    %store/vec4 v0x6496a347d360_0, 0, 32;
    %fork TD_tb_uart.wb_read, S_0x6496a347d180;
    %join;
    %load/vec4 v0x6496a347d460_0;
    %store/vec4 v0x6496a347cfe0_0, 0, 32;
    %load/vec4 v0x6496a347cfe0_0;
    %parti/s 1, 1, 2;
    %cmpi/ne 1, 0, 1;
    %jmp/0xz  T_3.17, 6;
    %vpi_call 2 204 "$display", "ERROR: TX_BUSY not set after transmission start" {0 0 0};
    %load/vec4 v0x6496a347cf00_0;
    %addi 1, 0, 32;
    %store/vec4 v0x6496a347cf00_0, 0, 32;
T_3.17 ;
    %load/vec4 v0x6496a347cfe0_0;
    %parti/s 1, 0, 2;
    %cmpi/ne 0, 0, 1;
    %jmp/0xz  T_3.19, 6;
    %vpi_call 2 208 "$display", "ERROR: TX_EMPTY not cleared after transmission start" {0 0 0};
    %load/vec4 v0x6496a347cf00_0;
    %addi 1, 0, 32;
    %store/vec4 v0x6496a347cf00_0, 0, 32;
T_3.19 ;
    %load/vec4 v0x6496a347ce00_0;
    %cvt/rv/s;
    %pushi/real 1073741824, 4065; load=0.500000
    %mul/wr;
    %pushi/real 2097152000, 4075; load=1000.00
    %mul/wr;
    %cvt/vr 64;
    %muli 1, 0, 64;
    %ix/vec4 4;
    %delayx 4;
    %load/vec4 v0x6496a347e010_0;
    %pad/u 32;
    %cmpi/ne 0, 0, 32;
    %jmp/0xz  T_3.21, 6;
    %vpi_call 2 217 "$display", "ERROR: Start bit not detected" {0 0 0};
    %load/vec4 v0x6496a347cf00_0;
    %addi 1, 0, 32;
    %store/vec4 v0x6496a347cf00_0, 0, 32;
T_3.21 ;
    %pushi/vec4 0, 0, 32;
    %store/vec4 v0x6496a347dab0_0, 0, 32;
T_3.23 ;
    %load/vec4 v0x6496a347dab0_0;
    %cmpi/s 8, 0, 32;
    %jmp/0xz T_3.24, 5;
    %load/vec4 v0x6496a347ce00_0;
    %pad/s 64;
    %muli 1000, 0, 64;
    %ix/vec4 4;
    %delayx 4;
    %load/vec4 v0x6496a347e010_0;
    %load/vec4 v0x6496a347d0a0_0;
    %load/vec4 v0x6496a347dab0_0;
    %part/s 1;
    %cmp/ne;
    %jmp/0xz  T_3.25, 6;
    %vpi_call 2 225 "$display", "ERROR: Data bit %0d incorrect: expected %b, got %b", v0x6496a347dab0_0, &PV<v0x6496a347d0a0_0, v0x6496a347dab0_0, 1>, v0x6496a347e010_0 {0 0 0};
    %load/vec4 v0x6496a347cf00_0;
    %addi 1, 0, 32;
    %store/vec4 v0x6496a347cf00_0, 0, 32;
T_3.25 ;
    %load/vec4 v0x6496a347dab0_0;
    %addi 1, 0, 32;
    %store/vec4 v0x6496a347dab0_0, 0, 32;
    %jmp T_3.23;
T_3.24 ;
    %load/vec4 v0x6496a347ce00_0;
    %pad/s 64;
    %muli 1000, 0, 64;
    %ix/vec4 4;
    %delayx 4;
    %load/vec4 v0x6496a347e010_0;
    %cmpi/ne 1, 0, 1;
    %jmp/0xz  T_3.27, 6;
    %vpi_call 2 233 "$display", "ERROR: Stop bit not detected" {0 0 0};
    %load/vec4 v0x6496a347cf00_0;
    %addi 1, 0, 32;
    %store/vec4 v0x6496a347cf00_0, 0, 32;
    %jmp T_3.28;
T_3.27 ;
    %pushi/vec4 536870928, 0, 32;
    %store/vec4 v0x6496a347d360_0, 0, 32;
    %fork TD_tb_uart.wb_read, S_0x6496a347d180;
    %join;
    %load/vec4 v0x6496a347d460_0;
    %store/vec4 v0x6496a347cfe0_0, 0, 32;
    %load/vec4 v0x6496a347cfe0_0;
    %parti/s 1, 0, 2;
    %cmpi/ne 1, 0, 1;
    %jmp/0xz  T_3.29, 6;
    %vpi_call 2 238 "$display", "ERROR: TX_EMPTY status not set after transmission" {0 0 0};
    %vpi_call 2 239 "$display", "  Expected: 1, Got: %b", &PV<v0x6496a347cfe0_0, 0, 1> {0 0 0};
    %load/vec4 v0x6496a347cf00_0;
    %addi 1, 0, 32;
    %store/vec4 v0x6496a347cf00_0, 0, 32;
T_3.29 ;
    %load/vec4 v0x6496a347cfe0_0;
    %parti/s 1, 1, 2;
    %cmpi/ne 0, 0, 1;
    %jmp/0xz  T_3.31, 6;
    %vpi_call 2 243 "$display", "ERROR: TX_BUSY status not cleared after transmission" {0 0 0};
    %load/vec4 v0x6496a347cf00_0;
    %addi 1, 0, 32;
    %store/vec4 v0x6496a347cf00_0, 0, 32;
T_3.31 ;
T_3.28 ;
    %vpi_call 2 263 "$display", "Transmitter test completed" {0 0 0};
    %end;
S_0x6496a347d180 .scope task, "wb_read" "wb_read" 2 386, 2 386 0, S_0x6496a343f7d0;
 .timescale -9 -12;
v0x6496a347d360_0 .var "addr", 31 0;
v0x6496a347d460_0 .var "data", 31 0;
TD_tb_uart.wb_read ;
    %wait E_0x6496a341bca0;
    %pushi/vec4 1, 0, 1;
    %store/vec4 v0x6496a347e280_0, 0, 1;
    %pushi/vec4 1, 0, 1;
    %store/vec4 v0x6496a347e5a0_0, 0, 1;
    %pushi/vec4 0, 0, 1;
    %store/vec4 v0x6496a347e640_0, 0, 1;
    %load/vec4 v0x6496a347d360_0;
    %store/vec4 v0x6496a347e1e0_0, 0, 32;
    %wait E_0x6496a341bca0;
T_4.33 ;
    %load/vec4 v0x6496a347e0b0_0;
    %nor/r;
    %flag_set/vec4 8;
    %jmp/0xz T_4.34, 8;
    %wait E_0x6496a341bca0;
    %jmp T_4.33;
T_4.34 ;
    %load/vec4 v0x6496a347e320_0;
    %store/vec4 v0x6496a347d460_0, 0, 32;
    %pushi/vec4 0, 0, 1;
    %store/vec4 v0x6496a347e280_0, 0, 1;
    %pushi/vec4 0, 0, 1;
    %store/vec4 v0x6496a347e5a0_0, 0, 1;
    %wait E_0x6496a341bca0;
    %end;
S_0x6496a347d540 .scope task, "wb_write" "wb_write" 2 363, 2 363 0, S_0x6496a343f7d0;
 .timescale -9 -12;
v0x6496a347d720_0 .var "addr", 31 0;
v0x6496a347d820_0 .var "data", 31 0;
v0x6496a347d900_0 .var "sel", 3 0;
TD_tb_uart.wb_write ;
    %wait E_0x6496a341bca0;
    %pushi/vec4 1, 0, 1;
    %store/vec4 v0x6496a347e280_0, 0, 1;
    %pushi/vec4 1, 0, 1;
    %store/vec4 v0x6496a347e5a0_0, 0, 1;
    %pushi/vec4 1, 0, 1;
    %store/vec4 v0x6496a347e640_0, 0, 1;
    %load/vec4 v0x6496a347d720_0;
    %store/vec4 v0x6496a347e1e0_0, 0, 32;
    %load/vec4 v0x6496a347d820_0;
    %store/vec4 v0x6496a347e3f0_0, 0, 32;
    %load/vec4 v0x6496a347d900_0;
    %store/vec4 v0x6496a347e490_0, 0, 4;
    %wait E_0x6496a341bca0;
T_5.35 ;
    %load/vec4 v0x6496a347e0b0_0;
    %nor/r;
    %flag_set/vec4 8;
    %jmp/0xz T_5.36, 8;
    %wait E_0x6496a341bca0;
    %jmp T_5.35;
T_5.36 ;
    %pushi/vec4 0, 0, 1;
    %store/vec4 v0x6496a347e280_0, 0, 1;
    %pushi/vec4 0, 0, 1;
    %store/vec4 v0x6496a347e5a0_0, 0, 1;
    %pushi/vec4 0, 0, 1;
    %store/vec4 v0x6496a347e640_0, 0, 1;
    %wait E_0x6496a341bca0;
    %end;
    .scope S_0x6496a3477930;
T_6 ;
    %wait E_0x6496a3427570;
    %load/vec4 v0x6496a34780e0_0;
    %nor/r;
    %flag_set/vec4 8;
    %jmp/0xz  T_6.0, 8;
    %pushi/vec4 0, 0, 16;
    %assign/vec4 v0x6496a3477da0_0, 0;
    %pushi/vec4 0, 0, 1;
    %assign/vec4 v0x6496a3477f40_0, 0;
    %jmp T_6.1;
T_6.0 ;
    %pushi/vec4 0, 0, 1;
    %assign/vec4 v0x6496a3477f40_0, 0;
    %load/vec4 v0x6496a3477da0_0;
    %cmpi/e 0, 0, 16;
    %jmp/0xz  T_6.2, 4;
    %load/vec4 v0x6496a3477e80_0;
    %assign/vec4 v0x6496a3477da0_0, 0;
    %pushi/vec4 1, 0, 1;
    %assign/vec4 v0x6496a3477f40_0, 0;
    %jmp T_6.3;
T_6.2 ;
    %load/vec4 v0x6496a3477da0_0;
    %subi 1, 0, 16;
    %assign/vec4 v0x6496a3477da0_0, 0;
T_6.3 ;
T_6.1 ;
    %jmp T_6;
    .thread T_6;
    .scope S_0x6496a3477930;
T_7 ;
    %wait E_0x6496a3427570;
    %load/vec4 v0x6496a34780e0_0;
    %nor/r;
    %flag_set/vec4 8;
    %jmp/0xz  T_7.0, 8;
    %pushi/vec4 0, 0, 2;
    %assign/vec4 v0x6496a34787d0_0, 0;
    %pushi/vec4 1, 0, 1;
    %assign/vec4 v0x6496a34788b0_0, 0;
    %pushi/vec4 0, 0, 3;
    %assign/vec4 v0x6496a34781d0_0, 0;
    %pushi/vec4 0, 0, 8;
    %assign/vec4 v0x6496a3478630_0, 0;
    %pushi/vec4 0, 0, 1;
    %assign/vec4 v0x6496a3478270_0, 0;
    %pushi/vec4 1, 0, 1;
    %assign/vec4 v0x6496a34784b0_0, 0;
    %pushi/vec4 0, 0, 1;
    %assign/vec4 v0x6496a34783f0_0, 0;
    %jmp T_7.1;
T_7.0 ;
    %pushi/vec4 0, 0, 1;
    %assign/vec4 v0x6496a34783f0_0, 0;
    %load/vec4 v0x6496a34787d0_0;
    %dup/vec4;
    %pushi/vec4 0, 0, 2;
    %cmp/u;
    %jmp/1 T_7.2, 6;
    %dup/vec4;
    %pushi/vec4 1, 0, 2;
    %cmp/u;
    %jmp/1 T_7.3, 6;
    %dup/vec4;
    %pushi/vec4 2, 0, 2;
    %cmp/u;
    %jmp/1 T_7.4, 6;
    %dup/vec4;
    %pushi/vec4 3, 0, 2;
    %cmp/u;
    %jmp/1 T_7.5, 6;
    %jmp T_7.6;
T_7.2 ;
    %pushi/vec4 1, 0, 1;
    %assign/vec4 v0x6496a34788b0_0, 0;
    %pushi/vec4 0, 0, 1;
    %assign/vec4 v0x6496a3478270_0, 0;
    %pushi/vec4 1, 0, 1;
    %assign/vec4 v0x6496a34784b0_0, 0;
    %load/vec4 v0x6496a3478570_0;
    %flag_set/vec4 9;
    %flag_get/vec4 9;
    %jmp/0 T_7.9, 9;
    %load/vec4 v0x6496a3478710_0;
    %and;
T_7.9;
    %flag_set/vec4 8;
    %jmp/0xz  T_7.7, 8;
    %pushi/vec4 1, 0, 2;
    %assign/vec4 v0x6496a34787d0_0, 0;
    %load/vec4 v0x6496a3478310_0;
    %assign/vec4 v0x6496a3478630_0, 0;
    %pushi/vec4 1, 0, 1;
    %assign/vec4 v0x6496a3478270_0, 0;
    %pushi/vec4 0, 0, 1;
    %assign/vec4 v0x6496a34784b0_0, 0;
T_7.7 ;
    %jmp T_7.6;
T_7.3 ;
    %load/vec4 v0x6496a3477f40_0;
    %flag_set/vec4 8;
    %jmp/0xz  T_7.10, 8;
    %pushi/vec4 0, 0, 1;
    %assign/vec4 v0x6496a34788b0_0, 0;
    %pushi/vec4 2, 0, 2;
    %assign/vec4 v0x6496a34787d0_0, 0;
    %pushi/vec4 0, 0, 3;
    %assign/vec4 v0x6496a34781d0_0, 0;
T_7.10 ;
    %jmp T_7.6;
T_7.4 ;
    %load/vec4 v0x6496a3477f40_0;
    %flag_set/vec4 8;
    %jmp/0xz  T_7.12, 8;
    %load/vec4 v0x6496a3478630_0;
    %parti/s 1, 0, 2;
    %assign/vec4 v0x6496a34788b0_0, 0;
    %pushi/vec4 0, 0, 1;
    %load/vec4 v0x6496a3478630_0;
    %parti/s 7, 1, 2;
    %concat/vec4; draw_concat_vec4
    %assign/vec4 v0x6496a3478630_0, 0;
    %load/vec4 v0x6496a34781d0_0;
    %cmpi/e 7, 0, 3;
    %jmp/0xz  T_7.14, 4;
    %pushi/vec4 3, 0, 2;
    %assign/vec4 v0x6496a34787d0_0, 0;
    %jmp T_7.15;
T_7.14 ;
    %load/vec4 v0x6496a34781d0_0;
    %addi 1, 0, 3;
    %assign/vec4 v0x6496a34781d0_0, 0;
T_7.15 ;
T_7.12 ;
    %jmp T_7.6;
T_7.5 ;
    %load/vec4 v0x6496a3477f40_0;
    %flag_set/vec4 8;
    %jmp/0xz  T_7.16, 8;
    %pushi/vec4 1, 0, 1;
    %assign/vec4 v0x6496a34788b0_0, 0;
    %pushi/vec4 0, 0, 2;
    %assign/vec4 v0x6496a34787d0_0, 0;
    %pushi/vec4 0, 0, 1;
    %assign/vec4 v0x6496a3478270_0, 0;
    %pushi/vec4 1, 0, 1;
    %assign/vec4 v0x6496a34784b0_0, 0;
    %pushi/vec4 1, 0, 1;
    %assign/vec4 v0x6496a34783f0_0, 0;
T_7.16 ;
    %jmp T_7.6;
T_7.6 ;
    %pop/vec4 1;
T_7.1 ;
    %jmp T_7;
    .thread T_7;
    .scope S_0x6496a33fceb0;
T_8 ;
    %wait E_0x6496a3427570;
    %load/vec4 v0x6496a34490e0_0;
    %nor/r;
    %flag_set/vec4 8;
    %jmp/0xz  T_8.0, 8;
    %pushi/vec4 1, 0, 1;
    %assign/vec4 v0x6496a3477750_0, 0;
    %pushi/vec4 1, 0, 1;
    %assign/vec4 v0x6496a3477690_0, 0;
    %jmp T_8.1;
T_8.0 ;
    %load/vec4 v0x6496a3477750_0;
    %assign/vec4 v0x6496a3477690_0, 0;
    %load/vec4 v0x6496a34775d0_0;
    %assign/vec4 v0x6496a3477750_0, 0;
T_8.1 ;
    %jmp T_8;
    .thread T_8;
    .scope S_0x6496a33fceb0;
T_9 ;
    %wait E_0x6496a3427570;
    %load/vec4 v0x6496a34490e0_0;
    %nor/r;
    %flag_set/vec4 8;
    %jmp/0xz  T_9.0, 8;
    %pushi/vec4 0, 0, 16;
    %assign/vec4 v0x6496a3446550_0, 0;
    %pushi/vec4 0, 0, 1;
    %assign/vec4 v0x6496a3447ca0_0, 0;
    %jmp T_9.1;
T_9.0 ;
    %pushi/vec4 0, 0, 1;
    %assign/vec4 v0x6496a3447ca0_0, 0;
    %load/vec4 v0x6496a34774f0_0;
    %cmpi/ne 0, 0, 3;
    %jmp/0xz  T_9.2, 4;
    %load/vec4 v0x6496a3446550_0;
    %cmpi/e 0, 0, 16;
    %jmp/0xz  T_9.4, 4;
    %load/vec4 v0x6496a34465f0_0;
    %assign/vec4 v0x6496a3446550_0, 0;
    %pushi/vec4 1, 0, 1;
    %assign/vec4 v0x6496a3447ca0_0, 0;
    %jmp T_9.5;
T_9.4 ;
    %load/vec4 v0x6496a3446550_0;
    %subi 1, 0, 16;
    %assign/vec4 v0x6496a3446550_0, 0;
T_9.5 ;
    %jmp T_9.3;
T_9.2 ;
    %load/vec4 v0x6496a3446550_0;
    %ix/load 4, 1, 0;
    %flag_set/imm 4, 0;
    %shiftr 4;
    %assign/vec4 v0x6496a3446550_0, 0;
T_9.3 ;
T_9.1 ;
    %jmp T_9;
    .thread T_9;
    .scope S_0x6496a33fceb0;
T_10 ;
    %wait E_0x6496a3427570;
    %load/vec4 v0x6496a34490e0_0;
    %nor/r;
    %flag_set/vec4 8;
    %jmp/0xz  T_10.0, 8;
    %pushi/vec4 0, 0, 3;
    %assign/vec4 v0x6496a34774f0_0, 0;
    %pushi/vec4 0, 0, 3;
    %assign/vec4 v0x6496a34491b0_0, 0;
    %pushi/vec4 0, 0, 8;
    %assign/vec4 v0x6496a3477410_0, 0;
    %pushi/vec4 0, 0, 8;
    %assign/vec4 v0x6496a3476f70_0, 0;
    %pushi/vec4 1, 0, 1;
    %assign/vec4 v0x6496a3477350_0, 0;
    %pushi/vec4 0, 0, 1;
    %assign/vec4 v0x6496a3477290_0, 0;
    %pushi/vec4 0, 0, 1;
    %assign/vec4 v0x6496a34771d0_0, 0;
    %jmp T_10.1;
T_10.0 ;
    %pushi/vec4 0, 0, 1;
    %assign/vec4 v0x6496a3477290_0, 0;
    %pushi/vec4 0, 0, 1;
    %assign/vec4 v0x6496a34771d0_0, 0;
    %load/vec4 v0x6496a34774f0_0;
    %dup/vec4;
    %pushi/vec4 0, 0, 3;
    %cmp/u;
    %jmp/1 T_10.2, 6;
    %dup/vec4;
    %pushi/vec4 1, 0, 3;
    %cmp/u;
    %jmp/1 T_10.3, 6;
    %dup/vec4;
    %pushi/vec4 2, 0, 3;
    %cmp/u;
    %jmp/1 T_10.4, 6;
    %dup/vec4;
    %pushi/vec4 3, 0, 3;
    %cmp/u;
    %jmp/1 T_10.5, 6;
    %dup/vec4;
    %pushi/vec4 4, 0, 3;
    %cmp/u;
    %jmp/1 T_10.6, 6;
    %jmp T_10.7;
T_10.2 ;
    %pushi/vec4 0, 0, 1;
    %assign/vec4 v0x6496a3477350_0, 0;
    %load/vec4 v0x6496a3477050_0;
    %flag_set/vec4 9;
    %flag_get/vec4 9;
    %jmp/0 T_10.10, 9;
    %load/vec4 v0x6496a3477110_0;
    %and;
T_10.10;
    %flag_set/vec4 8;
    %jmp/0xz  T_10.8, 8;
    %pushi/vec4 1, 0, 3;
    %assign/vec4 v0x6496a34774f0_0, 0;
    %pushi/vec4 0, 0, 3;
    %assign/vec4 v0x6496a34491b0_0, 0;
T_10.8 ;
    %jmp T_10.7;
T_10.3 ;
    %load/vec4 v0x6496a3447ca0_0;
    %flag_set/vec4 8;
    %jmp/0xz  T_10.11, 8;
    %load/vec4 v0x6496a3477750_0;
    %cmpi/e 0, 0, 1;
    %jmp/0xz  T_10.13, 4;
    %pushi/vec4 2, 0, 3;
    %assign/vec4 v0x6496a34774f0_0, 0;
    %jmp T_10.14;
T_10.13 ;
    %pushi/vec4 4, 0, 3;
    %assign/vec4 v0x6496a34774f0_0, 0;
T_10.14 ;
T_10.11 ;
    %jmp T_10.7;
T_10.4 ;
    %load/vec4 v0x6496a3447ca0_0;
    %flag_set/vec4 8;
    %jmp/0xz  T_10.15, 8;
    %load/vec4 v0x6496a3477750_0;
    %load/vec4 v0x6496a3477410_0;
    %parti/s 7, 1, 2;
    %concat/vec4; draw_concat_vec4
    %assign/vec4 v0x6496a3477410_0, 0;
    %load/vec4 v0x6496a34491b0_0;
    %cmpi/e 7, 0, 3;
    %jmp/0xz  T_10.17, 4;
    %pushi/vec4 3, 0, 3;
    %assign/vec4 v0x6496a34774f0_0, 0;
    %jmp T_10.18;
T_10.17 ;
    %load/vec4 v0x6496a34491b0_0;
    %addi 1, 0, 3;
    %assign/vec4 v0x6496a34491b0_0, 0;
T_10.18 ;
T_10.15 ;
    %jmp T_10.7;
T_10.5 ;
    %load/vec4 v0x6496a3447ca0_0;
    %flag_set/vec4 8;
    %jmp/0xz  T_10.19, 8;
    %load/vec4 v0x6496a3477750_0;
    %cmpi/e 1, 0, 1;
    %jmp/0xz  T_10.21, 4;
    %load/vec4 v0x6496a3477410_0;
    %assign/vec4 v0x6496a3476f70_0, 0;
    %pushi/vec4 1, 0, 1;
    %assign/vec4 v0x6496a3477350_0, 0;
    %pushi/vec4 0, 0, 3;
    %assign/vec4 v0x6496a34774f0_0, 0;
    %jmp T_10.22;
T_10.21 ;
    %pushi/vec4 4, 0, 3;
    %assign/vec4 v0x6496a34774f0_0, 0;
T_10.22 ;
T_10.19 ;
    %jmp T_10.7;
T_10.6 ;
    %pushi/vec4 1, 0, 1;
    %assign/vec4 v0x6496a34771d0_0, 0;
    %pushi/vec4 0, 0, 3;
    %assign/vec4 v0x6496a34774f0_0, 0;
    %jmp T_10.7;
T_10.7 ;
    %pop/vec4 1;
    %load/vec4 v0x6496a3477350_0;
    %flag_set/vec4 9;
    %flag_get/vec4 9;
    %jmp/0 T_10.25, 9;
    %load/vec4 v0x6496a34774f0_0;
    %pushi/vec4 1, 0, 3;
    %cmp/e;
    %flag_get/vec4 4;
    %and;
T_10.25;
    %flag_set/vec4 8;
    %jmp/0xz  T_10.23, 8;
    %pushi/vec4 1, 0, 1;
    %assign/vec4 v0x6496a3477290_0, 0;
T_10.23 ;
T_10.1 ;
    %jmp T_10;
    .thread T_10;
    .scope S_0x6496a33da500;
T_11 ;
    %wait E_0x6496a3413490;
    %pushi/vec4 0, 0, 32;
    %store/vec4 v0x6496a347a860_0, 0, 32;
    %pushi/vec4 0, 0, 1;
    %store/vec4 v0x6496a3479d40_0, 0, 1;
    %load/vec4 v0x6496a347a5b0_0;
    %flag_set/vec4 10;
    %flag_get/vec4 10;
    %jmp/0 T_11.3, 10;
    %load/vec4 v0x6496a347aac0_0;
    %and;
T_11.3;
    %flag_set/vec4 9;
    %flag_get/vec4 9;
    %jmp/0 T_11.2, 9;
    %load/vec4 v0x6496a347ab80_0;
    %nor/r;
    %and;
T_11.2;
    %flag_set/vec4 8;
    %jmp/0xz  T_11.0, 8;
    %pushi/vec4 1, 0, 1;
    %store/vec4 v0x6496a3479d40_0, 0, 1;
    %load/vec4 v0x6496a3479280_0;
    %dup/vec4;
    %pushi/vec4 0, 0, 12;
    %cmp/u;
    %jmp/1 T_11.4, 6;
    %dup/vec4;
    %pushi/vec4 4, 0, 12;
    %cmp/u;
    %jmp/1 T_11.5, 6;
    %dup/vec4;
    %pushi/vec4 8, 0, 12;
    %cmp/u;
    %jmp/1 T_11.6, 6;
    %dup/vec4;
    %pushi/vec4 12, 0, 12;
    %cmp/u;
    %jmp/1 T_11.7, 6;
    %dup/vec4;
    %pushi/vec4 16, 0, 12;
    %cmp/u;
    %jmp/1 T_11.8, 6;
    %pushi/vec4 0, 0, 32;
    %store/vec4 v0x6496a347a860_0, 0, 32;
    %jmp T_11.10;
T_11.4 ;
    %pushi/vec4 0, 0, 24;
    %load/vec4 v0x6496a3479f90_0;
    %concat/vec4; draw_concat_vec4
    %store/vec4 v0x6496a347a860_0, 0, 32;
    %jmp T_11.10;
T_11.5 ;
    %pushi/vec4 0, 0, 24;
    %load/vec4 v0x6496a3479550_0;
    %concat/vec4; draw_concat_vec4
    %store/vec4 v0x6496a347a860_0, 0, 32;
    %jmp T_11.10;
T_11.6 ;
    %pushi/vec4 0, 0, 16;
    %load/vec4 v0x6496a3478fa0_0;
    %concat/vec4; draw_concat_vec4
    %store/vec4 v0x6496a347a860_0, 0, 32;
    %jmp T_11.10;
T_11.7 ;
    %pushi/vec4 0, 0, 24;
    %load/vec4 v0x6496a34791a0_0;
    %concat/vec4; draw_concat_vec4
    %store/vec4 v0x6496a347a860_0, 0, 32;
    %jmp T_11.10;
T_11.8 ;
    %pushi/vec4 0, 0, 24;
    %load/vec4 v0x6496a3479c60_0;
    %concat/vec4; draw_concat_vec4
    %store/vec4 v0x6496a347a860_0, 0, 32;
    %jmp T_11.10;
T_11.10 ;
    %pop/vec4 1;
    %jmp T_11.1;
T_11.0 ;
    %pushi/vec4 0, 0, 32;
    %store/vec4 v0x6496a347a860_0, 0, 32;
    %pushi/vec4 0, 0, 1;
    %store/vec4 v0x6496a3479d40_0, 0, 1;
T_11.1 ;
    %jmp T_11;
    .thread T_11, $push;
    .scope S_0x6496a33da500;
T_12 ;
    %wait E_0x6496a3427570;
    %load/vec4 v0x6496a34793f0_0;
    %nor/r;
    %flag_set/vec4 8;
    %jmp/0xz  T_12.0, 8;
    %pushi/vec4 0, 0, 8;
    %assign/vec4 v0x6496a3479f90_0, 0;
    %pushi/vec4 0, 0, 8;
    %assign/vec4 v0x6496a3479550_0, 0;
    %pushi/vec4 104, 0, 16;
    %assign/vec4 v0x6496a3478fa0_0, 0;
    %pushi/vec4 3, 0, 8;
    %assign/vec4 v0x6496a34791a0_0, 0;
    %pushi/vec4 1, 0, 8;
    %assign/vec4 v0x6496a3479c60_0, 0;
    %pushi/vec4 0, 0, 1;
    %assign/vec4 v0x6496a3479e00_0, 0;
    %pushi/vec4 0, 0, 1;
    %assign/vec4 v0x6496a347a200_0, 0;
    %jmp T_12.1;
T_12.0 ;
    %pushi/vec4 0, 0, 1;
    %assign/vec4 v0x6496a3479e00_0, 0;
    %load/vec4 v0x6496a3479750_0;
    %flag_set/vec4 8;
    %jmp/0xz  T_12.2, 8;
    %load/vec4 v0x6496a3479490_0;
    %assign/vec4 v0x6496a3479550_0, 0;
T_12.2 ;
    %load/vec4 v0x6496a347a5b0_0;
    %flag_set/vec4 10;
    %flag_get/vec4 10;
    %jmp/0 T_12.7, 10;
    %load/vec4 v0x6496a347aac0_0;
    %and;
T_12.7;
    %flag_set/vec4 9;
    %flag_get/vec4 9;
    %jmp/0 T_12.6, 9;
    %load/vec4 v0x6496a347ab80_0;
    %and;
T_12.6;
    %flag_set/vec4 8;
    %jmp/0xz  T_12.4, 8;
    %pushi/vec4 1, 0, 1;
    %assign/vec4 v0x6496a3479e00_0, 0;
    %pushi/vec4 0, 0, 1;
    %assign/vec4 v0x6496a347a200_0, 0;
    %load/vec4 v0x6496a3479280_0;
    %dup/vec4;
    %pushi/vec4 0, 0, 12;
    %cmp/u;
    %jmp/1 T_12.8, 6;
    %dup/vec4;
    %pushi/vec4 4, 0, 12;
    %cmp/u;
    %jmp/1 T_12.9, 6;
    %dup/vec4;
    %pushi/vec4 8, 0, 12;
    %cmp/u;
    %jmp/1 T_12.10, 6;
    %dup/vec4;
    %pushi/vec4 12, 0, 12;
    %cmp/u;
    %jmp/1 T_12.11, 6;
    %jmp T_12.12;
T_12.8 ;
    %load/vec4 v0x6496a347a9e0_0;
    %parti/s 1, 0, 2;
    %flag_set/vec4 8;
    %jmp/0xz  T_12.13, 8;
    %load/vec4 v0x6496a347a900_0;
    %parti/s 8, 0, 2;
    %assign/vec4 v0x6496a3479f90_0, 0;
    %pushi/vec4 1, 0, 1;
    %assign/vec4 v0x6496a347a200_0, 0;
T_12.13 ;
    %jmp T_12.12;
T_12.9 ;
    %load/vec4 v0x6496a347a9e0_0;
    %parti/s 1, 0, 2;
    %flag_set/vec4 8;
    %jmp/0xz  T_12.15, 8;
    %pushi/vec4 0, 0, 8;
    %assign/vec4 v0x6496a3479550_0, 0;
T_12.15 ;
    %jmp T_12.12;
T_12.10 ;
    %load/vec4 v0x6496a347a9e0_0;
    %parti/s 1, 0, 2;
    %flag_set/vec4 8;
    %jmp/0xz  T_12.17, 8;
    %load/vec4 v0x6496a347a900_0;
    %parti/s 8, 0, 2;
    %ix/load 4, 0, 0;
    %ix/load 5, 0, 0;
    %flag_set/imm 4, 0;
    %assign/vec4/off/d v0x6496a3478fa0_0, 4, 5;
T_12.17 ;
    %load/vec4 v0x6496a347a9e0_0;
    %parti/s 1, 1, 2;
    %flag_set/vec4 8;
    %jmp/0xz  T_12.19, 8;
    %load/vec4 v0x6496a347a900_0;
    %parti/s 8, 8, 5;
    %ix/load 4, 8, 0;
    %ix/load 5, 0, 0;
    %flag_set/imm 4, 0;
    %assign/vec4/off/d v0x6496a3478fa0_0, 4, 5;
T_12.19 ;
    %jmp T_12.12;
T_12.11 ;
    %load/vec4 v0x6496a347a9e0_0;
    %parti/s 1, 0, 2;
    %flag_set/vec4 8;
    %jmp/0xz  T_12.21, 8;
    %load/vec4 v0x6496a347a900_0;
    %parti/s 8, 0, 2;
    %assign/vec4 v0x6496a34791a0_0, 0;
T_12.21 ;
    %jmp T_12.12;
T_12.12 ;
    %pop/vec4 1;
T_12.4 ;
T_12.1 ;
    %jmp T_12;
    .thread T_12;
    .scope S_0x6496a33da500;
T_13 ;
    %wait E_0x6496a3427570;
    %load/vec4 v0x6496a34793f0_0;
    %nor/r;
    %flag_set/vec4 8;
    %jmp/0xz  T_13.0, 8;
    %pushi/vec4 0, 0, 1;
    %assign/vec4 v0x6496a347a470_0, 0;
    %jmp T_13.1;
T_13.0 ;
    %load/vec4 v0x6496a347a5b0_0;
    %flag_set/vec4 9;
    %flag_get/vec4 9;
    %jmp/0 T_13.3, 9;
    %load/vec4 v0x6496a347aac0_0;
    %and;
T_13.3;
    %flag_set/vec4 8;
    %flag_get/vec4 8;
    %jmp/0 T_13.2, 8;
    %load/vec4 v0x6496a3479e00_0;
    %flag_set/vec4 8;
    %flag_get/vec4 8;
    %jmp/1 T_13.4, 8;
    %load/vec4 v0x6496a3479d40_0;
    %or;
T_13.4;
    %and;
T_13.2;
    %assign/vec4 v0x6496a347a470_0, 0;
T_13.1 ;
    %jmp T_13;
    .thread T_13;
    .scope S_0x6496a33da500;
T_14 ;
    %wait E_0x6496a3427570;
    %load/vec4 v0x6496a34793f0_0;
    %nor/r;
    %flag_set/vec4 8;
    %jmp/0xz  T_14.0, 8;
    %pushi/vec4 1, 0, 8;
    %assign/vec4 v0x6496a3479c60_0, 0;
    %jmp T_14.1;
T_14.0 ;
    %load/vec4 v0x6496a347a130_0;
    %ix/load 4, 0, 0;
    %ix/load 5, 0, 0;
    %flag_set/imm 4, 0;
    %assign/vec4/off/d v0x6496a3479c60_0, 4, 5;
    %load/vec4 v0x6496a3479ec0_0;
    %ix/load 4, 1, 0;
    %ix/load 5, 0, 0;
    %flag_set/imm 4, 0;
    %assign/vec4/off/d v0x6496a3479c60_0, 4, 5;
    %load/vec4 v0x6496a3479750_0;
    %ix/load 4, 2, 0;
    %ix/load 5, 0, 0;
    %flag_set/imm 4, 0;
    %assign/vec4/off/d v0x6496a3479c60_0, 4, 5;
    %load/vec4 v0x6496a34796b0_0;
    %ix/load 4, 3, 0;
    %ix/load 5, 0, 0;
    %flag_set/imm 4, 0;
    %assign/vec4/off/d v0x6496a3479c60_0, 4, 5;
    %load/vec4 v0x6496a3479610_0;
    %ix/load 4, 4, 0;
    %ix/load 5, 0, 0;
    %flag_set/imm 4, 0;
    %assign/vec4/off/d v0x6496a3479c60_0, 4, 5;
    %load/vec4 v0x6496a347a5b0_0;
    %flag_set/vec4 11;
    %flag_get/vec4 11;
    %jmp/0 T_14.6, 11;
    %load/vec4 v0x6496a347aac0_0;
    %and;
T_14.6;
    %flag_set/vec4 10;
    %flag_get/vec4 10;
    %jmp/0 T_14.5, 10;
    %load/vec4 v0x6496a347ab80_0;
    %nor/r;
    %and;
T_14.5;
    %flag_set/vec4 9;
    %flag_get/vec4 9;
    %jmp/0 T_14.4, 9;
    %load/vec4 v0x6496a3479a40_0;
    %and;
T_14.4;
    %flag_set/vec4 8;
    %jmp/0xz  T_14.2, 8;
    %pushi/vec4 0, 0, 1;
    %ix/load 4, 2, 0;
    %ix/load 5, 0, 0;
    %flag_set/imm 4, 0;
    %assign/vec4/off/d v0x6496a3479c60_0, 4, 5;
T_14.2 ;
    %load/vec4 v0x6496a347a5b0_0;
    %flag_set/vec4 11;
    %flag_get/vec4 11;
    %jmp/0 T_14.11, 11;
    %load/vec4 v0x6496a347aac0_0;
    %and;
T_14.11;
    %flag_set/vec4 10;
    %flag_get/vec4 10;
    %jmp/0 T_14.10, 10;
    %load/vec4 v0x6496a347ab80_0;
    %nor/r;
    %and;
T_14.10;
    %flag_set/vec4 9;
    %flag_get/vec4 9;
    %jmp/0 T_14.9, 9;
    %load/vec4 v0x6496a3479ae0_0;
    %and;
T_14.9;
    %flag_set/vec4 8;
    %jmp/0xz  T_14.7, 8;
    %pushi/vec4 0, 0, 1;
    %ix/load 4, 3, 0;
    %ix/load 5, 0, 0;
    %flag_set/imm 4, 0;
    %assign/vec4/off/d v0x6496a3479c60_0, 4, 5;
    %pushi/vec4 0, 0, 1;
    %ix/load 4, 4, 0;
    %ix/load 5, 0, 0;
    %flag_set/imm 4, 0;
    %assign/vec4/off/d v0x6496a3479c60_0, 4, 5;
T_14.7 ;
T_14.1 ;
    %jmp T_14;
    .thread T_14;
    .scope S_0x6496a33e6db0;
T_15 ;
    %wait E_0x6496a341bca0;
    %load/vec4 v0x6496a347b220_0;
    %nor/r;
    %flag_set/vec4 8;
    %jmp/0xz  T_15.0, 8;
    %pushi/vec4 0, 0, 32;
    %assign/vec4 v0x6496a347b880_0, 0;
    %pushi/vec4 0, 0, 1;
    %assign/vec4 v0x6496a347b660_0, 0;
    %jmp T_15.1;
T_15.0 ;
    %load/vec4 v0x6496a347b4d0_0;
    %flag_set/vec4 8;
    %jmp/0xz  T_15.2, 8;
    %load/vec4 v0x6496a347b360_0;
    %assign/vec4 v0x6496a347b880_0, 0;
    %load/vec4 v0x6496a347b2c0_0;
    %assign/vec4 v0x6496a347b660_0, 0;
    %jmp T_15.3;
T_15.2 ;
    %pushi/vec4 0, 0, 1;
    %assign/vec4 v0x6496a347b660_0, 0;
T_15.3 ;
T_15.1 ;
    %jmp T_15;
    .thread T_15;
    .scope S_0x6496a343f7d0;
T_16 ;
    %pushi/vec4 0, 0, 1;
    %store/vec4 v0x6496a347d9f0_0, 0, 1;
T_16.0 ;
    %delay 5000, 0;
    %load/vec4 v0x6496a347d9f0_0;
    %inv;
    %store/vec4 v0x6496a347d9f0_0, 0, 1;
    %jmp T_16.0;
    %end;
    .thread T_16;
    .scope S_0x6496a343f7d0;
T_17 ;
    %pushi/vec4 0, 0, 1;
    %store/vec4 v0x6496a347db90_0, 0, 1;
    %pushi/vec4 1, 0, 1;
    %store/vec4 v0x6496a347df70_0, 0, 1;
    %pushi/vec4 0, 0, 1;
    %store/vec4 v0x6496a347e280_0, 0, 1;
    %pushi/vec4 0, 0, 1;
    %store/vec4 v0x6496a347e5a0_0, 0, 1;
    %pushi/vec4 0, 0, 1;
    %store/vec4 v0x6496a347e640_0, 0, 1;
    %pushi/vec4 0, 0, 32;
    %store/vec4 v0x6496a347e1e0_0, 0, 32;
    %pushi/vec4 0, 0, 32;
    %store/vec4 v0x6496a347e3f0_0, 0, 32;
    %pushi/vec4 0, 0, 4;
    %store/vec4 v0x6496a347e490_0, 0, 4;
    %pushi/vec4 0, 0, 32;
    %store/vec4 v0x6496a347ddb0_0, 0, 32;
    %pushi/vec4 0, 0, 32;
    %store/vec4 v0x6496a347de90_0, 0, 32;
    %pushi/vec4 0, 0, 32;
    %store/vec4 v0x6496a347dcf0_0, 0, 32;
    %delay 100000, 0;
    %pushi/vec4 1, 0, 1;
    %store/vec4 v0x6496a347db90_0, 0, 1;
    %end;
    .thread T_17;
    .scope S_0x6496a343f7d0;
T_18 ;
    %vpi_call 2 93 "$dumpfile", "uart_tb.vcd" {0 0 0};
    %vpi_call 2 94 "$dumpvars", 32'sb00000000000000000000000000000000, S_0x6496a343f7d0 {0 0 0};
T_18.0 ;
    %load/vec4 v0x6496a347db90_0;
    %cmpi/ne 1, 0, 1;
    %jmp/0xz T_18.1, 6;
    %wait E_0x6496a340ff30;
    %jmp T_18.0;
T_18.1 ;
    %delay 20000, 0;
    %vpi_call 2 99 "$display", "\012=== UART Testbench Started ===" {0 0 0};
    %pushi/vec4 1, 0, 32;
    %store/vec4 v0x6496a347ddb0_0, 0, 32;
    %vpi_call 2 103 "$display", "\012[TEST %0d] UART Configuration: Starting", v0x6496a347ddb0_0 {0 0 0};
    %pushi/vec4 0, 0, 32;
    %store/vec4 v0x6496a347dcf0_0, 0, 32;
    %fork TD_tb_uart.test_uart_configuration, S_0x6496a347c270;
    %join;
    %load/vec4 v0x6496a347c480_0;
    %store/vec4 v0x6496a347dcf0_0, 0, 32;
    ; show_stmt_assign_vector: Get l-value for compressed += operand
    %load/vec4 v0x6496a347de90_0;
    %load/vec4 v0x6496a347dcf0_0;
    %add;
    %store/vec4 v0x6496a347de90_0, 0, 32;
    %vpi_call 2 107 "$display", "[TEST %0d] UART Configuration: Completed\012", v0x6496a347ddb0_0 {0 0 0};
    %delay 20000, 0;
    %pushi/vec4 2, 0, 32;
    %store/vec4 v0x6496a347ddb0_0, 0, 32;
    %vpi_call 2 112 "$display", "\012[TEST %0d] UART Transmitter Test: Starting", v0x6496a347ddb0_0 {0 0 0};
    %pushi/vec4 0, 0, 32;
    %store/vec4 v0x6496a347dcf0_0, 0, 32;
    %fork TD_tb_uart.test_uart_transmitter, S_0x6496a347cbd0;
    %join;
    %load/vec4 v0x6496a347cf00_0;
    %store/vec4 v0x6496a347dcf0_0, 0, 32;
    ; show_stmt_assign_vector: Get l-value for compressed += operand
    %load/vec4 v0x6496a347de90_0;
    %load/vec4 v0x6496a347dcf0_0;
    %add;
    %store/vec4 v0x6496a347de90_0, 0, 32;
    %vpi_call 2 116 "$display", "[TEST %0d] UART Transmitter Test: Completed\012", v0x6496a347ddb0_0 {0 0 0};
    %pushi/vec4 3, 0, 32;
    %store/vec4 v0x6496a347ddb0_0, 0, 32;
    %vpi_call 2 120 "$display", "\012[TEST %0d] UART Receiver Test: Starting", v0x6496a347ddb0_0 {0 0 0};
    %pushi/vec4 0, 0, 32;
    %store/vec4 v0x6496a347dcf0_0, 0, 32;
    %fork TD_tb_uart.test_uart_receiver, S_0x6496a347c640;
    %join;
    %load/vec4 v0x6496a347c920_0;
    %store/vec4 v0x6496a347dcf0_0, 0, 32;
    ; show_stmt_assign_vector: Get l-value for compressed += operand
    %load/vec4 v0x6496a347de90_0;
    %load/vec4 v0x6496a347dcf0_0;
    %add;
    %store/vec4 v0x6496a347de90_0, 0, 32;
    %vpi_call 2 124 "$display", "[TEST %0d] UART Receiver Test: Completed\012", v0x6496a347ddb0_0 {0 0 0};
    %vpi_call 2 135 "$display", "\012=== UART Testbench Completed ===" {0 0 0};
    %vpi_call 2 136 "$display", "\012Total errors: %0d", v0x6496a347de90_0 {0 0 0};
    %load/vec4 v0x6496a347de90_0;
    %cmpi/e 0, 0, 32;
    %jmp/0xz  T_18.2, 4;
    %vpi_call 2 138 "$display", "\342\234\205 All tests PASSED!" {0 0 0};
    %jmp T_18.3;
T_18.2 ;
    %vpi_call 2 140 "$display", "\342\235\214 Some tests FAILED" {0 0 0};
T_18.3 ;
    %vpi_call 2 142 "$finish" {0 0 0};
    %end;
    .thread T_18;
# The file index is used to find the file name in the following table.
:file_names 7;
    "N/A";
    "<interactive>";
    "/home/gael/Desktop/asic_workspace/MiniSoC_RV32I/sim/peripheral/uart/tb_uart.v";
    "/home/gael/Desktop/asic_workspace/MiniSoC_RV32I/src/peripheral/uart/uart_wrapper.v";
    "/home/gael/Desktop/asic_workspace/MiniSoC_RV32I/src/peripheral/uart/uart.v";
    "/home/gael/Desktop/asic_workspace/MiniSoC_RV32I/src/peripheral/uart/uart_rx.v";
    "/home/gael/Desktop/asic_workspace/MiniSoC_RV32I/src/peripheral/uart/uart_tx.v";
