#! /usr/bin/vvp
:ivl_version "12.0 (stable)";
:ivl_delay_selection "TYPICAL";
:vpi_time_precision - 12;
:vpi_module "/usr/lib/x86_64-linux-gnu/ivl/system.vpi";
:vpi_module "/usr/lib/x86_64-linux-gnu/ivl/vhdl_sys.vpi";
:vpi_module "/usr/lib/x86_64-linux-gnu/ivl/vhdl_textio.vpi";
:vpi_module "/usr/lib/x86_64-linux-gnu/ivl/v2005_math.vpi";
:vpi_module "/usr/lib/x86_64-linux-gnu/ivl/va_math.vpi";
S_0x5b4c19817190 .scope module, "tb_uart" "tb_uart" 2 3;
 .timescale -9 -12;
P_0x5b4c197d0400 .param/l "ADDR_WIDTH" 0 2 9, +C4<00000000000000000000000000100000>;
P_0x5b4c197d0440 .param/l "BASE_ADDR" 0 2 11, C4<00100000000000000000000000000000>;
P_0x5b4c197d0480 .param/l "BAUD_DIV" 0 2 8, +C4<00000000000000000000001101100100>;
P_0x5b4c197d04c0 .param/l "BAUD_DIV_RST" 0 2 13, C4<0000000001101000>;
P_0x5b4c197d0500 .param/l "BAUD_RATE" 0 2 6, +C4<00000000000000011100001000000000>;
P_0x5b4c197d0540 .param/l "CLK_FREQ" 0 2 7, +C4<00000101111101011110000100000000>;
P_0x5b4c197d0580 .param/l "CLK_PERIOD" 0 2 5, +C4<00000000000000000000000000001010>;
P_0x5b4c197d05c0 .param/l "CTRL_RX_ENABLE" 1 2 24, +C4<00000000000000000000000000000001>;
P_0x5b4c197d0600 .param/l "CTRL_TX_ENABLE" 1 2 23, +C4<00000000000000000000000000000000>;
P_0x5b4c197d0640 .param/l "DATA_WIDTH" 0 2 10, +C4<00000000000000000000000000100000>;
P_0x5b4c197d0680 .param/l "SIZE_KB" 0 2 12, +C4<00000000000000000000000000000100>;
P_0x5b4c197d06c0 .param/l "STATUS_RX_FRAME_ERR" 1 2 20, +C4<00000000000000000000000000000100>;
P_0x5b4c197d0700 .param/l "STATUS_RX_OVERRUN" 1 2 19, +C4<00000000000000000000000000000011>;
P_0x5b4c197d0740 .param/l "STATUS_RX_READY" 1 2 18, +C4<00000000000000000000000000000010>;
P_0x5b4c197d0780 .param/l "STATUS_TX_BUSY" 1 2 17, +C4<00000000000000000000000000000001>;
P_0x5b4c197d07c0 .param/l "STATUS_TX_READY" 1 2 16, +C4<00000000000000000000000000000000>;
v0x5b4c198534d0_0 .var "clk", 0 0;
v0x5b4c19853590_0 .var/i "i", 31 0;
v0x5b4c19853670_0 .var "rst_n", 0 0;
v0x5b4c19853740_0 .var "task_error_count", 31 0;
v0x5b4c19853800_0 .var "test_num", 31 0;
v0x5b4c19853930_0 .var "total_errors", 31 0;
v0x5b4c19853a10_0 .var "uart_rx", 0 0;
v0x5b4c19853ab0_0 .var "uart_rx2", 0 0;
v0x5b4c19853b50_0 .net "uart_tx", 0 0, v0x5b4c19845320_0;  1 drivers
v0x5b4c19853bf0_0 .net "uart_tx2", 0 0, v0x5b4c1984ced0_0;  1 drivers
v0x5b4c19853c90_0 .net "wbs_ack", 0 0, v0x5b4c198485d0_0;  1 drivers
v0x5b4c19853d30_0 .net "wbs_ack2", 0 0, v0x5b4c19850540_0;  1 drivers
v0x5b4c19853e00_0 .var "wbs_addr", 31 0;
v0x5b4c19853ea0_0 .var "wbs_addr2", 31 0;
v0x5b4c19853f90_0 .var "wbs_cyc", 0 0;
v0x5b4c19854030_0 .var "wbs_cyc2", 0 0;
v0x5b4c198540d0_0 .net "wbs_data_read", 31 0, v0x5b4c198487f0_0;  1 drivers
v0x5b4c198542b0_0 .net "wbs_data_read2", 31 0, v0x5b4c19850760_0;  1 drivers
v0x5b4c19854380_0 .var "wbs_data_write", 31 0;
v0x5b4c19854470_0 .var "wbs_data_write2", 31 0;
v0x5b4c19854560_0 .var "wbs_sel", 3 0;
v0x5b4c19854670_0 .var "wbs_sel2", 3 0;
v0x5b4c19854780_0 .var "wbs_stb", 0 0;
v0x5b4c19854820_0 .var "wbs_stb2", 0 0;
v0x5b4c198548c0_0 .var "wbs_we", 0 0;
v0x5b4c198549b0_0 .var "wbs_we2", 0 0;
E_0x5b4c197bad90 .event anyedge, v0x5b4c19853800_0, v0x5b4c19845320_0, v0x5b4c1984ced0_0;
E_0x5b4c197b3750 .event anyedge, v0x5b4c198025c0_0;
S_0x5b4c197faa50 .scope module, "dut" "uart_wrapper" 2 74, 3 1 0, S_0x5b4c19817190;
 .timescale 0 0;
    .port_info 0 /INPUT 1 "clk";
    .port_info 1 /INPUT 1 "rst_n";
    .port_info 2 /INPUT 1 "wbs_cyc";
    .port_info 3 /INPUT 1 "wbs_stb";
    .port_info 4 /INPUT 1 "wbs_we";
    .port_info 5 /INPUT 32 "wbs_addr";
    .port_info 6 /INPUT 32 "wbs_data_write";
    .port_info 7 /INPUT 4 "wbs_sel";
    .port_info 8 /OUTPUT 32 "wbs_data_read";
    .port_info 9 /OUTPUT 1 "wbs_ack";
    .port_info 10 /OUTPUT 1 "uart_tx";
    .port_info 11 /INPUT 1 "uart_rx";
P_0x5b4c1980a850 .param/l "ADDR_WIDTH" 0 3 4, +C4<00000000000000000000000000100000>;
P_0x5b4c1980a890 .param/l "BASE_ADDR" 0 3 2, C4<00100000000000000000000000000000>;
P_0x5b4c1980a8d0 .param/l "BAUD_DIV_RST" 0 3 6, C4<0000000001101000>;
P_0x5b4c1980a910 .param/l "DATA_WIDTH" 0 3 5, +C4<00000000000000000000000000100000>;
P_0x5b4c1980a950 .param/l "SIZE_KB" 0 3 3, +C4<00000000000000000000000000000100>;
L_0x5b4c198081b0 .functor AND 1, L_0x5b4c19864ab0, L_0x5b4c19864ba0, C4<1>, C4<1>;
L_0x5b4c198661a0 .functor AND 1, v0x5b4c19853f90_0, L_0x5b4c198081b0, C4<1>, C4<1>;
L_0x5b4c19866260 .functor AND 1, v0x5b4c19854780_0, L_0x5b4c198081b0, C4<1>, C4<1>;
L_0x7e7316b86018 .functor BUFT 1, C4<00100000000000000000000000000000>, C4<0>, C4<0>, C4<0>;
v0x5b4c19847cb0_0 .net/2u *"_ivl_0", 31 0, L_0x7e7316b86018;  1 drivers
v0x5b4c19847db0_0 .net *"_ivl_2", 0 0, L_0x5b4c19864ab0;  1 drivers
L_0x7e7316b86060 .functor BUFT 1, C4<00100000000000000001000000000000>, C4<0>, C4<0>, C4<0>;
v0x5b4c19847e70_0 .net/2u *"_ivl_4", 31 0, L_0x7e7316b86060;  1 drivers
v0x5b4c19847f60_0 .net *"_ivl_6", 0 0, L_0x5b4c19864ba0;  1 drivers
v0x5b4c19848020_0 .net "clk", 0 0, v0x5b4c198534d0_0;  1 drivers
v0x5b4c198480c0_0 .net "rst_n", 0 0, v0x5b4c19853670_0;  1 drivers
v0x5b4c198481f0_0 .net "tmp_wbs_ack", 0 0, v0x5b4c19847550_0;  1 drivers
v0x5b4c19848290_0 .net "tmp_wbs_data_read", 31 0, v0x5b4c19847730_0;  1 drivers
v0x5b4c19848360_0 .net "uart_rx", 0 0, v0x5b4c19853a10_0;  1 drivers
v0x5b4c19848490_0 .net "uart_select", 0 0, L_0x5b4c198081b0;  1 drivers
v0x5b4c19848530_0 .net "uart_tx", 0 0, v0x5b4c19845320_0;  alias, 1 drivers
v0x5b4c198485d0_0 .var "wbs_ack", 0 0;
v0x5b4c19848690_0 .net "wbs_addr", 31 0, v0x5b4c19853e00_0;  1 drivers
v0x5b4c19848750_0 .net "wbs_cyc", 0 0, v0x5b4c19853f90_0;  1 drivers
v0x5b4c198487f0_0 .var "wbs_data_read", 31 0;
v0x5b4c198488d0_0 .net "wbs_data_write", 31 0, v0x5b4c19854380_0;  1 drivers
v0x5b4c19848990_0 .net "wbs_sel", 3 0, v0x5b4c19854560_0;  1 drivers
v0x5b4c19848a60_0 .net "wbs_stb", 0 0, v0x5b4c19854780_0;  1 drivers
v0x5b4c19848b00_0 .net "wbs_we", 0 0, v0x5b4c198548c0_0;  1 drivers
E_0x5b4c197b8400 .event posedge, v0x5b4c197fec30_0;
L_0x5b4c19864ab0 .cmp/ge 32, v0x5b4c19853e00_0, L_0x7e7316b86018;
L_0x5b4c19864ba0 .cmp/gt 32, L_0x7e7316b86060, v0x5b4c19853e00_0;
S_0x5b4c1980cd60 .scope module, "uart_inst" "uart" 3 44, 4 1 0, S_0x5b4c197faa50;
 .timescale 0 0;
    .port_info 0 /INPUT 1 "clk";
    .port_info 1 /INPUT 1 "rst_n";
    .port_info 2 /INPUT 1 "wbs_cyc";
    .port_info 3 /INPUT 1 "wbs_stb";
    .port_info 4 /INPUT 1 "wbs_we";
    .port_info 5 /INPUT 32 "wbs_addr";
    .port_info 6 /INPUT 32 "wbs_data_write";
    .port_info 7 /INPUT 4 "wbs_sel";
    .port_info 8 /OUTPUT 32 "wbs_data_read";
    .port_info 9 /OUTPUT 1 "wbs_ack";
    .port_info 10 /OUTPUT 1 "uart_tx";
    .port_info 11 /INPUT 1 "uart_rx";
P_0x5b4c197dc5d0 .param/l "ADDR_WIDTH" 0 4 2, +C4<00000000000000000000000000100000>;
P_0x5b4c197dc610 .param/l "BAUD_DIV_RST" 0 4 4, C4<0000000001101000>;
P_0x5b4c197dc650 .param/l "CTRL_RX_ENABLE" 1 4 44, +C4<00000000000000000000000000000001>;
P_0x5b4c197dc690 .param/l "CTRL_TX_ENABLE" 1 4 43, +C4<00000000000000000000000000000000>;
P_0x5b4c197dc6d0 .param/l "DATA_WIDTH" 0 4 3, +C4<00000000000000000000000000100000>;
P_0x5b4c197dc710 .param/l "REG_UART_BAUD_DIV" 1 4 31, C4<000000001000>;
P_0x5b4c197dc750 .param/l "REG_UART_CTRL" 1 4 32, C4<000000001100>;
P_0x5b4c197dc790 .param/l "REG_UART_RX_DATA" 1 4 30, C4<000000000100>;
P_0x5b4c197dc7d0 .param/l "REG_UART_STATUS" 1 4 33, C4<000000010000>;
P_0x5b4c197dc810 .param/l "REG_UART_TX_DATA" 1 4 29, C4<000000000000>;
P_0x5b4c197dc850 .param/l "STATUS_RX_FRAME_ERR" 1 4 40, +C4<00000000000000000000000000000100>;
P_0x5b4c197dc890 .param/l "STATUS_RX_OVERRUN" 1 4 39, +C4<00000000000000000000000000000011>;
P_0x5b4c197dc8d0 .param/l "STATUS_RX_READY" 1 4 38, +C4<00000000000000000000000000000010>;
P_0x5b4c197dc910 .param/l "STATUS_TX_BUSY" 1 4 37, +C4<00000000000000000000000000000001>;
P_0x5b4c197dc950 .param/l "STATUS_TX_READY" 1 4 36, +C4<00000000000000000000000000000000>;
L_0x5b4c197819a0 .functor AND 1, L_0x5b4c198661a0, L_0x5b4c19866260, C4<1>, C4<1>;
L_0x5b4c19768390 .functor AND 1, L_0x5b4c197819a0, L_0x5b4c19864d10, C4<1>, C4<1>;
L_0x5b4c19864eb0 .functor AND 1, L_0x5b4c19768390, L_0x5b4c19865960, C4<1>, C4<1>;
L_0x5b4c19864f70 .functor AND 1, L_0x5b4c198661a0, L_0x5b4c19866260, C4<1>, C4<1>;
L_0x5b4c19865150 .functor AND 1, L_0x5b4c19864f70, L_0x5b4c198650b0, C4<1>, C4<1>;
L_0x5b4c19865210 .functor AND 1, L_0x5b4c19865150, L_0x5b4c19865570, C4<1>, C4<1>;
L_0x5b4c19865ce0 .functor OR 1, L_0x5b4c19865af0, L_0x5b4c19865b90, C4<0>, C4<0>;
v0x5b4c19845500_0 .net *"_ivl_1", 0 0, L_0x5b4c197819a0;  1 drivers
v0x5b4c198455e0_0 .net *"_ivl_11", 0 0, L_0x5b4c198650b0;  1 drivers
v0x5b4c198456a0_0 .net *"_ivl_13", 0 0, L_0x5b4c19865150;  1 drivers
L_0x7e7316b860a8 .functor BUFT 1, C4<000000000000>, C4<0>, C4<0>, C4<0>;
v0x5b4c19845740_0 .net/2u *"_ivl_18", 11 0, L_0x7e7316b860a8;  1 drivers
L_0x7e7316b860f0 .functor BUFT 1, C4<000000000100>, C4<0>, C4<0>, C4<0>;
v0x5b4c19845820_0 .net/2u *"_ivl_22", 11 0, L_0x7e7316b860f0;  1 drivers
L_0x7e7316b86138 .functor BUFT 1, C4<000000001000>, C4<0>, C4<0>, C4<0>;
v0x5b4c19845900_0 .net/2u *"_ivl_26", 11 0, L_0x7e7316b86138;  1 drivers
v0x5b4c198459e0_0 .net *"_ivl_3", 0 0, L_0x5b4c19864d10;  1 drivers
L_0x7e7316b86180 .functor BUFT 1, C4<000000001100>, C4<0>, C4<0>, C4<0>;
v0x5b4c19845aa0_0 .net/2u *"_ivl_30", 11 0, L_0x7e7316b86180;  1 drivers
L_0x7e7316b861c8 .functor BUFT 1, C4<000000010000>, C4<0>, C4<0>, C4<0>;
v0x5b4c19845b80_0 .net/2u *"_ivl_34", 11 0, L_0x7e7316b861c8;  1 drivers
v0x5b4c19845cf0_0 .net *"_ivl_39", 0 0, L_0x5b4c19865af0;  1 drivers
v0x5b4c19845dd0_0 .net *"_ivl_41", 0 0, L_0x5b4c19865b90;  1 drivers
v0x5b4c19845eb0_0 .net *"_ivl_5", 0 0, L_0x5b4c19768390;  1 drivers
v0x5b4c19845f70_0 .net *"_ivl_9", 0 0, L_0x5b4c19864f70;  1 drivers
v0x5b4c19846030_0 .var "baud_div_reg", 15 0;
v0x5b4c198460f0_0 .net "baud_tick", 0 0, v0x5b4c197fd6a0_0;  1 drivers
v0x5b4c19846190_0 .net "clk", 0 0, v0x5b4c198534d0_0;  alias, 1 drivers
v0x5b4c19846230_0 .var "ctrl_reg", 7 0;
v0x5b4c19846400_0 .net "reg_offset", 11 0, L_0x5b4c19865360;  1 drivers
v0x5b4c198464e0_0 .net "rst_n", 0 0, v0x5b4c19853670_0;  alias, 1 drivers
v0x5b4c19846580_0 .net "rx_data", 7 0, v0x5b4c19843b20_0;  1 drivers
v0x5b4c19846640_0 .net "rx_data_read", 0 0, L_0x5b4c19865210;  1 drivers
v0x5b4c198466e0_0 .var "rx_data_reg", 7 0;
v0x5b4c19846780_0 .net "rx_frame_error", 0 0, v0x5b4c19843d40_0;  1 drivers
v0x5b4c19846850_0 .net "rx_overrun", 0 0, v0x5b4c19843e00_0;  1 drivers
v0x5b4c19846920_0 .net "rx_ready", 0 0, v0x5b4c19843ec0_0;  1 drivers
v0x5b4c198469f0_0 .net "sel_baud_div", 0 0, L_0x5b4c19865700;  1 drivers
v0x5b4c19846a90_0 .net "sel_ctrl", 0 0, L_0x5b4c19865870;  1 drivers
v0x5b4c19846b30_0 .net "sel_rx_data", 0 0, L_0x5b4c19865570;  1 drivers
v0x5b4c19846bd0_0 .net "sel_status", 0 0, L_0x5b4c19865960;  1 drivers
v0x5b4c19846c90_0 .net "sel_tx_data", 0 0, L_0x5b4c19865400;  1 drivers
v0x5b4c19846d50_0 .net "status_read", 0 0, L_0x5b4c19864eb0;  1 drivers
v0x5b4c19846e10_0 .var "status_reg", 7 0;
v0x5b4c19846ef0_0 .var "tmp_r_ack", 0 0;
v0x5b4c19846fb0_0 .var "tmp_w_ack", 0 0;
v0x5b4c19847070_0 .net "tx_busy", 0 0, v0x5b4c19844d30_0;  1 drivers
v0x5b4c19847140_0 .var "tx_data_reg", 7 0;
v0x5b4c19847210_0 .net "tx_ready", 0 0, v0x5b4c19844fe0_0;  1 drivers
v0x5b4c198472e0_0 .var "tx_start_pulse", 0 0;
v0x5b4c198473b0_0 .net "uart_rx", 0 0, v0x5b4c19853a10_0;  alias, 1 drivers
v0x5b4c19847480_0 .net "uart_tx", 0 0, v0x5b4c19845320_0;  alias, 1 drivers
v0x5b4c19847550_0 .var "wbs_ack", 0 0;
v0x5b4c198475f0_0 .net "wbs_addr", 31 0, v0x5b4c19853e00_0;  alias, 1 drivers
v0x5b4c19847690_0 .net "wbs_cyc", 0 0, L_0x5b4c198661a0;  1 drivers
v0x5b4c19847730_0 .var "wbs_data_read", 31 0;
v0x5b4c198477f0_0 .net "wbs_data_write", 31 0, v0x5b4c19854380_0;  alias, 1 drivers
v0x5b4c198478d0_0 .net "wbs_sel", 3 0, v0x5b4c19854560_0;  alias, 1 drivers
v0x5b4c198479b0_0 .net "wbs_stb", 0 0, L_0x5b4c19866260;  1 drivers
v0x5b4c19847a70_0 .net "wbs_we", 0 0, v0x5b4c198548c0_0;  alias, 1 drivers
E_0x5b4c19735390/0 .event anyedge, v0x5b4c19847690_0, v0x5b4c198479b0_0, v0x5b4c19847a70_0, v0x5b4c19846400_0;
E_0x5b4c19735390/1 .event anyedge, v0x5b4c19844e40_0, v0x5b4c198466e0_0, v0x5b4c197fd600_0, v0x5b4c19846230_0;
E_0x5b4c19735390/2 .event anyedge, v0x5b4c19846e10_0;
E_0x5b4c19735390 .event/or E_0x5b4c19735390/0, E_0x5b4c19735390/1, E_0x5b4c19735390/2;
L_0x5b4c19864d10 .reduce/nor v0x5b4c198548c0_0;
L_0x5b4c198650b0 .reduce/nor v0x5b4c198548c0_0;
L_0x5b4c19865360 .part v0x5b4c19853e00_0, 0, 12;
L_0x5b4c19865400 .cmp/eq 12, L_0x5b4c19865360, L_0x7e7316b860a8;
L_0x5b4c19865570 .cmp/eq 12, L_0x5b4c19865360, L_0x7e7316b860f0;
L_0x5b4c19865700 .cmp/eq 12, L_0x5b4c19865360, L_0x7e7316b86138;
L_0x5b4c19865870 .cmp/eq 12, L_0x5b4c19865360, L_0x7e7316b86180;
L_0x5b4c19865960 .cmp/eq 12, L_0x5b4c19865360, L_0x7e7316b861c8;
L_0x5b4c19865af0 .part v0x5b4c19846230_0, 0, 1;
L_0x5b4c19865b90 .part v0x5b4c19846230_0, 1, 1;
L_0x5b4c19865da0 .part v0x5b4c19846230_0, 0, 1;
L_0x5b4c19866000 .part v0x5b4c19846230_0, 1, 1;
S_0x5b4c1980ea30 .scope module, "uart_baudgen_inst" "uart_baudgen" 4 176, 5 1 0, S_0x5b4c1980cd60;
 .timescale 0 0;
    .port_info 0 /INPUT 1 "clk";
    .port_info 1 /INPUT 1 "rst_n";
    .port_info 2 /INPUT 1 "enable";
    .port_info 3 /INPUT 16 "baud_div";
    .port_info 4 /OUTPUT 1 "baud_tick";
v0x5b4c1980a1b0_0 .var "baud_counter", 15 0;
v0x5b4c197fd600_0 .net "baud_div", 15 0, v0x5b4c19846030_0;  1 drivers
v0x5b4c197fd6a0_0 .var "baud_tick", 0 0;
v0x5b4c197fec30_0 .net "clk", 0 0, v0x5b4c198534d0_0;  alias, 1 drivers
v0x5b4c197fed30_0 .net "enable", 0 0, L_0x5b4c19865ce0;  1 drivers
v0x5b4c198025c0_0 .net "rst_n", 0 0, v0x5b4c19853670_0;  alias, 1 drivers
E_0x5b4c1982d1e0/0 .event negedge, v0x5b4c198025c0_0;
E_0x5b4c1982d1e0/1 .event posedge, v0x5b4c197fec30_0;
E_0x5b4c1982d1e0 .event/or E_0x5b4c1982d1e0/0, E_0x5b4c1982d1e0/1;
S_0x5b4c198431b0 .scope module, "uart_rx_inst" "uart_rx" 4 202, 6 1 0, S_0x5b4c1980cd60;
 .timescale 0 0;
    .port_info 0 /INPUT 1 "clk";
    .port_info 1 /INPUT 1 "rst_n";
    .port_info 2 /INPUT 1 "rx_enable";
    .port_info 3 /INPUT 1 "baud_tick";
    .port_info 4 /INPUT 1 "rx_clear";
    .port_info 5 /OUTPUT 1 "rx_ready";
    .port_info 6 /OUTPUT 1 "rx_overrun";
    .port_info 7 /OUTPUT 1 "rx_frame_error";
    .port_info 8 /OUTPUT 8 "rx_data";
    .port_info 9 /INPUT 1 "uart_rx";
P_0x5b4c19823740 .param/l "RX_DATA" 1 6 29, C4<010>;
P_0x5b4c19823780 .param/l "RX_ERROR" 1 6 31, C4<100>;
P_0x5b4c198237c0 .param/l "RX_IDLE" 1 6 27, C4<000>;
P_0x5b4c19823800 .param/l "RX_START" 1 6 28, C4<001>;
P_0x5b4c19823840 .param/l "RX_STOP" 1 6 30, C4<011>;
L_0x5b4c19865ee0 .functor AND 1, v0x5b4c19844200_0, L_0x5b4c19865e40, C4<1>, C4<1>;
v0x5b4c19802660_0 .net *"_ivl_1", 0 0, L_0x5b4c19865e40;  1 drivers
v0x5b4c19843700_0 .net "baud_tick", 0 0, v0x5b4c197fd6a0_0;  alias, 1 drivers
v0x5b4c198437c0_0 .net "clk", 0 0, v0x5b4c198534d0_0;  alias, 1 drivers
v0x5b4c198438c0_0 .net "rst_n", 0 0, v0x5b4c19853670_0;  alias, 1 drivers
v0x5b4c19843990_0 .var "rx_bit_counter", 2 0;
v0x5b4c19843a80_0 .net "rx_clear", 0 0, L_0x5b4c19865210;  alias, 1 drivers
v0x5b4c19843b20_0 .var "rx_data", 7 0;
v0x5b4c19843bc0_0 .net "rx_enable", 0 0, L_0x5b4c19866000;  1 drivers
v0x5b4c19843c80_0 .net "rx_falling_edge", 0 0, L_0x5b4c19865ee0;  1 drivers
v0x5b4c19843d40_0 .var "rx_frame_error", 0 0;
v0x5b4c19843e00_0 .var "rx_overrun", 0 0;
v0x5b4c19843ec0_0 .var "rx_ready", 0 0;
v0x5b4c19843f80_0 .var "rx_shift_reg", 7 0;
v0x5b4c19844060_0 .var "rx_state", 2 0;
v0x5b4c19844140_0 .net "uart_rx", 0 0, v0x5b4c19853a10_0;  alias, 1 drivers
v0x5b4c19844200_0 .var "uart_rx_prev", 0 0;
v0x5b4c198442c0_0 .var "uart_rx_sync", 0 0;
L_0x5b4c19865e40 .reduce/nor v0x5b4c198442c0_0;
S_0x5b4c19844520 .scope module, "uart_tx_inst" "uart_tx" 4 187, 7 1 0, S_0x5b4c1980cd60;
 .timescale 0 0;
    .port_info 0 /INPUT 1 "clk";
    .port_info 1 /INPUT 1 "rst_n";
    .port_info 2 /INPUT 1 "tx_enable";
    .port_info 3 /INPUT 8 "tx_data";
    .port_info 4 /INPUT 1 "tx_start";
    .port_info 5 /INPUT 1 "baud_tick";
    .port_info 6 /OUTPUT 1 "tx_busy";
    .port_info 7 /OUTPUT 1 "tx_ready";
    .port_info 8 /OUTPUT 1 "uart_tx";
P_0x5b4c19824eb0 .param/l "TX_DATA" 1 7 26, C4<10>;
P_0x5b4c19824ef0 .param/l "TX_IDLE" 1 7 24, C4<00>;
P_0x5b4c19824f30 .param/l "TX_START" 1 7 25, C4<01>;
P_0x5b4c19824f70 .param/l "TX_STOP" 1 7 27, C4<11>;
v0x5b4c198449a0_0 .net "baud_tick", 0 0, v0x5b4c197fd6a0_0;  alias, 1 drivers
v0x5b4c19844a90_0 .net "clk", 0 0, v0x5b4c198534d0_0;  alias, 1 drivers
v0x5b4c19844ba0_0 .net "rst_n", 0 0, v0x5b4c19853670_0;  alias, 1 drivers
v0x5b4c19844c90_0 .var "tx_bit_counter", 2 0;
v0x5b4c19844d30_0 .var "tx_busy", 0 0;
v0x5b4c19844e40_0 .net "tx_data", 7 0, v0x5b4c19847140_0;  1 drivers
v0x5b4c19844f20_0 .net "tx_enable", 0 0, L_0x5b4c19865da0;  1 drivers
v0x5b4c19844fe0_0 .var "tx_ready", 0 0;
v0x5b4c198450a0_0 .var "tx_shift_reg", 7 0;
v0x5b4c19845180_0 .net "tx_start", 0 0, v0x5b4c198472e0_0;  1 drivers
v0x5b4c19845240_0 .var "tx_state", 1 0;
v0x5b4c19845320_0 .var "uart_tx", 0 0;
S_0x5b4c19848d30 .scope module, "dut2" "uart_wrapper" 2 95, 3 1 0, S_0x5b4c19817190;
 .timescale 0 0;
    .port_info 0 /INPUT 1 "clk";
    .port_info 1 /INPUT 1 "rst_n";
    .port_info 2 /INPUT 1 "wbs_cyc";
    .port_info 3 /INPUT 1 "wbs_stb";
    .port_info 4 /INPUT 1 "wbs_we";
    .port_info 5 /INPUT 32 "wbs_addr";
    .port_info 6 /INPUT 32 "wbs_data_write";
    .port_info 7 /INPUT 4 "wbs_sel";
    .port_info 8 /OUTPUT 32 "wbs_data_read";
    .port_info 9 /OUTPUT 1 "wbs_ack";
    .port_info 10 /OUTPUT 1 "uart_tx";
    .port_info 11 /INPUT 1 "uart_rx";
P_0x5b4c19848ee0 .param/l "ADDR_WIDTH" 0 3 4, +C4<00000000000000000000000000100000>;
P_0x5b4c19848f20 .param/l "BASE_ADDR" 0 3 2, C4<00100000000000000000000000000000>;
P_0x5b4c19848f60 .param/l "BAUD_DIV_RST" 0 3 6, C4<0000000001101000>;
P_0x5b4c19848fa0 .param/l "DATA_WIDTH" 0 3 5, +C4<00000000000000000000000000100000>;
P_0x5b4c19848fe0 .param/l "SIZE_KB" 0 3 3, +C4<00000000000000000000000000000100>;
L_0x5b4c198665d0 .functor AND 1, L_0x5b4c19866320, L_0x5b4c198664a0, C4<1>, C4<1>;
L_0x5b4c19867c70 .functor AND 1, v0x5b4c19854030_0, L_0x5b4c198665d0, C4<1>, C4<1>;
L_0x5b4c19867d30 .functor AND 1, v0x5b4c19854820_0, L_0x5b4c198665d0, C4<1>, C4<1>;
L_0x7e7316b86210 .functor BUFT 1, C4<00100000000000000000000000000000>, C4<0>, C4<0>, C4<0>;
v0x5b4c1984fcf0_0 .net/2u *"_ivl_0", 31 0, L_0x7e7316b86210;  1 drivers
v0x5b4c1984fdf0_0 .net *"_ivl_2", 0 0, L_0x5b4c19866320;  1 drivers
L_0x7e7316b86258 .functor BUFT 1, C4<00100000000000000001000000000000>, C4<0>, C4<0>, C4<0>;
v0x5b4c1984feb0_0 .net/2u *"_ivl_4", 31 0, L_0x7e7316b86258;  1 drivers
v0x5b4c1984ffa0_0 .net *"_ivl_6", 0 0, L_0x5b4c198664a0;  1 drivers
v0x5b4c19850060_0 .net "clk", 0 0, v0x5b4c198534d0_0;  alias, 1 drivers
v0x5b4c19850100_0 .net "rst_n", 0 0, v0x5b4c19853670_0;  alias, 1 drivers
v0x5b4c198501a0_0 .net "tmp_wbs_ack", 0 0, v0x5b4c1984f590_0;  1 drivers
v0x5b4c19850240_0 .net "tmp_wbs_data_read", 31 0, v0x5b4c1984f770_0;  1 drivers
v0x5b4c19850310_0 .net "uart_rx", 0 0, v0x5b4c19853ab0_0;  1 drivers
v0x5b4c198503b0_0 .net "uart_select", 0 0, L_0x5b4c198665d0;  1 drivers
v0x5b4c19850450_0 .net "uart_tx", 0 0, v0x5b4c1984ced0_0;  alias, 1 drivers
v0x5b4c19850540_0 .var "wbs_ack", 0 0;
v0x5b4c19850600_0 .net "wbs_addr", 31 0, v0x5b4c19853ea0_0;  1 drivers
v0x5b4c198506c0_0 .net "wbs_cyc", 0 0, v0x5b4c19854030_0;  1 drivers
v0x5b4c19850760_0 .var "wbs_data_read", 31 0;
v0x5b4c19850840_0 .net "wbs_data_write", 31 0, v0x5b4c19854470_0;  1 drivers
v0x5b4c19850900_0 .net "wbs_sel", 3 0, v0x5b4c19854670_0;  1 drivers
v0x5b4c198509d0_0 .net "wbs_stb", 0 0, v0x5b4c19854820_0;  1 drivers
v0x5b4c19850a70_0 .net "wbs_we", 0 0, v0x5b4c198549b0_0;  1 drivers
L_0x5b4c19866320 .cmp/ge 32, v0x5b4c19853ea0_0, L_0x7e7316b86210;
L_0x5b4c198664a0 .cmp/gt 32, L_0x7e7316b86258, v0x5b4c19853ea0_0;
S_0x5b4c19849400 .scope module, "uart_inst" "uart" 3 44, 4 1 0, S_0x5b4c19848d30;
 .timescale 0 0;
    .port_info 0 /INPUT 1 "clk";
    .port_info 1 /INPUT 1 "rst_n";
    .port_info 2 /INPUT 1 "wbs_cyc";
    .port_info 3 /INPUT 1 "wbs_stb";
    .port_info 4 /INPUT 1 "wbs_we";
    .port_info 5 /INPUT 32 "wbs_addr";
    .port_info 6 /INPUT 32 "wbs_data_write";
    .port_info 7 /INPUT 4 "wbs_sel";
    .port_info 8 /OUTPUT 32 "wbs_data_read";
    .port_info 9 /OUTPUT 1 "wbs_ack";
    .port_info 10 /OUTPUT 1 "uart_tx";
    .port_info 11 /INPUT 1 "uart_rx";
P_0x5b4c198495b0 .param/l "ADDR_WIDTH" 0 4 2, +C4<00000000000000000000000000100000>;
P_0x5b4c198495f0 .param/l "BAUD_DIV_RST" 0 4 4, C4<0000000001101000>;
P_0x5b4c19849630 .param/l "CTRL_RX_ENABLE" 1 4 44, +C4<00000000000000000000000000000001>;
P_0x5b4c19849670 .param/l "CTRL_TX_ENABLE" 1 4 43, +C4<00000000000000000000000000000000>;
P_0x5b4c198496b0 .param/l "DATA_WIDTH" 0 4 3, +C4<00000000000000000000000000100000>;
P_0x5b4c198496f0 .param/l "REG_UART_BAUD_DIV" 1 4 31, C4<000000001000>;
P_0x5b4c19849730 .param/l "REG_UART_CTRL" 1 4 32, C4<000000001100>;
P_0x5b4c19849770 .param/l "REG_UART_RX_DATA" 1 4 30, C4<000000000100>;
P_0x5b4c198497b0 .param/l "REG_UART_STATUS" 1 4 33, C4<000000010000>;
P_0x5b4c198497f0 .param/l "REG_UART_TX_DATA" 1 4 29, C4<000000000000>;
P_0x5b4c19849830 .param/l "STATUS_RX_FRAME_ERR" 1 4 40, +C4<00000000000000000000000000000100>;
P_0x5b4c19849870 .param/l "STATUS_RX_OVERRUN" 1 4 39, +C4<00000000000000000000000000000011>;
P_0x5b4c198498b0 .param/l "STATUS_RX_READY" 1 4 38, +C4<00000000000000000000000000000010>;
P_0x5b4c198498f0 .param/l "STATUS_TX_BUSY" 1 4 37, +C4<00000000000000000000000000000001>;
P_0x5b4c19849930 .param/l "STATUS_TX_READY" 1 4 36, +C4<00000000000000000000000000000000>;
L_0x5b4c19866690 .functor AND 1, L_0x5b4c19867c70, L_0x5b4c19867d30, C4<1>, C4<1>;
L_0x5b4c19866800 .functor AND 1, L_0x5b4c19866690, L_0x5b4c19866730, C4<1>, C4<1>;
L_0x5b4c19866940 .functor AND 1, L_0x5b4c19866800, L_0x5b4c19867430, C4<1>, C4<1>;
L_0x5b4c19866a00 .functor AND 1, L_0x5b4c19867c70, L_0x5b4c19867d30, C4<1>, C4<1>;
L_0x5b4c19866c70 .functor AND 1, L_0x5b4c19866a00, L_0x5b4c19866b40, C4<1>, C4<1>;
L_0x5b4c19866d30 .functor AND 1, L_0x5b4c19866c70, L_0x5b4c19867090, C4<1>, C4<1>;
L_0x5b4c198677b0 .functor OR 1, L_0x5b4c198675c0, L_0x5b4c19867660, C4<0>, C4<0>;
v0x5b4c1984d0b0_0 .net *"_ivl_1", 0 0, L_0x5b4c19866690;  1 drivers
v0x5b4c1984d190_0 .net *"_ivl_11", 0 0, L_0x5b4c19866b40;  1 drivers
v0x5b4c1984d250_0 .net *"_ivl_13", 0 0, L_0x5b4c19866c70;  1 drivers
L_0x7e7316b862a0 .functor BUFT 1, C4<000000000000>, C4<0>, C4<0>, C4<0>;
v0x5b4c1984d2f0_0 .net/2u *"_ivl_18", 11 0, L_0x7e7316b862a0;  1 drivers
L_0x7e7316b862e8 .functor BUFT 1, C4<000000000100>, C4<0>, C4<0>, C4<0>;
v0x5b4c1984d3d0_0 .net/2u *"_ivl_22", 11 0, L_0x7e7316b862e8;  1 drivers
L_0x7e7316b86330 .functor BUFT 1, C4<000000001000>, C4<0>, C4<0>, C4<0>;
v0x5b4c1984d4b0_0 .net/2u *"_ivl_26", 11 0, L_0x7e7316b86330;  1 drivers
v0x5b4c1984d590_0 .net *"_ivl_3", 0 0, L_0x5b4c19866730;  1 drivers
L_0x7e7316b86378 .functor BUFT 1, C4<000000001100>, C4<0>, C4<0>, C4<0>;
v0x5b4c1984d650_0 .net/2u *"_ivl_30", 11 0, L_0x7e7316b86378;  1 drivers
L_0x7e7316b863c0 .functor BUFT 1, C4<000000010000>, C4<0>, C4<0>, C4<0>;
v0x5b4c1984d730_0 .net/2u *"_ivl_34", 11 0, L_0x7e7316b863c0;  1 drivers
v0x5b4c1984d8a0_0 .net *"_ivl_39", 0 0, L_0x5b4c198675c0;  1 drivers
v0x5b4c1984d980_0 .net *"_ivl_41", 0 0, L_0x5b4c19867660;  1 drivers
v0x5b4c1984da60_0 .net *"_ivl_5", 0 0, L_0x5b4c19866800;  1 drivers
v0x5b4c1984db20_0 .net *"_ivl_9", 0 0, L_0x5b4c19866a00;  1 drivers
v0x5b4c1984dbe0_0 .var "baud_div_reg", 15 0;
v0x5b4c1984dca0_0 .net "baud_tick", 0 0, v0x5b4c1984a650_0;  1 drivers
v0x5b4c1984dd40_0 .net "clk", 0 0, v0x5b4c198534d0_0;  alias, 1 drivers
v0x5b4c1984def0_0 .var "ctrl_reg", 7 0;
v0x5b4c1984e0c0_0 .net "reg_offset", 11 0, L_0x5b4c19866e80;  1 drivers
v0x5b4c1984e1a0_0 .net "rst_n", 0 0, v0x5b4c19853670_0;  alias, 1 drivers
v0x5b4c1984e350_0 .net "rx_data", 7 0, v0x5b4c1984b510_0;  1 drivers
v0x5b4c1984e440_0 .net "rx_data_read", 0 0, L_0x5b4c19866d30;  1 drivers
v0x5b4c1984e510_0 .var "rx_data_reg", 7 0;
v0x5b4c1984e5b0_0 .net "rx_frame_error", 0 0, v0x5b4c1984b770_0;  1 drivers
v0x5b4c1984e680_0 .net "rx_overrun", 0 0, v0x5b4c1984b830_0;  1 drivers
v0x5b4c1984e750_0 .net "rx_ready", 0 0, v0x5b4c1984b8f0_0;  1 drivers
v0x5b4c1984e820_0 .net "sel_baud_div", 0 0, L_0x5b4c198671d0;  1 drivers
v0x5b4c1984e8c0_0 .net "sel_ctrl", 0 0, L_0x5b4c19867340;  1 drivers
v0x5b4c1984e960_0 .net "sel_rx_data", 0 0, L_0x5b4c19867090;  1 drivers
v0x5b4c1984ea00_0 .net "sel_status", 0 0, L_0x5b4c19867430;  1 drivers
v0x5b4c1984eac0_0 .net "sel_tx_data", 0 0, L_0x5b4c19866f20;  1 drivers
v0x5b4c1984eb80_0 .net "status_read", 0 0, L_0x5b4c19866940;  1 drivers
v0x5b4c1984ec40_0 .var "status_reg", 7 0;
v0x5b4c1984ed20_0 .var "tmp_r_ack", 0 0;
v0x5b4c1984eff0_0 .var "tmp_w_ack", 0 0;
v0x5b4c1984f0b0_0 .net "tx_busy", 0 0, v0x5b4c1984c8e0_0;  1 drivers
v0x5b4c1984f180_0 .var "tx_data_reg", 7 0;
v0x5b4c1984f250_0 .net "tx_ready", 0 0, v0x5b4c1984cb90_0;  1 drivers
v0x5b4c1984f320_0 .var "tx_start_pulse", 0 0;
v0x5b4c1984f3f0_0 .net "uart_rx", 0 0, v0x5b4c19853ab0_0;  alias, 1 drivers
v0x5b4c1984f4c0_0 .net "uart_tx", 0 0, v0x5b4c1984ced0_0;  alias, 1 drivers
v0x5b4c1984f590_0 .var "wbs_ack", 0 0;
v0x5b4c1984f630_0 .net "wbs_addr", 31 0, v0x5b4c19853ea0_0;  alias, 1 drivers
v0x5b4c1984f6d0_0 .net "wbs_cyc", 0 0, L_0x5b4c19867c70;  1 drivers
v0x5b4c1984f770_0 .var "wbs_data_read", 31 0;
v0x5b4c1984f830_0 .net "wbs_data_write", 31 0, v0x5b4c19854470_0;  alias, 1 drivers
v0x5b4c1984f910_0 .net "wbs_sel", 3 0, v0x5b4c19854670_0;  alias, 1 drivers
v0x5b4c1984f9f0_0 .net "wbs_stb", 0 0, L_0x5b4c19867d30;  1 drivers
v0x5b4c1984fab0_0 .net "wbs_we", 0 0, v0x5b4c198549b0_0;  alias, 1 drivers
E_0x5b4c1982d220/0 .event anyedge, v0x5b4c1984f6d0_0, v0x5b4c1984f9f0_0, v0x5b4c1984fab0_0, v0x5b4c1984e0c0_0;
E_0x5b4c1982d220/1 .event anyedge, v0x5b4c1984c9f0_0, v0x5b4c1984e510_0, v0x5b4c1984a570_0, v0x5b4c1984def0_0;
E_0x5b4c1982d220/2 .event anyedge, v0x5b4c1984ec40_0;
E_0x5b4c1982d220 .event/or E_0x5b4c1982d220/0, E_0x5b4c1982d220/1, E_0x5b4c1982d220/2;
L_0x5b4c19866730 .reduce/nor v0x5b4c198549b0_0;
L_0x5b4c19866b40 .reduce/nor v0x5b4c198549b0_0;
L_0x5b4c19866e80 .part v0x5b4c19853ea0_0, 0, 12;
L_0x5b4c19866f20 .cmp/eq 12, L_0x5b4c19866e80, L_0x7e7316b862a0;
L_0x5b4c19867090 .cmp/eq 12, L_0x5b4c19866e80, L_0x7e7316b862e8;
L_0x5b4c198671d0 .cmp/eq 12, L_0x5b4c19866e80, L_0x7e7316b86330;
L_0x5b4c19867340 .cmp/eq 12, L_0x5b4c19866e80, L_0x7e7316b86378;
L_0x5b4c19867430 .cmp/eq 12, L_0x5b4c19866e80, L_0x7e7316b863c0;
L_0x5b4c198675c0 .part v0x5b4c1984def0_0, 0, 1;
L_0x5b4c19867660 .part v0x5b4c1984def0_0, 1, 1;
L_0x5b4c19867870 .part v0x5b4c1984def0_0, 0, 1;
L_0x5b4c19867ad0 .part v0x5b4c1984def0_0, 1, 1;
S_0x5b4c1984a290 .scope module, "uart_baudgen_inst" "uart_baudgen" 4 176, 5 1 0, S_0x5b4c19849400;
 .timescale 0 0;
    .port_info 0 /INPUT 1 "clk";
    .port_info 1 /INPUT 1 "rst_n";
    .port_info 2 /INPUT 1 "enable";
    .port_info 3 /INPUT 16 "baud_div";
    .port_info 4 /OUTPUT 1 "baud_tick";
v0x5b4c1984a470_0 .var "baud_counter", 15 0;
v0x5b4c1984a570_0 .net "baud_div", 15 0, v0x5b4c1984dbe0_0;  1 drivers
v0x5b4c1984a650_0 .var "baud_tick", 0 0;
v0x5b4c1984a720_0 .net "clk", 0 0, v0x5b4c198534d0_0;  alias, 1 drivers
v0x5b4c1984a7c0_0 .net "enable", 0 0, L_0x5b4c198677b0;  1 drivers
v0x5b4c1984a8d0_0 .net "rst_n", 0 0, v0x5b4c19853670_0;  alias, 1 drivers
S_0x5b4c1984aa10 .scope module, "uart_rx_inst" "uart_rx" 4 202, 6 1 0, S_0x5b4c19849400;
 .timescale 0 0;
    .port_info 0 /INPUT 1 "clk";
    .port_info 1 /INPUT 1 "rst_n";
    .port_info 2 /INPUT 1 "rx_enable";
    .port_info 3 /INPUT 1 "baud_tick";
    .port_info 4 /INPUT 1 "rx_clear";
    .port_info 5 /OUTPUT 1 "rx_ready";
    .port_info 6 /OUTPUT 1 "rx_overrun";
    .port_info 7 /OUTPUT 1 "rx_frame_error";
    .port_info 8 /OUTPUT 8 "rx_data";
    .port_info 9 /INPUT 1 "uart_rx";
P_0x5b4c1984ac10 .param/l "RX_DATA" 1 6 29, C4<010>;
P_0x5b4c1984ac50 .param/l "RX_ERROR" 1 6 31, C4<100>;
P_0x5b4c1984ac90 .param/l "RX_IDLE" 1 6 27, C4<000>;
P_0x5b4c1984acd0 .param/l "RX_START" 1 6 28, C4<001>;
P_0x5b4c1984ad10 .param/l "RX_STOP" 1 6 30, C4<011>;
L_0x5b4c198679b0 .functor AND 1, v0x5b4c1984bc30_0, L_0x5b4c19867910, C4<1>, C4<1>;
v0x5b4c1984b090_0 .net *"_ivl_1", 0 0, L_0x5b4c19867910;  1 drivers
v0x5b4c1984b150_0 .net "baud_tick", 0 0, v0x5b4c1984a650_0;  alias, 1 drivers
v0x5b4c1984b210_0 .net "clk", 0 0, v0x5b4c198534d0_0;  alias, 1 drivers
v0x5b4c1984b2e0_0 .net "rst_n", 0 0, v0x5b4c19853670_0;  alias, 1 drivers
v0x5b4c1984b380_0 .var "rx_bit_counter", 2 0;
v0x5b4c1984b470_0 .net "rx_clear", 0 0, L_0x5b4c19866d30;  alias, 1 drivers
v0x5b4c1984b510_0 .var "rx_data", 7 0;
v0x5b4c1984b5f0_0 .net "rx_enable", 0 0, L_0x5b4c19867ad0;  1 drivers
v0x5b4c1984b6b0_0 .net "rx_falling_edge", 0 0, L_0x5b4c198679b0;  1 drivers
v0x5b4c1984b770_0 .var "rx_frame_error", 0 0;
v0x5b4c1984b830_0 .var "rx_overrun", 0 0;
v0x5b4c1984b8f0_0 .var "rx_ready", 0 0;
v0x5b4c1984b9b0_0 .var "rx_shift_reg", 7 0;
v0x5b4c1984ba90_0 .var "rx_state", 2 0;
v0x5b4c1984bb70_0 .net "uart_rx", 0 0, v0x5b4c19853ab0_0;  alias, 1 drivers
v0x5b4c1984bc30_0 .var "uart_rx_prev", 0 0;
v0x5b4c1984bcf0_0 .var "uart_rx_sync", 0 0;
L_0x5b4c19867910 .reduce/nor v0x5b4c1984bcf0_0;
S_0x5b4c1984c060 .scope module, "uart_tx_inst" "uart_tx" 4 187, 7 1 0, S_0x5b4c19849400;
 .timescale 0 0;
    .port_info 0 /INPUT 1 "clk";
    .port_info 1 /INPUT 1 "rst_n";
    .port_info 2 /INPUT 1 "tx_enable";
    .port_info 3 /INPUT 8 "tx_data";
    .port_info 4 /INPUT 1 "tx_start";
    .port_info 5 /INPUT 1 "baud_tick";
    .port_info 6 /OUTPUT 1 "tx_busy";
    .port_info 7 /OUTPUT 1 "tx_ready";
    .port_info 8 /OUTPUT 1 "uart_tx";
P_0x5b4c1984c1f0 .param/l "TX_DATA" 1 7 26, C4<10>;
P_0x5b4c1984c230 .param/l "TX_IDLE" 1 7 24, C4<00>;
P_0x5b4c1984c270 .param/l "TX_START" 1 7 25, C4<01>;
P_0x5b4c1984c2b0 .param/l "TX_STOP" 1 7 27, C4<11>;
v0x5b4c1984c5f0_0 .net "baud_tick", 0 0, v0x5b4c1984a650_0;  alias, 1 drivers
v0x5b4c1984c6e0_0 .net "clk", 0 0, v0x5b4c198534d0_0;  alias, 1 drivers
v0x5b4c1984c7a0_0 .net "rst_n", 0 0, v0x5b4c19853670_0;  alias, 1 drivers
v0x5b4c1984c840_0 .var "tx_bit_counter", 2 0;
v0x5b4c1984c8e0_0 .var "tx_busy", 0 0;
v0x5b4c1984c9f0_0 .net "tx_data", 7 0, v0x5b4c1984f180_0;  1 drivers
v0x5b4c1984cad0_0 .net "tx_enable", 0 0, L_0x5b4c19867870;  1 drivers
v0x5b4c1984cb90_0 .var "tx_ready", 0 0;
v0x5b4c1984cc50_0 .var "tx_shift_reg", 7 0;
v0x5b4c1984cd30_0 .net "tx_start", 0 0, v0x5b4c1984f320_0;  1 drivers
v0x5b4c1984cdf0_0 .var "tx_state", 1 0;
v0x5b4c1984ced0_0 .var "uart_tx", 0 0;
S_0x5b4c19850ca0 .scope task, "test_loopback" "test_loopback" 2 368, 2 368 0, S_0x5b4c19817190;
 .timescale -9 -12;
v0x5b4c19851190_0 .var/i "bit_time", 31 0;
v0x5b4c19851290_0 .var "error_count", 31 0;
v0x5b4c19851370_0 .var "read_data", 31 0;
v0x5b4c19851460_0 .var "test_data", 7 0;
TD_tb_uart.test_loopback ;
    %pushi/vec4 0, 0, 32;
    %store/vec4 v0x5b4c19851290_0, 0, 32;
    %pushi/vec4 0, 0, 32;
    %store/vec4 v0x5b4c19851370_0, 0, 32;
    %pushi/vec4 8680, 0, 32;
    %store/vec4 v0x5b4c19851190_0, 0, 32;
    %pushi/vec4 187, 0, 8;
    %store/vec4 v0x5b4c19851460_0, 0, 8;
    %vpi_call 2 379 "$display", "\012=== Dual UART Loopback Test ===" {0 0 0};
    %vpi_call 2 380 "$display", "Using DUT2 for transmission, DUT1 for reception" {0 0 0};
    %pushi/vec4 536870920, 0, 32;
    %store/vec4 v0x5b4c19852da0_0, 0, 32;
    %pushi/vec4 868, 0, 32;
    %store/vec4 v0x5b4c19852ea0_0, 0, 32;
    %pushi/vec4 15, 0, 4;
    %store/vec4 v0x5b4c19852f80_0, 0, 4;
    %fork TD_tb_uart.wb_write, S_0x5b4c19852bc0;
    %join;
    %pushi/vec4 536870924, 0, 32;
    %store/vec4 v0x5b4c19852da0_0, 0, 32;
    %pushi/vec4 3, 0, 32;
    %store/vec4 v0x5b4c19852ea0_0, 0, 32;
    %pushi/vec4 15, 0, 4;
    %store/vec4 v0x5b4c19852f80_0, 0, 4;
    %fork TD_tb_uart.wb_write, S_0x5b4c19852bc0;
    %join;
    %pushi/vec4 536870920, 0, 32;
    %store/vec4 v0x5b4c19853200_0, 0, 32;
    %pushi/vec4 868, 0, 32;
    %store/vec4 v0x5b4c19853300_0, 0, 32;
    %pushi/vec4 15, 0, 4;
    %store/vec4 v0x5b4c198533e0_0, 0, 4;
    %fork TD_tb_uart.wb_write2, S_0x5b4c19853070;
    %join;
    %pushi/vec4 536870924, 0, 32;
    %store/vec4 v0x5b4c19853200_0, 0, 32;
    %pushi/vec4 3, 0, 32;
    %store/vec4 v0x5b4c19853300_0, 0, 32;
    %pushi/vec4 15, 0, 4;
    %store/vec4 v0x5b4c198533e0_0, 0, 4;
    %fork TD_tb_uart.wb_write2, S_0x5b4c19853070;
    %join;
    %vpi_call 2 394 "$display", "Connected DUT2_TX -> DUT1_RX" {0 0 0};
    %vpi_call 2 397 "$display", "Sending data via DUT2: %h", v0x5b4c19851460_0 {0 0 0};
    %pushi/vec4 536870912, 0, 32;
    %store/vec4 v0x5b4c19853200_0, 0, 32;
    %load/vec4 v0x5b4c19851460_0;
    %pad/u 32;
    %store/vec4 v0x5b4c19853300_0, 0, 32;
    %pushi/vec4 1, 0, 4;
    %store/vec4 v0x5b4c198533e0_0, 0, 4;
    %fork TD_tb_uart.wb_write2, S_0x5b4c19853070;
    %join;
    %vpi_call 2 401 "$display", "Waiting for DUT2 transmission to complete..." {0 0 0};
    %load/vec4 v0x5b4c19851190_0;
    %muli 12, 0, 32;
    %pad/s 64;
    %muli 1000, 0, 64;
    %ix/vec4 4;
    %delayx 4;
    %pushi/vec4 536870928, 0, 32;
    %store/vec4 v0x5b4c198529e0_0, 0, 32;
    %fork TD_tb_uart.wb_read2, S_0x5b4c19852800;
    %join;
    %load/vec4 v0x5b4c19852ae0_0;
    %store/vec4 v0x5b4c19851370_0, 0, 32;
    %load/vec4 v0x5b4c19851370_0;
    %parti/s 1, 0, 2;
    %cmpi/ne 1, 0, 1;
    %jmp/0xz  T_0.0, 6;
    %vpi_call 2 407 "$display", "ERROR: DUT2 TX_READY not set after transmission" {0 0 0};
    %load/vec4 v0x5b4c19851290_0;
    %addi 1, 0, 32;
    %store/vec4 v0x5b4c19851290_0, 0, 32;
T_0.0 ;
    %load/vec4 v0x5b4c19851190_0;
    %muli 2, 0, 32;
    %pad/s 64;
    %muli 1000, 0, 64;
    %ix/vec4 4;
    %delayx 4;
    %pushi/vec4 536870928, 0, 32;
    %store/vec4 v0x5b4c19852620_0, 0, 32;
    %fork TD_tb_uart.wb_read, S_0x5b4c19852440;
    %join;
    %load/vec4 v0x5b4c19852720_0;
    %store/vec4 v0x5b4c19851370_0, 0, 32;
    %vpi_call 2 416 "$display", "DUT1 Status: TX_READY=%b, TX_BUSY=%b, RX_READY=%b, RX_OVERRUN=%b, RX_FRAME_ERR=%b", &PV<v0x5b4c19851370_0, 0, 1>, &PV<v0x5b4c19851370_0, 1, 1>, &PV<v0x5b4c19851370_0, 2, 1>, &PV<v0x5b4c19851370_0, 3, 1>, &PV<v0x5b4c19851370_0, 4, 1> {0 0 0};
    %load/vec4 v0x5b4c19851370_0;
    %parti/s 1, 2, 3;
    %cmpi/ne 1, 0, 1;
    %jmp/0xz  T_0.2, 6;
    %vpi_call 2 422 "$display", "ERROR: DUT1 RX_READY not set" {0 0 0};
    %load/vec4 v0x5b4c19851370_0;
    %parti/s 1, 4, 4;
    %flag_set/vec4 8;
    %jmp/0xz  T_0.4, 8;
    %vpi_call 2 424 "$display", "Frame error detected - check stop bits" {0 0 0};
T_0.4 ;
    %load/vec4 v0x5b4c19851290_0;
    %addi 1, 0, 32;
    %store/vec4 v0x5b4c19851290_0, 0, 32;
T_0.2 ;
    %pushi/vec4 536870916, 0, 32;
    %store/vec4 v0x5b4c19852620_0, 0, 32;
    %fork TD_tb_uart.wb_read, S_0x5b4c19852440;
    %join;
    %load/vec4 v0x5b4c19852720_0;
    %store/vec4 v0x5b4c19851370_0, 0, 32;
    %vpi_call 2 431 "$display", "DUT1 Received data: %h", &PV<v0x5b4c19851370_0, 0, 8> {0 0 0};
    %load/vec4 v0x5b4c19851370_0;
    %parti/s 8, 0, 2;
    %load/vec4 v0x5b4c19851460_0;
    %cmp/ne;
    %jmp/0xz  T_0.6, 6;
    %vpi_call 2 434 "$display", "ERROR: Data mismatch: expected %h, got %h", v0x5b4c19851460_0, &PV<v0x5b4c19851370_0, 0, 8> {0 0 0};
    %load/vec4 v0x5b4c19851290_0;
    %addi 1, 0, 32;
    %store/vec4 v0x5b4c19851290_0, 0, 32;
    %jmp T_0.7;
T_0.6 ;
    %vpi_call 2 438 "$display", "SUCCESS: Data correctly received by DUT1" {0 0 0};
T_0.7 ;
    %vpi_call 2 442 "$display", "\012Testing multiple bytes..." {0 0 0};
    %fork t_1, S_0x5b4c19850eb0;
    %jmp t_0;
    .scope S_0x5b4c19850eb0;
t_1 ;
    %pushi/vec4 0, 0, 32;
    %store/vec4 v0x5b4c19851090_0, 0, 32;
T_0.8 ;
    %load/vec4 v0x5b4c19851090_0;
    %cmpi/s 3, 0, 32;
    %jmp/0xz T_0.9, 5;
    %pushi/vec4 160, 0, 32;
    %load/vec4 v0x5b4c19851090_0;
    %add;
    %pad/u 8;
    %store/vec4 v0x5b4c19851460_0, 0, 8;
    %pushi/vec4 536870912, 0, 32;
    %store/vec4 v0x5b4c19853200_0, 0, 32;
    %load/vec4 v0x5b4c19851460_0;
    %pad/u 32;
    %store/vec4 v0x5b4c19853300_0, 0, 32;
    %pushi/vec4 1, 0, 4;
    %store/vec4 v0x5b4c198533e0_0, 0, 4;
    %fork TD_tb_uart.wb_write2, S_0x5b4c19853070;
    %join;
    %load/vec4 v0x5b4c19851190_0;
    %muli 14, 0, 32;
    %pad/s 64;
    %muli 1000, 0, 64;
    %ix/vec4 4;
    %delayx 4;
    %pushi/vec4 536870916, 0, 32;
    %store/vec4 v0x5b4c19852620_0, 0, 32;
    %fork TD_tb_uart.wb_read, S_0x5b4c19852440;
    %join;
    %load/vec4 v0x5b4c19852720_0;
    %store/vec4 v0x5b4c19851370_0, 0, 32;
    %load/vec4 v0x5b4c19851370_0;
    %parti/s 8, 0, 2;
    %load/vec4 v0x5b4c19851460_0;
    %cmp/ne;
    %jmp/0xz  T_0.10, 6;
    %vpi_call 2 455 "$display", "ERROR: Byte %0d mismatch: expected %h, got %h", v0x5b4c19851090_0, v0x5b4c19851460_0, &PV<v0x5b4c19851370_0, 0, 8> {0 0 0};
    %load/vec4 v0x5b4c19851290_0;
    %addi 1, 0, 32;
    %store/vec4 v0x5b4c19851290_0, 0, 32;
    %jmp T_0.11;
T_0.10 ;
    %vpi_call 2 459 "$display", "Byte %0d: %h -> %h \342\234\223", v0x5b4c19851090_0, v0x5b4c19851460_0, &PV<v0x5b4c19851370_0, 0, 8> {0 0 0};
T_0.11 ;
    %load/vec4 v0x5b4c19851090_0;
    %addi 1, 0, 32;
    %store/vec4 v0x5b4c19851090_0, 0, 32;
    %jmp T_0.8;
T_0.9 ;
    %end;
    .scope S_0x5b4c19850ca0;
t_0 %join;
    %pushi/vec4 1, 0, 1;
    %store/vec4 v0x5b4c19853a10_0, 0, 1;
    %load/vec4 v0x5b4c19851290_0;
    %cmpi/e 0, 0, 32;
    %jmp/0xz  T_0.12, 4;
    %vpi_call 2 467 "$display", "Dual UART loopback test PASSED" {0 0 0};
    %jmp T_0.13;
T_0.12 ;
    %vpi_call 2 469 "$display", "Dual UART loopback test FAILED with %0d errors", v0x5b4c19851290_0 {0 0 0};
T_0.13 ;
    %end;
S_0x5b4c19850eb0 .scope begin, "$ivl_for_loop0" "$ivl_for_loop0" 2 443, 2 443 0, S_0x5b4c19850ca0;
 .timescale -9 -12;
v0x5b4c19851090_0 .var/i "j", 31 0;
S_0x5b4c19851540 .scope task, "test_uart_configuration" "test_uart_configuration" 2 192, 2 192 0, S_0x5b4c19817190;
 .timescale -9 -12;
v0x5b4c19851720_0 .var "error_count", 31 0;
v0x5b4c19851820_0 .var "read_data", 31 0;
TD_tb_uart.test_uart_configuration ;
    %pushi/vec4 0, 0, 32;
    %store/vec4 v0x5b4c19851720_0, 0, 32;
    %pushi/vec4 0, 0, 32;
    %store/vec4 v0x5b4c19851820_0, 0, 32;
    %pushi/vec4 536870920, 0, 32;
    %store/vec4 v0x5b4c19852da0_0, 0, 32;
    %pushi/vec4 868, 0, 32;
    %store/vec4 v0x5b4c19852ea0_0, 0, 32;
    %pushi/vec4 15, 0, 4;
    %store/vec4 v0x5b4c19852f80_0, 0, 4;
    %fork TD_tb_uart.wb_write, S_0x5b4c19852bc0;
    %join;
    %pushi/vec4 536870924, 0, 32;
    %store/vec4 v0x5b4c19852da0_0, 0, 32;
    %pushi/vec4 3, 0, 32;
    %store/vec4 v0x5b4c19852ea0_0, 0, 32;
    %pushi/vec4 15, 0, 4;
    %store/vec4 v0x5b4c19852f80_0, 0, 4;
    %fork TD_tb_uart.wb_write, S_0x5b4c19852bc0;
    %join;
    %pushi/vec4 536870920, 0, 32;
    %store/vec4 v0x5b4c19852620_0, 0, 32;
    %fork TD_tb_uart.wb_read, S_0x5b4c19852440;
    %join;
    %load/vec4 v0x5b4c19852720_0;
    %store/vec4 v0x5b4c19851820_0, 0, 32;
    %load/vec4 v0x5b4c19851820_0;
    %parti/s 16, 0, 2;
    %pad/u 32;
    %cmpi/ne 868, 0, 32;
    %jmp/0xz  T_1.14, 6;
    %vpi_call 2 208 "$display", ":ERROR: Baud rate configuration failed" {0 0 0};
    %load/vec4 v0x5b4c19851720_0;
    %addi 1, 0, 32;
    %store/vec4 v0x5b4c19851720_0, 0, 32;
T_1.14 ;
    %pushi/vec4 536870924, 0, 32;
    %store/vec4 v0x5b4c19852620_0, 0, 32;
    %fork TD_tb_uart.wb_read, S_0x5b4c19852440;
    %join;
    %load/vec4 v0x5b4c19852720_0;
    %store/vec4 v0x5b4c19851820_0, 0, 32;
    %load/vec4 v0x5b4c19851820_0;
    %parti/s 1, 0, 2;
    %cmpi/ne 1, 0, 1;
    %jmp/1 T_1.18, 6;
    %flag_mov 8, 6;
    %load/vec4 v0x5b4c19851820_0;
    %parti/s 1, 1, 2;
    %cmpi/ne 1, 0, 1;
    %flag_or 6, 8;
T_1.18;
    %jmp/0xz  T_1.16, 6;
    %vpi_call 2 214 "$display", "ERROR: Control register configuration failed" {0 0 0};
    %load/vec4 v0x5b4c19851720_0;
    %addi 1, 0, 32;
    %store/vec4 v0x5b4c19851720_0, 0, 32;
T_1.16 ;
    %vpi_call 2 218 "$display", "Configuration test completed" {0 0 0};
    %end;
S_0x5b4c19851900 .scope task, "test_uart_receiver" "test_uart_receiver" 2 305, 2 305 0, S_0x5b4c19817190;
 .timescale -9 -12;
v0x5b4c19851b30_0 .var/i "bit_time", 31 0;
v0x5b4c19851c30_0 .var "error_count", 31 0;
v0x5b4c19851d10_0 .var "read_data", 31 0;
v0x5b4c19851dd0_0 .var "test_data", 7 0;
TD_tb_uart.test_uart_receiver ;
    %pushi/vec4 0, 0, 32;
    %store/vec4 v0x5b4c19851c30_0, 0, 32;
    %pushi/vec4 0, 0, 32;
    %store/vec4 v0x5b4c19851d10_0, 0, 32;
    %pushi/vec4 8680, 0, 32;
    %store/vec4 v0x5b4c19851b30_0, 0, 32;
    %pushi/vec4 90, 0, 8;
    %store/vec4 v0x5b4c19851dd0_0, 0, 8;
    %pushi/vec4 1, 0, 1;
    %store/vec4 v0x5b4c19853a10_0, 0, 1;
    %load/vec4 v0x5b4c19851b30_0;
    %muli 2, 0, 32;
    %pad/s 64;
    %muli 1000, 0, 64;
    %ix/vec4 4;
    %delayx 4;
    %pushi/vec4 0, 0, 1;
    %store/vec4 v0x5b4c19853a10_0, 0, 1;
    %load/vec4 v0x5b4c19851b30_0;
    %pad/s 64;
    %muli 1000, 0, 64;
    %ix/vec4 4;
    %delayx 4;
    %pushi/vec4 0, 0, 32;
    %store/vec4 v0x5b4c19853590_0, 0, 32;
T_2.19 ;
    %load/vec4 v0x5b4c19853590_0;
    %cmpi/s 8, 0, 32;
    %jmp/0xz T_2.20, 5;
    %load/vec4 v0x5b4c19851dd0_0;
    %load/vec4 v0x5b4c19853590_0;
    %part/s 1;
    %store/vec4 v0x5b4c19853a10_0, 0, 1;
    %load/vec4 v0x5b4c19851b30_0;
    %pad/s 64;
    %muli 1000, 0, 64;
    %ix/vec4 4;
    %delayx 4;
    %load/vec4 v0x5b4c19853590_0;
    %addi 1, 0, 32;
    %store/vec4 v0x5b4c19853590_0, 0, 32;
    %jmp T_2.19;
T_2.20 ;
    %pushi/vec4 1, 0, 1;
    %store/vec4 v0x5b4c19853a10_0, 0, 1;
    %load/vec4 v0x5b4c19851b30_0;
    %pad/s 64;
    %muli 1000, 0, 64;
    %ix/vec4 4;
    %delayx 4;
    %pushi/vec4 536870928, 0, 32;
    %store/vec4 v0x5b4c19852620_0, 0, 32;
    %fork TD_tb_uart.wb_read, S_0x5b4c19852440;
    %join;
    %load/vec4 v0x5b4c19852720_0;
    %store/vec4 v0x5b4c19851d10_0, 0, 32;
    %load/vec4 v0x5b4c19851d10_0;
    %parti/s 1, 2, 3;
    %cmpi/ne 1, 0, 1;
    %jmp/0xz  T_2.21, 6;
    %vpi_call 2 338 "$display", "ERROR: RX_READY status not set after reception" {0 0 0};
    %load/vec4 v0x5b4c19851c30_0;
    %addi 1, 0, 32;
    %store/vec4 v0x5b4c19851c30_0, 0, 32;
T_2.21 ;
    %pushi/vec4 536870916, 0, 32;
    %store/vec4 v0x5b4c19852620_0, 0, 32;
    %fork TD_tb_uart.wb_read, S_0x5b4c19852440;
    %join;
    %load/vec4 v0x5b4c19852720_0;
    %store/vec4 v0x5b4c19851d10_0, 0, 32;
    %load/vec4 v0x5b4c19851d10_0;
    %parti/s 8, 0, 2;
    %load/vec4 v0x5b4c19851dd0_0;
    %cmp/ne;
    %jmp/0xz  T_2.23, 6;
    %vpi_call 2 345 "$display", "ERROR: Received data incorrect: expected %h, got %h", v0x5b4c19851dd0_0, &PV<v0x5b4c19851d10_0, 0, 8> {0 0 0};
    %load/vec4 v0x5b4c19851c30_0;
    %addi 1, 0, 32;
    %store/vec4 v0x5b4c19851c30_0, 0, 32;
T_2.23 ;
    %pushi/vec4 536870928, 0, 32;
    %store/vec4 v0x5b4c19852620_0, 0, 32;
    %fork TD_tb_uart.wb_read, S_0x5b4c19852440;
    %join;
    %load/vec4 v0x5b4c19852720_0;
    %store/vec4 v0x5b4c19851d10_0, 0, 32;
    %load/vec4 v0x5b4c19851d10_0;
    %parti/s 1, 2, 3;
    %cmpi/ne 0, 0, 1;
    %jmp/0xz  T_2.25, 6;
    %vpi_call 2 353 "$display", "ERROR: RX_READY status not cleared after read" {0 0 0};
    %load/vec4 v0x5b4c19851c30_0;
    %addi 1, 0, 32;
    %store/vec4 v0x5b4c19851c30_0, 0, 32;
T_2.25 ;
    %vpi_call 2 357 "$display", "Receiver test completed with %0d errors", v0x5b4c19851c30_0 {0 0 0};
    %end;
S_0x5b4c19851eb0 .scope task, "test_uart_transmitter" "test_uart_transmitter" 2 222, 2 222 0, S_0x5b4c19817190;
 .timescale -9 -12;
v0x5b4c19852090_0 .var/i "bit_time", 31 0;
v0x5b4c19852190_0 .var "error_count", 31 0;
v0x5b4c19852270_0 .var "read_data", 31 0;
v0x5b4c19852360_0 .var "test_data", 7 0;
TD_tb_uart.test_uart_transmitter ;
    %pushi/vec4 0, 0, 32;
    %store/vec4 v0x5b4c19852190_0, 0, 32;
    %pushi/vec4 0, 0, 32;
    %store/vec4 v0x5b4c19852270_0, 0, 32;
    %pushi/vec4 8680, 0, 32;
    %store/vec4 v0x5b4c19852090_0, 0, 32;
    %pushi/vec4 165, 0, 8;
    %store/vec4 v0x5b4c19852360_0, 0, 8;
    %pushi/vec4 536870928, 0, 32;
    %store/vec4 v0x5b4c19852620_0, 0, 32;
    %fork TD_tb_uart.wb_read, S_0x5b4c19852440;
    %join;
    %load/vec4 v0x5b4c19852720_0;
    %store/vec4 v0x5b4c19852270_0, 0, 32;
    %load/vec4 v0x5b4c19852270_0;
    %parti/s 1, 0, 2;
    %cmpi/ne 1, 0, 1;
    %jmp/0xz  T_3.27, 6;
    %vpi_call 2 237 "$display", "ERROR: TX_READY not set initially" {0 0 0};
    %load/vec4 v0x5b4c19852190_0;
    %addi 1, 0, 32;
    %store/vec4 v0x5b4c19852190_0, 0, 32;
T_3.27 ;
    %load/vec4 v0x5b4c19852270_0;
    %parti/s 1, 1, 2;
    %cmpi/ne 0, 0, 1;
    %jmp/0xz  T_3.29, 6;
    %vpi_call 2 241 "$display", "ERROR: TX_BUSY set initially" {0 0 0};
    %load/vec4 v0x5b4c19852190_0;
    %addi 1, 0, 32;
    %store/vec4 v0x5b4c19852190_0, 0, 32;
T_3.29 ;
    %pushi/vec4 536870912, 0, 32;
    %store/vec4 v0x5b4c19852da0_0, 0, 32;
    %load/vec4 v0x5b4c19852360_0;
    %pad/u 32;
    %store/vec4 v0x5b4c19852ea0_0, 0, 32;
    %pushi/vec4 1, 0, 4;
    %store/vec4 v0x5b4c19852f80_0, 0, 4;
    %fork TD_tb_uart.wb_write, S_0x5b4c19852bc0;
    %join;
    %delay 20000, 0;
    %pushi/vec4 536870928, 0, 32;
    %store/vec4 v0x5b4c19852620_0, 0, 32;
    %fork TD_tb_uart.wb_read, S_0x5b4c19852440;
    %join;
    %load/vec4 v0x5b4c19852720_0;
    %store/vec4 v0x5b4c19852270_0, 0, 32;
    %load/vec4 v0x5b4c19852270_0;
    %parti/s 1, 1, 2;
    %cmpi/ne 1, 0, 1;
    %jmp/0xz  T_3.31, 6;
    %vpi_call 2 253 "$display", "ERROR: TX_BUSY not set after transmission start" {0 0 0};
    %load/vec4 v0x5b4c19852190_0;
    %addi 1, 0, 32;
    %store/vec4 v0x5b4c19852190_0, 0, 32;
T_3.31 ;
    %load/vec4 v0x5b4c19852270_0;
    %parti/s 1, 0, 2;
    %cmpi/ne 0, 0, 1;
    %jmp/0xz  T_3.33, 6;
    %vpi_call 2 257 "$display", "ERROR: TX_READY not cleared after transmission start" {0 0 0};
    %load/vec4 v0x5b4c19852190_0;
    %addi 1, 0, 32;
    %store/vec4 v0x5b4c19852190_0, 0, 32;
T_3.33 ;
    %load/vec4 v0x5b4c19852090_0;
    %cvt/rv/s;
    %pushi/real 1073741824, 4065; load=0.500000
    %mul/wr;
    %pushi/real 2097152000, 4075; load=1000.00
    %mul/wr;
    %cvt/vr 64;
    %muli 1, 0, 64;
    %ix/vec4 4;
    %delayx 4;
    %load/vec4 v0x5b4c19853b50_0;
    %pad/u 32;
    %cmpi/ne 0, 0, 32;
    %jmp/0xz  T_3.35, 6;
    %vpi_call 2 267 "$display", "ERROR: Start bit not detected" {0 0 0};
    %load/vec4 v0x5b4c19852190_0;
    %addi 1, 0, 32;
    %store/vec4 v0x5b4c19852190_0, 0, 32;
T_3.35 ;
    %pushi/vec4 0, 0, 32;
    %store/vec4 v0x5b4c19853590_0, 0, 32;
T_3.37 ;
    %load/vec4 v0x5b4c19853590_0;
    %cmpi/s 8, 0, 32;
    %jmp/0xz T_3.38, 5;
    %load/vec4 v0x5b4c19852090_0;
    %pad/s 64;
    %muli 1000, 0, 64;
    %ix/vec4 4;
    %delayx 4;
    %load/vec4 v0x5b4c19853b50_0;
    %load/vec4 v0x5b4c19852360_0;
    %load/vec4 v0x5b4c19853590_0;
    %part/s 1;
    %cmp/ne;
    %jmp/0xz  T_3.39, 6;
    %vpi_call 2 275 "$display", "ERROR: Data bit %0d incorrect: expected %b, got %b", v0x5b4c19853590_0, &PV<v0x5b4c19852360_0, v0x5b4c19853590_0, 1>, v0x5b4c19853b50_0 {0 0 0};
    %load/vec4 v0x5b4c19852190_0;
    %addi 1, 0, 32;
    %store/vec4 v0x5b4c19852190_0, 0, 32;
T_3.39 ;
    %load/vec4 v0x5b4c19853590_0;
    %addi 1, 0, 32;
    %store/vec4 v0x5b4c19853590_0, 0, 32;
    %jmp T_3.37;
T_3.38 ;
    %load/vec4 v0x5b4c19852090_0;
    %pad/s 64;
    %muli 1000, 0, 64;
    %ix/vec4 4;
    %delayx 4;
    %load/vec4 v0x5b4c19853b50_0;
    %cmpi/ne 1, 0, 1;
    %jmp/0xz  T_3.41, 6;
    %vpi_call 2 283 "$display", "ERROR: Stop bit not detected" {0 0 0};
    %load/vec4 v0x5b4c19852190_0;
    %addi 1, 0, 32;
    %store/vec4 v0x5b4c19852190_0, 0, 32;
T_3.41 ;
    %pushi/vec4 536870928, 0, 32;
    %store/vec4 v0x5b4c19852620_0, 0, 32;
    %fork TD_tb_uart.wb_read, S_0x5b4c19852440;
    %join;
    %load/vec4 v0x5b4c19852720_0;
    %store/vec4 v0x5b4c19852270_0, 0, 32;
    %load/vec4 v0x5b4c19852270_0;
    %parti/s 1, 0, 2;
    %cmpi/ne 1, 0, 1;
    %jmp/0xz  T_3.43, 6;
    %vpi_call 2 291 "$display", "ERROR: TX_READY status not set after transmission" {0 0 0};
    %vpi_call 2 292 "$display", "  Expected: 1, Got: %b", &PV<v0x5b4c19852270_0, 0, 1> {0 0 0};
    %load/vec4 v0x5b4c19852190_0;
    %addi 1, 0, 32;
    %store/vec4 v0x5b4c19852190_0, 0, 32;
T_3.43 ;
    %load/vec4 v0x5b4c19852270_0;
    %parti/s 1, 1, 2;
    %cmpi/ne 0, 0, 1;
    %jmp/0xz  T_3.45, 6;
    %vpi_call 2 296 "$display", "ERROR: TX_BUSY status not cleared after transmission" {0 0 0};
    %load/vec4 v0x5b4c19852190_0;
    %addi 1, 0, 32;
    %store/vec4 v0x5b4c19852190_0, 0, 32;
T_3.45 ;
    %vpi_call 2 300 "$display", "Transmitter test completed with %0d errors", v0x5b4c19852190_0 {0 0 0};
    %end;
S_0x5b4c19852440 .scope task, "wb_read" "wb_read" 2 503, 2 503 0, S_0x5b4c19817190;
 .timescale -9 -12;
v0x5b4c19852620_0 .var "addr", 31 0;
v0x5b4c19852720_0 .var "data", 31 0;
TD_tb_uart.wb_read ;
    %wait E_0x5b4c197b8400;
    %pushi/vec4 1, 0, 1;
    %store/vec4 v0x5b4c19853f90_0, 0, 1;
    %pushi/vec4 1, 0, 1;
    %store/vec4 v0x5b4c19854780_0, 0, 1;
    %pushi/vec4 0, 0, 1;
    %store/vec4 v0x5b4c198548c0_0, 0, 1;
    %load/vec4 v0x5b4c19852620_0;
    %store/vec4 v0x5b4c19853e00_0, 0, 32;
    %wait E_0x5b4c197b8400;
T_4.47 ;
    %load/vec4 v0x5b4c19853c90_0;
    %nor/r;
    %flag_set/vec4 8;
    %jmp/0xz T_4.48, 8;
    %wait E_0x5b4c197b8400;
    %jmp T_4.47;
T_4.48 ;
    %load/vec4 v0x5b4c198540d0_0;
    %store/vec4 v0x5b4c19852720_0, 0, 32;
    %pushi/vec4 0, 0, 1;
    %store/vec4 v0x5b4c19853f90_0, 0, 1;
    %pushi/vec4 0, 0, 1;
    %store/vec4 v0x5b4c19854780_0, 0, 1;
    %wait E_0x5b4c197b8400;
    %end;
S_0x5b4c19852800 .scope task, "wb_read2" "wb_read2" 2 547, 2 547 0, S_0x5b4c19817190;
 .timescale -9 -12;
v0x5b4c198529e0_0 .var "addr", 31 0;
v0x5b4c19852ae0_0 .var "data", 31 0;
TD_tb_uart.wb_read2 ;
    %wait E_0x5b4c197b8400;
    %pushi/vec4 1, 0, 1;
    %store/vec4 v0x5b4c19854030_0, 0, 1;
    %pushi/vec4 1, 0, 1;
    %store/vec4 v0x5b4c19854820_0, 0, 1;
    %pushi/vec4 0, 0, 1;
    %store/vec4 v0x5b4c198549b0_0, 0, 1;
    %load/vec4 v0x5b4c198529e0_0;
    %store/vec4 v0x5b4c19853ea0_0, 0, 32;
    %wait E_0x5b4c197b8400;
T_5.49 ;
    %load/vec4 v0x5b4c19853d30_0;
    %nor/r;
    %flag_set/vec4 8;
    %jmp/0xz T_5.50, 8;
    %wait E_0x5b4c197b8400;
    %jmp T_5.49;
T_5.50 ;
    %load/vec4 v0x5b4c198542b0_0;
    %store/vec4 v0x5b4c19852ae0_0, 0, 32;
    %pushi/vec4 0, 0, 1;
    %store/vec4 v0x5b4c19854030_0, 0, 1;
    %pushi/vec4 0, 0, 1;
    %store/vec4 v0x5b4c19854820_0, 0, 1;
    %wait E_0x5b4c197b8400;
    %end;
S_0x5b4c19852bc0 .scope task, "wb_write" "wb_write" 2 480, 2 480 0, S_0x5b4c19817190;
 .timescale -9 -12;
v0x5b4c19852da0_0 .var "addr", 31 0;
v0x5b4c19852ea0_0 .var "data", 31 0;
v0x5b4c19852f80_0 .var "sel", 3 0;
TD_tb_uart.wb_write ;
    %wait E_0x5b4c197b8400;
    %pushi/vec4 1, 0, 1;
    %store/vec4 v0x5b4c19853f90_0, 0, 1;
    %pushi/vec4 1, 0, 1;
    %store/vec4 v0x5b4c19854780_0, 0, 1;
    %pushi/vec4 1, 0, 1;
    %store/vec4 v0x5b4c198548c0_0, 0, 1;
    %load/vec4 v0x5b4c19852da0_0;
    %store/vec4 v0x5b4c19853e00_0, 0, 32;
    %load/vec4 v0x5b4c19852ea0_0;
    %store/vec4 v0x5b4c19854380_0, 0, 32;
    %load/vec4 v0x5b4c19852f80_0;
    %store/vec4 v0x5b4c19854560_0, 0, 4;
    %wait E_0x5b4c197b8400;
T_6.51 ;
    %load/vec4 v0x5b4c19853c90_0;
    %nor/r;
    %flag_set/vec4 8;
    %jmp/0xz T_6.52, 8;
    %wait E_0x5b4c197b8400;
    %jmp T_6.51;
T_6.52 ;
    %pushi/vec4 0, 0, 1;
    %store/vec4 v0x5b4c19853f90_0, 0, 1;
    %pushi/vec4 0, 0, 1;
    %store/vec4 v0x5b4c19854780_0, 0, 1;
    %pushi/vec4 0, 0, 1;
    %store/vec4 v0x5b4c198548c0_0, 0, 1;
    %wait E_0x5b4c197b8400;
    %end;
S_0x5b4c19853070 .scope task, "wb_write2" "wb_write2" 2 524, 2 524 0, S_0x5b4c19817190;
 .timescale -9 -12;
v0x5b4c19853200_0 .var "addr", 31 0;
v0x5b4c19853300_0 .var "data", 31 0;
v0x5b4c198533e0_0 .var "sel", 3 0;
TD_tb_uart.wb_write2 ;
    %wait E_0x5b4c197b8400;
    %pushi/vec4 1, 0, 1;
    %store/vec4 v0x5b4c19854030_0, 0, 1;
    %pushi/vec4 1, 0, 1;
    %store/vec4 v0x5b4c19854820_0, 0, 1;
    %pushi/vec4 1, 0, 1;
    %store/vec4 v0x5b4c198549b0_0, 0, 1;
    %load/vec4 v0x5b4c19853200_0;
    %store/vec4 v0x5b4c19853ea0_0, 0, 32;
    %load/vec4 v0x5b4c19853300_0;
    %store/vec4 v0x5b4c19854470_0, 0, 32;
    %load/vec4 v0x5b4c198533e0_0;
    %store/vec4 v0x5b4c19854670_0, 0, 4;
    %wait E_0x5b4c197b8400;
T_7.53 ;
    %load/vec4 v0x5b4c19853d30_0;
    %nor/r;
    %flag_set/vec4 8;
    %jmp/0xz T_7.54, 8;
    %wait E_0x5b4c197b8400;
    %jmp T_7.53;
T_7.54 ;
    %pushi/vec4 0, 0, 1;
    %store/vec4 v0x5b4c19854030_0, 0, 1;
    %pushi/vec4 0, 0, 1;
    %store/vec4 v0x5b4c19854820_0, 0, 1;
    %pushi/vec4 0, 0, 1;
    %store/vec4 v0x5b4c198549b0_0, 0, 1;
    %wait E_0x5b4c197b8400;
    %end;
    .scope S_0x5b4c1980ea30;
T_8 ;
    %wait E_0x5b4c1982d1e0;
    %load/vec4 v0x5b4c198025c0_0;
    %nor/r;
    %flag_set/vec4 8;
    %jmp/0xz  T_8.0, 8;
    %load/vec4 v0x5b4c197fd600_0;
    %assign/vec4 v0x5b4c1980a1b0_0, 0;
    %pushi/vec4 0, 0, 1;
    %assign/vec4 v0x5b4c197fd6a0_0, 0;
    %jmp T_8.1;
T_8.0 ;
    %pushi/vec4 0, 0, 1;
    %assign/vec4 v0x5b4c197fd6a0_0, 0;
    %load/vec4 v0x5b4c197fed30_0;
    %flag_set/vec4 8;
    %jmp/0xz  T_8.2, 8;
    %load/vec4 v0x5b4c1980a1b0_0;
    %cmpi/e 0, 0, 16;
    %jmp/0xz  T_8.4, 4;
    %load/vec4 v0x5b4c197fd600_0;
    %assign/vec4 v0x5b4c1980a1b0_0, 0;
    %pushi/vec4 1, 0, 1;
    %assign/vec4 v0x5b4c197fd6a0_0, 0;
    %jmp T_8.5;
T_8.4 ;
    %load/vec4 v0x5b4c1980a1b0_0;
    %subi 1, 0, 16;
    %assign/vec4 v0x5b4c1980a1b0_0, 0;
T_8.5 ;
    %jmp T_8.3;
T_8.2 ;
    %load/vec4 v0x5b4c197fd600_0;
    %assign/vec4 v0x5b4c1980a1b0_0, 0;
    %pushi/vec4 0, 0, 1;
    %assign/vec4 v0x5b4c197fd6a0_0, 0;
T_8.3 ;
T_8.1 ;
    %jmp T_8;
    .thread T_8;
    .scope S_0x5b4c19844520;
T_9 ;
    %wait E_0x5b4c1982d1e0;
    %load/vec4 v0x5b4c19844ba0_0;
    %nor/r;
    %flag_set/vec4 8;
    %jmp/0xz  T_9.0, 8;
    %pushi/vec4 0, 0, 2;
    %assign/vec4 v0x5b4c19845240_0, 0;
    %pushi/vec4 1, 0, 1;
    %assign/vec4 v0x5b4c19845320_0, 0;
    %pushi/vec4 0, 0, 3;
    %assign/vec4 v0x5b4c19844c90_0, 0;
    %pushi/vec4 0, 0, 8;
    %assign/vec4 v0x5b4c198450a0_0, 0;
    %pushi/vec4 0, 0, 1;
    %assign/vec4 v0x5b4c19844d30_0, 0;
    %pushi/vec4 1, 0, 1;
    %assign/vec4 v0x5b4c19844fe0_0, 0;
    %jmp T_9.1;
T_9.0 ;
    %load/vec4 v0x5b4c19845240_0;
    %dup/vec4;
    %pushi/vec4 0, 0, 2;
    %cmp/u;
    %jmp/1 T_9.2, 6;
    %dup/vec4;
    %pushi/vec4 1, 0, 2;
    %cmp/u;
    %jmp/1 T_9.3, 6;
    %dup/vec4;
    %pushi/vec4 2, 0, 2;
    %cmp/u;
    %jmp/1 T_9.4, 6;
    %dup/vec4;
    %pushi/vec4 3, 0, 2;
    %cmp/u;
    %jmp/1 T_9.5, 6;
    %jmp T_9.6;
T_9.2 ;
    %pushi/vec4 1, 0, 1;
    %assign/vec4 v0x5b4c19845320_0, 0;
    %pushi/vec4 0, 0, 1;
    %assign/vec4 v0x5b4c19844d30_0, 0;
    %load/vec4 v0x5b4c19844f20_0;
    %flag_set/vec4 9;
    %flag_get/vec4 9;
    %jmp/0 T_9.9, 9;
    %load/vec4 v0x5b4c19845180_0;
    %and;
T_9.9;
    %flag_set/vec4 8;
    %jmp/0xz  T_9.7, 8;
    %pushi/vec4 1, 0, 2;
    %assign/vec4 v0x5b4c19845240_0, 0;
    %load/vec4 v0x5b4c19844e40_0;
    %assign/vec4 v0x5b4c198450a0_0, 0;
    %pushi/vec4 1, 0, 1;
    %assign/vec4 v0x5b4c19844d30_0, 0;
    %pushi/vec4 0, 0, 1;
    %assign/vec4 v0x5b4c19844fe0_0, 0;
T_9.7 ;
    %jmp T_9.6;
T_9.3 ;
    %load/vec4 v0x5b4c198449a0_0;
    %flag_set/vec4 8;
    %jmp/0xz  T_9.10, 8;
    %pushi/vec4 0, 0, 1;
    %assign/vec4 v0x5b4c19845320_0, 0;
    %pushi/vec4 2, 0, 2;
    %assign/vec4 v0x5b4c19845240_0, 0;
    %pushi/vec4 0, 0, 3;
    %assign/vec4 v0x5b4c19844c90_0, 0;
T_9.10 ;
    %jmp T_9.6;
T_9.4 ;
    %load/vec4 v0x5b4c198449a0_0;
    %flag_set/vec4 8;
    %jmp/0xz  T_9.12, 8;
    %load/vec4 v0x5b4c198450a0_0;
    %parti/s 1, 0, 2;
    %assign/vec4 v0x5b4c19845320_0, 0;
    %pushi/vec4 0, 0, 1;
    %load/vec4 v0x5b4c198450a0_0;
    %parti/s 7, 1, 2;
    %concat/vec4; draw_concat_vec4
    %assign/vec4 v0x5b4c198450a0_0, 0;
    %load/vec4 v0x5b4c19844c90_0;
    %cmpi/e 7, 0, 3;
    %jmp/0xz  T_9.14, 4;
    %pushi/vec4 3, 0, 2;
    %assign/vec4 v0x5b4c19845240_0, 0;
    %jmp T_9.15;
T_9.14 ;
    %load/vec4 v0x5b4c19844c90_0;
    %addi 1, 0, 3;
    %assign/vec4 v0x5b4c19844c90_0, 0;
T_9.15 ;
T_9.12 ;
    %jmp T_9.6;
T_9.5 ;
    %load/vec4 v0x5b4c198449a0_0;
    %flag_set/vec4 8;
    %jmp/0xz  T_9.16, 8;
    %pushi/vec4 1, 0, 1;
    %assign/vec4 v0x5b4c19845320_0, 0;
    %pushi/vec4 0, 0, 2;
    %assign/vec4 v0x5b4c19845240_0, 0;
    %pushi/vec4 0, 0, 1;
    %assign/vec4 v0x5b4c19844d30_0, 0;
    %pushi/vec4 1, 0, 1;
    %assign/vec4 v0x5b4c19844fe0_0, 0;
T_9.16 ;
    %jmp T_9.6;
T_9.6 ;
    %pop/vec4 1;
T_9.1 ;
    %jmp T_9;
    .thread T_9;
    .scope S_0x5b4c198431b0;
T_10 ;
    %wait E_0x5b4c1982d1e0;
    %load/vec4 v0x5b4c198438c0_0;
    %nor/r;
    %flag_set/vec4 8;
    %jmp/0xz  T_10.0, 8;
    %pushi/vec4 1, 0, 1;
    %assign/vec4 v0x5b4c198442c0_0, 0;
    %pushi/vec4 1, 0, 1;
    %assign/vec4 v0x5b4c19844200_0, 0;
    %jmp T_10.1;
T_10.0 ;
    %load/vec4 v0x5b4c198442c0_0;
    %assign/vec4 v0x5b4c19844200_0, 0;
    %load/vec4 v0x5b4c19844140_0;
    %assign/vec4 v0x5b4c198442c0_0, 0;
T_10.1 ;
    %jmp T_10;
    .thread T_10;
    .scope S_0x5b4c198431b0;
T_11 ;
    %wait E_0x5b4c1982d1e0;
    %load/vec4 v0x5b4c198438c0_0;
    %nor/r;
    %flag_set/vec4 8;
    %jmp/0xz  T_11.0, 8;
    %pushi/vec4 0, 0, 3;
    %assign/vec4 v0x5b4c19844060_0, 0;
    %pushi/vec4 0, 0, 3;
    %assign/vec4 v0x5b4c19843990_0, 0;
    %pushi/vec4 0, 0, 8;
    %assign/vec4 v0x5b4c19843f80_0, 0;
    %pushi/vec4 0, 0, 8;
    %assign/vec4 v0x5b4c19843b20_0, 0;
    %pushi/vec4 0, 0, 1;
    %assign/vec4 v0x5b4c19843ec0_0, 0;
    %pushi/vec4 0, 0, 1;
    %assign/vec4 v0x5b4c19843e00_0, 0;
    %pushi/vec4 0, 0, 1;
    %assign/vec4 v0x5b4c19843d40_0, 0;
    %jmp T_11.1;
T_11.0 ;
    %load/vec4 v0x5b4c19843a80_0;
    %flag_set/vec4 8;
    %jmp/0xz  T_11.2, 8;
    %pushi/vec4 0, 0, 1;
    %assign/vec4 v0x5b4c19843ec0_0, 0;
    %pushi/vec4 0, 0, 1;
    %assign/vec4 v0x5b4c19843e00_0, 0;
    %pushi/vec4 0, 0, 1;
    %assign/vec4 v0x5b4c19843d40_0, 0;
T_11.2 ;
    %load/vec4 v0x5b4c19844060_0;
    %dup/vec4;
    %pushi/vec4 0, 0, 3;
    %cmp/u;
    %jmp/1 T_11.4, 6;
    %dup/vec4;
    %pushi/vec4 1, 0, 3;
    %cmp/u;
    %jmp/1 T_11.5, 6;
    %dup/vec4;
    %pushi/vec4 2, 0, 3;
    %cmp/u;
    %jmp/1 T_11.6, 6;
    %dup/vec4;
    %pushi/vec4 3, 0, 3;
    %cmp/u;
    %jmp/1 T_11.7, 6;
    %dup/vec4;
    %pushi/vec4 4, 0, 3;
    %cmp/u;
    %jmp/1 T_11.8, 6;
    %jmp T_11.9;
T_11.4 ;
    %pushi/vec4 0, 0, 1;
    %assign/vec4 v0x5b4c19843ec0_0, 0;
    %load/vec4 v0x5b4c19843bc0_0;
    %flag_set/vec4 9;
    %flag_get/vec4 9;
    %jmp/0 T_11.12, 9;
    %load/vec4 v0x5b4c19843c80_0;
    %and;
T_11.12;
    %flag_set/vec4 8;
    %jmp/0xz  T_11.10, 8;
    %pushi/vec4 1, 0, 3;
    %assign/vec4 v0x5b4c19844060_0, 0;
    %pushi/vec4 0, 0, 3;
    %assign/vec4 v0x5b4c19843990_0, 0;
T_11.10 ;
    %jmp T_11.9;
T_11.5 ;
    %load/vec4 v0x5b4c19843700_0;
    %flag_set/vec4 8;
    %jmp/0xz  T_11.13, 8;
    %load/vec4 v0x5b4c198442c0_0;
    %cmpi/e 0, 0, 1;
    %jmp/0xz  T_11.15, 4;
    %pushi/vec4 2, 0, 3;
    %assign/vec4 v0x5b4c19844060_0, 0;
    %jmp T_11.16;
T_11.15 ;
    %pushi/vec4 4, 0, 3;
    %assign/vec4 v0x5b4c19844060_0, 0;
T_11.16 ;
T_11.13 ;
    %jmp T_11.9;
T_11.6 ;
    %load/vec4 v0x5b4c19843700_0;
    %flag_set/vec4 8;
    %jmp/0xz  T_11.17, 8;
    %load/vec4 v0x5b4c198442c0_0;
    %load/vec4 v0x5b4c19843f80_0;
    %parti/s 7, 1, 2;
    %concat/vec4; draw_concat_vec4
    %assign/vec4 v0x5b4c19843f80_0, 0;
    %load/vec4 v0x5b4c19843990_0;
    %cmpi/e 7, 0, 3;
    %jmp/0xz  T_11.19, 4;
    %pushi/vec4 3, 0, 3;
    %assign/vec4 v0x5b4c19844060_0, 0;
    %jmp T_11.20;
T_11.19 ;
    %load/vec4 v0x5b4c19843990_0;
    %addi 1, 0, 3;
    %assign/vec4 v0x5b4c19843990_0, 0;
T_11.20 ;
T_11.17 ;
    %jmp T_11.9;
T_11.7 ;
    %load/vec4 v0x5b4c19843700_0;
    %flag_set/vec4 8;
    %jmp/0xz  T_11.21, 8;
    %load/vec4 v0x5b4c198442c0_0;
    %cmpi/e 1, 0, 1;
    %jmp/0xz  T_11.23, 4;
    %load/vec4 v0x5b4c19843ec0_0;
    %flag_set/vec4 9;
    %flag_get/vec4 9;
    %jmp/0 T_11.27, 9;
    %load/vec4 v0x5b4c19843a80_0;
    %nor/r;
    %and;
T_11.27;
    %flag_set/vec4 8;
    %jmp/0xz  T_11.25, 8;
    %pushi/vec4 1, 0, 1;
    %assign/vec4 v0x5b4c19843e00_0, 0;
    %jmp T_11.26;
T_11.25 ;
    %load/vec4 v0x5b4c19843f80_0;
    %assign/vec4 v0x5b4c19843b20_0, 0;
    %pushi/vec4 1, 0, 1;
    %assign/vec4 v0x5b4c19843ec0_0, 0;
    %pushi/vec4 0, 0, 3;
    %assign/vec4 v0x5b4c19844060_0, 0;
T_11.26 ;
    %jmp T_11.24;
T_11.23 ;
    %pushi/vec4 4, 0, 3;
    %assign/vec4 v0x5b4c19844060_0, 0;
T_11.24 ;
T_11.21 ;
    %jmp T_11.9;
T_11.8 ;
    %pushi/vec4 1, 0, 1;
    %assign/vec4 v0x5b4c19843d40_0, 0;
    %pushi/vec4 0, 0, 3;
    %assign/vec4 v0x5b4c19844060_0, 0;
    %jmp T_11.9;
T_11.9 ;
    %pop/vec4 1;
    %load/vec4 v0x5b4c19843ec0_0;
    %flag_set/vec4 9;
    %flag_get/vec4 9;
    %jmp/0 T_11.30, 9;
    %load/vec4 v0x5b4c19844060_0;
    %pushi/vec4 1, 0, 3;
    %cmp/e;
    %flag_get/vec4 4;
    %and;
T_11.30;
    %flag_set/vec4 8;
    %jmp/0xz  T_11.28, 8;
    %pushi/vec4 1, 0, 1;
    %assign/vec4 v0x5b4c19843e00_0, 0;
T_11.28 ;
T_11.1 ;
    %jmp T_11;
    .thread T_11;
    .scope S_0x5b4c1980cd60;
T_12 ;
    %wait E_0x5b4c19735390;
    %pushi/vec4 0, 0, 32;
    %store/vec4 v0x5b4c19847730_0, 0, 32;
    %pushi/vec4 0, 0, 1;
    %store/vec4 v0x5b4c19846ef0_0, 0, 1;
    %load/vec4 v0x5b4c19847690_0;
    %flag_set/vec4 10;
    %flag_get/vec4 10;
    %jmp/0 T_12.3, 10;
    %load/vec4 v0x5b4c198479b0_0;
    %and;
T_12.3;
    %flag_set/vec4 9;
    %flag_get/vec4 9;
    %jmp/0 T_12.2, 9;
    %load/vec4 v0x5b4c19847a70_0;
    %nor/r;
    %and;
T_12.2;
    %flag_set/vec4 8;
    %jmp/0xz  T_12.0, 8;
    %pushi/vec4 1, 0, 1;
    %store/vec4 v0x5b4c19846ef0_0, 0, 1;
    %load/vec4 v0x5b4c19846400_0;
    %dup/vec4;
    %pushi/vec4 0, 0, 12;
    %cmp/u;
    %jmp/1 T_12.4, 6;
    %dup/vec4;
    %pushi/vec4 4, 0, 12;
    %cmp/u;
    %jmp/1 T_12.5, 6;
    %dup/vec4;
    %pushi/vec4 8, 0, 12;
    %cmp/u;
    %jmp/1 T_12.6, 6;
    %dup/vec4;
    %pushi/vec4 12, 0, 12;
    %cmp/u;
    %jmp/1 T_12.7, 6;
    %dup/vec4;
    %pushi/vec4 16, 0, 12;
    %cmp/u;
    %jmp/1 T_12.8, 6;
    %pushi/vec4 0, 0, 32;
    %store/vec4 v0x5b4c19847730_0, 0, 32;
    %jmp T_12.10;
T_12.4 ;
    %pushi/vec4 0, 0, 24;
    %load/vec4 v0x5b4c19847140_0;
    %concat/vec4; draw_concat_vec4
    %store/vec4 v0x5b4c19847730_0, 0, 32;
    %jmp T_12.10;
T_12.5 ;
    %pushi/vec4 0, 0, 24;
    %load/vec4 v0x5b4c198466e0_0;
    %concat/vec4; draw_concat_vec4
    %store/vec4 v0x5b4c19847730_0, 0, 32;
    %jmp T_12.10;
T_12.6 ;
    %pushi/vec4 0, 0, 16;
    %load/vec4 v0x5b4c19846030_0;
    %concat/vec4; draw_concat_vec4
    %store/vec4 v0x5b4c19847730_0, 0, 32;
    %jmp T_12.10;
T_12.7 ;
    %pushi/vec4 0, 0, 24;
    %load/vec4 v0x5b4c19846230_0;
    %concat/vec4; draw_concat_vec4
    %store/vec4 v0x5b4c19847730_0, 0, 32;
    %jmp T_12.10;
T_12.8 ;
    %pushi/vec4 0, 0, 24;
    %load/vec4 v0x5b4c19846e10_0;
    %concat/vec4; draw_concat_vec4
    %store/vec4 v0x5b4c19847730_0, 0, 32;
    %jmp T_12.10;
T_12.10 ;
    %pop/vec4 1;
    %jmp T_12.1;
T_12.0 ;
    %pushi/vec4 0, 0, 32;
    %store/vec4 v0x5b4c19847730_0, 0, 32;
    %pushi/vec4 0, 0, 1;
    %store/vec4 v0x5b4c19846ef0_0, 0, 1;
T_12.1 ;
    %jmp T_12;
    .thread T_12, $push;
    .scope S_0x5b4c1980cd60;
T_13 ;
    %wait E_0x5b4c1982d1e0;
    %load/vec4 v0x5b4c198464e0_0;
    %nor/r;
    %flag_set/vec4 8;
    %jmp/0xz  T_13.0, 8;
    %pushi/vec4 0, 0, 8;
    %assign/vec4 v0x5b4c19847140_0, 0;
    %pushi/vec4 0, 0, 8;
    %assign/vec4 v0x5b4c198466e0_0, 0;
    %pushi/vec4 104, 0, 16;
    %assign/vec4 v0x5b4c19846030_0, 0;
    %pushi/vec4 3, 0, 8;
    %assign/vec4 v0x5b4c19846230_0, 0;
    %pushi/vec4 1, 0, 8;
    %assign/vec4 v0x5b4c19846e10_0, 0;
    %pushi/vec4 0, 0, 1;
    %assign/vec4 v0x5b4c19846fb0_0, 0;
    %pushi/vec4 0, 0, 1;
    %assign/vec4 v0x5b4c198472e0_0, 0;
    %jmp T_13.1;
T_13.0 ;
    %pushi/vec4 0, 0, 1;
    %assign/vec4 v0x5b4c19846fb0_0, 0;
    %pushi/vec4 0, 0, 1;
    %assign/vec4 v0x5b4c198472e0_0, 0;
    %load/vec4 v0x5b4c19846920_0;
    %flag_set/vec4 9;
    %flag_get/vec4 9;
    %jmp/0 T_13.4, 9;
    %load/vec4 v0x5b4c19846e10_0;
    %parti/s 1, 2, 3;
    %nor/r;
    %and;
T_13.4;
    %flag_set/vec4 8;
    %jmp/0xz  T_13.2, 8;
    %load/vec4 v0x5b4c19846580_0;
    %assign/vec4 v0x5b4c198466e0_0, 0;
T_13.2 ;
    %load/vec4 v0x5b4c19847690_0;
    %flag_set/vec4 10;
    %flag_get/vec4 10;
    %jmp/0 T_13.8, 10;
    %load/vec4 v0x5b4c198479b0_0;
    %and;
T_13.8;
    %flag_set/vec4 9;
    %flag_get/vec4 9;
    %jmp/0 T_13.7, 9;
    %load/vec4 v0x5b4c19847a70_0;
    %and;
T_13.7;
    %flag_set/vec4 8;
    %jmp/0xz  T_13.5, 8;
    %pushi/vec4 1, 0, 1;
    %assign/vec4 v0x5b4c19846fb0_0, 0;
    %pushi/vec4 0, 0, 1;
    %assign/vec4 v0x5b4c198472e0_0, 0;
    %load/vec4 v0x5b4c19846400_0;
    %dup/vec4;
    %pushi/vec4 0, 0, 12;
    %cmp/u;
    %jmp/1 T_13.9, 6;
    %dup/vec4;
    %pushi/vec4 4, 0, 12;
    %cmp/u;
    %jmp/1 T_13.10, 6;
    %dup/vec4;
    %pushi/vec4 8, 0, 12;
    %cmp/u;
    %jmp/1 T_13.11, 6;
    %dup/vec4;
    %pushi/vec4 12, 0, 12;
    %cmp/u;
    %jmp/1 T_13.12, 6;
    %jmp T_13.13;
T_13.9 ;
    %load/vec4 v0x5b4c198478d0_0;
    %parti/s 1, 0, 2;
    %flag_set/vec4 8;
    %jmp/0xz  T_13.14, 8;
    %load/vec4 v0x5b4c198477f0_0;
    %parti/s 8, 0, 2;
    %assign/vec4 v0x5b4c19847140_0, 0;
    %pushi/vec4 1, 0, 1;
    %assign/vec4 v0x5b4c198472e0_0, 0;
T_13.14 ;
    %jmp T_13.13;
T_13.10 ;
    %load/vec4 v0x5b4c198478d0_0;
    %parti/s 1, 0, 2;
    %flag_set/vec4 8;
    %jmp/0xz  T_13.16, 8;
    %pushi/vec4 0, 0, 8;
    %assign/vec4 v0x5b4c198466e0_0, 0;
T_13.16 ;
    %jmp T_13.13;
T_13.11 ;
    %load/vec4 v0x5b4c198478d0_0;
    %parti/s 1, 0, 2;
    %flag_set/vec4 8;
    %jmp/0xz  T_13.18, 8;
    %load/vec4 v0x5b4c198477f0_0;
    %parti/s 8, 0, 2;
    %ix/load 4, 0, 0;
    %ix/load 5, 0, 0;
    %flag_set/imm 4, 0;
    %assign/vec4/off/d v0x5b4c19846030_0, 4, 5;
T_13.18 ;
    %load/vec4 v0x5b4c198478d0_0;
    %parti/s 1, 1, 2;
    %flag_set/vec4 8;
    %jmp/0xz  T_13.20, 8;
    %load/vec4 v0x5b4c198477f0_0;
    %parti/s 8, 8, 5;
    %ix/load 4, 8, 0;
    %ix/load 5, 0, 0;
    %flag_set/imm 4, 0;
    %assign/vec4/off/d v0x5b4c19846030_0, 4, 5;
T_13.20 ;
    %jmp T_13.13;
T_13.12 ;
    %load/vec4 v0x5b4c198478d0_0;
    %parti/s 1, 0, 2;
    %flag_set/vec4 8;
    %jmp/0xz  T_13.22, 8;
    %load/vec4 v0x5b4c198477f0_0;
    %parti/s 8, 0, 2;
    %assign/vec4 v0x5b4c19846230_0, 0;
T_13.22 ;
    %jmp T_13.13;
T_13.13 ;
    %pop/vec4 1;
T_13.5 ;
T_13.1 ;
    %jmp T_13;
    .thread T_13;
    .scope S_0x5b4c1980cd60;
T_14 ;
    %wait E_0x5b4c1982d1e0;
    %load/vec4 v0x5b4c198464e0_0;
    %nor/r;
    %flag_set/vec4 8;
    %jmp/0xz  T_14.0, 8;
    %pushi/vec4 0, 0, 1;
    %assign/vec4 v0x5b4c19847550_0, 0;
    %jmp T_14.1;
T_14.0 ;
    %load/vec4 v0x5b4c19847690_0;
    %flag_set/vec4 9;
    %flag_get/vec4 9;
    %jmp/0 T_14.3, 9;
    %load/vec4 v0x5b4c198479b0_0;
    %and;
T_14.3;
    %flag_set/vec4 8;
    %flag_get/vec4 8;
    %jmp/0 T_14.2, 8;
    %load/vec4 v0x5b4c19846fb0_0;
    %flag_set/vec4 8;
    %flag_get/vec4 8;
    %jmp/1 T_14.4, 8;
    %load/vec4 v0x5b4c19846ef0_0;
    %or;
T_14.4;
    %and;
T_14.2;
    %assign/vec4 v0x5b4c19847550_0, 0;
T_14.1 ;
    %jmp T_14;
    .thread T_14;
    .scope S_0x5b4c1980cd60;
T_15 ;
    %wait E_0x5b4c1982d1e0;
    %load/vec4 v0x5b4c198464e0_0;
    %nor/r;
    %flag_set/vec4 8;
    %jmp/0xz  T_15.0, 8;
    %pushi/vec4 1, 0, 8;
    %assign/vec4 v0x5b4c19846e10_0, 0;
    %jmp T_15.1;
T_15.0 ;
    %load/vec4 v0x5b4c19847210_0;
    %ix/load 4, 0, 0;
    %ix/load 5, 0, 0;
    %flag_set/imm 4, 0;
    %assign/vec4/off/d v0x5b4c19846e10_0, 4, 5;
    %load/vec4 v0x5b4c19847070_0;
    %ix/load 4, 1, 0;
    %ix/load 5, 0, 0;
    %flag_set/imm 4, 0;
    %assign/vec4/off/d v0x5b4c19846e10_0, 4, 5;
    %load/vec4 v0x5b4c19846920_0;
    %flag_set/vec4 9;
    %flag_get/vec4 9;
    %jmp/0 T_15.4, 9;
    %load/vec4 v0x5b4c19846e10_0;
    %parti/s 1, 2, 3;
    %nor/r;
    %and;
T_15.4;
    %flag_set/vec4 8;
    %jmp/0xz  T_15.2, 8;
    %pushi/vec4 1, 0, 1;
    %ix/load 4, 2, 0;
    %ix/load 5, 0, 0;
    %flag_set/imm 4, 0;
    %assign/vec4/off/d v0x5b4c19846e10_0, 4, 5;
T_15.2 ;
    %load/vec4 v0x5b4c19846850_0;
    %flag_set/vec4 8;
    %jmp/0xz  T_15.5, 8;
    %pushi/vec4 1, 0, 1;
    %ix/load 4, 3, 0;
    %ix/load 5, 0, 0;
    %flag_set/imm 4, 0;
    %assign/vec4/off/d v0x5b4c19846e10_0, 4, 5;
T_15.5 ;
    %load/vec4 v0x5b4c19846780_0;
    %flag_set/vec4 8;
    %jmp/0xz  T_15.7, 8;
    %pushi/vec4 1, 0, 1;
    %ix/load 4, 4, 0;
    %ix/load 5, 0, 0;
    %flag_set/imm 4, 0;
    %assign/vec4/off/d v0x5b4c19846e10_0, 4, 5;
T_15.7 ;
    %load/vec4 v0x5b4c19846640_0;
    %flag_set/vec4 8;
    %jmp/0xz  T_15.9, 8;
    %pushi/vec4 0, 0, 1;
    %ix/load 4, 2, 0;
    %ix/load 5, 0, 0;
    %flag_set/imm 4, 0;
    %assign/vec4/off/d v0x5b4c19846e10_0, 4, 5;
T_15.9 ;
    %load/vec4 v0x5b4c19846d50_0;
    %flag_set/vec4 8;
    %jmp/0xz  T_15.11, 8;
    %pushi/vec4 0, 0, 1;
    %ix/load 4, 3, 0;
    %ix/load 5, 0, 0;
    %flag_set/imm 4, 0;
    %assign/vec4/off/d v0x5b4c19846e10_0, 4, 5;
    %pushi/vec4 0, 0, 1;
    %ix/load 4, 4, 0;
    %ix/load 5, 0, 0;
    %flag_set/imm 4, 0;
    %assign/vec4/off/d v0x5b4c19846e10_0, 4, 5;
T_15.11 ;
T_15.1 ;
    %jmp T_15;
    .thread T_15;
    .scope S_0x5b4c197faa50;
T_16 ;
    %wait E_0x5b4c197b8400;
    %load/vec4 v0x5b4c198480c0_0;
    %nor/r;
    %flag_set/vec4 8;
    %jmp/0xz  T_16.0, 8;
    %pushi/vec4 0, 0, 32;
    %assign/vec4 v0x5b4c198487f0_0, 0;
    %pushi/vec4 0, 0, 1;
    %assign/vec4 v0x5b4c198485d0_0, 0;
    %jmp T_16.1;
T_16.0 ;
    %load/vec4 v0x5b4c19848490_0;
    %flag_set/vec4 8;
    %jmp/0xz  T_16.2, 8;
    %load/vec4 v0x5b4c19848290_0;
    %assign/vec4 v0x5b4c198487f0_0, 0;
    %load/vec4 v0x5b4c198481f0_0;
    %assign/vec4 v0x5b4c198485d0_0, 0;
    %jmp T_16.3;
T_16.2 ;
    %pushi/vec4 0, 0, 1;
    %assign/vec4 v0x5b4c198485d0_0, 0;
T_16.3 ;
T_16.1 ;
    %jmp T_16;
    .thread T_16;
    .scope S_0x5b4c1984a290;
T_17 ;
    %wait E_0x5b4c1982d1e0;
    %load/vec4 v0x5b4c1984a8d0_0;
    %nor/r;
    %flag_set/vec4 8;
    %jmp/0xz  T_17.0, 8;
    %load/vec4 v0x5b4c1984a570_0;
    %assign/vec4 v0x5b4c1984a470_0, 0;
    %pushi/vec4 0, 0, 1;
    %assign/vec4 v0x5b4c1984a650_0, 0;
    %jmp T_17.1;
T_17.0 ;
    %pushi/vec4 0, 0, 1;
    %assign/vec4 v0x5b4c1984a650_0, 0;
    %load/vec4 v0x5b4c1984a7c0_0;
    %flag_set/vec4 8;
    %jmp/0xz  T_17.2, 8;
    %load/vec4 v0x5b4c1984a470_0;
    %cmpi/e 0, 0, 16;
    %jmp/0xz  T_17.4, 4;
    %load/vec4 v0x5b4c1984a570_0;
    %assign/vec4 v0x5b4c1984a470_0, 0;
    %pushi/vec4 1, 0, 1;
    %assign/vec4 v0x5b4c1984a650_0, 0;
    %jmp T_17.5;
T_17.4 ;
    %load/vec4 v0x5b4c1984a470_0;
    %subi 1, 0, 16;
    %assign/vec4 v0x5b4c1984a470_0, 0;
T_17.5 ;
    %jmp T_17.3;
T_17.2 ;
    %load/vec4 v0x5b4c1984a570_0;
    %assign/vec4 v0x5b4c1984a470_0, 0;
    %pushi/vec4 0, 0, 1;
    %assign/vec4 v0x5b4c1984a650_0, 0;
T_17.3 ;
T_17.1 ;
    %jmp T_17;
    .thread T_17;
    .scope S_0x5b4c1984c060;
T_18 ;
    %wait E_0x5b4c1982d1e0;
    %load/vec4 v0x5b4c1984c7a0_0;
    %nor/r;
    %flag_set/vec4 8;
    %jmp/0xz  T_18.0, 8;
    %pushi/vec4 0, 0, 2;
    %assign/vec4 v0x5b4c1984cdf0_0, 0;
    %pushi/vec4 1, 0, 1;
    %assign/vec4 v0x5b4c1984ced0_0, 0;
    %pushi/vec4 0, 0, 3;
    %assign/vec4 v0x5b4c1984c840_0, 0;
    %pushi/vec4 0, 0, 8;
    %assign/vec4 v0x5b4c1984cc50_0, 0;
    %pushi/vec4 0, 0, 1;
    %assign/vec4 v0x5b4c1984c8e0_0, 0;
    %pushi/vec4 1, 0, 1;
    %assign/vec4 v0x5b4c1984cb90_0, 0;
    %jmp T_18.1;
T_18.0 ;
    %load/vec4 v0x5b4c1984cdf0_0;
    %dup/vec4;
    %pushi/vec4 0, 0, 2;
    %cmp/u;
    %jmp/1 T_18.2, 6;
    %dup/vec4;
    %pushi/vec4 1, 0, 2;
    %cmp/u;
    %jmp/1 T_18.3, 6;
    %dup/vec4;
    %pushi/vec4 2, 0, 2;
    %cmp/u;
    %jmp/1 T_18.4, 6;
    %dup/vec4;
    %pushi/vec4 3, 0, 2;
    %cmp/u;
    %jmp/1 T_18.5, 6;
    %jmp T_18.6;
T_18.2 ;
    %pushi/vec4 1, 0, 1;
    %assign/vec4 v0x5b4c1984ced0_0, 0;
    %pushi/vec4 0, 0, 1;
    %assign/vec4 v0x5b4c1984c8e0_0, 0;
    %load/vec4 v0x5b4c1984cad0_0;
    %flag_set/vec4 9;
    %flag_get/vec4 9;
    %jmp/0 T_18.9, 9;
    %load/vec4 v0x5b4c1984cd30_0;
    %and;
T_18.9;
    %flag_set/vec4 8;
    %jmp/0xz  T_18.7, 8;
    %pushi/vec4 1, 0, 2;
    %assign/vec4 v0x5b4c1984cdf0_0, 0;
    %load/vec4 v0x5b4c1984c9f0_0;
    %assign/vec4 v0x5b4c1984cc50_0, 0;
    %pushi/vec4 1, 0, 1;
    %assign/vec4 v0x5b4c1984c8e0_0, 0;
    %pushi/vec4 0, 0, 1;
    %assign/vec4 v0x5b4c1984cb90_0, 0;
T_18.7 ;
    %jmp T_18.6;
T_18.3 ;
    %load/vec4 v0x5b4c1984c5f0_0;
    %flag_set/vec4 8;
    %jmp/0xz  T_18.10, 8;
    %pushi/vec4 0, 0, 1;
    %assign/vec4 v0x5b4c1984ced0_0, 0;
    %pushi/vec4 2, 0, 2;
    %assign/vec4 v0x5b4c1984cdf0_0, 0;
    %pushi/vec4 0, 0, 3;
    %assign/vec4 v0x5b4c1984c840_0, 0;
T_18.10 ;
    %jmp T_18.6;
T_18.4 ;
    %load/vec4 v0x5b4c1984c5f0_0;
    %flag_set/vec4 8;
    %jmp/0xz  T_18.12, 8;
    %load/vec4 v0x5b4c1984cc50_0;
    %parti/s 1, 0, 2;
    %assign/vec4 v0x5b4c1984ced0_0, 0;
    %pushi/vec4 0, 0, 1;
    %load/vec4 v0x5b4c1984cc50_0;
    %parti/s 7, 1, 2;
    %concat/vec4; draw_concat_vec4
    %assign/vec4 v0x5b4c1984cc50_0, 0;
    %load/vec4 v0x5b4c1984c840_0;
    %cmpi/e 7, 0, 3;
    %jmp/0xz  T_18.14, 4;
    %pushi/vec4 3, 0, 2;
    %assign/vec4 v0x5b4c1984cdf0_0, 0;
    %jmp T_18.15;
T_18.14 ;
    %load/vec4 v0x5b4c1984c840_0;
    %addi 1, 0, 3;
    %assign/vec4 v0x5b4c1984c840_0, 0;
T_18.15 ;
T_18.12 ;
    %jmp T_18.6;
T_18.5 ;
    %load/vec4 v0x5b4c1984c5f0_0;
    %flag_set/vec4 8;
    %jmp/0xz  T_18.16, 8;
    %pushi/vec4 1, 0, 1;
    %assign/vec4 v0x5b4c1984ced0_0, 0;
    %pushi/vec4 0, 0, 2;
    %assign/vec4 v0x5b4c1984cdf0_0, 0;
    %pushi/vec4 0, 0, 1;
    %assign/vec4 v0x5b4c1984c8e0_0, 0;
    %pushi/vec4 1, 0, 1;
    %assign/vec4 v0x5b4c1984cb90_0, 0;
T_18.16 ;
    %jmp T_18.6;
T_18.6 ;
    %pop/vec4 1;
T_18.1 ;
    %jmp T_18;
    .thread T_18;
    .scope S_0x5b4c1984aa10;
T_19 ;
    %wait E_0x5b4c1982d1e0;
    %load/vec4 v0x5b4c1984b2e0_0;
    %nor/r;
    %flag_set/vec4 8;
    %jmp/0xz  T_19.0, 8;
    %pushi/vec4 1, 0, 1;
    %assign/vec4 v0x5b4c1984bcf0_0, 0;
    %pushi/vec4 1, 0, 1;
    %assign/vec4 v0x5b4c1984bc30_0, 0;
    %jmp T_19.1;
T_19.0 ;
    %load/vec4 v0x5b4c1984bcf0_0;
    %assign/vec4 v0x5b4c1984bc30_0, 0;
    %load/vec4 v0x5b4c1984bb70_0;
    %assign/vec4 v0x5b4c1984bcf0_0, 0;
T_19.1 ;
    %jmp T_19;
    .thread T_19;
    .scope S_0x5b4c1984aa10;
T_20 ;
    %wait E_0x5b4c1982d1e0;
    %load/vec4 v0x5b4c1984b2e0_0;
    %nor/r;
    %flag_set/vec4 8;
    %jmp/0xz  T_20.0, 8;
    %pushi/vec4 0, 0, 3;
    %assign/vec4 v0x5b4c1984ba90_0, 0;
    %pushi/vec4 0, 0, 3;
    %assign/vec4 v0x5b4c1984b380_0, 0;
    %pushi/vec4 0, 0, 8;
    %assign/vec4 v0x5b4c1984b9b0_0, 0;
    %pushi/vec4 0, 0, 8;
    %assign/vec4 v0x5b4c1984b510_0, 0;
    %pushi/vec4 0, 0, 1;
    %assign/vec4 v0x5b4c1984b8f0_0, 0;
    %pushi/vec4 0, 0, 1;
    %assign/vec4 v0x5b4c1984b830_0, 0;
    %pushi/vec4 0, 0, 1;
    %assign/vec4 v0x5b4c1984b770_0, 0;
    %jmp T_20.1;
T_20.0 ;
    %load/vec4 v0x5b4c1984b470_0;
    %flag_set/vec4 8;
    %jmp/0xz  T_20.2, 8;
    %pushi/vec4 0, 0, 1;
    %assign/vec4 v0x5b4c1984b8f0_0, 0;
    %pushi/vec4 0, 0, 1;
    %assign/vec4 v0x5b4c1984b830_0, 0;
    %pushi/vec4 0, 0, 1;
    %assign/vec4 v0x5b4c1984b770_0, 0;
T_20.2 ;
    %load/vec4 v0x5b4c1984ba90_0;
    %dup/vec4;
    %pushi/vec4 0, 0, 3;
    %cmp/u;
    %jmp/1 T_20.4, 6;
    %dup/vec4;
    %pushi/vec4 1, 0, 3;
    %cmp/u;
    %jmp/1 T_20.5, 6;
    %dup/vec4;
    %pushi/vec4 2, 0, 3;
    %cmp/u;
    %jmp/1 T_20.6, 6;
    %dup/vec4;
    %pushi/vec4 3, 0, 3;
    %cmp/u;
    %jmp/1 T_20.7, 6;
    %dup/vec4;
    %pushi/vec4 4, 0, 3;
    %cmp/u;
    %jmp/1 T_20.8, 6;
    %jmp T_20.9;
T_20.4 ;
    %pushi/vec4 0, 0, 1;
    %assign/vec4 v0x5b4c1984b8f0_0, 0;
    %load/vec4 v0x5b4c1984b5f0_0;
    %flag_set/vec4 9;
    %flag_get/vec4 9;
    %jmp/0 T_20.12, 9;
    %load/vec4 v0x5b4c1984b6b0_0;
    %and;
T_20.12;
    %flag_set/vec4 8;
    %jmp/0xz  T_20.10, 8;
    %pushi/vec4 1, 0, 3;
    %assign/vec4 v0x5b4c1984ba90_0, 0;
    %pushi/vec4 0, 0, 3;
    %assign/vec4 v0x5b4c1984b380_0, 0;
T_20.10 ;
    %jmp T_20.9;
T_20.5 ;
    %load/vec4 v0x5b4c1984b150_0;
    %flag_set/vec4 8;
    %jmp/0xz  T_20.13, 8;
    %load/vec4 v0x5b4c1984bcf0_0;
    %cmpi/e 0, 0, 1;
    %jmp/0xz  T_20.15, 4;
    %pushi/vec4 2, 0, 3;
    %assign/vec4 v0x5b4c1984ba90_0, 0;
    %jmp T_20.16;
T_20.15 ;
    %pushi/vec4 4, 0, 3;
    %assign/vec4 v0x5b4c1984ba90_0, 0;
T_20.16 ;
T_20.13 ;
    %jmp T_20.9;
T_20.6 ;
    %load/vec4 v0x5b4c1984b150_0;
    %flag_set/vec4 8;
    %jmp/0xz  T_20.17, 8;
    %load/vec4 v0x5b4c1984bcf0_0;
    %load/vec4 v0x5b4c1984b9b0_0;
    %parti/s 7, 1, 2;
    %concat/vec4; draw_concat_vec4
    %assign/vec4 v0x5b4c1984b9b0_0, 0;
    %load/vec4 v0x5b4c1984b380_0;
    %cmpi/e 7, 0, 3;
    %jmp/0xz  T_20.19, 4;
    %pushi/vec4 3, 0, 3;
    %assign/vec4 v0x5b4c1984ba90_0, 0;
    %jmp T_20.20;
T_20.19 ;
    %load/vec4 v0x5b4c1984b380_0;
    %addi 1, 0, 3;
    %assign/vec4 v0x5b4c1984b380_0, 0;
T_20.20 ;
T_20.17 ;
    %jmp T_20.9;
T_20.7 ;
    %load/vec4 v0x5b4c1984b150_0;
    %flag_set/vec4 8;
    %jmp/0xz  T_20.21, 8;
    %load/vec4 v0x5b4c1984bcf0_0;
    %cmpi/e 1, 0, 1;
    %jmp/0xz  T_20.23, 4;
    %load/vec4 v0x5b4c1984b8f0_0;
    %flag_set/vec4 9;
    %flag_get/vec4 9;
    %jmp/0 T_20.27, 9;
    %load/vec4 v0x5b4c1984b470_0;
    %nor/r;
    %and;
T_20.27;
    %flag_set/vec4 8;
    %jmp/0xz  T_20.25, 8;
    %pushi/vec4 1, 0, 1;
    %assign/vec4 v0x5b4c1984b830_0, 0;
    %jmp T_20.26;
T_20.25 ;
    %load/vec4 v0x5b4c1984b9b0_0;
    %assign/vec4 v0x5b4c1984b510_0, 0;
    %pushi/vec4 1, 0, 1;
    %assign/vec4 v0x5b4c1984b8f0_0, 0;
    %pushi/vec4 0, 0, 3;
    %assign/vec4 v0x5b4c1984ba90_0, 0;
T_20.26 ;
    %jmp T_20.24;
T_20.23 ;
    %pushi/vec4 4, 0, 3;
    %assign/vec4 v0x5b4c1984ba90_0, 0;
T_20.24 ;
T_20.21 ;
    %jmp T_20.9;
T_20.8 ;
    %pushi/vec4 1, 0, 1;
    %assign/vec4 v0x5b4c1984b770_0, 0;
    %pushi/vec4 0, 0, 3;
    %assign/vec4 v0x5b4c1984ba90_0, 0;
    %jmp T_20.9;
T_20.9 ;
    %pop/vec4 1;
    %load/vec4 v0x5b4c1984b8f0_0;
    %flag_set/vec4 9;
    %flag_get/vec4 9;
    %jmp/0 T_20.30, 9;
    %load/vec4 v0x5b4c1984ba90_0;
    %pushi/vec4 1, 0, 3;
    %cmp/e;
    %flag_get/vec4 4;
    %and;
T_20.30;
    %flag_set/vec4 8;
    %jmp/0xz  T_20.28, 8;
    %pushi/vec4 1, 0, 1;
    %assign/vec4 v0x5b4c1984b830_0, 0;
T_20.28 ;
T_20.1 ;
    %jmp T_20;
    .thread T_20;
    .scope S_0x5b4c19849400;
T_21 ;
    %wait E_0x5b4c1982d220;
    %pushi/vec4 0, 0, 32;
    %store/vec4 v0x5b4c1984f770_0, 0, 32;
    %pushi/vec4 0, 0, 1;
    %store/vec4 v0x5b4c1984ed20_0, 0, 1;
    %load/vec4 v0x5b4c1984f6d0_0;
    %flag_set/vec4 10;
    %flag_get/vec4 10;
    %jmp/0 T_21.3, 10;
    %load/vec4 v0x5b4c1984f9f0_0;
    %and;
T_21.3;
    %flag_set/vec4 9;
    %flag_get/vec4 9;
    %jmp/0 T_21.2, 9;
    %load/vec4 v0x5b4c1984fab0_0;
    %nor/r;
    %and;
T_21.2;
    %flag_set/vec4 8;
    %jmp/0xz  T_21.0, 8;
    %pushi/vec4 1, 0, 1;
    %store/vec4 v0x5b4c1984ed20_0, 0, 1;
    %load/vec4 v0x5b4c1984e0c0_0;
    %dup/vec4;
    %pushi/vec4 0, 0, 12;
    %cmp/u;
    %jmp/1 T_21.4, 6;
    %dup/vec4;
    %pushi/vec4 4, 0, 12;
    %cmp/u;
    %jmp/1 T_21.5, 6;
    %dup/vec4;
    %pushi/vec4 8, 0, 12;
    %cmp/u;
    %jmp/1 T_21.6, 6;
    %dup/vec4;
    %pushi/vec4 12, 0, 12;
    %cmp/u;
    %jmp/1 T_21.7, 6;
    %dup/vec4;
    %pushi/vec4 16, 0, 12;
    %cmp/u;
    %jmp/1 T_21.8, 6;
    %pushi/vec4 0, 0, 32;
    %store/vec4 v0x5b4c1984f770_0, 0, 32;
    %jmp T_21.10;
T_21.4 ;
    %pushi/vec4 0, 0, 24;
    %load/vec4 v0x5b4c1984f180_0;
    %concat/vec4; draw_concat_vec4
    %store/vec4 v0x5b4c1984f770_0, 0, 32;
    %jmp T_21.10;
T_21.5 ;
    %pushi/vec4 0, 0, 24;
    %load/vec4 v0x5b4c1984e510_0;
    %concat/vec4; draw_concat_vec4
    %store/vec4 v0x5b4c1984f770_0, 0, 32;
    %jmp T_21.10;
T_21.6 ;
    %pushi/vec4 0, 0, 16;
    %load/vec4 v0x5b4c1984dbe0_0;
    %concat/vec4; draw_concat_vec4
    %store/vec4 v0x5b4c1984f770_0, 0, 32;
    %jmp T_21.10;
T_21.7 ;
    %pushi/vec4 0, 0, 24;
    %load/vec4 v0x5b4c1984def0_0;
    %concat/vec4; draw_concat_vec4
    %store/vec4 v0x5b4c1984f770_0, 0, 32;
    %jmp T_21.10;
T_21.8 ;
    %pushi/vec4 0, 0, 24;
    %load/vec4 v0x5b4c1984ec40_0;
    %concat/vec4; draw_concat_vec4
    %store/vec4 v0x5b4c1984f770_0, 0, 32;
    %jmp T_21.10;
T_21.10 ;
    %pop/vec4 1;
    %jmp T_21.1;
T_21.0 ;
    %pushi/vec4 0, 0, 32;
    %store/vec4 v0x5b4c1984f770_0, 0, 32;
    %pushi/vec4 0, 0, 1;
    %store/vec4 v0x5b4c1984ed20_0, 0, 1;
T_21.1 ;
    %jmp T_21;
    .thread T_21, $push;
    .scope S_0x5b4c19849400;
T_22 ;
    %wait E_0x5b4c1982d1e0;
    %load/vec4 v0x5b4c1984e1a0_0;
    %nor/r;
    %flag_set/vec4 8;
    %jmp/0xz  T_22.0, 8;
    %pushi/vec4 0, 0, 8;
    %assign/vec4 v0x5b4c1984f180_0, 0;
    %pushi/vec4 0, 0, 8;
    %assign/vec4 v0x5b4c1984e510_0, 0;
    %pushi/vec4 104, 0, 16;
    %assign/vec4 v0x5b4c1984dbe0_0, 0;
    %pushi/vec4 3, 0, 8;
    %assign/vec4 v0x5b4c1984def0_0, 0;
    %pushi/vec4 1, 0, 8;
    %assign/vec4 v0x5b4c1984ec40_0, 0;
    %pushi/vec4 0, 0, 1;
    %assign/vec4 v0x5b4c1984eff0_0, 0;
    %pushi/vec4 0, 0, 1;
    %assign/vec4 v0x5b4c1984f320_0, 0;
    %jmp T_22.1;
T_22.0 ;
    %pushi/vec4 0, 0, 1;
    %assign/vec4 v0x5b4c1984eff0_0, 0;
    %pushi/vec4 0, 0, 1;
    %assign/vec4 v0x5b4c1984f320_0, 0;
    %load/vec4 v0x5b4c1984e750_0;
    %flag_set/vec4 9;
    %flag_get/vec4 9;
    %jmp/0 T_22.4, 9;
    %load/vec4 v0x5b4c1984ec40_0;
    %parti/s 1, 2, 3;
    %nor/r;
    %and;
T_22.4;
    %flag_set/vec4 8;
    %jmp/0xz  T_22.2, 8;
    %load/vec4 v0x5b4c1984e350_0;
    %assign/vec4 v0x5b4c1984e510_0, 0;
T_22.2 ;
    %load/vec4 v0x5b4c1984f6d0_0;
    %flag_set/vec4 10;
    %flag_get/vec4 10;
    %jmp/0 T_22.8, 10;
    %load/vec4 v0x5b4c1984f9f0_0;
    %and;
T_22.8;
    %flag_set/vec4 9;
    %flag_get/vec4 9;
    %jmp/0 T_22.7, 9;
    %load/vec4 v0x5b4c1984fab0_0;
    %and;
T_22.7;
    %flag_set/vec4 8;
    %jmp/0xz  T_22.5, 8;
    %pushi/vec4 1, 0, 1;
    %assign/vec4 v0x5b4c1984eff0_0, 0;
    %pushi/vec4 0, 0, 1;
    %assign/vec4 v0x5b4c1984f320_0, 0;
    %load/vec4 v0x5b4c1984e0c0_0;
    %dup/vec4;
    %pushi/vec4 0, 0, 12;
    %cmp/u;
    %jmp/1 T_22.9, 6;
    %dup/vec4;
    %pushi/vec4 4, 0, 12;
    %cmp/u;
    %jmp/1 T_22.10, 6;
    %dup/vec4;
    %pushi/vec4 8, 0, 12;
    %cmp/u;
    %jmp/1 T_22.11, 6;
    %dup/vec4;
    %pushi/vec4 12, 0, 12;
    %cmp/u;
    %jmp/1 T_22.12, 6;
    %jmp T_22.13;
T_22.9 ;
    %load/vec4 v0x5b4c1984f910_0;
    %parti/s 1, 0, 2;
    %flag_set/vec4 8;
    %jmp/0xz  T_22.14, 8;
    %load/vec4 v0x5b4c1984f830_0;
    %parti/s 8, 0, 2;
    %assign/vec4 v0x5b4c1984f180_0, 0;
    %pushi/vec4 1, 0, 1;
    %assign/vec4 v0x5b4c1984f320_0, 0;
T_22.14 ;
    %jmp T_22.13;
T_22.10 ;
    %load/vec4 v0x5b4c1984f910_0;
    %parti/s 1, 0, 2;
    %flag_set/vec4 8;
    %jmp/0xz  T_22.16, 8;
    %pushi/vec4 0, 0, 8;
    %assign/vec4 v0x5b4c1984e510_0, 0;
T_22.16 ;
    %jmp T_22.13;
T_22.11 ;
    %load/vec4 v0x5b4c1984f910_0;
    %parti/s 1, 0, 2;
    %flag_set/vec4 8;
    %jmp/0xz  T_22.18, 8;
    %load/vec4 v0x5b4c1984f830_0;
    %parti/s 8, 0, 2;
    %ix/load 4, 0, 0;
    %ix/load 5, 0, 0;
    %flag_set/imm 4, 0;
    %assign/vec4/off/d v0x5b4c1984dbe0_0, 4, 5;
T_22.18 ;
    %load/vec4 v0x5b4c1984f910_0;
    %parti/s 1, 1, 2;
    %flag_set/vec4 8;
    %jmp/0xz  T_22.20, 8;
    %load/vec4 v0x5b4c1984f830_0;
    %parti/s 8, 8, 5;
    %ix/load 4, 8, 0;
    %ix/load 5, 0, 0;
    %flag_set/imm 4, 0;
    %assign/vec4/off/d v0x5b4c1984dbe0_0, 4, 5;
T_22.20 ;
    %jmp T_22.13;
T_22.12 ;
    %load/vec4 v0x5b4c1984f910_0;
    %parti/s 1, 0, 2;
    %flag_set/vec4 8;
    %jmp/0xz  T_22.22, 8;
    %load/vec4 v0x5b4c1984f830_0;
    %parti/s 8, 0, 2;
    %assign/vec4 v0x5b4c1984def0_0, 0;
T_22.22 ;
    %jmp T_22.13;
T_22.13 ;
    %pop/vec4 1;
T_22.5 ;
T_22.1 ;
    %jmp T_22;
    .thread T_22;
    .scope S_0x5b4c19849400;
T_23 ;
    %wait E_0x5b4c1982d1e0;
    %load/vec4 v0x5b4c1984e1a0_0;
    %nor/r;
    %flag_set/vec4 8;
    %jmp/0xz  T_23.0, 8;
    %pushi/vec4 0, 0, 1;
    %assign/vec4 v0x5b4c1984f590_0, 0;
    %jmp T_23.1;
T_23.0 ;
    %load/vec4 v0x5b4c1984f6d0_0;
    %flag_set/vec4 9;
    %flag_get/vec4 9;
    %jmp/0 T_23.3, 9;
    %load/vec4 v0x5b4c1984f9f0_0;
    %and;
T_23.3;
    %flag_set/vec4 8;
    %flag_get/vec4 8;
    %jmp/0 T_23.2, 8;
    %load/vec4 v0x5b4c1984eff0_0;
    %flag_set/vec4 8;
    %flag_get/vec4 8;
    %jmp/1 T_23.4, 8;
    %load/vec4 v0x5b4c1984ed20_0;
    %or;
T_23.4;
    %and;
T_23.2;
    %assign/vec4 v0x5b4c1984f590_0, 0;
T_23.1 ;
    %jmp T_23;
    .thread T_23;
    .scope S_0x5b4c19849400;
T_24 ;
    %wait E_0x5b4c1982d1e0;
    %load/vec4 v0x5b4c1984e1a0_0;
    %nor/r;
    %flag_set/vec4 8;
    %jmp/0xz  T_24.0, 8;
    %pushi/vec4 1, 0, 8;
    %assign/vec4 v0x5b4c1984ec40_0, 0;
    %jmp T_24.1;
T_24.0 ;
    %load/vec4 v0x5b4c1984f250_0;
    %ix/load 4, 0, 0;
    %ix/load 5, 0, 0;
    %flag_set/imm 4, 0;
    %assign/vec4/off/d v0x5b4c1984ec40_0, 4, 5;
    %load/vec4 v0x5b4c1984f0b0_0;
    %ix/load 4, 1, 0;
    %ix/load 5, 0, 0;
    %flag_set/imm 4, 0;
    %assign/vec4/off/d v0x5b4c1984ec40_0, 4, 5;
    %load/vec4 v0x5b4c1984e750_0;
    %flag_set/vec4 9;
    %flag_get/vec4 9;
    %jmp/0 T_24.4, 9;
    %load/vec4 v0x5b4c1984ec40_0;
    %parti/s 1, 2, 3;
    %nor/r;
    %and;
T_24.4;
    %flag_set/vec4 8;
    %jmp/0xz  T_24.2, 8;
    %pushi/vec4 1, 0, 1;
    %ix/load 4, 2, 0;
    %ix/load 5, 0, 0;
    %flag_set/imm 4, 0;
    %assign/vec4/off/d v0x5b4c1984ec40_0, 4, 5;
T_24.2 ;
    %load/vec4 v0x5b4c1984e680_0;
    %flag_set/vec4 8;
    %jmp/0xz  T_24.5, 8;
    %pushi/vec4 1, 0, 1;
    %ix/load 4, 3, 0;
    %ix/load 5, 0, 0;
    %flag_set/imm 4, 0;
    %assign/vec4/off/d v0x5b4c1984ec40_0, 4, 5;
T_24.5 ;
    %load/vec4 v0x5b4c1984e5b0_0;
    %flag_set/vec4 8;
    %jmp/0xz  T_24.7, 8;
    %pushi/vec4 1, 0, 1;
    %ix/load 4, 4, 0;
    %ix/load 5, 0, 0;
    %flag_set/imm 4, 0;
    %assign/vec4/off/d v0x5b4c1984ec40_0, 4, 5;
T_24.7 ;
    %load/vec4 v0x5b4c1984e440_0;
    %flag_set/vec4 8;
    %jmp/0xz  T_24.9, 8;
    %pushi/vec4 0, 0, 1;
    %ix/load 4, 2, 0;
    %ix/load 5, 0, 0;
    %flag_set/imm 4, 0;
    %assign/vec4/off/d v0x5b4c1984ec40_0, 4, 5;
T_24.9 ;
    %load/vec4 v0x5b4c1984eb80_0;
    %flag_set/vec4 8;
    %jmp/0xz  T_24.11, 8;
    %pushi/vec4 0, 0, 1;
    %ix/load 4, 3, 0;
    %ix/load 5, 0, 0;
    %flag_set/imm 4, 0;
    %assign/vec4/off/d v0x5b4c1984ec40_0, 4, 5;
    %pushi/vec4 0, 0, 1;
    %ix/load 4, 4, 0;
    %ix/load 5, 0, 0;
    %flag_set/imm 4, 0;
    %assign/vec4/off/d v0x5b4c1984ec40_0, 4, 5;
T_24.11 ;
T_24.1 ;
    %jmp T_24;
    .thread T_24;
    .scope S_0x5b4c19848d30;
T_25 ;
    %wait E_0x5b4c197b8400;
    %load/vec4 v0x5b4c19850100_0;
    %nor/r;
    %flag_set/vec4 8;
    %jmp/0xz  T_25.0, 8;
    %pushi/vec4 0, 0, 32;
    %assign/vec4 v0x5b4c19850760_0, 0;
    %pushi/vec4 0, 0, 1;
    %assign/vec4 v0x5b4c19850540_0, 0;
    %jmp T_25.1;
T_25.0 ;
    %load/vec4 v0x5b4c198503b0_0;
    %flag_set/vec4 8;
    %jmp/0xz  T_25.2, 8;
    %load/vec4 v0x5b4c19850240_0;
    %assign/vec4 v0x5b4c19850760_0, 0;
    %load/vec4 v0x5b4c198501a0_0;
    %assign/vec4 v0x5b4c19850540_0, 0;
    %jmp T_25.3;
T_25.2 ;
    %pushi/vec4 0, 0, 1;
    %assign/vec4 v0x5b4c19850540_0, 0;
T_25.3 ;
T_25.1 ;
    %jmp T_25;
    .thread T_25;
    .scope S_0x5b4c19817190;
T_26 ;
    %pushi/vec4 0, 0, 1;
    %store/vec4 v0x5b4c198534d0_0, 0, 1;
T_26.0 ;
    %delay 5000, 0;
    %load/vec4 v0x5b4c198534d0_0;
    %inv;
    %store/vec4 v0x5b4c198534d0_0, 0, 1;
    %jmp T_26.0;
    %end;
    .thread T_26;
    .scope S_0x5b4c19817190;
T_27 ;
    %pushi/vec4 0, 0, 1;
    %store/vec4 v0x5b4c19853670_0, 0, 1;
    %pushi/vec4 1, 0, 1;
    %store/vec4 v0x5b4c19853a10_0, 0, 1;
    %pushi/vec4 0, 0, 1;
    %store/vec4 v0x5b4c19853f90_0, 0, 1;
    %pushi/vec4 0, 0, 1;
    %store/vec4 v0x5b4c19854780_0, 0, 1;
    %pushi/vec4 0, 0, 1;
    %store/vec4 v0x5b4c198548c0_0, 0, 1;
    %pushi/vec4 0, 0, 32;
    %store/vec4 v0x5b4c19853e00_0, 0, 32;
    %pushi/vec4 0, 0, 32;
    %store/vec4 v0x5b4c19854380_0, 0, 32;
    %pushi/vec4 0, 0, 4;
    %store/vec4 v0x5b4c19854560_0, 0, 4;
    %pushi/vec4 0, 0, 32;
    %store/vec4 v0x5b4c19853800_0, 0, 32;
    %pushi/vec4 0, 0, 32;
    %store/vec4 v0x5b4c19853930_0, 0, 32;
    %pushi/vec4 0, 0, 32;
    %store/vec4 v0x5b4c19853740_0, 0, 32;
    %delay 100000, 0;
    %pushi/vec4 1, 0, 1;
    %store/vec4 v0x5b4c19853670_0, 0, 1;
    %end;
    .thread T_27;
    .scope S_0x5b4c19817190;
T_28 ;
    %vpi_call 2 137 "$dumpfile", "uart_tb.vcd" {0 0 0};
    %vpi_call 2 138 "$dumpvars", 32'sb00000000000000000000000000000000, S_0x5b4c19817190 {0 0 0};
T_28.0 ;
    %load/vec4 v0x5b4c19853670_0;
    %cmpi/ne 1, 0, 1;
    %jmp/0xz T_28.1, 6;
    %wait E_0x5b4c197b3750;
    %jmp T_28.0;
T_28.1 ;
    %delay 20000, 0;
    %vpi_call 2 143 "$display", "\012=== UART Testbench Started ===" {0 0 0};
    %pushi/vec4 1, 0, 32;
    %store/vec4 v0x5b4c19853800_0, 0, 32;
    %vpi_call 2 147 "$display", "\012[TEST %0d] UART Configuration: Starting", v0x5b4c19853800_0 {0 0 0};
    %pushi/vec4 0, 0, 32;
    %store/vec4 v0x5b4c19853740_0, 0, 32;
    %fork TD_tb_uart.test_uart_configuration, S_0x5b4c19851540;
    %join;
    %load/vec4 v0x5b4c19851720_0;
    %store/vec4 v0x5b4c19853740_0, 0, 32;
    ; show_stmt_assign_vector: Get l-value for compressed += operand
    %load/vec4 v0x5b4c19853930_0;
    %load/vec4 v0x5b4c19853740_0;
    %add;
    %store/vec4 v0x5b4c19853930_0, 0, 32;
    %vpi_call 2 151 "$display", "[TEST %0d] UART Configuration: Completed\012", v0x5b4c19853800_0 {0 0 0};
    %delay 20000, 0;
    %pushi/vec4 2, 0, 32;
    %store/vec4 v0x5b4c19853800_0, 0, 32;
    %vpi_call 2 156 "$display", "\012[TEST %0d] UART Transmitter Test: Starting", v0x5b4c19853800_0 {0 0 0};
    %pushi/vec4 0, 0, 32;
    %store/vec4 v0x5b4c19853740_0, 0, 32;
    %fork TD_tb_uart.test_uart_transmitter, S_0x5b4c19851eb0;
    %join;
    %load/vec4 v0x5b4c19852190_0;
    %store/vec4 v0x5b4c19853740_0, 0, 32;
    ; show_stmt_assign_vector: Get l-value for compressed += operand
    %load/vec4 v0x5b4c19853930_0;
    %load/vec4 v0x5b4c19853740_0;
    %add;
    %store/vec4 v0x5b4c19853930_0, 0, 32;
    %vpi_call 2 160 "$display", "[TEST %0d] UART Transmitter Test: Completed\012", v0x5b4c19853800_0 {0 0 0};
    %pushi/vec4 3, 0, 32;
    %store/vec4 v0x5b4c19853800_0, 0, 32;
    %vpi_call 2 164 "$display", "\012[TEST %0d] UART Receiver Test: Starting", v0x5b4c19853800_0 {0 0 0};
    %pushi/vec4 0, 0, 32;
    %store/vec4 v0x5b4c19853740_0, 0, 32;
    %fork TD_tb_uart.test_uart_receiver, S_0x5b4c19851900;
    %join;
    %load/vec4 v0x5b4c19851c30_0;
    %store/vec4 v0x5b4c19853740_0, 0, 32;
    ; show_stmt_assign_vector: Get l-value for compressed += operand
    %load/vec4 v0x5b4c19853930_0;
    %load/vec4 v0x5b4c19853740_0;
    %add;
    %store/vec4 v0x5b4c19853930_0, 0, 32;
    %vpi_call 2 168 "$display", "[TEST %0d] UART Receiver Test: Completed\012", v0x5b4c19853800_0 {0 0 0};
    %pushi/vec4 3, 0, 32;
    %store/vec4 v0x5b4c19853800_0, 0, 32;
    %vpi_call 2 172 "$display", "\012[TEST %0d] UART Loopback Test: Starting", v0x5b4c19853800_0 {0 0 0};
    %pushi/vec4 0, 0, 32;
    %store/vec4 v0x5b4c19853740_0, 0, 32;
    %fork TD_tb_uart.test_loopback, S_0x5b4c19850ca0;
    %join;
    %load/vec4 v0x5b4c19851290_0;
    %store/vec4 v0x5b4c19853740_0, 0, 32;
    ; show_stmt_assign_vector: Get l-value for compressed += operand
    %load/vec4 v0x5b4c19853930_0;
    %load/vec4 v0x5b4c19853740_0;
    %add;
    %store/vec4 v0x5b4c19853930_0, 0, 32;
    %vpi_call 2 176 "$display", "[TEST %0d] UART Loopback Test: Completed\012", v0x5b4c19853800_0 {0 0 0};
    %vpi_call 2 179 "$display", "\012=== UART Testbench Completed ===" {0 0 0};
    %vpi_call 2 180 "$display", "\012Total errors: %0d", v0x5b4c19853930_0 {0 0 0};
    %load/vec4 v0x5b4c19853930_0;
    %cmpi/e 0, 0, 32;
    %jmp/0xz  T_28.2, 4;
    %vpi_call 2 182 "$display", "\342\234\205 All tests PASSED!" {0 0 0};
    %jmp T_28.3;
T_28.2 ;
    %vpi_call 2 184 "$display", "\342\235\214 Some tests FAILED" {0 0 0};
T_28.3 ;
    %vpi_call 2 186 "$finish" {0 0 0};
    %end;
    .thread T_28;
    .scope S_0x5b4c19817190;
T_29 ;
    %wait E_0x5b4c197bad90;
    %load/vec4 v0x5b4c19853800_0;
    %cmpi/e 3, 0, 32;
    %jmp/0xz  T_29.0, 4;
    %load/vec4 v0x5b4c19853b50_0;
    %store/vec4 v0x5b4c19853ab0_0, 0, 1;
    %load/vec4 v0x5b4c19853bf0_0;
    %store/vec4 v0x5b4c19853a10_0, 0, 1;
T_29.0 ;
    %jmp T_29;
    .thread T_29, $push;
# The file index is used to find the file name in the following table.
:file_names 8;
    "N/A";
    "<interactive>";
    "/home/gael/Desktop/asic_workspace/MiniSoC_RV32I/sim/peripheral/uart/tb_uart.v";
    "/home/gael/Desktop/asic_workspace/MiniSoC_RV32I/src/peripheral/uart/uart_wrapper.v";
    "/home/gael/Desktop/asic_workspace/MiniSoC_RV32I/src/peripheral/uart/uart.v";
    "/home/gael/Desktop/asic_workspace/MiniSoC_RV32I/src/peripheral/uart/uart_baudgen.v";
    "/home/gael/Desktop/asic_workspace/MiniSoC_RV32I/src/peripheral/uart/uart_rx.v";
    "/home/gael/Desktop/asic_workspace/MiniSoC_RV32I/src/peripheral/uart/uart_tx.v";
