#! /usr/bin/vvp
:ivl_version "12.0 (stable)";
:ivl_delay_selection "TYPICAL";
:vpi_time_precision - 12;
:vpi_module "/usr/lib/x86_64-linux-gnu/ivl/system.vpi";
:vpi_module "/usr/lib/x86_64-linux-gnu/ivl/vhdl_sys.vpi";
:vpi_module "/usr/lib/x86_64-linux-gnu/ivl/vhdl_textio.vpi";
:vpi_module "/usr/lib/x86_64-linux-gnu/ivl/v2005_math.vpi";
:vpi_module "/usr/lib/x86_64-linux-gnu/ivl/va_math.vpi";
S_0x556953d49530 .scope module, "mem_init" "mem_init" 2 1;
 .timescale 0 0;
    .port_info 0 /INPUT 1 "clk";
    .port_info 1 /INPUT 1 "rst_n";
    .port_info 2 /INPUT 1 "init_start";
    .port_info 3 /OUTPUT 1 "init_done";
    .port_info 4 /OUTPUT 1 "imem_init_en";
    .port_info 5 /OUTPUT 32 "imem_init_addr";
    .port_info 6 /OUTPUT 32 "imem_init_data";
    .port_info 7 /OUTPUT 1 "dmem_init_en";
    .port_info 8 /OUTPUT 32 "dmem_init_addr";
    .port_info 9 /OUTPUT 32 "dmem_init_data";
P_0x556953d638c0 .param/l "ADDR_WIDTH" 0 2 5, +C4<00000000000000000000000000100000>;
P_0x556953d63900 .param/l "DATA_WIDTH" 0 2 6, +C4<00000000000000000000000000100000>;
P_0x556953d63940 .param/l "DMEM_BASE" 0 2 3, C4<00010000000000000000000000000000>;
P_0x556953d63980 .param/l "DONE" 1 2 42, C4<11>;
P_0x556953d639c0 .param/l "IDLE" 1 2 39, C4<00>;
P_0x556953d63a00 .param/l "IMEM_BASE" 0 2 2, C4<00000000000000000000000000000000>;
P_0x556953d63a40 .param/str "INIT_FILE" 0 2 4, "firmware.hex";
P_0x556953d63a80 .param/l "LOAD_DMEM" 1 2 41, C4<10>;
P_0x556953d63ac0 .param/l "LOAD_IMEM" 1 2 40, C4<01>;
o0x79d3675a0018 .functor BUFZ 1, C4<z>; HiZ drive
v0x556953d995d0_0 .net "clk", 0 0, o0x79d3675a0018;  0 drivers
v0x556953d95ad0_0 .var "dmem_init_addr", 31 0;
v0x556953d96370_0 .var "dmem_init_data", 31 0;
v0x556953d96580_0 .var "dmem_init_en", 0 0;
v0x556953da90b0 .array "firmware_mem", 1023 0, 31 0;
v0x556953da5f30_0 .var "imem_init_addr", 31 0;
v0x556953daa860_0 .var "imem_init_data", 31 0;
v0x556953dcc230_0 .var "imem_init_en", 0 0;
v0x556953dcc2f0_0 .var "init_counter", 31 0;
v0x556953dcc3d0_0 .var "init_done", 0 0;
v0x556953dcc490_0 .var "init_pulse", 0 0;
o0x79d3675a01f8 .functor BUFZ 1, C4<z>; HiZ drive
v0x556953dcc550_0 .net "init_start", 0 0, o0x79d3675a01f8;  0 drivers
o0x79d3675a0228 .functor BUFZ 1, C4<z>; HiZ drive
v0x556953dcc610_0 .net "rst_n", 0 0, o0x79d3675a0228;  0 drivers
v0x556953dcc6d0_0 .var "state", 1 0;
E_0x556953d5b5c0/0 .event negedge, v0x556953dcc610_0;
E_0x556953d5b5c0/1 .event posedge, v0x556953d995d0_0;
E_0x556953d5b5c0 .event/or E_0x556953d5b5c0/0, E_0x556953d5b5c0/1;
S_0x556953d6c760 .scope module, "tb_imem" "tb_imem" 3 3;
 .timescale -9 -12;
P_0x556953dab530 .param/l "ADDR_WIDTH" 0 3 6, +C4<00000000000000000000000000100000>;
P_0x556953dab570 .param/l "BASE_ADDR" 0 3 8, C4<00000000000000000000000000000000>;
P_0x556953dab5b0 .param/l "CLK_PERIOD" 0 3 5, +C4<00000000000000000000000000001010>;
P_0x556953dab5f0 .param/l "DATA_WIDTH" 0 3 7, +C4<00000000000000000000000000100000>;
P_0x556953dab630 .param/l "SIZE_KB" 0 3 9, +C4<00000000000000000000000000000100>;
v0x556953dd1140_0 .var "clk", 0 0;
v0x556953dd1250_0 .var "init_addr", 31 0;
v0x556953dd1310_0 .var "init_data", 31 0;
v0x556953dd1430_0 .var "init_en", 0 0;
v0x556953dd14d0_0 .var "rst_n", 0 0;
v0x556953dd1610_0 .var "task_error_count", 31 0;
v0x556953dd16b0_0 .var "test_name", 320 1;
v0x556953dd1790_0 .var "test_num", 31 0;
v0x556953dd1870_0 .var "total_errors", 31 0;
v0x556953dd1950_0 .net "wbs_ack", 0 0, v0x556953dcf420_0;  1 drivers
v0x556953dd19f0_0 .var "wbs_addr", 31 0;
v0x556953dd1a90_0 .var "wbs_cyc", 0 0;
v0x556953dd1b60_0 .net "wbs_data_read", 31 0, v0x556953dcf640_0;  1 drivers
v0x556953dd1c30_0 .var "wbs_data_write", 31 0;
v0x556953dd1cd0_0 .var "wbs_sel", 3 0;
v0x556953dd1dc0_0 .var "wbs_stb", 0 0;
v0x556953dd1e60_0 .var "wbs_we", 0 0;
E_0x556953d5b810 .event posedge, v0x556953dcd8e0_0;
S_0x556953dcc990 .scope module, "dut" "imem_wrapper" 3 42, 4 1 0, S_0x556953d6c760;
 .timescale 0 0;
    .port_info 0 /INPUT 1 "clk";
    .port_info 1 /INPUT 1 "rst_n";
    .port_info 2 /INPUT 1 "wbs_cyc";
    .port_info 3 /INPUT 1 "wbs_stb";
    .port_info 4 /INPUT 1 "wbs_we";
    .port_info 5 /INPUT 32 "wbs_addr";
    .port_info 6 /INPUT 32 "wbs_data_write";
    .port_info 7 /INPUT 4 "wbs_sel";
    .port_info 8 /OUTPUT 32 "wbs_data_read";
    .port_info 9 /OUTPUT 1 "wbs_ack";
    .port_info 10 /INPUT 1 "init_en";
    .port_info 11 /INPUT 32 "init_addr";
    .port_info 12 /INPUT 32 "init_data";
P_0x556953d4b080 .param/l "ADDR_WIDTH" 0 4 4, +C4<00000000000000000000000000100000>;
P_0x556953d4b0c0 .param/l "BASE_ADDR" 0 4 2, C4<00000000000000000000000000000000>;
P_0x556953d4b100 .param/l "DATA_WIDTH" 0 4 5, +C4<00000000000000000000000000100000>;
P_0x556953d4b140 .param/l "SIZE_KB" 0 4 3, +C4<00000000000000000000000000000100>;
L_0x556953d96460 .functor AND 1, L_0x556953de2070, L_0x556953de21e0, C4<1>, C4<1>;
L_0x556953d67410 .functor AND 1, L_0x556953de2370, L_0x556953de24e0, C4<1>, C4<1>;
L_0x556953d5dc80 .functor AND 1, v0x556953dd1a90_0, L_0x556953d96460, C4<1>, C4<1>;
L_0x556953dab7e0 .functor AND 1, v0x556953dd1dc0_0, L_0x556953d96460, C4<1>, C4<1>;
L_0x556953da0da0 .functor AND 1, v0x556953dd1430_0, L_0x556953d67410, C4<1>, C4<1>;
L_0x79d367557018 .functor BUFT 1, C4<00000000000000000000000000000000>, C4<0>, C4<0>, C4<0>;
v0x556953dce360_0 .net/2u *"_ivl_0", 31 0, L_0x79d367557018;  1 drivers
L_0x79d3675570a8 .functor BUFT 1, C4<00000000000000000000000000000000>, C4<0>, C4<0>, C4<0>;
v0x556953dce460_0 .net/2u *"_ivl_10", 31 0, L_0x79d3675570a8;  1 drivers
v0x556953dce540_0 .net *"_ivl_12", 0 0, L_0x556953de2370;  1 drivers
L_0x79d3675570f0 .functor BUFT 1, C4<00000000000000000001000000000000>, C4<0>, C4<0>, C4<0>;
v0x556953dce5e0_0 .net/2u *"_ivl_14", 31 0, L_0x79d3675570f0;  1 drivers
v0x556953dce6c0_0 .net *"_ivl_16", 0 0, L_0x556953de24e0;  1 drivers
v0x556953dce780_0 .net *"_ivl_2", 0 0, L_0x556953de2070;  1 drivers
L_0x79d367557138 .functor BUFT 1, C4<00000000000000000000000000000000>, C4<0>, C4<0>, C4<0>;
v0x556953dce840_0 .net/2u *"_ivl_20", 31 0, L_0x79d367557138;  1 drivers
L_0x79d367557180 .functor BUFT 1, C4<00000000000000000000000000000000>, C4<0>, C4<0>, C4<0>;
v0x556953dce920_0 .net/2u *"_ivl_24", 31 0, L_0x79d367557180;  1 drivers
L_0x79d367557060 .functor BUFT 1, C4<00000000000000000001000000000000>, C4<0>, C4<0>, C4<0>;
v0x556953dcea00_0 .net/2u *"_ivl_4", 31 0, L_0x79d367557060;  1 drivers
v0x556953dceae0_0 .net *"_ivl_6", 0 0, L_0x556953de21e0;  1 drivers
v0x556953dceba0_0 .net "clk", 0 0, v0x556953dd1140_0;  1 drivers
v0x556953dcec40_0 .net "imem_init_addr", 31 0, L_0x556953de27e0;  1 drivers
v0x556953dced10_0 .net "imem_wbs_addr", 31 0, L_0x556953de26f0;  1 drivers
v0x556953dcede0_0 .net "init_addr", 31 0, v0x556953dd1250_0;  1 drivers
v0x556953dceea0_0 .net "init_data", 31 0, v0x556953dd1310_0;  1 drivers
v0x556953dcef90_0 .net "init_en", 0 0, v0x556953dd1430_0;  1 drivers
v0x556953dcf030_0 .net "init_select", 0 0, L_0x556953d67410;  1 drivers
v0x556953dcf0f0_0 .net "mem_select", 0 0, L_0x556953d96460;  1 drivers
v0x556953dcf1b0_0 .net "rst_n", 0 0, v0x556953dd14d0_0;  1 drivers
v0x556953dcf280_0 .net "tmp_wbs_ack", 0 0, v0x556953dcda60_0;  1 drivers
v0x556953dcf350_0 .net "tmp_wbs_data_read", 31 0, v0x556953dcdcc0_0;  1 drivers
v0x556953dcf420_0 .var "wbs_ack", 0 0;
v0x556953dcf4c0_0 .net "wbs_addr", 31 0, v0x556953dd19f0_0;  1 drivers
v0x556953dcf580_0 .net "wbs_cyc", 0 0, v0x556953dd1a90_0;  1 drivers
v0x556953dcf640_0 .var "wbs_data_read", 31 0;
v0x556953dcf720_0 .net "wbs_data_write", 31 0, v0x556953dd1c30_0;  1 drivers
v0x556953dcf810_0 .net "wbs_sel", 3 0, v0x556953dd1cd0_0;  1 drivers
v0x556953dcf8e0_0 .net "wbs_stb", 0 0, v0x556953dd1dc0_0;  1 drivers
v0x556953dcf980_0 .net "wbs_we", 0 0, v0x556953dd1e60_0;  1 drivers
L_0x556953de2070 .cmp/ge 32, v0x556953dd19f0_0, L_0x79d367557018;
L_0x556953de21e0 .cmp/gt 32, L_0x79d367557060, v0x556953dd19f0_0;
L_0x556953de2370 .cmp/ge 32, v0x556953dd1250_0, L_0x79d3675570a8;
L_0x556953de24e0 .cmp/gt 32, L_0x79d3675570f0, v0x556953dd1250_0;
L_0x556953de26f0 .arith/sub 32, v0x556953dd19f0_0, L_0x79d367557138;
L_0x556953de27e0 .arith/sub 32, v0x556953dd1250_0, L_0x79d367557180;
S_0x556953dccdc0 .scope module, "imem_inst" "imem" 4 50, 5 1 0, S_0x556953dcc990;
 .timescale 0 0;
    .port_info 0 /INPUT 1 "clk";
    .port_info 1 /INPUT 1 "rst_n";
    .port_info 2 /INPUT 1 "wbs_cyc";
    .port_info 3 /INPUT 1 "wbs_stb";
    .port_info 4 /INPUT 1 "wbs_we";
    .port_info 5 /INPUT 32 "wbs_addr";
    .port_info 6 /INPUT 32 "wbs_data_write";
    .port_info 7 /INPUT 4 "wbs_sel";
    .port_info 8 /OUTPUT 32 "wbs_data_read";
    .port_info 9 /OUTPUT 1 "wbs_ack";
    .port_info 10 /INPUT 1 "init_en";
    .port_info 11 /INPUT 32 "init_addr";
    .port_info 12 /INPUT 32 "init_data";
P_0x556953d4a9c0 .param/l "ADDR_WIDTH" 0 5 3, +C4<00000000000000000000000000100000>;
P_0x556953d4aa00 .param/l "DATA_WIDTH" 0 5 4, +C4<00000000000000000000000000100000>;
P_0x556953d4aa40 .param/l "DEPTH" 1 5 27, +C4<0000000000000000000000000000000000000000000000000000010000000000>;
P_0x556953d4aa80 .param/l "SIZE_KB" 0 5 2, +C4<00000000000000000000000000000100>;
v0x556953dcd380_0 .net "clk", 0 0, v0x556953dd1140_0;  alias, 1 drivers
v0x556953dcd460_0 .net "init_addr", 31 0, L_0x556953de27e0;  alias, 1 drivers
v0x556953dcd540_0 .net "init_data", 31 0, v0x556953dd1310_0;  alias, 1 drivers
v0x556953dcd630_0 .net "init_en", 0 0, L_0x556953da0da0;  1 drivers
v0x556953dcd6f0_0 .net "init_word_addr", 9 0, L_0x556953de2910;  1 drivers
v0x556953dcd820 .array "mem", 1023 0, 31 0;
v0x556953dcd8e0_0 .net "rst_n", 0 0, v0x556953dd14d0_0;  alias, 1 drivers
v0x556953dcd9a0_0 .var "tmp_r_ack", 0 0;
v0x556953dcda60_0 .var "wbs_ack", 0 0;
v0x556953dcdb20_0 .net "wbs_addr", 31 0, L_0x556953de26f0;  alias, 1 drivers
v0x556953dcdc00_0 .net "wbs_cyc", 0 0, L_0x556953d5dc80;  1 drivers
v0x556953dcdcc0_0 .var "wbs_data_read", 31 0;
v0x556953dcdda0_0 .net "wbs_data_write", 31 0, v0x556953dd1c30_0;  alias, 1 drivers
v0x556953dcde80_0 .net "wbs_sel", 3 0, v0x556953dd1cd0_0;  alias, 1 drivers
v0x556953dcdf60_0 .net "wbs_stb", 0 0, L_0x556953dab7e0;  1 drivers
v0x556953dce020_0 .net "wbs_we", 0 0, v0x556953dd1e60_0;  alias, 1 drivers
v0x556953dce0e0_0 .net "word_addr", 9 0, L_0x556953de29b0;  1 drivers
E_0x556953d5f400/0 .event negedge, v0x556953dcd8e0_0;
E_0x556953d5f400/1 .event posedge, v0x556953dcd380_0;
E_0x556953d5f400 .event/or E_0x556953d5f400/0, E_0x556953d5f400/1;
E_0x556953d461d0 .event posedge, v0x556953dcd380_0;
L_0x556953de2910 .part L_0x556953de27e0, 2, 10;
L_0x556953de29b0 .part L_0x556953de26f0, 2, 10;
S_0x556953dcfbd0 .scope task, "test_basic_read" "test_basic_read" 3 116, 3 116 0, S_0x556953d6c760;
 .timescale -9 -12;
v0x556953dcfd80_0 .var "error_count", 31 0;
v0x556953dcfe60_0 .var/i "i", 31 0;
v0x556953dcff40_0 .var "read_data", 31 0;
TD_tb_imem.test_basic_read ;
    %pushi/vec4 0, 0, 32;
    %store/vec4 v0x556953dcfd80_0, 0, 32;
    %pushi/vec4 0, 0, 32;
    %store/vec4 v0x556953dcfe60_0, 0, 32;
T_0.0 ;
    %load/vec4 v0x556953dcfe60_0;
    %cmpi/s 4, 0, 32;
    %jmp/0xz T_0.1, 5;
    %pushi/vec4 1, 0, 1;
    %store/vec4 v0x556953dd1430_0, 0, 1;
    %pushi/vec4 0, 0, 32;
    %load/vec4 v0x556953dcfe60_0;
    %muli 4, 0, 32;
    %add;
    %store/vec4 v0x556953dd1250_0, 0, 32;
    %pushi/vec4 2779096485, 0, 32;
    %load/vec4 v0x556953dcfe60_0;
    %add;
    %store/vec4 v0x556953dd1310_0, 0, 32;
    %wait E_0x556953d461d0;
    %pushi/vec4 0, 0, 1;
    %store/vec4 v0x556953dd1430_0, 0, 1;
    %delay 1000, 0;
    %load/vec4 v0x556953dcfe60_0;
    %addi 1, 0, 32;
    %store/vec4 v0x556953dcfe60_0, 0, 32;
    %jmp T_0.0;
T_0.1 ;
    %wait E_0x556953d461d0;
    %wait E_0x556953d461d0;
    %pushi/vec4 0, 0, 32;
    %store/vec4 v0x556953dcfe60_0, 0, 32;
T_0.2 ;
    %load/vec4 v0x556953dcfe60_0;
    %cmpi/s 4, 0, 32;
    %jmp/0xz T_0.3, 5;
    %pushi/vec4 0, 0, 32;
    %load/vec4 v0x556953dcfe60_0;
    %muli 4, 0, 32;
    %add;
    %store/vec4 v0x556953dd0ae0_0, 0, 32;
    %fork TD_tb_imem.wb_read, S_0x556953dd08b0;
    %join;
    %load/vec4 v0x556953dd0be0_0;
    %store/vec4 v0x556953dcff40_0, 0, 32;
    %load/vec4 v0x556953dcff40_0;
    %pushi/vec4 2779096485, 0, 32;
    %load/vec4 v0x556953dcfe60_0;
    %add;
    %cmp/ne;
    %jmp/0xz  T_0.4, 6;
    %pushi/vec4 0, 0, 32;
    %load/vec4 v0x556953dcfe60_0;
    %muli 4, 0, 32;
    %add;
    %pushi/vec4 2779096485, 0, 32;
    %load/vec4 v0x556953dcfe60_0;
    %add;
    %vpi_call 3 142 "$display", "ERROR: Read failed @ %h: Expected %h, Got %h", S<1,vec4,u32>, S<0,vec4,u32>, v0x556953dcff40_0 {2 0 0};
    %load/vec4 v0x556953dcfd80_0;
    %addi 1, 0, 32;
    %store/vec4 v0x556953dcfd80_0, 0, 32;
T_0.4 ;
    %load/vec4 v0x556953dcfe60_0;
    %addi 1, 0, 32;
    %store/vec4 v0x556953dcfe60_0, 0, 32;
    %jmp T_0.2;
T_0.3 ;
    %end;
S_0x556953dd0030 .scope task, "test_initialization" "test_initialization" 3 196, 3 196 0, S_0x556953d6c760;
 .timescale -9 -12;
v0x556953dd0240_0 .var "error_count", 31 0;
v0x556953dd0320_0 .var/i "i", 31 0;
v0x556953dd0400_0 .var "read_data", 31 0;
TD_tb_imem.test_initialization ;
    %pushi/vec4 0, 0, 32;
    %store/vec4 v0x556953dd0240_0, 0, 32;
    %pushi/vec4 0, 0, 32;
    %store/vec4 v0x556953dd0320_0, 0, 32;
T_1.6 ;
    %load/vec4 v0x556953dd0320_0;
    %cmpi/s 4, 0, 32;
    %jmp/0xz T_1.7, 5;
    %pushi/vec4 1, 0, 1;
    %store/vec4 v0x556953dd1430_0, 0, 1;
    %pushi/vec4 0, 0, 32;
    %load/vec4 v0x556953dd0320_0;
    %muli 4, 0, 32;
    %add;
    %store/vec4 v0x556953dd1250_0, 0, 32;
    %pushi/vec4 305419896, 0, 32;
    %load/vec4 v0x556953dd0320_0;
    %add;
    %store/vec4 v0x556953dd1310_0, 0, 32;
    %wait E_0x556953d461d0;
    %pushi/vec4 0, 0, 1;
    %store/vec4 v0x556953dd1430_0, 0, 1;
    %delay 1000, 0;
    %load/vec4 v0x556953dd0320_0;
    %addi 1, 0, 32;
    %store/vec4 v0x556953dd0320_0, 0, 32;
    %jmp T_1.6;
T_1.7 ;
    %wait E_0x556953d461d0;
    %wait E_0x556953d461d0;
    %pushi/vec4 0, 0, 32;
    %store/vec4 v0x556953dd0320_0, 0, 32;
T_1.8 ;
    %load/vec4 v0x556953dd0320_0;
    %cmpi/s 4, 0, 32;
    %jmp/0xz T_1.9, 5;
    %pushi/vec4 0, 0, 32;
    %load/vec4 v0x556953dd0320_0;
    %muli 4, 0, 32;
    %add;
    %store/vec4 v0x556953dd0ae0_0, 0, 32;
    %fork TD_tb_imem.wb_read, S_0x556953dd08b0;
    %join;
    %load/vec4 v0x556953dd0be0_0;
    %store/vec4 v0x556953dd0400_0, 0, 32;
    %load/vec4 v0x556953dd0400_0;
    %pushi/vec4 305419896, 0, 32;
    %load/vec4 v0x556953dd0320_0;
    %add;
    %cmp/ne;
    %jmp/0xz  T_1.10, 6;
    %pushi/vec4 0, 0, 32;
    %load/vec4 v0x556953dd0320_0;
    %muli 4, 0, 32;
    %add;
    %pushi/vec4 305419896, 0, 32;
    %load/vec4 v0x556953dd0320_0;
    %add;
    %vpi_call 3 222 "$display", "ERROR: Initialization failed @ %h: Expected %h, Got %h", S<1,vec4,u32>, S<0,vec4,u32>, v0x556953dd0400_0 {2 0 0};
    %load/vec4 v0x556953dd0240_0;
    %addi 1, 0, 32;
    %store/vec4 v0x556953dd0240_0, 0, 32;
T_1.10 ;
    %load/vec4 v0x556953dd0320_0;
    %addi 1, 0, 32;
    %store/vec4 v0x556953dd0320_0, 0, 32;
    %jmp T_1.8;
T_1.9 ;
    %end;
S_0x556953dd04f0 .scope task, "test_write_protection" "test_write_protection" 3 150, 3 150 0, S_0x556953d6c760;
 .timescale -9 -12;
v0x556953dd06d0_0 .var "error_count", 31 0;
v0x556953dd07d0_0 .var "read_data", 31 0;
TD_tb_imem.test_write_protection ;
    %pushi/vec4 0, 0, 32;
    %store/vec4 v0x556953dd06d0_0, 0, 32;
    %pushi/vec4 1, 0, 1;
    %store/vec4 v0x556953dd1430_0, 0, 1;
    %pushi/vec4 0, 0, 32;
    %store/vec4 v0x556953dd1250_0, 0, 32;
    %pushi/vec4 305419896, 0, 32;
    %store/vec4 v0x556953dd1310_0, 0, 32;
    %wait E_0x556953d461d0;
    %pushi/vec4 0, 0, 1;
    %store/vec4 v0x556953dd1430_0, 0, 1;
    %wait E_0x556953d461d0;
    %wait E_0x556953d461d0;
    %pushi/vec4 1, 0, 1;
    %store/vec4 v0x556953dd1a90_0, 0, 1;
    %pushi/vec4 1, 0, 1;
    %store/vec4 v0x556953dd1dc0_0, 0, 1;
    %pushi/vec4 1, 0, 1;
    %store/vec4 v0x556953dd1e60_0, 0, 1;
    %pushi/vec4 0, 0, 32;
    %store/vec4 v0x556953dd19f0_0, 0, 32;
    %pushi/vec4 3735928559, 0, 32;
    %store/vec4 v0x556953dd1c30_0, 0, 32;
    %pushi/vec4 15, 0, 4;
    %store/vec4 v0x556953dd1cd0_0, 0, 4;
    %delay 100000, 0;
    %pushi/vec4 0, 0, 1;
    %store/vec4 v0x556953dd1a90_0, 0, 1;
    %pushi/vec4 0, 0, 1;
    %store/vec4 v0x556953dd1dc0_0, 0, 1;
    %pushi/vec4 0, 0, 1;
    %store/vec4 v0x556953dd1e60_0, 0, 1;
    %wait E_0x556953d461d0;
    %pushi/vec4 0, 0, 32;
    %store/vec4 v0x556953dd0ae0_0, 0, 32;
    %fork TD_tb_imem.wb_read, S_0x556953dd08b0;
    %join;
    %load/vec4 v0x556953dd0be0_0;
    %store/vec4 v0x556953dd07d0_0, 0, 32;
    %load/vec4 v0x556953dd07d0_0;
    %cmpi/e 3735928559, 0, 32;
    %jmp/0xz  T_2.12, 6;
    %vpi_call 3 185 "$display", "ERROR: Write protection failed - memory was modified" {0 0 0};
    %load/vec4 v0x556953dd06d0_0;
    %addi 1, 0, 32;
    %store/vec4 v0x556953dd06d0_0, 0, 32;
    %jmp T_2.13;
T_2.12 ;
    %load/vec4 v0x556953dd07d0_0;
    %cmpi/e 305419896, 0, 32;
    %jmp/0xz  T_2.14, 6;
    %vpi_call 3 188 "$display", "SUCCESS: Write protection working correctly" {0 0 0};
    %jmp T_2.15;
T_2.14 ;
    %vpi_call 3 190 "$display", "ERROR: Unexpected memory value: %h", v0x556953dd07d0_0 {0 0 0};
    %load/vec4 v0x556953dd06d0_0;
    %addi 1, 0, 32;
    %store/vec4 v0x556953dd06d0_0, 0, 32;
T_2.15 ;
T_2.13 ;
    %end;
S_0x556953dd08b0 .scope task, "wb_read" "wb_read" 3 258, 3 258 0, S_0x556953d6c760;
 .timescale -9 -12;
v0x556953dd0ae0_0 .var "addr", 31 0;
v0x556953dd0be0_0 .var "data", 31 0;
TD_tb_imem.wb_read ;
    %wait E_0x556953d461d0;
    %pushi/vec4 1, 0, 1;
    %store/vec4 v0x556953dd1a90_0, 0, 1;
    %pushi/vec4 1, 0, 1;
    %store/vec4 v0x556953dd1dc0_0, 0, 1;
    %pushi/vec4 0, 0, 1;
    %store/vec4 v0x556953dd1e60_0, 0, 1;
    %load/vec4 v0x556953dd0ae0_0;
    %store/vec4 v0x556953dd19f0_0, 0, 32;
    %wait E_0x556953d461d0;
T_3.16 ;
    %load/vec4 v0x556953dd1950_0;
    %nor/r;
    %flag_set/vec4 8;
    %jmp/0xz T_3.17, 8;
    %wait E_0x556953d461d0;
    %jmp T_3.16;
T_3.17 ;
    %load/vec4 v0x556953dd1b60_0;
    %store/vec4 v0x556953dd0be0_0, 0, 32;
    %pushi/vec4 0, 0, 1;
    %store/vec4 v0x556953dd1a90_0, 0, 1;
    %pushi/vec4 0, 0, 1;
    %store/vec4 v0x556953dd1dc0_0, 0, 1;
    %wait E_0x556953d461d0;
    %end;
S_0x556953dd0cc0 .scope task, "wb_write" "wb_write" 3 235, 3 235 0, S_0x556953d6c760;
 .timescale -9 -12;
v0x556953dd0ea0_0 .var "addr", 31 0;
v0x556953dd0fa0_0 .var "data", 31 0;
v0x556953dd1080_0 .var "sel", 3 0;
TD_tb_imem.wb_write ;
    %wait E_0x556953d461d0;
    %pushi/vec4 1, 0, 1;
    %store/vec4 v0x556953dd1a90_0, 0, 1;
    %pushi/vec4 1, 0, 1;
    %store/vec4 v0x556953dd1dc0_0, 0, 1;
    %pushi/vec4 1, 0, 1;
    %store/vec4 v0x556953dd1e60_0, 0, 1;
    %load/vec4 v0x556953dd0ea0_0;
    %store/vec4 v0x556953dd19f0_0, 0, 32;
    %load/vec4 v0x556953dd0fa0_0;
    %store/vec4 v0x556953dd1c30_0, 0, 32;
    %load/vec4 v0x556953dd1080_0;
    %store/vec4 v0x556953dd1cd0_0, 0, 4;
    %wait E_0x556953d461d0;
T_4.18 ;
    %load/vec4 v0x556953dd1950_0;
    %nor/r;
    %flag_set/vec4 8;
    %jmp/0xz T_4.19, 8;
    %wait E_0x556953d461d0;
    %jmp T_4.18;
T_4.19 ;
    %pushi/vec4 0, 0, 1;
    %store/vec4 v0x556953dd1a90_0, 0, 1;
    %pushi/vec4 0, 0, 1;
    %store/vec4 v0x556953dd1dc0_0, 0, 1;
    %pushi/vec4 0, 0, 1;
    %store/vec4 v0x556953dd1e60_0, 0, 1;
    %wait E_0x556953d461d0;
    %end;
    .scope S_0x556953d49530;
T_5 ;
    %vpi_call 2 33 "$readmemh", P_0x556953d63a40, v0x556953da90b0 {0 0 0};
    %end;
    .thread T_5;
    .scope S_0x556953d49530;
T_6 ;
    %wait E_0x556953d5b5c0;
    %load/vec4 v0x556953dcc610_0;
    %nor/r;
    %flag_set/vec4 8;
    %jmp/0xz  T_6.0, 8;
    %pushi/vec4 0, 0, 2;
    %assign/vec4 v0x556953dcc6d0_0, 0;
    %pushi/vec4 0, 0, 1;
    %assign/vec4 v0x556953dcc3d0_0, 0;
    %pushi/vec4 0, 0, 1;
    %assign/vec4 v0x556953dcc230_0, 0;
    %pushi/vec4 0, 0, 32;
    %assign/vec4 v0x556953da5f30_0, 0;
    %pushi/vec4 0, 0, 32;
    %assign/vec4 v0x556953daa860_0, 0;
    %pushi/vec4 0, 0, 1;
    %assign/vec4 v0x556953d96580_0, 0;
    %pushi/vec4 0, 0, 32;
    %assign/vec4 v0x556953d95ad0_0, 0;
    %pushi/vec4 0, 0, 32;
    %assign/vec4 v0x556953d96370_0, 0;
    %pushi/vec4 0, 0, 32;
    %assign/vec4 v0x556953dcc2f0_0, 0;
    %pushi/vec4 0, 0, 1;
    %assign/vec4 v0x556953dcc490_0, 0;
    %jmp T_6.1;
T_6.0 ;
    %pushi/vec4 0, 0, 1;
    %assign/vec4 v0x556953dcc230_0, 0;
    %pushi/vec4 0, 0, 1;
    %assign/vec4 v0x556953d96580_0, 0;
    %pushi/vec4 0, 0, 1;
    %assign/vec4 v0x556953dcc490_0, 0;
    %load/vec4 v0x556953dcc6d0_0;
    %dup/vec4;
    %pushi/vec4 0, 0, 2;
    %cmp/u;
    %jmp/1 T_6.2, 6;
    %dup/vec4;
    %pushi/vec4 1, 0, 2;
    %cmp/u;
    %jmp/1 T_6.3, 6;
    %dup/vec4;
    %pushi/vec4 2, 0, 2;
    %cmp/u;
    %jmp/1 T_6.4, 6;
    %dup/vec4;
    %pushi/vec4 3, 0, 2;
    %cmp/u;
    %jmp/1 T_6.5, 6;
    %jmp T_6.6;
T_6.2 ;
    %load/vec4 v0x556953dcc550_0;
    %flag_set/vec4 8;
    %jmp/0xz  T_6.7, 8;
    %pushi/vec4 0, 0, 32;
    %assign/vec4 v0x556953dcc2f0_0, 0;
    %pushi/vec4 1, 0, 2;
    %assign/vec4 v0x556953dcc6d0_0, 0;
    %pushi/vec4 1, 0, 1;
    %assign/vec4 v0x556953dcc490_0, 0;
T_6.7 ;
    %jmp T_6.6;
T_6.3 ;
    %load/vec4 v0x556953dcc490_0;
    %flag_set/vec4 8;
    %jmp/0xz  T_6.9, 8;
    %pushi/vec4 1, 0, 1;
    %assign/vec4 v0x556953dcc230_0, 0;
    %pushi/vec4 0, 0, 32;
    %load/vec4 v0x556953dcc2f0_0;
    %ix/load 4, 2, 0;
    %flag_set/imm 4, 0;
    %shiftl 4;
    %add;
    %assign/vec4 v0x556953da5f30_0, 0;
    %ix/getv 4, v0x556953dcc2f0_0;
    %load/vec4a v0x556953da90b0, 4;
    %assign/vec4 v0x556953daa860_0, 0;
    %load/vec4 v0x556953dcc2f0_0;
    %cmpi/e 1023, 0, 32;
    %jmp/0xz  T_6.11, 4;
    %pushi/vec4 2, 0, 2;
    %assign/vec4 v0x556953dcc6d0_0, 0;
    %pushi/vec4 0, 0, 32;
    %assign/vec4 v0x556953dcc2f0_0, 0;
    %pushi/vec4 1, 0, 1;
    %assign/vec4 v0x556953dcc490_0, 0;
    %jmp T_6.12;
T_6.11 ;
    %load/vec4 v0x556953dcc2f0_0;
    %addi 1, 0, 32;
    %assign/vec4 v0x556953dcc2f0_0, 0;
    %pushi/vec4 1, 0, 1;
    %assign/vec4 v0x556953dcc490_0, 0;
T_6.12 ;
    %jmp T_6.10;
T_6.9 ;
    %pushi/vec4 1, 0, 1;
    %assign/vec4 v0x556953dcc490_0, 0;
T_6.10 ;
    %jmp T_6.6;
T_6.4 ;
    %load/vec4 v0x556953dcc490_0;
    %flag_set/vec4 8;
    %jmp/0xz  T_6.13, 8;
    %pushi/vec4 1, 0, 1;
    %assign/vec4 v0x556953d96580_0, 0;
    %pushi/vec4 268435456, 0, 32;
    %load/vec4 v0x556953dcc2f0_0;
    %ix/load 4, 2, 0;
    %flag_set/imm 4, 0;
    %shiftl 4;
    %add;
    %assign/vec4 v0x556953d95ad0_0, 0;
    %pushi/vec4 0, 0, 32;
    %assign/vec4 v0x556953d96370_0, 0;
    %load/vec4 v0x556953dcc2f0_0;
    %cmpi/e 1023, 0, 32;
    %jmp/0xz  T_6.15, 4;
    %pushi/vec4 3, 0, 2;
    %assign/vec4 v0x556953dcc6d0_0, 0;
    %pushi/vec4 0, 0, 1;
    %assign/vec4 v0x556953dcc490_0, 0;
    %jmp T_6.16;
T_6.15 ;
    %load/vec4 v0x556953dcc2f0_0;
    %addi 1, 0, 32;
    %assign/vec4 v0x556953dcc2f0_0, 0;
    %pushi/vec4 1, 0, 1;
    %assign/vec4 v0x556953dcc490_0, 0;
T_6.16 ;
    %jmp T_6.14;
T_6.13 ;
    %pushi/vec4 1, 0, 1;
    %assign/vec4 v0x556953dcc490_0, 0;
T_6.14 ;
    %jmp T_6.6;
T_6.5 ;
    %pushi/vec4 1, 0, 1;
    %assign/vec4 v0x556953dcc3d0_0, 0;
    %pushi/vec4 0, 0, 2;
    %assign/vec4 v0x556953dcc6d0_0, 0;
    %jmp T_6.6;
T_6.6 ;
    %pop/vec4 1;
T_6.1 ;
    %jmp T_6;
    .thread T_6;
    .scope S_0x556953dccdc0;
T_7 ;
    %pushi/vec4 0, 0, 1;
    %store/vec4 v0x556953dcd9a0_0, 0, 1;
    %end;
    .thread T_7;
    .scope S_0x556953dccdc0;
T_8 ;
    %wait E_0x556953d461d0;
    %load/vec4 v0x556953dcdc00_0;
    %flag_set/vec4 10;
    %flag_get/vec4 10;
    %jmp/0 T_8.3, 10;
    %load/vec4 v0x556953dcdf60_0;
    %and;
T_8.3;
    %flag_set/vec4 9;
    %flag_get/vec4 9;
    %jmp/0 T_8.2, 9;
    %load/vec4 v0x556953dce020_0;
    %nor/r;
    %and;
T_8.2;
    %flag_set/vec4 8;
    %jmp/0xz  T_8.0, 8;
    %load/vec4 v0x556953dce0e0_0;
    %pad/u 12;
    %ix/vec4 4;
    %load/vec4a v0x556953dcd820, 4;
    %assign/vec4 v0x556953dcdcc0_0, 0;
    %pushi/vec4 1, 0, 1;
    %assign/vec4 v0x556953dcd9a0_0, 0;
    %jmp T_8.1;
T_8.0 ;
    %pushi/vec4 0, 0, 32;
    %assign/vec4 v0x556953dcdcc0_0, 0;
    %pushi/vec4 0, 0, 1;
    %assign/vec4 v0x556953dcd9a0_0, 0;
T_8.1 ;
    %jmp T_8;
    .thread T_8;
    .scope S_0x556953dccdc0;
T_9 ;
    %wait E_0x556953d461d0;
    %load/vec4 v0x556953dcd630_0;
    %flag_set/vec4 8;
    %jmp/0xz  T_9.0, 8;
    %load/vec4 v0x556953dcd540_0;
    %load/vec4 v0x556953dcd6f0_0;
    %pad/u 12;
    %ix/vec4 3;
    %ix/load 4, 0, 0; Constant delay
    %assign/vec4/a/d v0x556953dcd820, 0, 4;
    %vpi_call 5 57 "$display", "[INFO]: IMEM init mem at @ %h with %h", v0x556953dcd6f0_0, v0x556953dcd540_0 {0 0 0};
    %jmp T_9.1;
T_9.0 ;
    %load/vec4 v0x556953dcdc00_0;
    %flag_set/vec4 10;
    %flag_get/vec4 10;
    %jmp/0 T_9.5, 10;
    %load/vec4 v0x556953dcdf60_0;
    %and;
T_9.5;
    %flag_set/vec4 9;
    %flag_get/vec4 9;
    %jmp/0 T_9.4, 9;
    %load/vec4 v0x556953dce020_0;
    %and;
T_9.4;
    %flag_set/vec4 8;
    %jmp/0xz  T_9.2, 8;
    %vpi_call 5 61 "$display", "[WARNING]: Attempted IMEM write at %h", v0x556953dcdb20_0 {0 0 0};
T_9.2 ;
T_9.1 ;
    %jmp T_9;
    .thread T_9;
    .scope S_0x556953dccdc0;
T_10 ;
    %wait E_0x556953d5f400;
    %load/vec4 v0x556953dcd8e0_0;
    %nor/r;
    %flag_set/vec4 8;
    %jmp/0xz  T_10.0, 8;
    %pushi/vec4 0, 0, 1;
    %assign/vec4 v0x556953dcda60_0, 0;
    %jmp T_10.1;
T_10.0 ;
    %load/vec4 v0x556953dcdc00_0;
    %flag_set/vec4 9;
    %flag_get/vec4 9;
    %jmp/0 T_10.3, 9;
    %load/vec4 v0x556953dcdf60_0;
    %and;
T_10.3;
    %flag_set/vec4 8;
    %flag_get/vec4 8;
    %jmp/0 T_10.2, 8;
    %load/vec4 v0x556953dcd9a0_0;
    %and;
T_10.2;
    %assign/vec4 v0x556953dcda60_0, 0;
T_10.1 ;
    %jmp T_10;
    .thread T_10;
    .scope S_0x556953dcc990;
T_11 ;
    %wait E_0x556953d461d0;
    %load/vec4 v0x556953dcf1b0_0;
    %nor/r;
    %flag_set/vec4 8;
    %jmp/0xz  T_11.0, 8;
    %pushi/vec4 0, 0, 32;
    %assign/vec4 v0x556953dcf640_0, 0;
    %pushi/vec4 0, 0, 1;
    %assign/vec4 v0x556953dcf420_0, 0;
    %jmp T_11.1;
T_11.0 ;
    %load/vec4 v0x556953dcf0f0_0;
    %flag_set/vec4 8;
    %jmp/0xz  T_11.2, 8;
    %load/vec4 v0x556953dcf350_0;
    %assign/vec4 v0x556953dcf640_0, 0;
    %load/vec4 v0x556953dcf280_0;
    %assign/vec4 v0x556953dcf420_0, 0;
    %jmp T_11.3;
T_11.2 ;
    %pushi/vec4 0, 0, 1;
    %assign/vec4 v0x556953dcf420_0, 0;
T_11.3 ;
T_11.1 ;
    %jmp T_11;
    .thread T_11;
    .scope S_0x556953d6c760;
T_12 ;
    %pushi/vec4 0, 0, 1;
    %store/vec4 v0x556953dd1140_0, 0, 1;
T_12.0 ;
    %delay 5000, 0;
    %load/vec4 v0x556953dd1140_0;
    %inv;
    %store/vec4 v0x556953dd1140_0, 0, 1;
    %jmp T_12.0;
    %end;
    .thread T_12;
    .scope S_0x556953d6c760;
T_13 ;
    %pushi/vec4 0, 0, 1;
    %store/vec4 v0x556953dd14d0_0, 0, 1;
    %delay 100000, 0;
    %pushi/vec4 1, 0, 1;
    %store/vec4 v0x556953dd14d0_0, 0, 1;
    %end;
    .thread T_13;
    .scope S_0x556953d6c760;
T_14 ;
    %pushi/vec4 0, 0, 32;
    %store/vec4 v0x556953dd1790_0, 0, 32;
    %pushi/vec4 0, 0, 32; draw_string_vec4
    %pushi/vec4 0, 0, 32; draw_string_vec4
    %concat/vec4; draw_string_vec4
    %pushi/vec4 0, 0, 32; draw_string_vec4
    %concat/vec4; draw_string_vec4
    %pushi/vec4 0, 0, 32; draw_string_vec4
    %concat/vec4; draw_string_vec4
    %pushi/vec4 0, 0, 32; draw_string_vec4
    %concat/vec4; draw_string_vec4
    %pushi/vec4 0, 0, 32; draw_string_vec4
    %concat/vec4; draw_string_vec4
    %pushi/vec4 0, 0, 32; draw_string_vec4
    %concat/vec4; draw_string_vec4
    %pushi/vec4 0, 0, 32; draw_string_vec4
    %concat/vec4; draw_string_vec4
    %pushi/vec4 0, 0, 32; draw_string_vec4
    %concat/vec4; draw_string_vec4
    %pushi/vec4 0, 0, 32; draw_string_vec4
    %concat/vec4; draw_string_vec4
    %store/vec4 v0x556953dd16b0_0, 0, 320;
    %pushi/vec4 0, 0, 32;
    %store/vec4 v0x556953dd1870_0, 0, 32;
    %pushi/vec4 0, 0, 32;
    %store/vec4 v0x556953dd1610_0, 0, 32;
    %vpi_call 3 79 "$dumpfile", "imem_tb.vcd" {0 0 0};
    %vpi_call 3 80 "$dumpvars", 32'sb00000000000000000000000000000000, S_0x556953d6c760 {0 0 0};
    %wait E_0x556953d5b810;
    %delay 20000, 0;
    %vpi_call 3 87 "$display", "\012[TESTBENCH IMEM][TEST 1] BASIC READ: Starting" {0 0 0};
    %pushi/vec4 1, 0, 32;
    %store/vec4 v0x556953dd1790_0, 0, 32;
    %pushi/vec4 0, 0, 32; draw_string_vec4
    %pushi/vec4 0, 0, 32; draw_string_vec4
    %concat/vec4; draw_string_vec4
    %pushi/vec4 0, 0, 32; draw_string_vec4
    %concat/vec4; draw_string_vec4
    %pushi/vec4 0, 0, 32; draw_string_vec4
    %concat/vec4; draw_string_vec4
    %pushi/vec4 0, 0, 32; draw_string_vec4
    %concat/vec4; draw_string_vec4
    %pushi/vec4 0, 0, 32; draw_string_vec4
    %concat/vec4; draw_string_vec4
    %pushi/vec4 0, 0, 32; draw_string_vec4
    %concat/vec4; draw_string_vec4
    %pushi/vec4 16993, 0, 32; draw_string_vec4
    %concat/vec4; draw_string_vec4
    %pushi/vec4 1936286496, 0, 32; draw_string_vec4
    %concat/vec4; draw_string_vec4
    %pushi/vec4 1382375780, 0, 32; draw_string_vec4
    %concat/vec4; draw_string_vec4
    %store/vec4 v0x556953dd16b0_0, 0, 320;
    %fork TD_tb_imem.test_basic_read, S_0x556953dcfbd0;
    %join;
    %load/vec4 v0x556953dcfd80_0;
    %store/vec4 v0x556953dd1610_0, 0, 32;
    %load/vec4 v0x556953dd1870_0;
    %load/vec4 v0x556953dd1610_0;
    %add;
    %store/vec4 v0x556953dd1870_0, 0, 32;
    %vpi_call 3 92 "$display", "\012[TESTBENCH IMEM][TEST 1] BASIC READ: Completed" {0 0 0};
    %vpi_call 3 94 "$display", "\012[TESTBENCH IMEM][TEST 2] WRITE PROTECTION: Starting" {0 0 0};
    %pushi/vec4 2, 0, 32;
    %store/vec4 v0x556953dd1790_0, 0, 32;
    %pushi/vec4 0, 0, 32; draw_string_vec4
    %pushi/vec4 0, 0, 32; draw_string_vec4
    %concat/vec4; draw_string_vec4
    %pushi/vec4 0, 0, 32; draw_string_vec4
    %concat/vec4; draw_string_vec4
    %pushi/vec4 0, 0, 32; draw_string_vec4
    %concat/vec4; draw_string_vec4
    %pushi/vec4 0, 0, 32; draw_string_vec4
    %concat/vec4; draw_string_vec4
    %pushi/vec4 0, 0, 32; draw_string_vec4
    %concat/vec4; draw_string_vec4
    %pushi/vec4 1467115892, 0, 32; draw_string_vec4
    %concat/vec4; draw_string_vec4
    %pushi/vec4 1696616562, 0, 32; draw_string_vec4
    %concat/vec4; draw_string_vec4
    %pushi/vec4 1869899107, 0, 32; draw_string_vec4
    %concat/vec4; draw_string_vec4
    %pushi/vec4 1953066862, 0, 32; draw_string_vec4
    %concat/vec4; draw_string_vec4
    %store/vec4 v0x556953dd16b0_0, 0, 320;
    %fork TD_tb_imem.test_write_protection, S_0x556953dd04f0;
    %join;
    %load/vec4 v0x556953dd06d0_0;
    %store/vec4 v0x556953dd1610_0, 0, 32;
    %load/vec4 v0x556953dd1870_0;
    %load/vec4 v0x556953dd1610_0;
    %add;
    %store/vec4 v0x556953dd1870_0, 0, 32;
    %vpi_call 3 99 "$display", "\012[TESTBENCH IMEM][TEST 2] WRITE PROTECTION: Completed" {0 0 0};
    %vpi_call 3 101 "$display", "\012[TESTBENCH IMEM][TEST 3] INITIALIZATION: Starting" {0 0 0};
    %pushi/vec4 3, 0, 32;
    %store/vec4 v0x556953dd1790_0, 0, 32;
    %pushi/vec4 0, 0, 32; draw_string_vec4
    %pushi/vec4 0, 0, 32; draw_string_vec4
    %concat/vec4; draw_string_vec4
    %pushi/vec4 0, 0, 32; draw_string_vec4
    %concat/vec4; draw_string_vec4
    %pushi/vec4 0, 0, 32; draw_string_vec4
    %concat/vec4; draw_string_vec4
    %pushi/vec4 0, 0, 32; draw_string_vec4
    %concat/vec4; draw_string_vec4
    %pushi/vec4 0, 0, 32; draw_string_vec4
    %concat/vec4; draw_string_vec4
    %pushi/vec4 18798, 0, 32; draw_string_vec4
    %concat/vec4; draw_string_vec4
    %pushi/vec4 1769236833, 0, 32; draw_string_vec4
    %concat/vec4; draw_string_vec4
    %pushi/vec4 1818851937, 0, 32; draw_string_vec4
    %concat/vec4; draw_string_vec4
    %pushi/vec4 1953066862, 0, 32; draw_string_vec4
    %concat/vec4; draw_string_vec4
    %store/vec4 v0x556953dd16b0_0, 0, 320;
    %fork TD_tb_imem.test_initialization, S_0x556953dd0030;
    %join;
    %load/vec4 v0x556953dd0240_0;
    %store/vec4 v0x556953dd1610_0, 0, 32;
    %load/vec4 v0x556953dd1870_0;
    %load/vec4 v0x556953dd1610_0;
    %add;
    %store/vec4 v0x556953dd1870_0, 0, 32;
    %vpi_call 3 106 "$display", "\012[TESTBENCH IMEM][TEST 3] INITIALIZATION: Completed" {0 0 0};
    %vpi_call 3 109 "$display", "\012Testbench completed with %0d total errors", v0x556953dd1870_0 {0 0 0};
    %vpi_call 3 110 "$finish" {0 0 0};
    %end;
    .thread T_14;
# The file index is used to find the file name in the following table.
:file_names 6;
    "N/A";
    "<interactive>";
    "/home/gael/Desktop/asic_workspace/MiniSoC_RV32I/src/mem/mem_init/mem_init.v";
    "/home/gael/Desktop/asic_workspace/MiniSoC_RV32I/sim/mem/imem/tb_imem.v";
    "/home/gael/Desktop/asic_workspace/MiniSoC_RV32I/src/mem/imem/imem_wrapper.v";
    "/home/gael/Desktop/asic_workspace/MiniSoC_RV32I/src/mem/imem/imem.v";
