#! /usr/bin/vvp
:ivl_version "12.0 (stable)";
:ivl_delay_selection "TYPICAL";
:vpi_time_precision - 12;
:vpi_module "/usr/lib/x86_64-linux-gnu/ivl/system.vpi";
:vpi_module "/usr/lib/x86_64-linux-gnu/ivl/vhdl_sys.vpi";
:vpi_module "/usr/lib/x86_64-linux-gnu/ivl/vhdl_textio.vpi";
:vpi_module "/usr/lib/x86_64-linux-gnu/ivl/v2005_math.vpi";
:vpi_module "/usr/lib/x86_64-linux-gnu/ivl/va_math.vpi";
S_0x63b511033c50 .scope module, "tb_wishbone_interconnect" "tb_wishbone_interconnect" 2 3;
 .timescale -9 -12;
P_0x63b51104c660 .param/l "ADDR_WIDTH" 0 2 6, +C4<00000000000000000000000000100000>;
P_0x63b51104c6a0 .param/l "CLK_PERIOD" 0 2 5, +C4<00000000000000000000000000001010>;
P_0x63b51104c6e0 .param/l "DATA_WIDTH" 0 2 7, +C4<00000000000000000000000000100000>;
P_0x63b51104c720 .param/l "DMEM_BASE_ADDR" 0 2 9, C4<00010000000000000000000000000000>;
P_0x63b51104c760 .param/l "GPIO_BASE_ADDR" 0 2 12, C4<01000000000000000000000000000000>;
P_0x63b51104c7a0 .param/l "IMEM_BASE_ADDR" 0 2 8, C4<00000000000000000000000000000000>;
P_0x63b51104c7e0 .param/l "TIMER_BASE_ADDR" 0 2 11, C4<00110000000000000000000000000000>;
P_0x63b51104c820 .param/l "UART_BASE_ADDR" 0 2 10, C4<00100000000000000000000000000000>;
v0x63b511076250_0 .var "clk", 0 0;
v0x63b511076310_0 .var "rst_n", 0 0;
v0x63b5110763d0_0 .var "slave_accessed", 4 0;
v0x63b5110764a0_0 .var "task_error_count", 31 0;
v0x63b511076580_0 .var "test_name", 320 1;
v0x63b511076660_0 .var "test_num", 31 0;
v0x63b511076740_0 .var "total_errors", 31 0;
v0x63b511076820_0 .net "wb_m_cpu_ack", 0 0, v0x63b51106be90_0;  1 drivers
v0x63b511076910_0 .net "wb_m_cpu_addr", 31 0, v0x63b511068dd0_0;  1 drivers
v0x63b5110769d0_0 .net "wb_m_cpu_cyc", 0 0, v0x63b511068eb0_0;  1 drivers
v0x63b511076ac0_0 .net "wb_m_cpu_data_read", 31 0, v0x63b51106c0f0_0;  1 drivers
v0x63b511076bd0_0 .net "wb_m_cpu_data_write", 31 0, v0x63b511069050_0;  1 drivers
v0x63b511076ce0_0 .net "wb_m_cpu_sel", 3 0, v0x63b511069130_0;  1 drivers
v0x63b511076df0_0 .net "wb_m_cpu_stb", 0 0, v0x63b511069210_0;  1 drivers
v0x63b511076ee0_0 .net "wb_m_cpu_we", 0 0, v0x63b5110692d0_0;  1 drivers
v0x63b511076fd0_0 .net "wb_s0_imem_ack", 0 0, v0x63b511071730_0;  1 drivers
v0x63b5110770c0_0 .net "wb_s0_imem_addr", 31 0, v0x63b51106c5a0_0;  1 drivers
v0x63b5110772e0_0 .net "wb_s0_imem_cyc", 0 0, v0x63b51106c640_0;  1 drivers
v0x63b5110773d0_0 .net "wb_s0_imem_data_read", 31 0, v0x63b511071a40_0;  1 drivers
v0x63b5110774e0_0 .net "wb_s0_imem_data_write", 31 0, v0x63b51106c7c0_0;  1 drivers
v0x63b5110775f0_0 .net "wb_s0_imem_sel", 3 0, v0x63b51106c8a0_0;  1 drivers
v0x63b511077700_0 .net "wb_s0_imem_stb", 0 0, v0x63b51106ca90_0;  1 drivers
v0x63b5110777f0_0 .net "wb_s0_imem_we", 0 0, v0x63b51106cb50_0;  1 drivers
v0x63b5110778e0_0 .net "wb_s1_dmem_ack", 0 0, v0x63b51106a5a0_0;  1 drivers
v0x63b5110779d0_0 .net "wb_s1_dmem_addr", 31 0, v0x63b51106cce0_0;  1 drivers
v0x63b511077ae0_0 .net "wb_s1_dmem_cyc", 0 0, v0x63b51106cdb0_0;  1 drivers
v0x63b511077bd0_0 .net "wb_s1_dmem_data_read", 31 0, v0x63b51106a8c0_0;  1 drivers
v0x63b511077ce0_0 .net "wb_s1_dmem_data_write", 31 0, v0x63b51106cf50_0;  1 drivers
v0x63b511077df0_0 .net "wb_s1_dmem_sel", 3 0, v0x63b51106d020_0;  1 drivers
v0x63b511077f00_0 .net "wb_s1_dmem_stb", 0 0, v0x63b51106d0f0_0;  1 drivers
v0x63b511077ff0_0 .net "wb_s1_dmem_we", 0 0, v0x63b51106d1c0_0;  1 drivers
v0x63b5110780e0_0 .net "wb_s2_uart_ack", 0 0, v0x63b5110759d0_0;  1 drivers
v0x63b5110781d0_0 .net "wb_s2_uart_addr", 31 0, v0x63b51106d330_0;  1 drivers
v0x63b5110784f0_0 .net "wb_s2_uart_cyc", 0 0, v0x63b51106d3d0_0;  1 drivers
v0x63b5110785e0_0 .net "wb_s2_uart_data_read", 31 0, v0x63b511075ce0_0;  1 drivers
v0x63b5110786f0_0 .net "wb_s2_uart_data_write", 31 0, v0x63b51106d550_0;  1 drivers
v0x63b511078800_0 .net "wb_s2_uart_sel", 3 0, v0x63b51106d630_0;  1 drivers
v0x63b511078910_0 .net "wb_s2_uart_stb", 0 0, v0x63b51106d920_0;  1 drivers
v0x63b511078a00_0 .net "wb_s2_uart_we", 0 0, v0x63b51106d9e0_0;  1 drivers
v0x63b511078af0_0 .net "wb_s3_timer_ack", 0 0, v0x63b511074070_0;  1 drivers
v0x63b511078be0_0 .net "wb_s3_timer_addr", 31 0, v0x63b51106db60_0;  1 drivers
v0x63b511078cf0_0 .net "wb_s3_timer_cyc", 0 0, v0x63b51106dc40_0;  1 drivers
v0x63b511078de0_0 .net "wb_s3_timer_data_read", 31 0, v0x63b511074380_0;  1 drivers
v0x63b511078ef0_0 .net "wb_s3_timer_data_write", 31 0, v0x63b51106dde0_0;  1 drivers
v0x63b511079000_0 .net "wb_s3_timer_sel", 3 0, v0x63b51106dec0_0;  1 drivers
v0x63b511079110_0 .net "wb_s3_timer_stb", 0 0, v0x63b51106dfa0_0;  1 drivers
v0x63b511079200_0 .net "wb_s3_timer_we", 0 0, v0x63b51106e060_0;  1 drivers
v0x63b5110792f0_0 .net "wb_s4_gpio_ack", 0 0, v0x63b51106fdb0_0;  1 drivers
v0x63b5110793e0_0 .net "wb_s4_gpio_addr", 31 0, v0x63b51106e1e0_0;  1 drivers
v0x63b5110794f0_0 .net "wb_s4_gpio_cyc", 0 0, v0x63b51106e2c0_0;  1 drivers
v0x63b5110795e0_0 .net "wb_s4_gpio_data_read", 31 0, v0x63b5110700c0_0;  1 drivers
v0x63b5110796f0_0 .net "wb_s4_gpio_data_write", 31 0, v0x63b51106e460_0;  1 drivers
v0x63b511079800_0 .net "wb_s4_gpio_sel", 3 0, v0x63b51106e540_0;  1 drivers
v0x63b511079910_0 .net "wb_s4_gpio_stb", 0 0, v0x63b51106e620_0;  1 drivers
v0x63b511079a00_0 .net "wb_s4_gpio_we", 0 0, v0x63b51106e6e0_0;  1 drivers
E_0x63b511000b50 .event posedge, v0x63b511068b70_0;
S_0x63b51103cd30 .scope module, "cpu_master" "wb_master_model" 2 153, 3 1 0, S_0x63b511033c50;
 .timescale 0 0;
    .port_info 0 /INPUT 1 "clk";
    .port_info 1 /INPUT 1 "rst_n";
    .port_info 2 /OUTPUT 1 "wb_cyc_o";
    .port_info 3 /OUTPUT 1 "wb_stb_o";
    .port_info 4 /OUTPUT 1 "wb_we_o";
    .port_info 5 /OUTPUT 32 "wb_addr_o";
    .port_info 6 /OUTPUT 32 "wb_data_o";
    .port_info 7 /OUTPUT 4 "wb_sel_o";
    .port_info 8 /INPUT 32 "wb_data_i";
    .port_info 9 /INPUT 1 "wb_ack_i";
P_0x63b511041890 .param/l "ADDR_WIDTH" 0 3 2, +C4<00000000000000000000000000100000>;
P_0x63b5110418d0 .param/l "DATA_WIDTH" 0 3 3, +C4<00000000000000000000000000100000>;
P_0x63b511041910 .param/l "DONE" 1 3 30, C4<11>;
P_0x63b511041950 .param/l "IDLE" 1 3 27, C4<00>;
P_0x63b511041990 .param/l "START" 1 3 28, C4<01>;
P_0x63b5110419d0 .param/l "WAIT_ACK" 1 3 29, C4<10>;
L_0x63b511038ad0 .functor AND 1, L_0x63b511079af0, v0x63b511068850_0, C4<1>, C4<1>;
L_0x63b511031e90 .functor BUFZ 32, v0x63b51106c0f0_0, C4<00000000000000000000000000000000>, C4<00000000000000000000000000000000>, C4<00000000000000000000000000000000>;
L_0x63b51102d090 .functor AND 1, L_0x63b511079c30, L_0x63b511079d70, C4<1>, C4<1>;
L_0x7da511240018 .functor BUFT 1, C4<11>, C4<0>, C4<0>, C4<0>;
v0x63b51102d1b0_0 .net/2u *"_ivl_0", 1 0, L_0x7da511240018;  1 drivers
v0x63b51102d770_0 .net *"_ivl_10", 0 0, L_0x63b511079c30;  1 drivers
v0x63b51102c4a0_0 .net *"_ivl_13", 0 0, L_0x63b511079d70;  1 drivers
v0x63b5110683e0_0 .net *"_ivl_2", 0 0, L_0x63b511079af0;  1 drivers
L_0x7da511240060 .functor BUFT 1, C4<11>, C4<0>, C4<0>, C4<0>;
v0x63b5110684a0_0 .net/2u *"_ivl_8", 1 0, L_0x7da511240060;  1 drivers
v0x63b5110685d0_0 .var "addr_reg", 31 0;
v0x63b5110686b0_0 .net "clk", 0 0, v0x63b511076250_0;  1 drivers
v0x63b511068770_0 .var "data_reg", 31 0;
v0x63b511068850_0 .var "operation_type", 0 0;
v0x63b511068910_0 .net "read_data", 31 0, L_0x63b511031e90;  1 drivers
v0x63b5110689f0_0 .net "read_done", 0 0, L_0x63b51102d090;  1 drivers
v0x63b511068ab0_0 .var "read_req", 0 0;
v0x63b511068b70_0 .net "rst_n", 0 0, v0x63b511076310_0;  1 drivers
v0x63b511068c30_0 .var "state", 1 0;
v0x63b511068d10_0 .net "wb_ack_i", 0 0, v0x63b51106be90_0;  alias, 1 drivers
v0x63b511068dd0_0 .var "wb_addr_o", 31 0;
v0x63b511068eb0_0 .var "wb_cyc_o", 0 0;
v0x63b511068f70_0 .net "wb_data_i", 31 0, v0x63b51106c0f0_0;  alias, 1 drivers
v0x63b511069050_0 .var "wb_data_o", 31 0;
v0x63b511069130_0 .var "wb_sel_o", 3 0;
v0x63b511069210_0 .var "wb_stb_o", 0 0;
v0x63b5110692d0_0 .var "wb_we_o", 0 0;
v0x63b511069390_0 .net "write_done", 0 0, L_0x63b511038ad0;  1 drivers
v0x63b511069450_0 .var "write_req", 0 0;
E_0x63b511008ce0/0 .event negedge, v0x63b511068b70_0;
E_0x63b511008ce0/1 .event posedge, v0x63b5110686b0_0;
E_0x63b511008ce0 .event/or E_0x63b511008ce0/0, E_0x63b511008ce0/1;
L_0x63b511079af0 .cmp/eq 2, v0x63b511068c30_0, L_0x7da511240018;
L_0x63b511079c30 .cmp/eq 2, v0x63b511068c30_0, L_0x7da511240060;
L_0x63b511079d70 .reduce/nor v0x63b511068850_0;
S_0x63b511033670 .scope task, "wb_read" "wb_read" 3 105, 3 105 0, S_0x63b51103cd30;
 .timescale 0 0;
v0x63b511049390_0 .var "addr", 31 0;
v0x63b51103b0d0_0 .var "read_data_out", 31 0;
E_0x63b511005570 .event anyedge, v0x63b5110689f0_0;
E_0x63b510faa2b0 .event posedge, v0x63b5110686b0_0;
TD_tb_wishbone_interconnect.cpu_master.wb_read ;
    %wait E_0x63b510faa2b0;
    %load/vec4 v0x63b511049390_0;
    %store/vec4 v0x63b5110685d0_0, 0, 32;
    %pushi/vec4 0, 0, 1;
    %store/vec4 v0x63b511068850_0, 0, 1;
    %pushi/vec4 1, 0, 1;
    %store/vec4 v0x63b511068ab0_0, 0, 1;
    %wait E_0x63b510faa2b0;
    %pushi/vec4 0, 0, 1;
    %store/vec4 v0x63b511068ab0_0, 0, 1;
T_0.0 ;
    %load/vec4 v0x63b5110689f0_0;
    %cmpi/ne 1, 0, 1;
    %jmp/0xz T_0.1, 6;
    %wait E_0x63b511005570;
    %jmp T_0.0;
T_0.1 ;
    %load/vec4 v0x63b511068910_0;
    %store/vec4 v0x63b51103b0d0_0, 0, 32;
    %end;
S_0x63b5110680a0 .scope task, "wb_write" "wb_write" 3 81, 3 81 0, S_0x63b51103cd30;
 .timescale 0 0;
v0x63b51103b170_0 .var "addr", 31 0;
v0x63b511031fb0_0 .var "data", 31 0;
E_0x63b51104cc50 .event anyedge, v0x63b511069390_0;
TD_tb_wishbone_interconnect.cpu_master.wb_write ;
    %wait E_0x63b510faa2b0;
    %load/vec4 v0x63b51103b170_0;
    %store/vec4 v0x63b5110685d0_0, 0, 32;
    %load/vec4 v0x63b511031fb0_0;
    %store/vec4 v0x63b511068770_0, 0, 32;
    %pushi/vec4 1, 0, 1;
    %store/vec4 v0x63b511068850_0, 0, 1;
    %pushi/vec4 1, 0, 1;
    %store/vec4 v0x63b511069450_0, 0, 1;
    %wait E_0x63b510faa2b0;
    %pushi/vec4 0, 0, 1;
    %store/vec4 v0x63b511069450_0, 0, 1;
T_1.2 ;
    %load/vec4 v0x63b511069390_0;
    %cmpi/ne 1, 0, 1;
    %jmp/0xz T_1.3, 6;
    %wait E_0x63b51104cc50;
    %jmp T_1.2;
T_1.3 ;
    %end;
S_0x63b511069650 .scope module, "dmem_slave" "wb_slave_model" 2 189, 4 1 0, S_0x63b511033c50;
 .timescale 0 0;
    .port_info 0 /INPUT 1 "clk";
    .port_info 1 /INPUT 1 "rst_n";
    .port_info 2 /INPUT 1 "wb_cyc_i";
    .port_info 3 /INPUT 1 "wb_stb_i";
    .port_info 4 /INPUT 1 "wb_we_i";
    .port_info 5 /INPUT 32 "wb_addr_i";
    .port_info 6 /INPUT 32 "wb_data_i";
    .port_info 7 /INPUT 4 "wb_sel_i";
    .port_info 8 /OUTPUT 32 "wb_data_o";
    .port_info 9 /OUTPUT 1 "wb_ack_o";
P_0x63b51104a180 .param/l "ADDR_WIDTH" 0 4 4, +C4<00000000000000000000000000100000>;
P_0x63b51104a1c0 .param/l "BASE_ADDR" 0 4 3, C4<00010000000000000000000000000000>;
P_0x63b51104a200 .param/l "DATA_WIDTH" 0 4 5, +C4<00000000000000000000000000100000>;
P_0x63b51104a240 .param/l "SLAVE_ID" 0 4 2, +C4<00000000000000000000000000000001>;
L_0x63b51102c380 .functor AND 1, L_0x63b51108a280, L_0x63b51108a370, C4<1>, C4<1>;
L_0x7da511240180 .functor BUFT 1, C4<00010000000000000000000000000000>, C4<0>, C4<0>, C4<0>;
v0x63b511069d50_0 .net/2u *"_ivl_0", 31 0, L_0x7da511240180;  1 drivers
L_0x7da511240210 .functor BUFT 1, C4<00010000000000000000000000000000>, C4<0>, C4<0>, C4<0>;
v0x63b511069e50_0 .net/2u *"_ivl_10", 31 0, L_0x7da511240210;  1 drivers
v0x63b511069f30_0 .net *"_ivl_2", 0 0, L_0x63b51108a280;  1 drivers
L_0x7da5112401c8 .functor BUFT 1, C4<00010000000000000001000000000000>, C4<0>, C4<0>, C4<0>;
v0x63b51106a000_0 .net/2u *"_ivl_4", 31 0, L_0x7da5112401c8;  1 drivers
v0x63b51106a0e0_0 .net *"_ivl_6", 0 0, L_0x63b51108a370;  1 drivers
v0x63b51106a1f0_0 .net "addr_offset", 31 0, L_0x63b51108a4b0;  1 drivers
v0x63b51106a2d0_0 .net "clk", 0 0, v0x63b511076250_0;  alias, 1 drivers
v0x63b51106a370_0 .net "is_selected", 0 0, L_0x63b51102c380;  1 drivers
v0x63b51106a410 .array "mem", 1023 0, 31 0;
v0x63b51106a4d0_0 .net "rst_n", 0 0, v0x63b511076310_0;  alias, 1 drivers
v0x63b51106a5a0_0 .var "wb_ack_o", 0 0;
v0x63b51106a640_0 .net "wb_addr_i", 31 0, v0x63b51106cce0_0;  alias, 1 drivers
v0x63b51106a720_0 .net "wb_cyc_i", 0 0, v0x63b51106cdb0_0;  alias, 1 drivers
v0x63b51106a7e0_0 .net "wb_data_i", 31 0, v0x63b51106cf50_0;  alias, 1 drivers
v0x63b51106a8c0_0 .var "wb_data_o", 31 0;
v0x63b51106a9a0_0 .net "wb_sel_i", 3 0, v0x63b51106d020_0;  alias, 1 drivers
v0x63b51106aa80_0 .net "wb_stb_i", 0 0, v0x63b51106d0f0_0;  alias, 1 drivers
v0x63b51106ac50_0 .net "wb_we_i", 0 0, v0x63b51106d1c0_0;  alias, 1 drivers
L_0x63b51108a280 .cmp/ge 32, v0x63b51106cce0_0, L_0x7da511240180;
L_0x63b51108a370 .cmp/gt 32, L_0x7da5112401c8, v0x63b51106cce0_0;
L_0x63b51108a4b0 .arith/sub 32, v0x63b51106cce0_0, L_0x7da511240210;
S_0x63b511069a70 .scope begin, "$ivl_for_loop0" "$ivl_for_loop0" 4 39, 4 39 0, S_0x63b511069650;
 .timescale 0 0;
v0x63b511069c50_0 .var/i "i", 31 0;
S_0x63b51106aeb0 .scope module, "dut" "wishbone_interconnect" 2 93, 5 1 0, S_0x63b511033c50;
 .timescale 0 0;
    .port_info 0 /INPUT 1 "clk";
    .port_info 1 /INPUT 1 "rst_n";
    .port_info 2 /INPUT 1 "wb_m_cpu_cyc";
    .port_info 3 /INPUT 1 "wb_m_cpu_stb";
    .port_info 4 /INPUT 1 "wb_m_cpu_we";
    .port_info 5 /INPUT 32 "wb_m_cpu_addr";
    .port_info 6 /INPUT 32 "wb_m_cpu_data_write";
    .port_info 7 /INPUT 4 "wb_m_cpu_sel";
    .port_info 8 /OUTPUT 32 "wb_m_cpu_data_read";
    .port_info 9 /OUTPUT 1 "wb_m_cpu_ack";
    .port_info 10 /OUTPUT 1 "wb_s0_imem_cyc";
    .port_info 11 /OUTPUT 1 "wb_s0_imem_stb";
    .port_info 12 /OUTPUT 1 "wb_s0_imem_we";
    .port_info 13 /OUTPUT 32 "wb_s0_imem_addr";
    .port_info 14 /OUTPUT 32 "wb_s0_imem_data_write";
    .port_info 15 /OUTPUT 4 "wb_s0_imem_sel";
    .port_info 16 /INPUT 32 "wb_s0_imem_data_read";
    .port_info 17 /INPUT 1 "wb_s0_imem_ack";
    .port_info 18 /OUTPUT 1 "wb_s1_dmem_cyc";
    .port_info 19 /OUTPUT 1 "wb_s1_dmem_stb";
    .port_info 20 /OUTPUT 1 "wb_s1_dmem_we";
    .port_info 21 /OUTPUT 32 "wb_s1_dmem_addr";
    .port_info 22 /OUTPUT 32 "wb_s1_dmem_data_write";
    .port_info 23 /OUTPUT 4 "wb_s1_dmem_sel";
    .port_info 24 /INPUT 32 "wb_s1_dmem_data_read";
    .port_info 25 /INPUT 1 "wb_s1_dmem_ack";
    .port_info 26 /OUTPUT 1 "wb_s2_uart_cyc";
    .port_info 27 /OUTPUT 1 "wb_s2_uart_stb";
    .port_info 28 /OUTPUT 1 "wb_s2_uart_we";
    .port_info 29 /OUTPUT 32 "wb_s2_uart_addr";
    .port_info 30 /OUTPUT 32 "wb_s2_uart_data_write";
    .port_info 31 /OUTPUT 4 "wb_s2_uart_sel";
    .port_info 32 /INPUT 32 "wb_s2_uart_data_read";
    .port_info 33 /INPUT 1 "wb_s2_uart_ack";
    .port_info 34 /OUTPUT 1 "wb_s3_timer_cyc";
    .port_info 35 /OUTPUT 1 "wb_s3_timer_stb";
    .port_info 36 /OUTPUT 1 "wb_s3_timer_we";
    .port_info 37 /OUTPUT 32 "wb_s3_timer_addr";
    .port_info 38 /OUTPUT 32 "wb_s3_timer_data_write";
    .port_info 39 /OUTPUT 4 "wb_s3_timer_sel";
    .port_info 40 /INPUT 32 "wb_s3_timer_data_read";
    .port_info 41 /INPUT 1 "wb_s3_timer_ack";
    .port_info 42 /OUTPUT 1 "wb_s4_gpio_cyc";
    .port_info 43 /OUTPUT 1 "wb_s4_gpio_stb";
    .port_info 44 /OUTPUT 1 "wb_s4_gpio_we";
    .port_info 45 /OUTPUT 32 "wb_s4_gpio_addr";
    .port_info 46 /OUTPUT 32 "wb_s4_gpio_data_write";
    .port_info 47 /OUTPUT 4 "wb_s4_gpio_sel";
    .port_info 48 /INPUT 32 "wb_s4_gpio_data_read";
    .port_info 49 /INPUT 1 "wb_s4_gpio_ack";
P_0x63b51106b070 .param/l "ADDR_WIDTH" 0 5 2, +C4<00000000000000000000000000100000>;
P_0x63b51106b0b0 .param/l "DATA_WIDTH" 0 5 3, +C4<00000000000000000000000000100000>;
P_0x63b51106b0f0 .param/l "SLAVE_DMEM" 1 5 75, C4<001>;
P_0x63b51106b130 .param/l "SLAVE_GPIO" 1 5 78, C4<100>;
P_0x63b51106b170 .param/l "SLAVE_IMEM" 1 5 74, C4<000>;
P_0x63b51106b1b0 .param/l "SLAVE_NONE" 1 5 79, C4<111>;
P_0x63b51106b1f0 .param/l "SLAVE_TIMER" 1 5 77, C4<011>;
P_0x63b51106b230 .param/l "SLAVE_UART" 1 5 76, C4<010>;
v0x63b51106bbd0_0 .net "clk", 0 0, v0x63b511076250_0;  alias, 1 drivers
v0x63b51106bce0_0 .net "rst_n", 0 0, v0x63b511076310_0;  alias, 1 drivers
v0x63b51106bdf0_0 .var "sel_slave", 2 0;
v0x63b51106be90_0 .var "wb_m_cpu_ack", 0 0;
v0x63b51106bf30_0 .net "wb_m_cpu_addr", 31 0, v0x63b511068dd0_0;  alias, 1 drivers
v0x63b51106c020_0 .net "wb_m_cpu_cyc", 0 0, v0x63b511068eb0_0;  alias, 1 drivers
v0x63b51106c0f0_0 .var "wb_m_cpu_data_read", 31 0;
v0x63b51106c1c0_0 .net "wb_m_cpu_data_write", 31 0, v0x63b511069050_0;  alias, 1 drivers
v0x63b51106c290_0 .net "wb_m_cpu_sel", 3 0, v0x63b511069130_0;  alias, 1 drivers
v0x63b51106c360_0 .net "wb_m_cpu_stb", 0 0, v0x63b511069210_0;  alias, 1 drivers
v0x63b51106c430_0 .net "wb_m_cpu_we", 0 0, v0x63b5110692d0_0;  alias, 1 drivers
v0x63b51106c500_0 .net "wb_s0_imem_ack", 0 0, v0x63b511071730_0;  alias, 1 drivers
v0x63b51106c5a0_0 .var "wb_s0_imem_addr", 31 0;
v0x63b51106c640_0 .var "wb_s0_imem_cyc", 0 0;
v0x63b51106c6e0_0 .net "wb_s0_imem_data_read", 31 0, v0x63b511071a40_0;  alias, 1 drivers
v0x63b51106c7c0_0 .var "wb_s0_imem_data_write", 31 0;
v0x63b51106c8a0_0 .var "wb_s0_imem_sel", 3 0;
v0x63b51106ca90_0 .var "wb_s0_imem_stb", 0 0;
v0x63b51106cb50_0 .var "wb_s0_imem_we", 0 0;
v0x63b51106cc10_0 .net "wb_s1_dmem_ack", 0 0, v0x63b51106a5a0_0;  alias, 1 drivers
v0x63b51106cce0_0 .var "wb_s1_dmem_addr", 31 0;
v0x63b51106cdb0_0 .var "wb_s1_dmem_cyc", 0 0;
v0x63b51106ce80_0 .net "wb_s1_dmem_data_read", 31 0, v0x63b51106a8c0_0;  alias, 1 drivers
v0x63b51106cf50_0 .var "wb_s1_dmem_data_write", 31 0;
v0x63b51106d020_0 .var "wb_s1_dmem_sel", 3 0;
v0x63b51106d0f0_0 .var "wb_s1_dmem_stb", 0 0;
v0x63b51106d1c0_0 .var "wb_s1_dmem_we", 0 0;
v0x63b51106d290_0 .net "wb_s2_uart_ack", 0 0, v0x63b5110759d0_0;  alias, 1 drivers
v0x63b51106d330_0 .var "wb_s2_uart_addr", 31 0;
v0x63b51106d3d0_0 .var "wb_s2_uart_cyc", 0 0;
v0x63b51106d470_0 .net "wb_s2_uart_data_read", 31 0, v0x63b511075ce0_0;  alias, 1 drivers
v0x63b51106d550_0 .var "wb_s2_uart_data_write", 31 0;
v0x63b51106d630_0 .var "wb_s2_uart_sel", 3 0;
v0x63b51106d920_0 .var "wb_s2_uart_stb", 0 0;
v0x63b51106d9e0_0 .var "wb_s2_uart_we", 0 0;
v0x63b51106daa0_0 .net "wb_s3_timer_ack", 0 0, v0x63b511074070_0;  alias, 1 drivers
v0x63b51106db60_0 .var "wb_s3_timer_addr", 31 0;
v0x63b51106dc40_0 .var "wb_s3_timer_cyc", 0 0;
v0x63b51106dd00_0 .net "wb_s3_timer_data_read", 31 0, v0x63b511074380_0;  alias, 1 drivers
v0x63b51106dde0_0 .var "wb_s3_timer_data_write", 31 0;
v0x63b51106dec0_0 .var "wb_s3_timer_sel", 3 0;
v0x63b51106dfa0_0 .var "wb_s3_timer_stb", 0 0;
v0x63b51106e060_0 .var "wb_s3_timer_we", 0 0;
v0x63b51106e120_0 .net "wb_s4_gpio_ack", 0 0, v0x63b51106fdb0_0;  alias, 1 drivers
v0x63b51106e1e0_0 .var "wb_s4_gpio_addr", 31 0;
v0x63b51106e2c0_0 .var "wb_s4_gpio_cyc", 0 0;
v0x63b51106e380_0 .net "wb_s4_gpio_data_read", 31 0, v0x63b5110700c0_0;  alias, 1 drivers
v0x63b51106e460_0 .var "wb_s4_gpio_data_write", 31 0;
v0x63b51106e540_0 .var "wb_s4_gpio_sel", 3 0;
v0x63b51106e620_0 .var "wb_s4_gpio_stb", 0 0;
v0x63b51106e6e0_0 .var "wb_s4_gpio_we", 0 0;
E_0x63b51104cc90/0 .event anyedge, v0x63b51106bdf0_0, v0x63b511068eb0_0, v0x63b511069210_0, v0x63b5110692d0_0;
E_0x63b51104cc90/1 .event anyedge, v0x63b511068dd0_0, v0x63b511069050_0, v0x63b511069130_0, v0x63b51106c6e0_0;
E_0x63b51104cc90/2 .event anyedge, v0x63b51106c500_0, v0x63b51106a8c0_0, v0x63b51106a5a0_0, v0x63b51106d470_0;
E_0x63b51104cc90/3 .event anyedge, v0x63b51106d290_0, v0x63b51106dd00_0, v0x63b51106daa0_0, v0x63b51106e380_0;
E_0x63b51104cc90/4 .event anyedge, v0x63b51106e120_0;
E_0x63b51104cc90 .event/or E_0x63b51104cc90/0, E_0x63b51104cc90/1, E_0x63b51104cc90/2, E_0x63b51104cc90/3, E_0x63b51104cc90/4;
E_0x63b51106bb70 .event anyedge, v0x63b511068dd0_0;
S_0x63b51106ede0 .scope module, "gpio_slave" "wb_slave_model" 2 243, 4 1 0, S_0x63b511033c50;
 .timescale 0 0;
    .port_info 0 /INPUT 1 "clk";
    .port_info 1 /INPUT 1 "rst_n";
    .port_info 2 /INPUT 1 "wb_cyc_i";
    .port_info 3 /INPUT 1 "wb_stb_i";
    .port_info 4 /INPUT 1 "wb_we_i";
    .port_info 5 /INPUT 32 "wb_addr_i";
    .port_info 6 /INPUT 32 "wb_data_i";
    .port_info 7 /INPUT 4 "wb_sel_i";
    .port_info 8 /OUTPUT 32 "wb_data_o";
    .port_info 9 /OUTPUT 1 "wb_ack_o";
P_0x63b51106c940 .param/l "ADDR_WIDTH" 0 4 4, +C4<00000000000000000000000000100000>;
P_0x63b51106c980 .param/l "BASE_ADDR" 0 4 3, C4<01000000000000000000000000000000>;
P_0x63b51106c9c0 .param/l "DATA_WIDTH" 0 4 5, +C4<00000000000000000000000000100000>;
P_0x63b51106ca00 .param/l "SLAVE_ID" 0 4 2, +C4<00000000000000000000000000000100>;
L_0x63b51108acf0 .functor AND 1, L_0x63b51108adb0, L_0x63b51108aea0, C4<1>, C4<1>;
L_0x7da511240408 .functor BUFT 1, C4<01000000000000000000000000000000>, C4<0>, C4<0>, C4<0>;
v0x63b51106f570_0 .net/2u *"_ivl_0", 31 0, L_0x7da511240408;  1 drivers
L_0x7da511240498 .functor BUFT 1, C4<01000000000000000000000000000000>, C4<0>, C4<0>, C4<0>;
v0x63b51106f670_0 .net/2u *"_ivl_10", 31 0, L_0x7da511240498;  1 drivers
v0x63b51106f750_0 .net *"_ivl_2", 0 0, L_0x63b51108adb0;  1 drivers
L_0x7da511240450 .functor BUFT 1, C4<01000000000000000001000000000000>, C4<0>, C4<0>, C4<0>;
v0x63b51106f820_0 .net/2u *"_ivl_4", 31 0, L_0x7da511240450;  1 drivers
v0x63b51106f900_0 .net *"_ivl_6", 0 0, L_0x63b51108aea0;  1 drivers
v0x63b51106fa10_0 .net "addr_offset", 31 0, L_0x63b51108b070;  1 drivers
v0x63b51106faf0_0 .net "clk", 0 0, v0x63b511076250_0;  alias, 1 drivers
v0x63b51106fb90_0 .net "is_selected", 0 0, L_0x63b51108acf0;  1 drivers
v0x63b51106fc50 .array "mem", 1023 0, 31 0;
v0x63b51106fd10_0 .net "rst_n", 0 0, v0x63b511076310_0;  alias, 1 drivers
v0x63b51106fdb0_0 .var "wb_ack_o", 0 0;
v0x63b51106fe50_0 .net "wb_addr_i", 31 0, v0x63b51106e1e0_0;  alias, 1 drivers
v0x63b51106ff20_0 .net "wb_cyc_i", 0 0, v0x63b51106e2c0_0;  alias, 1 drivers
v0x63b51106fff0_0 .net "wb_data_i", 31 0, v0x63b51106e460_0;  alias, 1 drivers
v0x63b5110700c0_0 .var "wb_data_o", 31 0;
v0x63b511070190_0 .net "wb_sel_i", 3 0, v0x63b51106e540_0;  alias, 1 drivers
v0x63b511070260_0 .net "wb_stb_i", 0 0, v0x63b51106e620_0;  alias, 1 drivers
v0x63b511070440_0 .net "wb_we_i", 0 0, v0x63b51106e6e0_0;  alias, 1 drivers
L_0x63b51108adb0 .cmp/ge 32, v0x63b51106e1e0_0, L_0x7da511240408;
L_0x63b51108aea0 .cmp/gt 32, L_0x7da511240450, v0x63b51106e1e0_0;
L_0x63b51108b070 .arith/sub 32, v0x63b51106e1e0_0, L_0x7da511240498;
S_0x63b51106f270 .scope begin, "$ivl_for_loop0" "$ivl_for_loop0" 4 39, 4 39 0, S_0x63b51106ede0;
 .timescale 0 0;
v0x63b51106f470_0 .var/i "i", 31 0;
S_0x63b511070630 .scope module, "imem_slave" "wb_slave_model" 2 171, 4 1 0, S_0x63b511033c50;
 .timescale 0 0;
    .port_info 0 /INPUT 1 "clk";
    .port_info 1 /INPUT 1 "rst_n";
    .port_info 2 /INPUT 1 "wb_cyc_i";
    .port_info 3 /INPUT 1 "wb_stb_i";
    .port_info 4 /INPUT 1 "wb_we_i";
    .port_info 5 /INPUT 32 "wb_addr_i";
    .port_info 6 /INPUT 32 "wb_data_i";
    .port_info 7 /INPUT 4 "wb_sel_i";
    .port_info 8 /OUTPUT 32 "wb_data_o";
    .port_info 9 /OUTPUT 1 "wb_ack_o";
P_0x63b511070810 .param/l "ADDR_WIDTH" 0 4 4, +C4<00000000000000000000000000100000>;
P_0x63b511070850 .param/l "BASE_ADDR" 0 4 3, C4<00000000000000000000000000000000>;
P_0x63b511070890 .param/l "DATA_WIDTH" 0 4 5, +C4<00000000000000000000000000100000>;
P_0x63b5110708d0 .param/l "SLAVE_ID" 0 4 2, +C4<00000000000000000000000000000000>;
L_0x63b51102d610 .functor AND 1, L_0x63b511089f10, L_0x63b51108a000, C4<1>, C4<1>;
L_0x7da5112400a8 .functor BUFT 1, C4<00000000000000000000000000000000>, C4<0>, C4<0>, C4<0>;
v0x63b511070ef0_0 .net/2u *"_ivl_0", 31 0, L_0x7da5112400a8;  1 drivers
L_0x7da511240138 .functor BUFT 1, C4<00000000000000000000000000000000>, C4<0>, C4<0>, C4<0>;
v0x63b511070ff0_0 .net/2u *"_ivl_10", 31 0, L_0x7da511240138;  1 drivers
v0x63b5110710d0_0 .net *"_ivl_2", 0 0, L_0x63b511089f10;  1 drivers
L_0x7da5112400f0 .functor BUFT 1, C4<00000000000000000001000000000000>, C4<0>, C4<0>, C4<0>;
v0x63b5110711a0_0 .net/2u *"_ivl_4", 31 0, L_0x7da5112400f0;  1 drivers
v0x63b511071280_0 .net *"_ivl_6", 0 0, L_0x63b51108a000;  1 drivers
v0x63b511071390_0 .net "addr_offset", 31 0, L_0x63b51108a190;  1 drivers
v0x63b511071470_0 .net "clk", 0 0, v0x63b511076250_0;  alias, 1 drivers
v0x63b511071510_0 .net "is_selected", 0 0, L_0x63b51102d610;  1 drivers
v0x63b5110715d0 .array "mem", 1023 0, 31 0;
v0x63b511071690_0 .net "rst_n", 0 0, v0x63b511076310_0;  alias, 1 drivers
v0x63b511071730_0 .var "wb_ack_o", 0 0;
v0x63b5110717d0_0 .net "wb_addr_i", 31 0, v0x63b51106c5a0_0;  alias, 1 drivers
v0x63b5110718a0_0 .net "wb_cyc_i", 0 0, v0x63b51106c640_0;  alias, 1 drivers
v0x63b511071970_0 .net "wb_data_i", 31 0, v0x63b51106c7c0_0;  alias, 1 drivers
v0x63b511071a40_0 .var "wb_data_o", 31 0;
v0x63b511071b10_0 .net "wb_sel_i", 3 0, v0x63b51106c8a0_0;  alias, 1 drivers
v0x63b511071be0_0 .net "wb_stb_i", 0 0, v0x63b51106ca90_0;  alias, 1 drivers
v0x63b511071dc0_0 .net "wb_we_i", 0 0, v0x63b51106cb50_0;  alias, 1 drivers
L_0x63b511089f10 .cmp/ge 32, v0x63b51106c5a0_0, L_0x7da5112400a8;
L_0x63b51108a000 .cmp/gt 32, L_0x7da5112400f0, v0x63b51106c5a0_0;
L_0x63b51108a190 .arith/sub 32, v0x63b51106c5a0_0, L_0x7da511240138;
S_0x63b511070bf0 .scope begin, "$ivl_for_loop0" "$ivl_for_loop0" 4 39, 4 39 0, S_0x63b511070630;
 .timescale 0 0;
v0x63b511070df0_0 .var/i "i", 31 0;
S_0x63b511071fb0 .scope task, "test_address_decoding" "test_address_decoding" 2 275, 2 275 0, S_0x63b511033c50;
 .timescale -9 -12;
v0x63b511072140_0 .var "error_count", 31 0;
v0x63b511072240_0 .var "test_name", 320 1;
v0x63b511072320_0 .var "tmp_cnt", 31 0;
TD_tb_wishbone_interconnect.test_address_decoding ;
    %pushi/vec4 0, 0, 32; draw_string_vec4
    %pushi/vec4 0, 0, 32; draw_string_vec4
    %concat/vec4; draw_string_vec4
    %pushi/vec4 0, 0, 32; draw_string_vec4
    %concat/vec4; draw_string_vec4
    %pushi/vec4 0, 0, 32; draw_string_vec4
    %concat/vec4; draw_string_vec4
    %pushi/vec4 65, 0, 32; draw_string_vec4
    %concat/vec4; draw_string_vec4
    %pushi/vec4 1684304485, 0, 32; draw_string_vec4
    %concat/vec4; draw_string_vec4
    %pushi/vec4 1936924740, 0, 32; draw_string_vec4
    %concat/vec4; draw_string_vec4
    %pushi/vec4 1701015396, 0, 32; draw_string_vec4
    %concat/vec4; draw_string_vec4
    %pushi/vec4 1768843040, 0, 32; draw_string_vec4
    %concat/vec4; draw_string_vec4
    %pushi/vec4 1415934836, 0, 32; draw_string_vec4
    %concat/vec4; draw_string_vec4
    %store/vec4 v0x63b511072240_0, 0, 320;
    %vpi_call 2 281 "$display", "[%s] Starting test", v0x63b511072240_0 {0 0 0};
    %pushi/vec4 0, 0, 32;
    %store/vec4 v0x63b511072140_0, 0, 32;
    %pushi/vec4 0, 0, 32;
    %store/vec4 v0x63b511072320_0, 0, 32;
    %pushi/vec4 256, 0, 32;
    %store/vec4 v0x63b511072a00_0, 0, 32;
    %pushi/vec4 0, 0, 32; draw_string_vec4
    %pushi/vec4 1229800781, 0, 32; draw_string_vec4
    %concat/vec4; draw_string_vec4
    %store/vec4 v0x63b511072db0_0, 0, 64;
    %pushi/vec4 0, 0, 32;
    %store/vec4 v0x63b511072cd0_0, 0, 32;
    %fork TD_tb_wishbone_interconnect.test_slave_access, S_0x63b511072870;
    %join;
    %load/vec4 v0x63b511072b00_0;
    %store/vec4 v0x63b511072320_0, 0, 32;
    %load/vec4 v0x63b511072140_0;
    %load/vec4 v0x63b511072320_0;
    %add;
    %store/vec4 v0x63b511072140_0, 0, 32;
    %delay 20000, 0;
    %pushi/vec4 268435712, 0, 32;
    %store/vec4 v0x63b511072a00_0, 0, 32;
    %pushi/vec4 0, 0, 32; draw_string_vec4
    %pushi/vec4 1145914701, 0, 32; draw_string_vec4
    %concat/vec4; draw_string_vec4
    %store/vec4 v0x63b511072db0_0, 0, 64;
    %pushi/vec4 1, 0, 32;
    %store/vec4 v0x63b511072cd0_0, 0, 32;
    %fork TD_tb_wishbone_interconnect.test_slave_access, S_0x63b511072870;
    %join;
    %load/vec4 v0x63b511072b00_0;
    %store/vec4 v0x63b511072320_0, 0, 32;
    %load/vec4 v0x63b511072140_0;
    %load/vec4 v0x63b511072320_0;
    %add;
    %store/vec4 v0x63b511072140_0, 0, 32;
    %delay 20000, 0;
    %pushi/vec4 536871168, 0, 32;
    %store/vec4 v0x63b511072a00_0, 0, 32;
    %pushi/vec4 0, 0, 32; draw_string_vec4
    %pushi/vec4 1430344276, 0, 32; draw_string_vec4
    %concat/vec4; draw_string_vec4
    %store/vec4 v0x63b511072db0_0, 0, 64;
    %pushi/vec4 2, 0, 32;
    %store/vec4 v0x63b511072cd0_0, 0, 32;
    %fork TD_tb_wishbone_interconnect.test_slave_access, S_0x63b511072870;
    %join;
    %load/vec4 v0x63b511072b00_0;
    %store/vec4 v0x63b511072320_0, 0, 32;
    %load/vec4 v0x63b511072140_0;
    %load/vec4 v0x63b511072320_0;
    %add;
    %store/vec4 v0x63b511072140_0, 0, 32;
    %delay 20000, 0;
    %pushi/vec4 805306624, 0, 32;
    %store/vec4 v0x63b511072a00_0, 0, 32;
    %pushi/vec4 84, 0, 32; draw_string_vec4
    %pushi/vec4 1229800786, 0, 32; draw_string_vec4
    %concat/vec4; draw_string_vec4
    %store/vec4 v0x63b511072db0_0, 0, 64;
    %pushi/vec4 3, 0, 32;
    %store/vec4 v0x63b511072cd0_0, 0, 32;
    %fork TD_tb_wishbone_interconnect.test_slave_access, S_0x63b511072870;
    %join;
    %load/vec4 v0x63b511072b00_0;
    %store/vec4 v0x63b511072320_0, 0, 32;
    %load/vec4 v0x63b511072140_0;
    %load/vec4 v0x63b511072320_0;
    %add;
    %store/vec4 v0x63b511072140_0, 0, 32;
    %delay 20000, 0;
    %pushi/vec4 1073742080, 0, 32;
    %store/vec4 v0x63b511072a00_0, 0, 32;
    %pushi/vec4 0, 0, 32; draw_string_vec4
    %pushi/vec4 1196443983, 0, 32; draw_string_vec4
    %concat/vec4; draw_string_vec4
    %store/vec4 v0x63b511072db0_0, 0, 64;
    %pushi/vec4 4, 0, 32;
    %store/vec4 v0x63b511072cd0_0, 0, 32;
    %fork TD_tb_wishbone_interconnect.test_slave_access, S_0x63b511072870;
    %join;
    %load/vec4 v0x63b511072b00_0;
    %store/vec4 v0x63b511072320_0, 0, 32;
    %load/vec4 v0x63b511072140_0;
    %load/vec4 v0x63b511072320_0;
    %add;
    %store/vec4 v0x63b511072140_0, 0, 32;
    %delay 20000, 0;
    %pushi/vec4 1342177280, 0, 32;
    %store/vec4 v0x63b5110725a0_0, 0, 32;
    %fork TD_tb_wishbone_interconnect.test_invalid_address, S_0x63b511072410;
    %join;
    %load/vec4 v0x63b5110726a0_0;
    %store/vec4 v0x63b511072320_0, 0, 32;
    %load/vec4 v0x63b511072140_0;
    %load/vec4 v0x63b511072320_0;
    %add;
    %store/vec4 v0x63b511072140_0, 0, 32;
    %vpi_call 2 310 "$display", "[%s] Completed with %0d errors", v0x63b511072240_0, v0x63b511072140_0 {0 0 0};
    %end;
S_0x63b511072410 .scope task, "test_invalid_address" "test_invalid_address" 2 345, 2 345 0, S_0x63b511033c50;
 .timescale -9 -12;
v0x63b5110725a0_0 .var "addr", 31 0;
v0x63b5110726a0_0 .var "err_cnt", 31 0;
v0x63b511072780_0 .var "read_data", 31 0;
TD_tb_wishbone_interconnect.test_invalid_address ;
    %pushi/vec4 0, 0, 32;
    %store/vec4 v0x63b5110726a0_0, 0, 32;
    %load/vec4 v0x63b5110725a0_0;
    %store/vec4 v0x63b51103b170_0, 0, 32;
    %pushi/vec4 3735928559, 0, 32;
    %store/vec4 v0x63b511031fb0_0, 0, 32;
    %fork TD_tb_wishbone_interconnect.cpu_master.wb_write, S_0x63b5110680a0;
    %join;
    %delay 20000, 0;
    %load/vec4 v0x63b5110763d0_0;
    %cmpi/ne 0, 0, 5;
    %jmp/0xz  T_3.4, 4;
    %vpi_call 2 359 "$display", "ERROR: Slaves incorrectly accessed for invalid address %h", v0x63b5110725a0_0 {0 0 0};
    %load/vec4 v0x63b5110726a0_0;
    %addi 1, 0, 32;
    %store/vec4 v0x63b5110726a0_0, 0, 32;
T_3.4 ;
    %load/vec4 v0x63b5110725a0_0;
    %store/vec4 v0x63b511049390_0, 0, 32;
    %fork TD_tb_wishbone_interconnect.cpu_master.wb_read, S_0x63b511033670;
    %join;
    %load/vec4 v0x63b51103b0d0_0;
    %store/vec4 v0x63b511072780_0, 0, 32;
    %delay 20000, 0;
    %load/vec4 v0x63b511072780_0;
    %cmpi/ne 3735936685, 0, 32;
    %jmp/0xz  T_3.6, 6;
    %vpi_call 2 366 "$display", "ERROR: Invalid address read returned %h, expected DEAD_DEAD", v0x63b511072780_0 {0 0 0};
    %load/vec4 v0x63b5110726a0_0;
    %addi 1, 0, 32;
    %store/vec4 v0x63b5110726a0_0, 0, 32;
T_3.6 ;
    %end;
S_0x63b511072870 .scope task, "test_slave_access" "test_slave_access" 2 314, 2 314 0, S_0x63b511033c50;
 .timescale -9 -12;
v0x63b511072a00_0 .var "addr", 31 0;
v0x63b511072b00_0 .var "err_cnt", 31 0;
v0x63b511072be0_0 .var "read_data", 31 0;
v0x63b511072cd0_0 .var "slave_id", 31 0;
v0x63b511072db0_0 .var "slave_name", 64 1;
v0x63b511072ee0_0 .var "write_data", 31 0;
TD_tb_wishbone_interconnect.test_slave_access ;
    %pushi/vec4 0, 0, 32;
    %store/vec4 v0x63b511072b00_0, 0, 32;
    %pushi/vec4 2779096485, 0, 32;
    %load/vec4 v0x63b511072cd0_0;
    %add;
    %store/vec4 v0x63b511072ee0_0, 0, 32;
    %load/vec4 v0x63b511072a00_0;
    %store/vec4 v0x63b51103b170_0, 0, 32;
    %load/vec4 v0x63b511072ee0_0;
    %store/vec4 v0x63b511031fb0_0, 0, 32;
    %fork TD_tb_wishbone_interconnect.cpu_master.wb_write, S_0x63b5110680a0;
    %join;
    %load/vec4 v0x63b511072a00_0;
    %store/vec4 v0x63b511049390_0, 0, 32;
    %fork TD_tb_wishbone_interconnect.cpu_master.wb_read, S_0x63b511033670;
    %join;
    %load/vec4 v0x63b51103b0d0_0;
    %store/vec4 v0x63b511072be0_0, 0, 32;
    %load/vec4 v0x63b511072be0_0;
    %load/vec4 v0x63b511072ee0_0;
    %cmp/ne;
    %jmp/0xz  T_4.8, 4;
    %vpi_call 2 335 "$display", "ERROR: %s (slave %0d) data mismatch at addr %h. Wrote %h, Read %h", v0x63b511072db0_0, v0x63b511072cd0_0, v0x63b511072a00_0, v0x63b511072ee0_0, v0x63b511072be0_0 {0 0 0};
    %load/vec4 v0x63b511072b00_0;
    %addi 1, 0, 32;
    %store/vec4 v0x63b511072b00_0, 0, 32;
T_4.8 ;
    %delay 10000, 0;
    %end;
S_0x63b511072fc0 .scope module, "timer_slave" "wb_slave_model" 2 225, 4 1 0, S_0x63b511033c50;
 .timescale 0 0;
    .port_info 0 /INPUT 1 "clk";
    .port_info 1 /INPUT 1 "rst_n";
    .port_info 2 /INPUT 1 "wb_cyc_i";
    .port_info 3 /INPUT 1 "wb_stb_i";
    .port_info 4 /INPUT 1 "wb_we_i";
    .port_info 5 /INPUT 32 "wb_addr_i";
    .port_info 6 /INPUT 32 "wb_data_i";
    .port_info 7 /INPUT 4 "wb_sel_i";
    .port_info 8 /OUTPUT 32 "wb_data_o";
    .port_info 9 /OUTPUT 1 "wb_ack_o";
P_0x63b5110731a0 .param/l "ADDR_WIDTH" 0 4 4, +C4<00000000000000000000000000100000>;
P_0x63b5110731e0 .param/l "BASE_ADDR" 0 4 3, C4<00110000000000000000000000000000>;
P_0x63b511073220 .param/l "DATA_WIDTH" 0 4 5, +C4<00000000000000000000000000100000>;
P_0x63b511073260 .param/l "SLAVE_ID" 0 4 2, +C4<00000000000000000000000000000011>;
L_0x63b51104d7c0 .functor AND 1, L_0x63b51108a990, L_0x63b51108aa80, C4<1>, C4<1>;
L_0x7da511240330 .functor BUFT 1, C4<00110000000000000000000000000000>, C4<0>, C4<0>, C4<0>;
v0x63b511073830_0 .net/2u *"_ivl_0", 31 0, L_0x7da511240330;  1 drivers
L_0x7da5112403c0 .functor BUFT 1, C4<00110000000000000000000000000000>, C4<0>, C4<0>, C4<0>;
v0x63b511073930_0 .net/2u *"_ivl_10", 31 0, L_0x7da5112403c0;  1 drivers
v0x63b511073a10_0 .net *"_ivl_2", 0 0, L_0x63b51108a990;  1 drivers
L_0x7da511240378 .functor BUFT 1, C4<00110000000000000001000000000000>, C4<0>, C4<0>, C4<0>;
v0x63b511073ae0_0 .net/2u *"_ivl_4", 31 0, L_0x7da511240378;  1 drivers
v0x63b511073bc0_0 .net *"_ivl_6", 0 0, L_0x63b51108aa80;  1 drivers
v0x63b511073cd0_0 .net "addr_offset", 31 0, L_0x63b51108ac50;  1 drivers
v0x63b511073db0_0 .net "clk", 0 0, v0x63b511076250_0;  alias, 1 drivers
v0x63b511073e50_0 .net "is_selected", 0 0, L_0x63b51104d7c0;  1 drivers
v0x63b511073f10 .array "mem", 1023 0, 31 0;
v0x63b511073fd0_0 .net "rst_n", 0 0, v0x63b511076310_0;  alias, 1 drivers
v0x63b511074070_0 .var "wb_ack_o", 0 0;
v0x63b511074110_0 .net "wb_addr_i", 31 0, v0x63b51106db60_0;  alias, 1 drivers
v0x63b5110741e0_0 .net "wb_cyc_i", 0 0, v0x63b51106dc40_0;  alias, 1 drivers
v0x63b5110742b0_0 .net "wb_data_i", 31 0, v0x63b51106dde0_0;  alias, 1 drivers
v0x63b511074380_0 .var "wb_data_o", 31 0;
v0x63b511074450_0 .net "wb_sel_i", 3 0, v0x63b51106dec0_0;  alias, 1 drivers
v0x63b511074520_0 .net "wb_stb_i", 0 0, v0x63b51106dfa0_0;  alias, 1 drivers
v0x63b511074700_0 .net "wb_we_i", 0 0, v0x63b51106e060_0;  alias, 1 drivers
L_0x63b51108a990 .cmp/ge 32, v0x63b51106db60_0, L_0x7da511240330;
L_0x63b51108aa80 .cmp/gt 32, L_0x7da511240378, v0x63b51106db60_0;
L_0x63b51108ac50 .arith/sub 32, v0x63b51106db60_0, L_0x7da5112403c0;
S_0x63b511073580 .scope begin, "$ivl_for_loop0" "$ivl_for_loop0" 4 39, 4 39 0, S_0x63b511072fc0;
 .timescale 0 0;
v0x63b511073730_0 .var/i "i", 31 0;
S_0x63b5110748f0 .scope module, "uart_slave" "wb_slave_model" 2 207, 4 1 0, S_0x63b511033c50;
 .timescale 0 0;
    .port_info 0 /INPUT 1 "clk";
    .port_info 1 /INPUT 1 "rst_n";
    .port_info 2 /INPUT 1 "wb_cyc_i";
    .port_info 3 /INPUT 1 "wb_stb_i";
    .port_info 4 /INPUT 1 "wb_we_i";
    .port_info 5 /INPUT 32 "wb_addr_i";
    .port_info 6 /INPUT 32 "wb_data_i";
    .port_info 7 /INPUT 4 "wb_sel_i";
    .port_info 8 /OUTPUT 32 "wb_data_o";
    .port_info 9 /OUTPUT 1 "wb_ack_o";
P_0x63b511074a80 .param/l "ADDR_WIDTH" 0 4 4, +C4<00000000000000000000000000100000>;
P_0x63b511074ac0 .param/l "BASE_ADDR" 0 4 3, C4<00100000000000000000000000000000>;
P_0x63b511074b00 .param/l "DATA_WIDTH" 0 4 5, +C4<00000000000000000000000000100000>;
P_0x63b511074b40 .param/l "SLAVE_ID" 0 4 2, +C4<00000000000000000000000000000010>;
L_0x63b51104d830 .functor AND 1, L_0x63b51108a630, L_0x63b51108a6d0, C4<1>, C4<1>;
L_0x7da511240258 .functor BUFT 1, C4<00100000000000000000000000000000>, C4<0>, C4<0>, C4<0>;
v0x63b511075190_0 .net/2u *"_ivl_0", 31 0, L_0x7da511240258;  1 drivers
L_0x7da5112402e8 .functor BUFT 1, C4<00100000000000000000000000000000>, C4<0>, C4<0>, C4<0>;
v0x63b511075290_0 .net/2u *"_ivl_10", 31 0, L_0x7da5112402e8;  1 drivers
v0x63b511075370_0 .net *"_ivl_2", 0 0, L_0x63b51108a630;  1 drivers
L_0x7da5112402a0 .functor BUFT 1, C4<00100000000000000001000000000000>, C4<0>, C4<0>, C4<0>;
v0x63b511075440_0 .net/2u *"_ivl_4", 31 0, L_0x7da5112402a0;  1 drivers
v0x63b511075520_0 .net *"_ivl_6", 0 0, L_0x63b51108a6d0;  1 drivers
v0x63b511075630_0 .net "addr_offset", 31 0, L_0x63b51108a8a0;  1 drivers
v0x63b511075710_0 .net "clk", 0 0, v0x63b511076250_0;  alias, 1 drivers
v0x63b5110757b0_0 .net "is_selected", 0 0, L_0x63b51104d830;  1 drivers
v0x63b511075870 .array "mem", 1023 0, 31 0;
v0x63b511075930_0 .net "rst_n", 0 0, v0x63b511076310_0;  alias, 1 drivers
v0x63b5110759d0_0 .var "wb_ack_o", 0 0;
v0x63b511075a70_0 .net "wb_addr_i", 31 0, v0x63b51106d330_0;  alias, 1 drivers
v0x63b511075b40_0 .net "wb_cyc_i", 0 0, v0x63b51106d3d0_0;  alias, 1 drivers
v0x63b511075c10_0 .net "wb_data_i", 31 0, v0x63b51106d550_0;  alias, 1 drivers
v0x63b511075ce0_0 .var "wb_data_o", 31 0;
v0x63b511075db0_0 .net "wb_sel_i", 3 0, v0x63b51106d630_0;  alias, 1 drivers
v0x63b511075e80_0 .net "wb_stb_i", 0 0, v0x63b51106d920_0;  alias, 1 drivers
v0x63b511076060_0 .net "wb_we_i", 0 0, v0x63b51106d9e0_0;  alias, 1 drivers
L_0x63b51108a630 .cmp/ge 32, v0x63b51106d330_0, L_0x7da511240258;
L_0x63b51108a6d0 .cmp/gt 32, L_0x7da5112402a0, v0x63b51106d330_0;
L_0x63b51108a8a0 .arith/sub 32, v0x63b51106d330_0, L_0x7da5112402e8;
S_0x63b511074e90 .scope begin, "$ivl_for_loop0" "$ivl_for_loop0" 4 39, 4 39 0, S_0x63b5110748f0;
 .timescale 0 0;
v0x63b511075090_0 .var/i "i", 31 0;
    .scope S_0x63b51106aeb0;
T_5 ;
    %wait E_0x63b51106bb70;
    %pushi/vec4 7, 0, 3;
    %store/vec4 v0x63b51106bdf0_0, 0, 3;
    %load/vec4 v0x63b51106bf30_0;
    %parti/s 20, 12, 5;
    %dup/vec4;
    %pushi/vec4 0, 0, 20;
    %cmp/u;
    %jmp/1 T_5.0, 6;
    %dup/vec4;
    %pushi/vec4 65536, 0, 20;
    %cmp/u;
    %jmp/1 T_5.1, 6;
    %dup/vec4;
    %pushi/vec4 131072, 0, 20;
    %cmp/u;
    %jmp/1 T_5.2, 6;
    %dup/vec4;
    %pushi/vec4 196608, 0, 20;
    %cmp/u;
    %jmp/1 T_5.3, 6;
    %dup/vec4;
    %pushi/vec4 262144, 0, 20;
    %cmp/u;
    %jmp/1 T_5.4, 6;
    %pushi/vec4 7, 0, 3;
    %store/vec4 v0x63b51106bdf0_0, 0, 3;
    %jmp T_5.6;
T_5.0 ;
    %pushi/vec4 0, 0, 3;
    %store/vec4 v0x63b51106bdf0_0, 0, 3;
    %jmp T_5.6;
T_5.1 ;
    %pushi/vec4 1, 0, 3;
    %store/vec4 v0x63b51106bdf0_0, 0, 3;
    %jmp T_5.6;
T_5.2 ;
    %pushi/vec4 2, 0, 3;
    %store/vec4 v0x63b51106bdf0_0, 0, 3;
    %jmp T_5.6;
T_5.3 ;
    %pushi/vec4 3, 0, 3;
    %store/vec4 v0x63b51106bdf0_0, 0, 3;
    %jmp T_5.6;
T_5.4 ;
    %pushi/vec4 4, 0, 3;
    %store/vec4 v0x63b51106bdf0_0, 0, 3;
    %jmp T_5.6;
T_5.6 ;
    %pop/vec4 1;
    %jmp T_5;
    .thread T_5, $push;
    .scope S_0x63b51106aeb0;
T_6 ;
    %wait E_0x63b51104cc90;
    %pushi/vec4 0, 0, 5;
    %split/vec4 1;
    %store/vec4 v0x63b51106e2c0_0, 0, 1;
    %split/vec4 1;
    %store/vec4 v0x63b51106dc40_0, 0, 1;
    %split/vec4 1;
    %store/vec4 v0x63b51106d3d0_0, 0, 1;
    %split/vec4 1;
    %store/vec4 v0x63b51106cdb0_0, 0, 1;
    %store/vec4 v0x63b51106c640_0, 0, 1;
    %pushi/vec4 0, 0, 5;
    %split/vec4 1;
    %store/vec4 v0x63b51106e620_0, 0, 1;
    %split/vec4 1;
    %store/vec4 v0x63b51106dfa0_0, 0, 1;
    %split/vec4 1;
    %store/vec4 v0x63b51106d920_0, 0, 1;
    %split/vec4 1;
    %store/vec4 v0x63b51106d0f0_0, 0, 1;
    %store/vec4 v0x63b51106ca90_0, 0, 1;
    %pushi/vec4 0, 0, 5;
    %split/vec4 1;
    %store/vec4 v0x63b51106e6e0_0, 0, 1;
    %split/vec4 1;
    %store/vec4 v0x63b51106e060_0, 0, 1;
    %split/vec4 1;
    %store/vec4 v0x63b51106d9e0_0, 0, 1;
    %split/vec4 1;
    %store/vec4 v0x63b51106d1c0_0, 0, 1;
    %store/vec4 v0x63b51106cb50_0, 0, 1;
    %pushi/vec4 3735936685, 0, 32;
    %store/vec4 v0x63b51106c0f0_0, 0, 32;
    %pushi/vec4 0, 0, 1;
    %store/vec4 v0x63b51106be90_0, 0, 1;
    %load/vec4 v0x63b51106bdf0_0;
    %dup/vec4;
    %pushi/vec4 0, 0, 3;
    %cmp/u;
    %jmp/1 T_6.0, 6;
    %dup/vec4;
    %pushi/vec4 1, 0, 3;
    %cmp/u;
    %jmp/1 T_6.1, 6;
    %dup/vec4;
    %pushi/vec4 2, 0, 3;
    %cmp/u;
    %jmp/1 T_6.2, 6;
    %dup/vec4;
    %pushi/vec4 3, 0, 3;
    %cmp/u;
    %jmp/1 T_6.3, 6;
    %dup/vec4;
    %pushi/vec4 4, 0, 3;
    %cmp/u;
    %jmp/1 T_6.4, 6;
    %load/vec4 v0x63b51106c020_0;
    %flag_set/vec4 9;
    %flag_get/vec4 9;
    %jmp/0 T_6.9, 9;
    %load/vec4 v0x63b51106c360_0;
    %and;
T_6.9;
    %flag_set/vec4 8;
    %jmp/0xz  T_6.7, 8;
    %pushi/vec4 1, 0, 1;
    %store/vec4 v0x63b51106be90_0, 0, 1;
T_6.7 ;
    %jmp T_6.6;
T_6.0 ;
    %load/vec4 v0x63b51106c020_0;
    %store/vec4 v0x63b51106c640_0, 0, 1;
    %load/vec4 v0x63b51106c360_0;
    %store/vec4 v0x63b51106ca90_0, 0, 1;
    %load/vec4 v0x63b51106c430_0;
    %store/vec4 v0x63b51106cb50_0, 0, 1;
    %load/vec4 v0x63b51106bf30_0;
    %store/vec4 v0x63b51106c5a0_0, 0, 32;
    %load/vec4 v0x63b51106c1c0_0;
    %store/vec4 v0x63b51106c7c0_0, 0, 32;
    %load/vec4 v0x63b51106c290_0;
    %store/vec4 v0x63b51106c8a0_0, 0, 4;
    %load/vec4 v0x63b51106c6e0_0;
    %store/vec4 v0x63b51106c0f0_0, 0, 32;
    %load/vec4 v0x63b51106c500_0;
    %store/vec4 v0x63b51106be90_0, 0, 1;
    %jmp T_6.6;
T_6.1 ;
    %load/vec4 v0x63b51106c020_0;
    %store/vec4 v0x63b51106cdb0_0, 0, 1;
    %load/vec4 v0x63b51106c360_0;
    %store/vec4 v0x63b51106d0f0_0, 0, 1;
    %load/vec4 v0x63b51106c430_0;
    %store/vec4 v0x63b51106d1c0_0, 0, 1;
    %load/vec4 v0x63b51106bf30_0;
    %store/vec4 v0x63b51106cce0_0, 0, 32;
    %load/vec4 v0x63b51106c1c0_0;
    %store/vec4 v0x63b51106cf50_0, 0, 32;
    %load/vec4 v0x63b51106c290_0;
    %store/vec4 v0x63b51106d020_0, 0, 4;
    %load/vec4 v0x63b51106ce80_0;
    %store/vec4 v0x63b51106c0f0_0, 0, 32;
    %load/vec4 v0x63b51106cc10_0;
    %store/vec4 v0x63b51106be90_0, 0, 1;
    %jmp T_6.6;
T_6.2 ;
    %load/vec4 v0x63b51106c020_0;
    %store/vec4 v0x63b51106d3d0_0, 0, 1;
    %load/vec4 v0x63b51106c360_0;
    %store/vec4 v0x63b51106d920_0, 0, 1;
    %load/vec4 v0x63b51106c430_0;
    %store/vec4 v0x63b51106d9e0_0, 0, 1;
    %load/vec4 v0x63b51106bf30_0;
    %store/vec4 v0x63b51106d330_0, 0, 32;
    %load/vec4 v0x63b51106c1c0_0;
    %store/vec4 v0x63b51106d550_0, 0, 32;
    %load/vec4 v0x63b51106c290_0;
    %store/vec4 v0x63b51106d630_0, 0, 4;
    %load/vec4 v0x63b51106d470_0;
    %store/vec4 v0x63b51106c0f0_0, 0, 32;
    %load/vec4 v0x63b51106d290_0;
    %store/vec4 v0x63b51106be90_0, 0, 1;
    %jmp T_6.6;
T_6.3 ;
    %load/vec4 v0x63b51106c020_0;
    %store/vec4 v0x63b51106dc40_0, 0, 1;
    %load/vec4 v0x63b51106c360_0;
    %store/vec4 v0x63b51106dfa0_0, 0, 1;
    %load/vec4 v0x63b51106c430_0;
    %store/vec4 v0x63b51106e060_0, 0, 1;
    %load/vec4 v0x63b51106bf30_0;
    %store/vec4 v0x63b51106db60_0, 0, 32;
    %load/vec4 v0x63b51106c1c0_0;
    %store/vec4 v0x63b51106dde0_0, 0, 32;
    %load/vec4 v0x63b51106c290_0;
    %store/vec4 v0x63b51106dec0_0, 0, 4;
    %load/vec4 v0x63b51106dd00_0;
    %store/vec4 v0x63b51106c0f0_0, 0, 32;
    %load/vec4 v0x63b51106daa0_0;
    %store/vec4 v0x63b51106be90_0, 0, 1;
    %jmp T_6.6;
T_6.4 ;
    %load/vec4 v0x63b51106c020_0;
    %store/vec4 v0x63b51106e2c0_0, 0, 1;
    %load/vec4 v0x63b51106c360_0;
    %store/vec4 v0x63b51106e620_0, 0, 1;
    %load/vec4 v0x63b51106c430_0;
    %store/vec4 v0x63b51106e6e0_0, 0, 1;
    %load/vec4 v0x63b51106bf30_0;
    %store/vec4 v0x63b51106e1e0_0, 0, 32;
    %load/vec4 v0x63b51106c1c0_0;
    %store/vec4 v0x63b51106e460_0, 0, 32;
    %load/vec4 v0x63b51106c290_0;
    %store/vec4 v0x63b51106e540_0, 0, 4;
    %load/vec4 v0x63b51106e380_0;
    %store/vec4 v0x63b51106c0f0_0, 0, 32;
    %load/vec4 v0x63b51106e120_0;
    %store/vec4 v0x63b51106be90_0, 0, 1;
    %jmp T_6.6;
T_6.6 ;
    %pop/vec4 1;
    %jmp T_6;
    .thread T_6, $push;
    .scope S_0x63b51103cd30;
T_7 ;
    %wait E_0x63b511008ce0;
    %load/vec4 v0x63b511068b70_0;
    %nor/r;
    %flag_set/vec4 8;
    %jmp/0xz  T_7.0, 8;
    %pushi/vec4 0, 0, 2;
    %assign/vec4 v0x63b511068c30_0, 0;
    %pushi/vec4 0, 0, 1;
    %assign/vec4 v0x63b511068eb0_0, 0;
    %pushi/vec4 0, 0, 1;
    %assign/vec4 v0x63b511069210_0, 0;
    %pushi/vec4 0, 0, 1;
    %assign/vec4 v0x63b5110692d0_0, 0;
    %pushi/vec4 0, 0, 32;
    %assign/vec4 v0x63b511068dd0_0, 0;
    %pushi/vec4 0, 0, 32;
    %assign/vec4 v0x63b511069050_0, 0;
    %pushi/vec4 0, 0, 4;
    %assign/vec4 v0x63b511069130_0, 0;
    %jmp T_7.1;
T_7.0 ;
    %load/vec4 v0x63b511068c30_0;
    %dup/vec4;
    %pushi/vec4 0, 0, 2;
    %cmp/u;
    %jmp/1 T_7.2, 6;
    %dup/vec4;
    %pushi/vec4 1, 0, 2;
    %cmp/u;
    %jmp/1 T_7.3, 6;
    %dup/vec4;
    %pushi/vec4 2, 0, 2;
    %cmp/u;
    %jmp/1 T_7.4, 6;
    %dup/vec4;
    %pushi/vec4 3, 0, 2;
    %cmp/u;
    %jmp/1 T_7.5, 6;
    %jmp T_7.6;
T_7.2 ;
    %jmp T_7.6;
T_7.3 ;
    %pushi/vec4 1, 0, 1;
    %assign/vec4 v0x63b511068eb0_0, 0;
    %pushi/vec4 1, 0, 1;
    %assign/vec4 v0x63b511069210_0, 0;
    %load/vec4 v0x63b511068850_0;
    %assign/vec4 v0x63b5110692d0_0, 0;
    %load/vec4 v0x63b5110685d0_0;
    %assign/vec4 v0x63b511068dd0_0, 0;
    %load/vec4 v0x63b511068850_0;
    %flag_set/vec4 8;
    %jmp/0xz  T_7.7, 8;
    %load/vec4 v0x63b511068770_0;
    %assign/vec4 v0x63b511069050_0, 0;
T_7.7 ;
    %pushi/vec4 15, 0, 4;
    %assign/vec4 v0x63b511069130_0, 0;
    %pushi/vec4 2, 0, 2;
    %assign/vec4 v0x63b511068c30_0, 0;
    %jmp T_7.6;
T_7.4 ;
    %load/vec4 v0x63b511068d10_0;
    %flag_set/vec4 8;
    %jmp/0xz  T_7.9, 8;
    %pushi/vec4 0, 0, 1;
    %assign/vec4 v0x63b511068eb0_0, 0;
    %pushi/vec4 0, 0, 1;
    %assign/vec4 v0x63b511069210_0, 0;
    %pushi/vec4 0, 0, 1;
    %assign/vec4 v0x63b5110692d0_0, 0;
    %pushi/vec4 3, 0, 2;
    %assign/vec4 v0x63b511068c30_0, 0;
T_7.9 ;
    %jmp T_7.6;
T_7.5 ;
    %pushi/vec4 0, 0, 2;
    %assign/vec4 v0x63b511068c30_0, 0;
    %jmp T_7.6;
T_7.6 ;
    %pop/vec4 1;
T_7.1 ;
    %jmp T_7;
    .thread T_7;
    .scope S_0x63b51103cd30;
T_8 ;
    %wait E_0x63b510faa2b0;
    %load/vec4 v0x63b511068c30_0;
    %cmpi/e 0, 0, 2;
    %jmp/0xz  T_8.0, 4;
    %load/vec4 v0x63b511069450_0;
    %flag_set/vec4 8;
    %jmp/0xz  T_8.2, 8;
    %pushi/vec4 1, 0, 2;
    %assign/vec4 v0x63b511068c30_0, 0;
    %jmp T_8.3;
T_8.2 ;
    %load/vec4 v0x63b511068ab0_0;
    %flag_set/vec4 8;
    %jmp/0xz  T_8.4, 8;
    %pushi/vec4 1, 0, 2;
    %assign/vec4 v0x63b511068c30_0, 0;
T_8.4 ;
T_8.3 ;
T_8.0 ;
    %jmp T_8;
    .thread T_8;
    .scope S_0x63b511070630;
T_9 ;
    %wait E_0x63b511008ce0;
    %load/vec4 v0x63b511071690_0;
    %nor/r;
    %flag_set/vec4 8;
    %jmp/0xz  T_9.0, 8;
    %pushi/vec4 0, 0, 1;
    %assign/vec4 v0x63b511071730_0, 0;
    %pushi/vec4 0, 0, 32;
    %assign/vec4 v0x63b511071a40_0, 0;
    %fork t_1, S_0x63b511070bf0;
    %jmp t_0;
    .scope S_0x63b511070bf0;
t_1 ;
    %pushi/vec4 0, 0, 32;
    %store/vec4 v0x63b511070df0_0, 0, 32;
T_9.2 ;
    %load/vec4 v0x63b511070df0_0;
    %cmpi/s 1024, 0, 32;
    %jmp/0xz T_9.3, 5;
    %pushi/vec4 0, 0, 32;
    %ix/getv/s 3, v0x63b511070df0_0;
    %ix/load 4, 0, 0; Constant delay
    %assign/vec4/a/d v0x63b5110715d0, 0, 4;
    %load/vec4 v0x63b511070df0_0;
    %addi 1, 0, 32;
    %store/vec4 v0x63b511070df0_0, 0, 32;
    %jmp T_9.2;
T_9.3 ;
    %end;
    .scope S_0x63b511070630;
t_0 %join;
    %jmp T_9.1;
T_9.0 ;
    %load/vec4 v0x63b5110718a0_0;
    %flag_set/vec4 10;
    %flag_get/vec4 10;
    %jmp/0 T_9.7, 10;
    %load/vec4 v0x63b511071be0_0;
    %and;
T_9.7;
    %flag_set/vec4 9;
    %flag_get/vec4 9;
    %jmp/0 T_9.6, 9;
    %load/vec4 v0x63b511071510_0;
    %and;
T_9.6;
    %flag_set/vec4 8;
    %jmp/0xz  T_9.4, 8;
    %pushi/vec4 1, 0, 1;
    %assign/vec4 v0x63b511071730_0, 0;
    %load/vec4 v0x63b511071dc0_0;
    %flag_set/vec4 8;
    %jmp/0xz  T_9.8, 8;
    %load/vec4 v0x63b511071970_0;
    %load/vec4 v0x63b511071390_0;
    %parti/s 10, 2, 3;
    %pad/u 12;
    %ix/vec4 3;
    %ix/load 4, 0, 0; Constant delay
    %assign/vec4/a/d v0x63b5110715d0, 0, 4;
    %vpi_call 4 49 "$display", "[wb_slave_model][Slave %0d] Write addr=%h, data=%h", P_0x63b5110708d0, v0x63b5110717d0_0, v0x63b511071970_0 {0 0 0};
    %jmp T_9.9;
T_9.8 ;
    %load/vec4 v0x63b511071390_0;
    %parti/s 10, 2, 3;
    %pad/u 12;
    %ix/vec4 4;
    %load/vec4a v0x63b5110715d0, 4;
    %assign/vec4 v0x63b511071a40_0, 0;
    %vpi_call 4 53 "$display", "[wb_slave_model][Slave %0d] Read  addr=%h, data=%h", P_0x63b5110708d0, v0x63b5110717d0_0, v0x63b511071a40_0 {0 0 0};
T_9.9 ;
    %jmp T_9.5;
T_9.4 ;
    %pushi/vec4 0, 0, 1;
    %assign/vec4 v0x63b511071730_0, 0;
T_9.5 ;
T_9.1 ;
    %jmp T_9;
    .thread T_9;
    .scope S_0x63b511069650;
T_10 ;
    %wait E_0x63b511008ce0;
    %load/vec4 v0x63b51106a4d0_0;
    %nor/r;
    %flag_set/vec4 8;
    %jmp/0xz  T_10.0, 8;
    %pushi/vec4 0, 0, 1;
    %assign/vec4 v0x63b51106a5a0_0, 0;
    %pushi/vec4 0, 0, 32;
    %assign/vec4 v0x63b51106a8c0_0, 0;
    %fork t_3, S_0x63b511069a70;
    %jmp t_2;
    .scope S_0x63b511069a70;
t_3 ;
    %pushi/vec4 0, 0, 32;
    %store/vec4 v0x63b511069c50_0, 0, 32;
T_10.2 ;
    %load/vec4 v0x63b511069c50_0;
    %cmpi/s 1024, 0, 32;
    %jmp/0xz T_10.3, 5;
    %pushi/vec4 0, 0, 32;
    %ix/getv/s 3, v0x63b511069c50_0;
    %ix/load 4, 0, 0; Constant delay
    %assign/vec4/a/d v0x63b51106a410, 0, 4;
    %load/vec4 v0x63b511069c50_0;
    %addi 1, 0, 32;
    %store/vec4 v0x63b511069c50_0, 0, 32;
    %jmp T_10.2;
T_10.3 ;
    %end;
    .scope S_0x63b511069650;
t_2 %join;
    %jmp T_10.1;
T_10.0 ;
    %load/vec4 v0x63b51106a720_0;
    %flag_set/vec4 10;
    %flag_get/vec4 10;
    %jmp/0 T_10.7, 10;
    %load/vec4 v0x63b51106aa80_0;
    %and;
T_10.7;
    %flag_set/vec4 9;
    %flag_get/vec4 9;
    %jmp/0 T_10.6, 9;
    %load/vec4 v0x63b51106a370_0;
    %and;
T_10.6;
    %flag_set/vec4 8;
    %jmp/0xz  T_10.4, 8;
    %pushi/vec4 1, 0, 1;
    %assign/vec4 v0x63b51106a5a0_0, 0;
    %load/vec4 v0x63b51106ac50_0;
    %flag_set/vec4 8;
    %jmp/0xz  T_10.8, 8;
    %load/vec4 v0x63b51106a7e0_0;
    %load/vec4 v0x63b51106a1f0_0;
    %parti/s 10, 2, 3;
    %pad/u 12;
    %ix/vec4 3;
    %ix/load 4, 0, 0; Constant delay
    %assign/vec4/a/d v0x63b51106a410, 0, 4;
    %vpi_call 4 49 "$display", "[wb_slave_model][Slave %0d] Write addr=%h, data=%h", P_0x63b51104a240, v0x63b51106a640_0, v0x63b51106a7e0_0 {0 0 0};
    %jmp T_10.9;
T_10.8 ;
    %load/vec4 v0x63b51106a1f0_0;
    %parti/s 10, 2, 3;
    %pad/u 12;
    %ix/vec4 4;
    %load/vec4a v0x63b51106a410, 4;
    %assign/vec4 v0x63b51106a8c0_0, 0;
    %vpi_call 4 53 "$display", "[wb_slave_model][Slave %0d] Read  addr=%h, data=%h", P_0x63b51104a240, v0x63b51106a640_0, v0x63b51106a8c0_0 {0 0 0};
T_10.9 ;
    %jmp T_10.5;
T_10.4 ;
    %pushi/vec4 0, 0, 1;
    %assign/vec4 v0x63b51106a5a0_0, 0;
T_10.5 ;
T_10.1 ;
    %jmp T_10;
    .thread T_10;
    .scope S_0x63b5110748f0;
T_11 ;
    %wait E_0x63b511008ce0;
    %load/vec4 v0x63b511075930_0;
    %nor/r;
    %flag_set/vec4 8;
    %jmp/0xz  T_11.0, 8;
    %pushi/vec4 0, 0, 1;
    %assign/vec4 v0x63b5110759d0_0, 0;
    %pushi/vec4 0, 0, 32;
    %assign/vec4 v0x63b511075ce0_0, 0;
    %fork t_5, S_0x63b511074e90;
    %jmp t_4;
    .scope S_0x63b511074e90;
t_5 ;
    %pushi/vec4 0, 0, 32;
    %store/vec4 v0x63b511075090_0, 0, 32;
T_11.2 ;
    %load/vec4 v0x63b511075090_0;
    %cmpi/s 1024, 0, 32;
    %jmp/0xz T_11.3, 5;
    %pushi/vec4 0, 0, 32;
    %ix/getv/s 3, v0x63b511075090_0;
    %ix/load 4, 0, 0; Constant delay
    %assign/vec4/a/d v0x63b511075870, 0, 4;
    %load/vec4 v0x63b511075090_0;
    %addi 1, 0, 32;
    %store/vec4 v0x63b511075090_0, 0, 32;
    %jmp T_11.2;
T_11.3 ;
    %end;
    .scope S_0x63b5110748f0;
t_4 %join;
    %jmp T_11.1;
T_11.0 ;
    %load/vec4 v0x63b511075b40_0;
    %flag_set/vec4 10;
    %flag_get/vec4 10;
    %jmp/0 T_11.7, 10;
    %load/vec4 v0x63b511075e80_0;
    %and;
T_11.7;
    %flag_set/vec4 9;
    %flag_get/vec4 9;
    %jmp/0 T_11.6, 9;
    %load/vec4 v0x63b5110757b0_0;
    %and;
T_11.6;
    %flag_set/vec4 8;
    %jmp/0xz  T_11.4, 8;
    %pushi/vec4 1, 0, 1;
    %assign/vec4 v0x63b5110759d0_0, 0;
    %load/vec4 v0x63b511076060_0;
    %flag_set/vec4 8;
    %jmp/0xz  T_11.8, 8;
    %load/vec4 v0x63b511075c10_0;
    %load/vec4 v0x63b511075630_0;
    %parti/s 10, 2, 3;
    %pad/u 12;
    %ix/vec4 3;
    %ix/load 4, 0, 0; Constant delay
    %assign/vec4/a/d v0x63b511075870, 0, 4;
    %vpi_call 4 49 "$display", "[wb_slave_model][Slave %0d] Write addr=%h, data=%h", P_0x63b511074b40, v0x63b511075a70_0, v0x63b511075c10_0 {0 0 0};
    %jmp T_11.9;
T_11.8 ;
    %load/vec4 v0x63b511075630_0;
    %parti/s 10, 2, 3;
    %pad/u 12;
    %ix/vec4 4;
    %load/vec4a v0x63b511075870, 4;
    %assign/vec4 v0x63b511075ce0_0, 0;
    %vpi_call 4 53 "$display", "[wb_slave_model][Slave %0d] Read  addr=%h, data=%h", P_0x63b511074b40, v0x63b511075a70_0, v0x63b511075ce0_0 {0 0 0};
T_11.9 ;
    %jmp T_11.5;
T_11.4 ;
    %pushi/vec4 0, 0, 1;
    %assign/vec4 v0x63b5110759d0_0, 0;
T_11.5 ;
T_11.1 ;
    %jmp T_11;
    .thread T_11;
    .scope S_0x63b511072fc0;
T_12 ;
    %wait E_0x63b511008ce0;
    %load/vec4 v0x63b511073fd0_0;
    %nor/r;
    %flag_set/vec4 8;
    %jmp/0xz  T_12.0, 8;
    %pushi/vec4 0, 0, 1;
    %assign/vec4 v0x63b511074070_0, 0;
    %pushi/vec4 0, 0, 32;
    %assign/vec4 v0x63b511074380_0, 0;
    %fork t_7, S_0x63b511073580;
    %jmp t_6;
    .scope S_0x63b511073580;
t_7 ;
    %pushi/vec4 0, 0, 32;
    %store/vec4 v0x63b511073730_0, 0, 32;
T_12.2 ;
    %load/vec4 v0x63b511073730_0;
    %cmpi/s 1024, 0, 32;
    %jmp/0xz T_12.3, 5;
    %pushi/vec4 0, 0, 32;
    %ix/getv/s 3, v0x63b511073730_0;
    %ix/load 4, 0, 0; Constant delay
    %assign/vec4/a/d v0x63b511073f10, 0, 4;
    %load/vec4 v0x63b511073730_0;
    %addi 1, 0, 32;
    %store/vec4 v0x63b511073730_0, 0, 32;
    %jmp T_12.2;
T_12.3 ;
    %end;
    .scope S_0x63b511072fc0;
t_6 %join;
    %jmp T_12.1;
T_12.0 ;
    %load/vec4 v0x63b5110741e0_0;
    %flag_set/vec4 10;
    %flag_get/vec4 10;
    %jmp/0 T_12.7, 10;
    %load/vec4 v0x63b511074520_0;
    %and;
T_12.7;
    %flag_set/vec4 9;
    %flag_get/vec4 9;
    %jmp/0 T_12.6, 9;
    %load/vec4 v0x63b511073e50_0;
    %and;
T_12.6;
    %flag_set/vec4 8;
    %jmp/0xz  T_12.4, 8;
    %pushi/vec4 1, 0, 1;
    %assign/vec4 v0x63b511074070_0, 0;
    %load/vec4 v0x63b511074700_0;
    %flag_set/vec4 8;
    %jmp/0xz  T_12.8, 8;
    %load/vec4 v0x63b5110742b0_0;
    %load/vec4 v0x63b511073cd0_0;
    %parti/s 10, 2, 3;
    %pad/u 12;
    %ix/vec4 3;
    %ix/load 4, 0, 0; Constant delay
    %assign/vec4/a/d v0x63b511073f10, 0, 4;
    %vpi_call 4 49 "$display", "[wb_slave_model][Slave %0d] Write addr=%h, data=%h", P_0x63b511073260, v0x63b511074110_0, v0x63b5110742b0_0 {0 0 0};
    %jmp T_12.9;
T_12.8 ;
    %load/vec4 v0x63b511073cd0_0;
    %parti/s 10, 2, 3;
    %pad/u 12;
    %ix/vec4 4;
    %load/vec4a v0x63b511073f10, 4;
    %assign/vec4 v0x63b511074380_0, 0;
    %vpi_call 4 53 "$display", "[wb_slave_model][Slave %0d] Read  addr=%h, data=%h", P_0x63b511073260, v0x63b511074110_0, v0x63b511074380_0 {0 0 0};
T_12.9 ;
    %jmp T_12.5;
T_12.4 ;
    %pushi/vec4 0, 0, 1;
    %assign/vec4 v0x63b511074070_0, 0;
T_12.5 ;
T_12.1 ;
    %jmp T_12;
    .thread T_12;
    .scope S_0x63b51106ede0;
T_13 ;
    %wait E_0x63b511008ce0;
    %load/vec4 v0x63b51106fd10_0;
    %nor/r;
    %flag_set/vec4 8;
    %jmp/0xz  T_13.0, 8;
    %pushi/vec4 0, 0, 1;
    %assign/vec4 v0x63b51106fdb0_0, 0;
    %pushi/vec4 0, 0, 32;
    %assign/vec4 v0x63b5110700c0_0, 0;
    %fork t_9, S_0x63b51106f270;
    %jmp t_8;
    .scope S_0x63b51106f270;
t_9 ;
    %pushi/vec4 0, 0, 32;
    %store/vec4 v0x63b51106f470_0, 0, 32;
T_13.2 ;
    %load/vec4 v0x63b51106f470_0;
    %cmpi/s 1024, 0, 32;
    %jmp/0xz T_13.3, 5;
    %pushi/vec4 0, 0, 32;
    %ix/getv/s 3, v0x63b51106f470_0;
    %ix/load 4, 0, 0; Constant delay
    %assign/vec4/a/d v0x63b51106fc50, 0, 4;
    %load/vec4 v0x63b51106f470_0;
    %addi 1, 0, 32;
    %store/vec4 v0x63b51106f470_0, 0, 32;
    %jmp T_13.2;
T_13.3 ;
    %end;
    .scope S_0x63b51106ede0;
t_8 %join;
    %jmp T_13.1;
T_13.0 ;
    %load/vec4 v0x63b51106ff20_0;
    %flag_set/vec4 10;
    %flag_get/vec4 10;
    %jmp/0 T_13.7, 10;
    %load/vec4 v0x63b511070260_0;
    %and;
T_13.7;
    %flag_set/vec4 9;
    %flag_get/vec4 9;
    %jmp/0 T_13.6, 9;
    %load/vec4 v0x63b51106fb90_0;
    %and;
T_13.6;
    %flag_set/vec4 8;
    %jmp/0xz  T_13.4, 8;
    %pushi/vec4 1, 0, 1;
    %assign/vec4 v0x63b51106fdb0_0, 0;
    %load/vec4 v0x63b511070440_0;
    %flag_set/vec4 8;
    %jmp/0xz  T_13.8, 8;
    %load/vec4 v0x63b51106fff0_0;
    %load/vec4 v0x63b51106fa10_0;
    %parti/s 10, 2, 3;
    %pad/u 12;
    %ix/vec4 3;
    %ix/load 4, 0, 0; Constant delay
    %assign/vec4/a/d v0x63b51106fc50, 0, 4;
    %vpi_call 4 49 "$display", "[wb_slave_model][Slave %0d] Write addr=%h, data=%h", P_0x63b51106ca00, v0x63b51106fe50_0, v0x63b51106fff0_0 {0 0 0};
    %jmp T_13.9;
T_13.8 ;
    %load/vec4 v0x63b51106fa10_0;
    %parti/s 10, 2, 3;
    %pad/u 12;
    %ix/vec4 4;
    %load/vec4a v0x63b51106fc50, 4;
    %assign/vec4 v0x63b5110700c0_0, 0;
    %vpi_call 4 53 "$display", "[wb_slave_model][Slave %0d] Read  addr=%h, data=%h", P_0x63b51106ca00, v0x63b51106fe50_0, v0x63b5110700c0_0 {0 0 0};
T_13.9 ;
    %jmp T_13.5;
T_13.4 ;
    %pushi/vec4 0, 0, 1;
    %assign/vec4 v0x63b51106fdb0_0, 0;
T_13.5 ;
T_13.1 ;
    %jmp T_13;
    .thread T_13;
    .scope S_0x63b511033c50;
T_14 ;
    %pushi/vec4 0, 0, 1;
    %store/vec4 v0x63b511076250_0, 0, 1;
T_14.0 ;
    %delay 5000, 0;
    %load/vec4 v0x63b511076250_0;
    %inv;
    %store/vec4 v0x63b511076250_0, 0, 1;
    %jmp T_14.0;
    %end;
    .thread T_14;
    .scope S_0x63b511033c50;
T_15 ;
    %pushi/vec4 0, 0, 1;
    %store/vec4 v0x63b511076310_0, 0, 1;
    %delay 100000, 0;
    %pushi/vec4 1, 0, 1;
    %store/vec4 v0x63b511076310_0, 0, 1;
    %end;
    .thread T_15;
    .scope S_0x63b511033c50;
T_16 ;
    %wait E_0x63b511008ce0;
    %load/vec4 v0x63b511076310_0;
    %nor/r;
    %flag_set/vec4 8;
    %jmp/0xz  T_16.0, 8;
    %pushi/vec4 0, 0, 5;
    %assign/vec4 v0x63b5110763d0_0, 0;
    %jmp T_16.1;
T_16.0 ;
    %load/vec4 v0x63b5110769d0_0;
    %flag_set/vec4 9;
    %flag_get/vec4 9;
    %jmp/0 T_16.4, 9;
    %load/vec4 v0x63b511076df0_0;
    %and;
T_16.4;
    %flag_set/vec4 8;
    %jmp/0xz  T_16.2, 8;
    %load/vec4 v0x63b5110772e0_0;
    %flag_set/vec4 8;
    %flag_get/vec4 8;
    %jmp/0 T_16.5, 8;
    %load/vec4 v0x63b511077700_0;
    %and;
T_16.5;
    %load/vec4 v0x63b511077ae0_0;
    %flag_set/vec4 8;
    %flag_get/vec4 8;
    %jmp/0 T_16.6, 8;
    %load/vec4 v0x63b511077f00_0;
    %and;
T_16.6;
    %concat/vec4; draw_concat_vec4
    %load/vec4 v0x63b5110784f0_0;
    %flag_set/vec4 8;
    %flag_get/vec4 8;
    %jmp/0 T_16.7, 8;
    %load/vec4 v0x63b511078910_0;
    %and;
T_16.7;
    %concat/vec4; draw_concat_vec4
    %load/vec4 v0x63b511078cf0_0;
    %flag_set/vec4 8;
    %flag_get/vec4 8;
    %jmp/0 T_16.8, 8;
    %load/vec4 v0x63b511079110_0;
    %and;
T_16.8;
    %concat/vec4; draw_concat_vec4
    %load/vec4 v0x63b5110794f0_0;
    %flag_set/vec4 8;
    %flag_get/vec4 8;
    %jmp/0 T_16.9, 8;
    %load/vec4 v0x63b511079910_0;
    %and;
T_16.9;
    %concat/vec4; draw_concat_vec4
    %assign/vec4 v0x63b5110763d0_0, 0;
    %jmp T_16.3;
T_16.2 ;
    %pushi/vec4 0, 0, 5;
    %assign/vec4 v0x63b5110763d0_0, 0;
T_16.3 ;
T_16.1 ;
    %jmp T_16;
    .thread T_16;
    .scope S_0x63b511033c50;
T_17 ;
    %vpi_call 2 398 "$dumpfile", "wishbone_interconnect_tb.vcd" {0 0 0};
    %vpi_call 2 399 "$dumpvars", 32'sb00000000000000000000000000000000, S_0x63b511033c50 {0 0 0};
    %pushi/vec4 0, 0, 32;
    %store/vec4 v0x63b511076740_0, 0, 32;
    %pushi/vec4 0, 0, 32;
    %store/vec4 v0x63b5110764a0_0, 0, 32;
    %wait E_0x63b511000b50;
    %delay 20000, 0;
    %vpi_call 2 409 "$display", "\012[TESTBENCH WISHBONE_INTERCONNECT][TEST 1] ADDRESS DECODING: Starting" {0 0 0};
    %pushi/vec4 1, 0, 32;
    %store/vec4 v0x63b511076660_0, 0, 32;
    %pushi/vec4 0, 0, 32; draw_string_vec4
    %pushi/vec4 0, 0, 32; draw_string_vec4
    %concat/vec4; draw_string_vec4
    %pushi/vec4 0, 0, 32; draw_string_vec4
    %concat/vec4; draw_string_vec4
    %pushi/vec4 0, 0, 32; draw_string_vec4
    %concat/vec4; draw_string_vec4
    %pushi/vec4 0, 0, 32; draw_string_vec4
    %concat/vec4; draw_string_vec4
    %pushi/vec4 0, 0, 32; draw_string_vec4
    %concat/vec4; draw_string_vec4
    %pushi/vec4 1097098354, 0, 32; draw_string_vec4
    %concat/vec4; draw_string_vec4
    %pushi/vec4 1702064928, 0, 32; draw_string_vec4
    %concat/vec4; draw_string_vec4
    %pushi/vec4 1147495279, 0, 32; draw_string_vec4
    %concat/vec4; draw_string_vec4
    %pushi/vec4 1684631143, 0, 32; draw_string_vec4
    %concat/vec4; draw_string_vec4
    %store/vec4 v0x63b511076580_0, 0, 320;
    %fork TD_tb_wishbone_interconnect.test_address_decoding, S_0x63b511071fb0;
    %join;
    %load/vec4 v0x63b511072140_0;
    %store/vec4 v0x63b5110764a0_0, 0, 32;
    %load/vec4 v0x63b511076740_0;
    %load/vec4 v0x63b5110764a0_0;
    %add;
    %store/vec4 v0x63b511076740_0, 0, 32;
    %vpi_call 2 414 "$display", "\012[TESTBENCH WISHBONE_INTERCONNECT][TEST 1] ADDRESS DECODING: Completed" {0 0 0};
    %vpi_call 2 417 "$display", "\012Testbench completed with %0d total errors", v0x63b511076740_0 {0 0 0};
    %vpi_call 2 418 "$finish" {0 0 0};
    %end;
    .thread T_17;
# The file index is used to find the file name in the following table.
:file_names 6;
    "N/A";
    "<interactive>";
    "/home/gael/Desktop/asic_workspace/MiniSoC_RV32I/sim/bus/tb_wishbone_interconnect.v";
    "/home/gael/Desktop/asic_workspace/MiniSoC_RV32I/sim/bus/wb_master_model.v";
    "/home/gael/Desktop/asic_workspace/MiniSoC_RV32I/sim/bus/wb_slave_model.v";
    "/home/gael/Desktop/asic_workspace/MiniSoC_RV32I/src/bus/wishbone_interconnect.v";
