#! /usr/bin/vvp
:ivl_version "12.0 (stable)";
:ivl_delay_selection "TYPICAL";
:vpi_time_precision - 12;
:vpi_module "/usr/lib/x86_64-linux-gnu/ivl/system.vpi";
:vpi_module "/usr/lib/x86_64-linux-gnu/ivl/vhdl_sys.vpi";
:vpi_module "/usr/lib/x86_64-linux-gnu/ivl/vhdl_textio.vpi";
:vpi_module "/usr/lib/x86_64-linux-gnu/ivl/v2005_math.vpi";
:vpi_module "/usr/lib/x86_64-linux-gnu/ivl/va_math.vpi";
S_0x6115f0ebe8e0 .scope module, "tb_mem_init" "tb_mem_init" 2 3;
 .timescale -9 -12;
P_0x6115f0f40840 .param/l "ADDR_WIDTH" 0 2 8, +C4<00000000000000000000000000100000>;
P_0x6115f0f40880 .param/l "CLK_PERIOD" 0 2 5, +C4<00000000000000000000000000001010>;
P_0x6115f0f408c0 .param/l "DATA_WIDTH" 0 2 9, +C4<00000000000000000000000000100000>;
P_0x6115f0f40900 .param/l "DMEM_BASE" 0 2 7, C4<00010000000000000000000000000000>;
P_0x6115f0f40940 .param/l "IMEM_BASE" 0 2 6, C4<00000000000000000000000000000000>;
P_0x6115f0f40980 .param/str "INIT_FILE" 0 2 10, "firmware.hex";
P_0x6115f0f409c0 .param/l "SIZE_KB" 0 2 11, +C4<00000000000000000000000000000100>;
v0x6115f0f5fce0_0 .var "clk", 0 0;
v0x6115f0f5fda0_0 .net "dmem_ack", 0 0, v0x6115f0f59c40_0;  1 drivers
v0x6115f0f5fe90_0 .net "dmem_data_read", 31 0, v0x6115f0f59e60_0;  1 drivers
v0x6115f0f5ff90_0 .net "dmem_init_addr", 31 0, v0x6115f0f5ae20_0;  1 drivers
v0x6115f0f60080_0 .net "dmem_init_data", 31 0, v0x6115f0f5aee0_0;  1 drivers
v0x6115f0f60170_0 .net "dmem_init_en", 0 0, v0x6115f0f5b000_0;  1 drivers
v0x6115f0f60260_0 .net "imem_ack", 0 0, v0x6115f0f5e840_0;  1 drivers
v0x6115f0f60300_0 .net "imem_data_read", 31 0, v0x6115f0f5ea80_0;  1 drivers
v0x6115f0f603a0_0 .net "imem_init_addr", 31 0, v0x6115f0f5b190_0;  1 drivers
v0x6115f0f60440_0 .net "imem_init_data", 31 0, v0x6115f0f5b250_0;  1 drivers
v0x6115f0f604e0_0 .net "imem_init_en", 0 0, v0x6115f0f5b330_0;  1 drivers
v0x6115f0f605d0_0 .net "init_done", 0 0, v0x6115f0f5b4d0_0;  1 drivers
v0x6115f0f60670_0 .var "init_start", 0 0;
v0x6115f0f60710_0 .var "rst_n", 0 0;
v0x6115f0f607b0_0 .var "task_error_count", 31 0;
v0x6115f0f60850_0 .var "test_name", 320 1;
v0x6115f0f60930_0 .var "test_num", 31 0;
v0x6115f0f60b20_0 .var "total_errors", 31 0;
E_0x6115f0eedf10 .event posedge, v0x6115f0f58040_0;
S_0x6115f0ec25a0 .scope task, "create_test_firmware" "create_test_firmware" 2 156, 2 156 0, S_0x6115f0ebe8e0;
 .timescale -9 -12;
v0x6115f0f2f220_0 .var/i "file", 31 0;
v0x6115f0f2f2c0_0 .var/i "i", 31 0;
TD_tb_mem_init.create_test_firmware ;
    %vpi_func 2 160 "$fopen" 32, P_0x6115f0f40980, "w" {0 0 0};
    %store/vec4 v0x6115f0f2f220_0, 0, 32;
    %load/vec4 v0x6115f0f2f220_0;
    %nor/r;
    %flag_set/vec4 8;
    %jmp/0xz  T_0.0, 8;
    %vpi_call 2 162 "$display", "ERROR: Could not create firmware file" {0 0 0};
    %vpi_call 2 163 "$finish" {0 0 0};
T_0.0 ;
    %pushi/vec4 0, 0, 32;
    %store/vec4 v0x6115f0f2f2c0_0, 0, 32;
T_0.2 ;
    %load/vec4 v0x6115f0f2f2c0_0;
    %cmpi/s 1024, 0, 32;
    %jmp/0xz T_0.3, 5;
    %pushi/vec4 2779096485, 0, 32;
    %load/vec4 v0x6115f0f2f2c0_0;
    %add;
    %vpi_call 2 168 "$fdisplay", v0x6115f0f2f220_0, "%h", S<0,vec4,u32> {1 0 0};
    %load/vec4 v0x6115f0f2f2c0_0;
    %addi 1, 0, 32;
    %store/vec4 v0x6115f0f2f2c0_0, 0, 32;
    %jmp T_0.2;
T_0.3 ;
    %vpi_call 2 171 "$fclose", v0x6115f0f2f220_0 {0 0 0};
    %vpi_call 2 172 "$display", "Created test firmware file with 1024 entries" {0 0 0};
    %end;
S_0x6115f0ec2360 .scope module, "dmem_inst" "dmem_wrapper" 2 92, 3 1 0, S_0x6115f0ebe8e0;
 .timescale 0 0;
    .port_info 0 /INPUT 1 "clk";
    .port_info 1 /INPUT 1 "rst_n";
    .port_info 2 /INPUT 1 "wbs_cyc";
    .port_info 3 /INPUT 1 "wbs_stb";
    .port_info 4 /INPUT 1 "wbs_we";
    .port_info 5 /INPUT 32 "wbs_addr";
    .port_info 6 /INPUT 32 "wbs_data_write";
    .port_info 7 /INPUT 4 "wbs_sel";
    .port_info 8 /OUTPUT 32 "wbs_data_read";
    .port_info 9 /OUTPUT 1 "wbs_ack";
    .port_info 10 /INPUT 1 "init_en";
    .port_info 11 /INPUT 32 "init_addr";
    .port_info 12 /INPUT 32 "init_data";
P_0x6115f0f35a20 .param/l "ADDR_WIDTH" 0 3 4, +C4<00000000000000000000000000100000>;
P_0x6115f0f35a60 .param/l "BASE_ADDR" 0 3 2, C4<00010000000000000000000000000000>;
P_0x6115f0f35aa0 .param/l "DATA_WIDTH" 0 3 5, +C4<00000000000000000000000000100000>;
P_0x6115f0f35ae0 .param/l "SIZE_KB" 0 3 3, +C4<00000000000000000000000000000100>;
L_0x6115f0f71be0 .functor AND 1, L_0x6115f0f719b0, L_0x6115f0f71aa0, C4<1>, C4<1>;
L_0x6115f0f71f90 .functor AND 1, L_0x6115f0f71cf0, L_0x6115f0f71de0, C4<1>, C4<1>;
L_0x7022c9f29528 .functor BUFT 1, C4<0>, C4<0>, C4<0>, C4<0>;
L_0x6115f0f72200 .functor AND 1, L_0x7022c9f29528, L_0x6115f0f71be0, C4<1>, C4<1>;
L_0x7022c9f29570 .functor BUFT 1, C4<0>, C4<0>, C4<0>, C4<0>;
L_0x6115f0f72620 .functor AND 1, L_0x7022c9f29570, L_0x6115f0f71be0, C4<1>, C4<1>;
L_0x6115f0f726c0 .functor AND 1, v0x6115f0f5b000_0, L_0x6115f0f71f90, C4<1>, C4<1>;
L_0x7022c9f29378 .functor BUFT 1, C4<00010000000000000000000000000000>, C4<0>, C4<0>, C4<0>;
v0x6115f0f58b80_0 .net/2u *"_ivl_0", 31 0, L_0x7022c9f29378;  1 drivers
L_0x7022c9f29408 .functor BUFT 1, C4<00010000000000000000000000000000>, C4<0>, C4<0>, C4<0>;
v0x6115f0f58c80_0 .net/2u *"_ivl_10", 31 0, L_0x7022c9f29408;  1 drivers
v0x6115f0f58d60_0 .net *"_ivl_12", 0 0, L_0x6115f0f71cf0;  1 drivers
L_0x7022c9f29450 .functor BUFT 1, C4<00010000000000000001000000000000>, C4<0>, C4<0>, C4<0>;
v0x6115f0f58e00_0 .net/2u *"_ivl_14", 31 0, L_0x7022c9f29450;  1 drivers
v0x6115f0f58ee0_0 .net *"_ivl_16", 0 0, L_0x6115f0f71de0;  1 drivers
v0x6115f0f58fa0_0 .net *"_ivl_2", 0 0, L_0x6115f0f719b0;  1 drivers
L_0x7022c9f29498 .functor BUFT 1, C4<00010000000000000000000000000000>, C4<0>, C4<0>, C4<0>;
v0x6115f0f59060_0 .net/2u *"_ivl_20", 31 0, L_0x7022c9f29498;  1 drivers
L_0x7022c9f294e0 .functor BUFT 1, C4<00010000000000000000000000000000>, C4<0>, C4<0>, C4<0>;
v0x6115f0f59140_0 .net/2u *"_ivl_24", 31 0, L_0x7022c9f294e0;  1 drivers
L_0x7022c9f293c0 .functor BUFT 1, C4<00010000000000000001000000000000>, C4<0>, C4<0>, C4<0>;
v0x6115f0f59220_0 .net/2u *"_ivl_4", 31 0, L_0x7022c9f293c0;  1 drivers
v0x6115f0f59300_0 .net *"_ivl_6", 0 0, L_0x6115f0f71aa0;  1 drivers
v0x6115f0f593c0_0 .net "clk", 0 0, v0x6115f0f5fce0_0;  1 drivers
v0x6115f0f59460_0 .net "dmem_init_addr", 31 0, L_0x6115f0f72310;  1 drivers
v0x6115f0f59530_0 .net "dmem_wbs_addr", 31 0, L_0x6115f0f72160;  1 drivers
v0x6115f0f59600_0 .net "init_addr", 31 0, v0x6115f0f5ae20_0;  alias, 1 drivers
v0x6115f0f596c0_0 .net "init_data", 31 0, v0x6115f0f5aee0_0;  alias, 1 drivers
v0x6115f0f597b0_0 .net "init_en", 0 0, v0x6115f0f5b000_0;  alias, 1 drivers
v0x6115f0f59850_0 .net "init_select", 0 0, L_0x6115f0f71f90;  1 drivers
v0x6115f0f59910_0 .net "mem_select", 0 0, L_0x6115f0f71be0;  1 drivers
v0x6115f0f599d0_0 .net "rst_n", 0 0, v0x6115f0f60710_0;  1 drivers
v0x6115f0f59aa0_0 .net "tmp_wbs_ack", 0 0, v0x6115f0f58280_0;  1 drivers
v0x6115f0f59b70_0 .net "tmp_wbs_data_read", 31 0, v0x6115f0f584e0_0;  1 drivers
v0x6115f0f59c40_0 .var "wbs_ack", 0 0;
L_0x7022c9f29600 .functor BUFT 1, C4<00000000000000000000000000000000>, C4<0>, C4<0>, C4<0>;
v0x6115f0f59ce0_0 .net "wbs_addr", 31 0, L_0x7022c9f29600;  1 drivers
v0x6115f0f59da0_0 .net "wbs_cyc", 0 0, L_0x7022c9f29528;  1 drivers
v0x6115f0f59e60_0 .var "wbs_data_read", 31 0;
L_0x7022c9f29648 .functor BUFT 1, C4<00000000000000000000000000000000>, C4<0>, C4<0>, C4<0>;
v0x6115f0f59f40_0 .net "wbs_data_write", 31 0, L_0x7022c9f29648;  1 drivers
L_0x7022c9f29690 .functor BUFT 1, C4<0000>, C4<0>, C4<0>, C4<0>;
v0x6115f0f5a030_0 .net "wbs_sel", 3 0, L_0x7022c9f29690;  1 drivers
v0x6115f0f5a100_0 .net "wbs_stb", 0 0, L_0x7022c9f29570;  1 drivers
L_0x7022c9f295b8 .functor BUFT 1, C4<0>, C4<0>, C4<0>, C4<0>;
v0x6115f0f5a1a0_0 .net "wbs_we", 0 0, L_0x7022c9f295b8;  1 drivers
L_0x6115f0f719b0 .cmp/ge 32, L_0x7022c9f29600, L_0x7022c9f29378;
L_0x6115f0f71aa0 .cmp/gt 32, L_0x7022c9f293c0, L_0x7022c9f29600;
L_0x6115f0f71cf0 .cmp/ge 32, v0x6115f0f5ae20_0, L_0x7022c9f29408;
L_0x6115f0f71de0 .cmp/gt 32, L_0x7022c9f29450, v0x6115f0f5ae20_0;
L_0x6115f0f72160 .arith/sub 32, L_0x7022c9f29600, L_0x7022c9f29498;
L_0x6115f0f72310 .arith/sub 32, v0x6115f0f5ae20_0, L_0x7022c9f294e0;
S_0x6115f0f578f0 .scope module, "dmem_inst" "dmem" 3 50, 4 1 0, S_0x6115f0ec2360;
 .timescale 0 0;
    .port_info 0 /INPUT 1 "clk";
    .port_info 1 /INPUT 1 "rst_n";
    .port_info 2 /INPUT 1 "wbs_cyc";
    .port_info 3 /INPUT 1 "wbs_stb";
    .port_info 4 /INPUT 1 "wbs_we";
    .port_info 5 /INPUT 32 "wbs_addr";
    .port_info 6 /INPUT 32 "wbs_data_write";
    .port_info 7 /INPUT 4 "wbs_sel";
    .port_info 8 /OUTPUT 32 "wbs_data_read";
    .port_info 9 /OUTPUT 1 "wbs_ack";
    .port_info 10 /INPUT 1 "init_en";
    .port_info 11 /INPUT 32 "init_addr";
    .port_info 12 /INPUT 32 "init_data";
P_0x6115f0f35910 .param/l "ADDR_WIDTH" 0 4 3, +C4<00000000000000000000000000100000>;
P_0x6115f0f35950 .param/l "DATA_WIDTH" 0 4 4, +C4<00000000000000000000000000100000>;
P_0x6115f0f35990 .param/l "DEPTH" 1 4 31, +C4<0000000000000000000000000000000000000000000000000000010000000000>;
P_0x6115f0f359d0 .param/l "SIZE_KB" 0 4 2, +C4<00000000000000000000000000000100>;
v0x6115f0f280d0_0 .net "clk", 0 0, v0x6115f0f5fce0_0;  alias, 1 drivers
v0x6115f0f28170_0 .net "init_addr", 31 0, L_0x6115f0f72310;  alias, 1 drivers
v0x6115f0f3b460_0 .net "init_data", 31 0, v0x6115f0f5aee0_0;  alias, 1 drivers
v0x6115f0f37380_0 .net "init_en", 0 0, L_0x6115f0f726c0;  1 drivers
v0x6115f0f3ddb0_0 .net "init_word_addr", 9 0, L_0x6115f0f72530;  1 drivers
v0x6115f0f57f80 .array "mem", 1023 0, 31 0;
v0x6115f0f58040_0 .net "rst_n", 0 0, v0x6115f0f60710_0;  alias, 1 drivers
v0x6115f0f58100_0 .var "tmp_r_ack", 0 0;
v0x6115f0f581c0_0 .var "tmp_w_ack", 0 0;
v0x6115f0f58280_0 .var "wbs_ack", 0 0;
v0x6115f0f58340_0 .net "wbs_addr", 31 0, L_0x6115f0f72160;  alias, 1 drivers
v0x6115f0f58420_0 .net "wbs_cyc", 0 0, L_0x6115f0f72200;  1 drivers
v0x6115f0f584e0_0 .var "wbs_data_read", 31 0;
v0x6115f0f585c0_0 .net "wbs_data_write", 31 0, L_0x7022c9f29648;  alias, 1 drivers
v0x6115f0f586a0_0 .net "wbs_sel", 3 0, L_0x7022c9f29690;  alias, 1 drivers
v0x6115f0f58780_0 .net "wbs_stb", 0 0, L_0x6115f0f72620;  1 drivers
v0x6115f0f58840_0 .net "wbs_we", 0 0, L_0x7022c9f295b8;  alias, 1 drivers
v0x6115f0f58900_0 .net "word_addr", 9 0, L_0x6115f0f72490;  1 drivers
E_0x6115f0eee160/0 .event negedge, v0x6115f0f58040_0;
E_0x6115f0eee160/1 .event posedge, v0x6115f0f280d0_0;
E_0x6115f0eee160 .event/or E_0x6115f0eee160/0, E_0x6115f0eee160/1;
E_0x6115f0ef1490 .event posedge, v0x6115f0f280d0_0;
L_0x6115f0f72490 .part L_0x6115f0f72160, 2, 10;
L_0x6115f0f72530 .part L_0x6115f0f72310, 2, 10;
S_0x6115f0f5a3f0 .scope module, "dut" "mem_init" 2 51, 5 1 0, S_0x6115f0ebe8e0;
 .timescale 0 0;
    .port_info 0 /INPUT 1 "clk";
    .port_info 1 /INPUT 1 "rst_n";
    .port_info 2 /INPUT 1 "init_start";
    .port_info 3 /OUTPUT 1 "init_done";
    .port_info 4 /OUTPUT 1 "imem_init_en";
    .port_info 5 /OUTPUT 32 "imem_init_addr";
    .port_info 6 /OUTPUT 32 "imem_init_data";
    .port_info 7 /OUTPUT 1 "dmem_init_en";
    .port_info 8 /OUTPUT 32 "dmem_init_addr";
    .port_info 9 /OUTPUT 32 "dmem_init_data";
P_0x6115f0f5a5b0 .param/l "ADDR_WIDTH" 0 5 5, +C4<00000000000000000000000000100000>;
P_0x6115f0f5a5f0 .param/l "DATA_WIDTH" 0 5 6, +C4<00000000000000000000000000100000>;
P_0x6115f0f5a630 .param/l "DMEM_BASE" 0 5 3, C4<00010000000000000000000000000000>;
P_0x6115f0f5a670 .param/l "DONE" 1 5 42, C4<11>;
P_0x6115f0f5a6b0 .param/l "IDLE" 1 5 39, C4<00>;
P_0x6115f0f5a6f0 .param/l "IMEM_BASE" 0 5 2, C4<00000000000000000000000000000000>;
P_0x6115f0f5a730 .param/str "INIT_FILE" 0 5 4, "firmware.hex";
P_0x6115f0f5a770 .param/l "LOAD_DMEM" 1 5 41, C4<10>;
P_0x6115f0f5a7b0 .param/l "LOAD_IMEM" 1 5 40, C4<01>;
v0x6115f0f5ad30_0 .net "clk", 0 0, v0x6115f0f5fce0_0;  alias, 1 drivers
v0x6115f0f5ae20_0 .var "dmem_init_addr", 31 0;
v0x6115f0f5aee0_0 .var "dmem_init_data", 31 0;
v0x6115f0f5b000_0 .var "dmem_init_en", 0 0;
v0x6115f0f5b0a0 .array "firmware_mem", 1023 0, 31 0;
v0x6115f0f5b190_0 .var "imem_init_addr", 31 0;
v0x6115f0f5b250_0 .var "imem_init_data", 31 0;
v0x6115f0f5b330_0 .var "imem_init_en", 0 0;
v0x6115f0f5b3f0_0 .var "init_counter", 31 0;
v0x6115f0f5b4d0_0 .var "init_done", 0 0;
v0x6115f0f5b590_0 .var "init_pulse", 0 0;
v0x6115f0f5b650_0 .net "init_start", 0 0, v0x6115f0f60670_0;  1 drivers
v0x6115f0f5b710_0 .net "rst_n", 0 0, v0x6115f0f60710_0;  alias, 1 drivers
v0x6115f0f5b7b0_0 .var "state", 1 0;
S_0x6115f0f5ba30 .scope module, "imem_inst" "imem_wrapper" 2 70, 6 1 0, S_0x6115f0ebe8e0;
 .timescale 0 0;
    .port_info 0 /INPUT 1 "clk";
    .port_info 1 /INPUT 1 "rst_n";
    .port_info 2 /INPUT 1 "wbs_cyc";
    .port_info 3 /INPUT 1 "wbs_stb";
    .port_info 4 /INPUT 1 "wbs_we";
    .port_info 5 /INPUT 32 "wbs_addr";
    .port_info 6 /INPUT 32 "wbs_data_write";
    .port_info 7 /INPUT 4 "wbs_sel";
    .port_info 8 /OUTPUT 32 "wbs_data_read";
    .port_info 9 /OUTPUT 1 "wbs_ack";
    .port_info 10 /INPUT 1 "init_en";
    .port_info 11 /INPUT 32 "init_addr";
    .port_info 12 /INPUT 32 "init_data";
P_0x6115f0f5bc10 .param/l "ADDR_WIDTH" 0 6 4, +C4<00000000000000000000000000100000>;
P_0x6115f0f5bc50 .param/l "BASE_ADDR" 0 6 2, C4<00000000000000000000000000000000>;
P_0x6115f0f5bc90 .param/l "DATA_WIDTH" 0 6 5, +C4<00000000000000000000000000100000>;
P_0x6115f0f5bcd0 .param/l "SIZE_KB" 0 6 3, +C4<00000000000000000000000000000100>;
L_0x6115f0f35820 .functor AND 1, L_0x6115f0f70c40, L_0x6115f0f70d90, C4<1>, C4<1>;
L_0x6115f0f3ee40 .functor AND 1, L_0x6115f0f70fa0, L_0x6115f0f71090, C4<1>, C4<1>;
L_0x7022c9f291c8 .functor BUFT 1, C4<0>, C4<0>, C4<0>, C4<0>;
L_0x6115f0f286e0 .functor AND 1, L_0x7022c9f291c8, L_0x6115f0f35820, C4<1>, C4<1>;
L_0x7022c9f29210 .functor BUFT 1, C4<0>, C4<0>, C4<0>, C4<0>;
L_0x6115f0f716d0 .functor AND 1, L_0x7022c9f29210, L_0x6115f0f35820, C4<1>, C4<1>;
L_0x6115f0f71770 .functor AND 1, v0x6115f0f5b330_0, L_0x6115f0f3ee40, C4<1>, C4<1>;
L_0x7022c9f29018 .functor BUFT 1, C4<00000000000000000000000000000000>, C4<0>, C4<0>, C4<0>;
v0x6115f0f5d710_0 .net/2u *"_ivl_0", 31 0, L_0x7022c9f29018;  1 drivers
L_0x7022c9f290a8 .functor BUFT 1, C4<00000000000000000000000000000000>, C4<0>, C4<0>, C4<0>;
v0x6115f0f5d810_0 .net/2u *"_ivl_10", 31 0, L_0x7022c9f290a8;  1 drivers
v0x6115f0f5d8f0_0 .net *"_ivl_12", 0 0, L_0x6115f0f70fa0;  1 drivers
L_0x7022c9f290f0 .functor BUFT 1, C4<00000000000000000001000000000000>, C4<0>, C4<0>, C4<0>;
v0x6115f0f5d990_0 .net/2u *"_ivl_14", 31 0, L_0x7022c9f290f0;  1 drivers
v0x6115f0f5da70_0 .net *"_ivl_16", 0 0, L_0x6115f0f71090;  1 drivers
v0x6115f0f5db30_0 .net *"_ivl_2", 0 0, L_0x6115f0f70c40;  1 drivers
L_0x7022c9f29138 .functor BUFT 1, C4<00000000000000000000000000000000>, C4<0>, C4<0>, C4<0>;
v0x6115f0f5dbf0_0 .net/2u *"_ivl_20", 31 0, L_0x7022c9f29138;  1 drivers
L_0x7022c9f29180 .functor BUFT 1, C4<00000000000000000000000000000000>, C4<0>, C4<0>, C4<0>;
v0x6115f0f5dcd0_0 .net/2u *"_ivl_24", 31 0, L_0x7022c9f29180;  1 drivers
L_0x7022c9f29060 .functor BUFT 1, C4<00000000000000000001000000000000>, C4<0>, C4<0>, C4<0>;
v0x6115f0f5ddb0_0 .net/2u *"_ivl_4", 31 0, L_0x7022c9f29060;  1 drivers
v0x6115f0f5de90_0 .net *"_ivl_6", 0 0, L_0x6115f0f70d90;  1 drivers
v0x6115f0f5df50_0 .net "clk", 0 0, v0x6115f0f5fce0_0;  alias, 1 drivers
v0x6115f0f5dff0_0 .net "imem_init_addr", 31 0, L_0x6115f0f713c0;  1 drivers
v0x6115f0f5e0b0_0 .net "imem_wbs_addr", 31 0, L_0x6115f0f71280;  1 drivers
v0x6115f0f5e180_0 .net "init_addr", 31 0, v0x6115f0f5b190_0;  alias, 1 drivers
v0x6115f0f5e250_0 .net "init_data", 31 0, v0x6115f0f5b250_0;  alias, 1 drivers
v0x6115f0f5e2f0_0 .net "init_en", 0 0, v0x6115f0f5b330_0;  alias, 1 drivers
v0x6115f0f5e390_0 .net "init_select", 0 0, L_0x6115f0f3ee40;  1 drivers
v0x6115f0f5e540_0 .net "mem_select", 0 0, L_0x6115f0f35820;  1 drivers
v0x6115f0f5e600_0 .net "rst_n", 0 0, v0x6115f0f60710_0;  alias, 1 drivers
v0x6115f0f5e6a0_0 .net "tmp_wbs_ack", 0 0, v0x6115f0f5ce10_0;  1 drivers
v0x6115f0f5e770_0 .net "tmp_wbs_data_read", 31 0, v0x6115f0f5d070_0;  1 drivers
v0x6115f0f5e840_0 .var "wbs_ack", 0 0;
L_0x7022c9f292a0 .functor BUFT 1, C4<00000000000000000000000000000000>, C4<0>, C4<0>, C4<0>;
v0x6115f0f5e8e0_0 .net "wbs_addr", 31 0, L_0x7022c9f292a0;  1 drivers
v0x6115f0f5e9c0_0 .net "wbs_cyc", 0 0, L_0x7022c9f291c8;  1 drivers
v0x6115f0f5ea80_0 .var "wbs_data_read", 31 0;
L_0x7022c9f292e8 .functor BUFT 1, C4<00000000000000000000000000000000>, C4<0>, C4<0>, C4<0>;
v0x6115f0f5eb60_0 .net "wbs_data_write", 31 0, L_0x7022c9f292e8;  1 drivers
L_0x7022c9f29330 .functor BUFT 1, C4<0000>, C4<0>, C4<0>, C4<0>;
v0x6115f0f5ec50_0 .net "wbs_sel", 3 0, L_0x7022c9f29330;  1 drivers
v0x6115f0f5ed20_0 .net "wbs_stb", 0 0, L_0x7022c9f29210;  1 drivers
L_0x7022c9f29258 .functor BUFT 1, C4<0>, C4<0>, C4<0>, C4<0>;
v0x6115f0f5edc0_0 .net "wbs_we", 0 0, L_0x7022c9f29258;  1 drivers
L_0x6115f0f70c40 .cmp/ge 32, L_0x7022c9f292a0, L_0x7022c9f29018;
L_0x6115f0f70d90 .cmp/gt 32, L_0x7022c9f29060, L_0x7022c9f292a0;
L_0x6115f0f70fa0 .cmp/ge 32, v0x6115f0f5b190_0, L_0x7022c9f290a8;
L_0x6115f0f71090 .cmp/gt 32, L_0x7022c9f290f0, v0x6115f0f5b190_0;
L_0x6115f0f71280 .arith/sub 32, L_0x7022c9f292a0, L_0x7022c9f29138;
L_0x6115f0f713c0 .arith/sub 32, v0x6115f0f5b190_0, L_0x7022c9f29180;
S_0x6115f0f5c000 .scope module, "imem_inst" "imem" 6 50, 7 1 0, S_0x6115f0f5ba30;
 .timescale 0 0;
    .port_info 0 /INPUT 1 "clk";
    .port_info 1 /INPUT 1 "rst_n";
    .port_info 2 /INPUT 1 "wbs_cyc";
    .port_info 3 /INPUT 1 "wbs_stb";
    .port_info 4 /INPUT 1 "wbs_we";
    .port_info 5 /INPUT 32 "wbs_addr";
    .port_info 6 /INPUT 32 "wbs_data_write";
    .port_info 7 /INPUT 4 "wbs_sel";
    .port_info 8 /OUTPUT 32 "wbs_data_read";
    .port_info 9 /OUTPUT 1 "wbs_ack";
    .port_info 10 /INPUT 1 "init_en";
    .port_info 11 /INPUT 32 "init_addr";
    .port_info 12 /INPUT 32 "init_data";
P_0x6115f0f5c200 .param/l "ADDR_WIDTH" 0 7 3, +C4<00000000000000000000000000100000>;
P_0x6115f0f5c240 .param/l "DATA_WIDTH" 0 7 4, +C4<00000000000000000000000000100000>;
P_0x6115f0f5c280 .param/l "DEPTH" 1 7 27, +C4<0000000000000000000000000000000000000000000000000000010000000000>;
P_0x6115f0f5c2c0 .param/l "SIZE_KB" 0 7 2, +C4<00000000000000000000000000000100>;
v0x6115f0f5c780_0 .net "clk", 0 0, v0x6115f0f5fce0_0;  alias, 1 drivers
v0x6115f0f5c840_0 .net "init_addr", 31 0, L_0x6115f0f713c0;  alias, 1 drivers
v0x6115f0f5c920_0 .net "init_data", 31 0, v0x6115f0f5b250_0;  alias, 1 drivers
v0x6115f0f5ca20_0 .net "init_en", 0 0, L_0x6115f0f71770;  1 drivers
v0x6115f0f5cac0_0 .net "init_word_addr", 9 0, L_0x6115f0f71540;  1 drivers
v0x6115f0f5cbf0 .array "mem", 1023 0, 31 0;
v0x6115f0f5ccb0_0 .net "rst_n", 0 0, v0x6115f0f60710_0;  alias, 1 drivers
v0x6115f0f5cd50_0 .var "tmp_r_ack", 0 0;
v0x6115f0f5ce10_0 .var "wbs_ack", 0 0;
v0x6115f0f5ced0_0 .net "wbs_addr", 31 0, L_0x6115f0f71280;  alias, 1 drivers
v0x6115f0f5cfb0_0 .net "wbs_cyc", 0 0, L_0x6115f0f286e0;  1 drivers
v0x6115f0f5d070_0 .var "wbs_data_read", 31 0;
v0x6115f0f5d150_0 .net "wbs_data_write", 31 0, L_0x7022c9f292e8;  alias, 1 drivers
v0x6115f0f5d230_0 .net "wbs_sel", 3 0, L_0x7022c9f29330;  alias, 1 drivers
v0x6115f0f5d310_0 .net "wbs_stb", 0 0, L_0x6115f0f716d0;  1 drivers
v0x6115f0f5d3d0_0 .net "wbs_we", 0 0, L_0x7022c9f29258;  alias, 1 drivers
v0x6115f0f5d490_0 .net "word_addr", 9 0, L_0x6115f0f715e0;  1 drivers
L_0x6115f0f71540 .part L_0x6115f0f713c0, 2, 10;
L_0x6115f0f715e0 .part L_0x6115f0f71280, 2, 10;
S_0x6115f0f5f010 .scope task, "read_dmem" "read_dmem" 2 251, 2 251 0, S_0x6115f0ebe8e0;
 .timescale -9 -12;
v0x6115f0f5f1a0_0 .var "addr", 31 0;
v0x6115f0f5f2a0_0 .var "data", 31 0;
TD_tb_mem_init.read_dmem ;
    %load/vec4 v0x6115f0f5f1a0_0;
    %parti/s 10, 2, 3;
    %pad/u 12;
    %ix/vec4 4;
    %load/vec4a v0x6115f0f57f80, 4;
    %store/vec4 v0x6115f0f5f2a0_0, 0, 32;
    %end;
S_0x6115f0f5f380 .scope task, "read_imem" "read_imem" 2 241, 2 241 0, S_0x6115f0ebe8e0;
 .timescale -9 -12;
v0x6115f0f5f560_0 .var "addr", 31 0;
v0x6115f0f5f660_0 .var "data", 31 0;
TD_tb_mem_init.read_imem ;
    %load/vec4 v0x6115f0f5f560_0;
    %parti/s 10, 2, 3;
    %pad/u 12;
    %ix/vec4 4;
    %load/vec4a v0x6115f0f5cbf0, 4;
    %store/vec4 v0x6115f0f5f660_0, 0, 32;
    %end;
S_0x6115f0f5f740 .scope task, "test_init_sequence" "test_init_sequence" 2 176, 2 176 0, S_0x6115f0ebe8e0;
 .timescale -9 -12;
v0x6115f0f5f960_0 .var "error_count", 31 0;
v0x6115f0f5fa60_0 .var "expected_data", 31 0;
v0x6115f0f5fb40_0 .var/i "i", 31 0;
v0x6115f0f5fc00_0 .var "read_data", 31 0;
E_0x6115f0f18740 .event anyedge, v0x6115f0f5b4d0_0;
TD_tb_mem_init.test_init_sequence ;
    %pushi/vec4 0, 0, 32;
    %store/vec4 v0x6115f0f5f960_0, 0, 32;
    %vpi_call 2 184 "$display", "Starting initialization sequence..." {0 0 0};
    %pushi/vec4 1, 0, 1;
    %store/vec4 v0x6115f0f60670_0, 0, 1;
    %wait E_0x6115f0ef1490;
    %wait E_0x6115f0ef1490;
    %pushi/vec4 0, 0, 1;
    %store/vec4 v0x6115f0f60670_0, 0, 1;
T_3.4 ;
    %load/vec4 v0x6115f0f605d0_0;
    %cmpi/ne 1, 0, 1;
    %jmp/0xz T_3.5, 6;
    %wait E_0x6115f0f18740;
    %jmp T_3.4;
T_3.5 ;
    %wait E_0x6115f0ef1490;
    %wait E_0x6115f0ef1490;
    %vpi_call 2 197 "$display", "Initialization completed. Verifying memory contents..." {0 0 0};
    %vpi_call 2 200 "$display", "Verifying IMEM contents..." {0 0 0};
    %pushi/vec4 0, 0, 32;
    %store/vec4 v0x6115f0f5fb40_0, 0, 32;
T_3.6 ;
    %load/vec4 v0x6115f0f5fb40_0;
    %cmpi/s 1024, 0, 32;
    %jmp/0xz T_3.7, 5;
    %pushi/vec4 2779096485, 0, 32;
    %load/vec4 v0x6115f0f5fb40_0;
    %add;
    %store/vec4 v0x6115f0f5fa60_0, 0, 32;
    %wait E_0x6115f0ef1490;
    %pushi/vec4 0, 0, 32;
    %load/vec4 v0x6115f0f5fb40_0;
    %muli 4, 0, 32;
    %add;
    %store/vec4 v0x6115f0f5f560_0, 0, 32;
    %fork TD_tb_mem_init.read_imem, S_0x6115f0f5f380;
    %join;
    %load/vec4 v0x6115f0f5f660_0;
    %store/vec4 v0x6115f0f5fc00_0, 0, 32;
    %load/vec4 v0x6115f0f5fc00_0;
    %load/vec4 v0x6115f0f5fa60_0;
    %cmp/ne;
    %jmp/0xz  T_3.8, 6;
    %pushi/vec4 0, 0, 32;
    %load/vec4 v0x6115f0f5fb40_0;
    %muli 4, 0, 32;
    %add;
    %vpi_call 2 209 "$display", "ERROR: IMEM @%h: Expected %h, Got %h", S<0,vec4,u32>, v0x6115f0f5fa60_0, v0x6115f0f5fc00_0 {1 0 0};
    %load/vec4 v0x6115f0f5f960_0;
    %addi 1, 0, 32;
    %store/vec4 v0x6115f0f5f960_0, 0, 32;
    %jmp T_3.9;
T_3.8 ;
    %pushi/vec4 0, 0, 32;
    %load/vec4 v0x6115f0f5fb40_0;
    %muli 4, 0, 32;
    %add;
    %vpi_call 2 213 "$display", "OK: IMEM @%h = %h", S<0,vec4,u32>, v0x6115f0f5fc00_0 {1 0 0};
T_3.9 ;
    %load/vec4 v0x6115f0f5fb40_0;
    %addi 1, 0, 32;
    %store/vec4 v0x6115f0f5fb40_0, 0, 32;
    %jmp T_3.6;
T_3.7 ;
    %vpi_call 2 218 "$display", "Verifying DMEM contents..." {0 0 0};
    %pushi/vec4 0, 0, 32;
    %store/vec4 v0x6115f0f5fb40_0, 0, 32;
T_3.10 ;
    %load/vec4 v0x6115f0f5fb40_0;
    %cmpi/s 8, 0, 32;
    %jmp/0xz T_3.11, 5;
    %pushi/vec4 268435456, 0, 32;
    %load/vec4 v0x6115f0f5fb40_0;
    %muli 4, 0, 32;
    %add;
    %store/vec4 v0x6115f0f5f1a0_0, 0, 32;
    %fork TD_tb_mem_init.read_dmem, S_0x6115f0f5f010;
    %join;
    %load/vec4 v0x6115f0f5f2a0_0;
    %store/vec4 v0x6115f0f5fc00_0, 0, 32;
    %load/vec4 v0x6115f0f5fc00_0;
    %cmpi/ne 0, 0, 32;
    %jmp/0xz  T_3.12, 6;
    %pushi/vec4 268435456, 0, 32;
    %load/vec4 v0x6115f0f5fb40_0;
    %muli 4, 0, 32;
    %add;
    %vpi_call 2 224 "$display", "ERROR: DMEM @%h: Expected 00000000, Got %h", S<0,vec4,u32>, v0x6115f0f5fc00_0 {1 0 0};
    %load/vec4 v0x6115f0f5f960_0;
    %addi 1, 0, 32;
    %store/vec4 v0x6115f0f5f960_0, 0, 32;
    %jmp T_3.13;
T_3.12 ;
    %pushi/vec4 268435456, 0, 32;
    %load/vec4 v0x6115f0f5fb40_0;
    %muli 4, 0, 32;
    %add;
    %vpi_call 2 228 "$display", "OK: DMEM @%h = %h", S<0,vec4,u32>, v0x6115f0f5fc00_0 {1 0 0};
T_3.13 ;
    %load/vec4 v0x6115f0f5fb40_0;
    %addi 1, 0, 32;
    %store/vec4 v0x6115f0f5fb40_0, 0, 32;
    %jmp T_3.10;
T_3.11 ;
    %load/vec4 v0x6115f0f5f960_0;
    %cmpi/e 0, 0, 32;
    %jmp/0xz  T_3.14, 4;
    %vpi_call 2 233 "$display", "SUCCESS: All memory locations initialized correctly" {0 0 0};
T_3.14 ;
    %end;
    .scope S_0x6115f0f5a3f0;
T_4 ;
    %vpi_call 5 33 "$readmemh", P_0x6115f0f5a730, v0x6115f0f5b0a0 {0 0 0};
    %end;
    .thread T_4;
    .scope S_0x6115f0f5a3f0;
T_5 ;
    %wait E_0x6115f0eee160;
    %load/vec4 v0x6115f0f5b710_0;
    %nor/r;
    %flag_set/vec4 8;
    %jmp/0xz  T_5.0, 8;
    %pushi/vec4 0, 0, 2;
    %assign/vec4 v0x6115f0f5b7b0_0, 0;
    %pushi/vec4 0, 0, 1;
    %assign/vec4 v0x6115f0f5b4d0_0, 0;
    %pushi/vec4 0, 0, 1;
    %assign/vec4 v0x6115f0f5b330_0, 0;
    %pushi/vec4 0, 0, 32;
    %assign/vec4 v0x6115f0f5b190_0, 0;
    %pushi/vec4 0, 0, 32;
    %assign/vec4 v0x6115f0f5b250_0, 0;
    %pushi/vec4 0, 0, 1;
    %assign/vec4 v0x6115f0f5b000_0, 0;
    %pushi/vec4 0, 0, 32;
    %assign/vec4 v0x6115f0f5ae20_0, 0;
    %pushi/vec4 0, 0, 32;
    %assign/vec4 v0x6115f0f5aee0_0, 0;
    %pushi/vec4 0, 0, 32;
    %assign/vec4 v0x6115f0f5b3f0_0, 0;
    %pushi/vec4 0, 0, 1;
    %assign/vec4 v0x6115f0f5b590_0, 0;
    %jmp T_5.1;
T_5.0 ;
    %pushi/vec4 0, 0, 1;
    %assign/vec4 v0x6115f0f5b330_0, 0;
    %pushi/vec4 0, 0, 1;
    %assign/vec4 v0x6115f0f5b000_0, 0;
    %pushi/vec4 0, 0, 1;
    %assign/vec4 v0x6115f0f5b590_0, 0;
    %load/vec4 v0x6115f0f5b7b0_0;
    %dup/vec4;
    %pushi/vec4 0, 0, 2;
    %cmp/u;
    %jmp/1 T_5.2, 6;
    %dup/vec4;
    %pushi/vec4 1, 0, 2;
    %cmp/u;
    %jmp/1 T_5.3, 6;
    %dup/vec4;
    %pushi/vec4 2, 0, 2;
    %cmp/u;
    %jmp/1 T_5.4, 6;
    %dup/vec4;
    %pushi/vec4 3, 0, 2;
    %cmp/u;
    %jmp/1 T_5.5, 6;
    %jmp T_5.6;
T_5.2 ;
    %load/vec4 v0x6115f0f5b650_0;
    %flag_set/vec4 8;
    %jmp/0xz  T_5.7, 8;
    %pushi/vec4 0, 0, 32;
    %assign/vec4 v0x6115f0f5b3f0_0, 0;
    %pushi/vec4 1, 0, 2;
    %assign/vec4 v0x6115f0f5b7b0_0, 0;
    %pushi/vec4 1, 0, 1;
    %assign/vec4 v0x6115f0f5b590_0, 0;
T_5.7 ;
    %jmp T_5.6;
T_5.3 ;
    %load/vec4 v0x6115f0f5b590_0;
    %flag_set/vec4 8;
    %jmp/0xz  T_5.9, 8;
    %pushi/vec4 1, 0, 1;
    %assign/vec4 v0x6115f0f5b330_0, 0;
    %pushi/vec4 0, 0, 32;
    %load/vec4 v0x6115f0f5b3f0_0;
    %ix/load 4, 2, 0;
    %flag_set/imm 4, 0;
    %shiftl 4;
    %add;
    %assign/vec4 v0x6115f0f5b190_0, 0;
    %ix/getv 4, v0x6115f0f5b3f0_0;
    %load/vec4a v0x6115f0f5b0a0, 4;
    %assign/vec4 v0x6115f0f5b250_0, 0;
    %load/vec4 v0x6115f0f5b3f0_0;
    %cmpi/e 1023, 0, 32;
    %jmp/0xz  T_5.11, 4;
    %pushi/vec4 2, 0, 2;
    %assign/vec4 v0x6115f0f5b7b0_0, 0;
    %pushi/vec4 0, 0, 32;
    %assign/vec4 v0x6115f0f5b3f0_0, 0;
    %pushi/vec4 1, 0, 1;
    %assign/vec4 v0x6115f0f5b590_0, 0;
    %jmp T_5.12;
T_5.11 ;
    %load/vec4 v0x6115f0f5b3f0_0;
    %addi 1, 0, 32;
    %assign/vec4 v0x6115f0f5b3f0_0, 0;
    %pushi/vec4 1, 0, 1;
    %assign/vec4 v0x6115f0f5b590_0, 0;
T_5.12 ;
    %jmp T_5.10;
T_5.9 ;
    %pushi/vec4 1, 0, 1;
    %assign/vec4 v0x6115f0f5b590_0, 0;
T_5.10 ;
    %jmp T_5.6;
T_5.4 ;
    %load/vec4 v0x6115f0f5b590_0;
    %flag_set/vec4 8;
    %jmp/0xz  T_5.13, 8;
    %pushi/vec4 1, 0, 1;
    %assign/vec4 v0x6115f0f5b000_0, 0;
    %pushi/vec4 268435456, 0, 32;
    %load/vec4 v0x6115f0f5b3f0_0;
    %ix/load 4, 2, 0;
    %flag_set/imm 4, 0;
    %shiftl 4;
    %add;
    %assign/vec4 v0x6115f0f5ae20_0, 0;
    %pushi/vec4 0, 0, 32;
    %assign/vec4 v0x6115f0f5aee0_0, 0;
    %load/vec4 v0x6115f0f5b3f0_0;
    %cmpi/e 1023, 0, 32;
    %jmp/0xz  T_5.15, 4;
    %pushi/vec4 3, 0, 2;
    %assign/vec4 v0x6115f0f5b7b0_0, 0;
    %pushi/vec4 0, 0, 1;
    %assign/vec4 v0x6115f0f5b590_0, 0;
    %jmp T_5.16;
T_5.15 ;
    %load/vec4 v0x6115f0f5b3f0_0;
    %addi 1, 0, 32;
    %assign/vec4 v0x6115f0f5b3f0_0, 0;
    %pushi/vec4 1, 0, 1;
    %assign/vec4 v0x6115f0f5b590_0, 0;
T_5.16 ;
    %jmp T_5.14;
T_5.13 ;
    %pushi/vec4 1, 0, 1;
    %assign/vec4 v0x6115f0f5b590_0, 0;
T_5.14 ;
    %jmp T_5.6;
T_5.5 ;
    %pushi/vec4 1, 0, 1;
    %assign/vec4 v0x6115f0f5b4d0_0, 0;
    %pushi/vec4 0, 0, 2;
    %assign/vec4 v0x6115f0f5b7b0_0, 0;
    %jmp T_5.6;
T_5.6 ;
    %pop/vec4 1;
T_5.1 ;
    %jmp T_5;
    .thread T_5;
    .scope S_0x6115f0f5c000;
T_6 ;
    %pushi/vec4 0, 0, 1;
    %store/vec4 v0x6115f0f5cd50_0, 0, 1;
    %end;
    .thread T_6;
    .scope S_0x6115f0f5c000;
T_7 ;
    %wait E_0x6115f0ef1490;
    %load/vec4 v0x6115f0f5cfb0_0;
    %flag_set/vec4 10;
    %flag_get/vec4 10;
    %jmp/0 T_7.3, 10;
    %load/vec4 v0x6115f0f5d310_0;
    %and;
T_7.3;
    %flag_set/vec4 9;
    %flag_get/vec4 9;
    %jmp/0 T_7.2, 9;
    %load/vec4 v0x6115f0f5d3d0_0;
    %nor/r;
    %and;
T_7.2;
    %flag_set/vec4 8;
    %jmp/0xz  T_7.0, 8;
    %load/vec4 v0x6115f0f5d490_0;
    %pad/u 12;
    %ix/vec4 4;
    %load/vec4a v0x6115f0f5cbf0, 4;
    %assign/vec4 v0x6115f0f5d070_0, 0;
    %pushi/vec4 1, 0, 1;
    %assign/vec4 v0x6115f0f5cd50_0, 0;
    %jmp T_7.1;
T_7.0 ;
    %pushi/vec4 0, 0, 32;
    %assign/vec4 v0x6115f0f5d070_0, 0;
    %pushi/vec4 0, 0, 1;
    %assign/vec4 v0x6115f0f5cd50_0, 0;
T_7.1 ;
    %jmp T_7;
    .thread T_7;
    .scope S_0x6115f0f5c000;
T_8 ;
    %wait E_0x6115f0ef1490;
    %load/vec4 v0x6115f0f5ca20_0;
    %flag_set/vec4 8;
    %jmp/0xz  T_8.0, 8;
    %load/vec4 v0x6115f0f5c920_0;
    %load/vec4 v0x6115f0f5cac0_0;
    %pad/u 12;
    %ix/vec4 3;
    %ix/load 4, 0, 0; Constant delay
    %assign/vec4/a/d v0x6115f0f5cbf0, 0, 4;
    %vpi_call 7 57 "$display", "[INFO]: IMEM init mem at @ %h with %h", v0x6115f0f5cac0_0, v0x6115f0f5c920_0 {0 0 0};
    %jmp T_8.1;
T_8.0 ;
    %load/vec4 v0x6115f0f5cfb0_0;
    %flag_set/vec4 10;
    %flag_get/vec4 10;
    %jmp/0 T_8.5, 10;
    %load/vec4 v0x6115f0f5d310_0;
    %and;
T_8.5;
    %flag_set/vec4 9;
    %flag_get/vec4 9;
    %jmp/0 T_8.4, 9;
    %load/vec4 v0x6115f0f5d3d0_0;
    %and;
T_8.4;
    %flag_set/vec4 8;
    %jmp/0xz  T_8.2, 8;
    %vpi_call 7 61 "$display", "[WARNING]: Attempted IMEM write at %h", v0x6115f0f5ced0_0 {0 0 0};
T_8.2 ;
T_8.1 ;
    %jmp T_8;
    .thread T_8;
    .scope S_0x6115f0f5c000;
T_9 ;
    %wait E_0x6115f0eee160;
    %load/vec4 v0x6115f0f5ccb0_0;
    %nor/r;
    %flag_set/vec4 8;
    %jmp/0xz  T_9.0, 8;
    %pushi/vec4 0, 0, 1;
    %assign/vec4 v0x6115f0f5ce10_0, 0;
    %jmp T_9.1;
T_9.0 ;
    %load/vec4 v0x6115f0f5cfb0_0;
    %flag_set/vec4 9;
    %flag_get/vec4 9;
    %jmp/0 T_9.3, 9;
    %load/vec4 v0x6115f0f5d310_0;
    %and;
T_9.3;
    %flag_set/vec4 8;
    %flag_get/vec4 8;
    %jmp/0 T_9.2, 8;
    %load/vec4 v0x6115f0f5cd50_0;
    %and;
T_9.2;
    %assign/vec4 v0x6115f0f5ce10_0, 0;
T_9.1 ;
    %jmp T_9;
    .thread T_9;
    .scope S_0x6115f0f5ba30;
T_10 ;
    %wait E_0x6115f0ef1490;
    %load/vec4 v0x6115f0f5e600_0;
    %nor/r;
    %flag_set/vec4 8;
    %jmp/0xz  T_10.0, 8;
    %pushi/vec4 0, 0, 32;
    %assign/vec4 v0x6115f0f5ea80_0, 0;
    %pushi/vec4 0, 0, 1;
    %assign/vec4 v0x6115f0f5e840_0, 0;
    %jmp T_10.1;
T_10.0 ;
    %load/vec4 v0x6115f0f5e540_0;
    %flag_set/vec4 8;
    %jmp/0xz  T_10.2, 8;
    %load/vec4 v0x6115f0f5e770_0;
    %assign/vec4 v0x6115f0f5ea80_0, 0;
    %load/vec4 v0x6115f0f5e6a0_0;
    %assign/vec4 v0x6115f0f5e840_0, 0;
    %jmp T_10.3;
T_10.2 ;
    %pushi/vec4 0, 0, 1;
    %assign/vec4 v0x6115f0f5e840_0, 0;
T_10.3 ;
T_10.1 ;
    %jmp T_10;
    .thread T_10;
    .scope S_0x6115f0f578f0;
T_11 ;
    %pushi/vec4 0, 0, 1;
    %store/vec4 v0x6115f0f58100_0, 0, 1;
    %pushi/vec4 0, 0, 1;
    %store/vec4 v0x6115f0f581c0_0, 0, 1;
    %end;
    .thread T_11;
    .scope S_0x6115f0f578f0;
T_12 ;
    %wait E_0x6115f0ef1490;
    %load/vec4 v0x6115f0f58420_0;
    %flag_set/vec4 10;
    %flag_get/vec4 10;
    %jmp/0 T_12.3, 10;
    %load/vec4 v0x6115f0f58780_0;
    %and;
T_12.3;
    %flag_set/vec4 9;
    %flag_get/vec4 9;
    %jmp/0 T_12.2, 9;
    %load/vec4 v0x6115f0f58840_0;
    %nor/r;
    %and;
T_12.2;
    %flag_set/vec4 8;
    %jmp/0xz  T_12.0, 8;
    %load/vec4 v0x6115f0f58900_0;
    %pad/u 12;
    %ix/vec4 4;
    %load/vec4a v0x6115f0f57f80, 4;
    %assign/vec4 v0x6115f0f584e0_0, 0;
    %pushi/vec4 1, 0, 1;
    %assign/vec4 v0x6115f0f58100_0, 0;
    %jmp T_12.1;
T_12.0 ;
    %pushi/vec4 0, 0, 32;
    %assign/vec4 v0x6115f0f584e0_0, 0;
    %pushi/vec4 0, 0, 1;
    %assign/vec4 v0x6115f0f58100_0, 0;
T_12.1 ;
    %jmp T_12;
    .thread T_12;
    .scope S_0x6115f0f578f0;
T_13 ;
    %wait E_0x6115f0ef1490;
    %load/vec4 v0x6115f0f37380_0;
    %flag_set/vec4 8;
    %jmp/0xz  T_13.0, 8;
    %load/vec4 v0x6115f0f3b460_0;
    %load/vec4 v0x6115f0f3ddb0_0;
    %pad/u 12;
    %ix/vec4 3;
    %ix/load 4, 0, 0; Constant delay
    %assign/vec4/a/d v0x6115f0f57f80, 0, 4;
    %vpi_call 4 61 "$display", "[INFO]: DMEM init mem at @ %h with %h", v0x6115f0f3ddb0_0, v0x6115f0f3b460_0 {0 0 0};
    %jmp T_13.1;
T_13.0 ;
    %load/vec4 v0x6115f0f58420_0;
    %flag_set/vec4 10;
    %flag_get/vec4 10;
    %jmp/0 T_13.5, 10;
    %load/vec4 v0x6115f0f58780_0;
    %and;
T_13.5;
    %flag_set/vec4 9;
    %flag_get/vec4 9;
    %jmp/0 T_13.4, 9;
    %load/vec4 v0x6115f0f58840_0;
    %and;
T_13.4;
    %flag_set/vec4 8;
    %jmp/0xz  T_13.2, 8;
    %load/vec4 v0x6115f0f586a0_0;
    %parti/s 1, 0, 2;
    %flag_set/vec4 8;
    %jmp/0xz  T_13.6, 8;
    %load/vec4 v0x6115f0f585c0_0;
    %parti/s 8, 0, 2;
    %load/vec4 v0x6115f0f58900_0;
    %pad/u 12;
    %ix/vec4 3;
    %ix/load 4, 0, 0; Constant delay
    %assign/vec4/a/d v0x6115f0f57f80, 0, 4;
T_13.6 ;
    %load/vec4 v0x6115f0f586a0_0;
    %parti/s 1, 1, 2;
    %flag_set/vec4 8;
    %jmp/0xz  T_13.8, 8;
    %load/vec4 v0x6115f0f585c0_0;
    %parti/s 8, 8, 5;
    %load/vec4 v0x6115f0f58900_0;
    %pad/u 12;
    %ix/vec4 3;
    %ix/load 4, 8, 0; part off
    %ix/load 5, 0, 0; Constant delay
    %assign/vec4/a/d v0x6115f0f57f80, 4, 5;
T_13.8 ;
    %load/vec4 v0x6115f0f586a0_0;
    %parti/s 1, 2, 3;
    %flag_set/vec4 8;
    %jmp/0xz  T_13.10, 8;
    %load/vec4 v0x6115f0f585c0_0;
    %parti/s 8, 16, 6;
    %load/vec4 v0x6115f0f58900_0;
    %pad/u 12;
    %ix/vec4 3;
    %ix/load 4, 16, 0; part off
    %ix/load 5, 0, 0; Constant delay
    %assign/vec4/a/d v0x6115f0f57f80, 4, 5;
T_13.10 ;
    %load/vec4 v0x6115f0f586a0_0;
    %parti/s 1, 3, 3;
    %flag_set/vec4 8;
    %jmp/0xz  T_13.12, 8;
    %load/vec4 v0x6115f0f585c0_0;
    %parti/s 8, 24, 6;
    %load/vec4 v0x6115f0f58900_0;
    %pad/u 12;
    %ix/vec4 3;
    %ix/load 4, 24, 0; part off
    %ix/load 5, 0, 0; Constant delay
    %assign/vec4/a/d v0x6115f0f57f80, 4, 5;
T_13.12 ;
    %pushi/vec4 1, 0, 1;
    %assign/vec4 v0x6115f0f581c0_0, 0;
    %jmp T_13.3;
T_13.2 ;
    %pushi/vec4 0, 0, 1;
    %assign/vec4 v0x6115f0f581c0_0, 0;
T_13.3 ;
T_13.1 ;
    %jmp T_13;
    .thread T_13;
    .scope S_0x6115f0f578f0;
T_14 ;
    %wait E_0x6115f0eee160;
    %load/vec4 v0x6115f0f58040_0;
    %nor/r;
    %flag_set/vec4 8;
    %jmp/0xz  T_14.0, 8;
    %pushi/vec4 0, 0, 1;
    %assign/vec4 v0x6115f0f58280_0, 0;
    %jmp T_14.1;
T_14.0 ;
    %load/vec4 v0x6115f0f58420_0;
    %flag_set/vec4 9;
    %flag_get/vec4 9;
    %jmp/0 T_14.3, 9;
    %load/vec4 v0x6115f0f58780_0;
    %and;
T_14.3;
    %flag_set/vec4 8;
    %flag_get/vec4 8;
    %jmp/0 T_14.2, 8;
    %load/vec4 v0x6115f0f58100_0;
    %flag_set/vec4 8;
    %flag_get/vec4 8;
    %jmp/1 T_14.4, 8;
    %load/vec4 v0x6115f0f581c0_0;
    %or;
T_14.4;
    %and;
T_14.2;
    %assign/vec4 v0x6115f0f58280_0, 0;
T_14.1 ;
    %jmp T_14;
    .thread T_14;
    .scope S_0x6115f0ec2360;
T_15 ;
    %wait E_0x6115f0ef1490;
    %load/vec4 v0x6115f0f599d0_0;
    %nor/r;
    %flag_set/vec4 8;
    %jmp/0xz  T_15.0, 8;
    %pushi/vec4 0, 0, 32;
    %assign/vec4 v0x6115f0f59e60_0, 0;
    %pushi/vec4 0, 0, 1;
    %assign/vec4 v0x6115f0f59c40_0, 0;
    %jmp T_15.1;
T_15.0 ;
    %load/vec4 v0x6115f0f59910_0;
    %flag_set/vec4 8;
    %jmp/0xz  T_15.2, 8;
    %load/vec4 v0x6115f0f59b70_0;
    %assign/vec4 v0x6115f0f59e60_0, 0;
    %load/vec4 v0x6115f0f59aa0_0;
    %assign/vec4 v0x6115f0f59c40_0, 0;
    %jmp T_15.3;
T_15.2 ;
    %pushi/vec4 0, 0, 1;
    %assign/vec4 v0x6115f0f59c40_0, 0;
T_15.3 ;
T_15.1 ;
    %jmp T_15;
    .thread T_15;
    .scope S_0x6115f0ebe8e0;
T_16 ;
    %pushi/vec4 0, 0, 1;
    %store/vec4 v0x6115f0f5fce0_0, 0, 1;
T_16.0 ;
    %delay 5000, 0;
    %load/vec4 v0x6115f0f5fce0_0;
    %inv;
    %store/vec4 v0x6115f0f5fce0_0, 0, 1;
    %jmp T_16.0;
    %end;
    .thread T_16;
    .scope S_0x6115f0ebe8e0;
T_17 ;
    %pushi/vec4 0, 0, 1;
    %store/vec4 v0x6115f0f60710_0, 0, 1;
    %delay 100000, 0;
    %pushi/vec4 1, 0, 1;
    %store/vec4 v0x6115f0f60710_0, 0, 1;
    %end;
    .thread T_17;
    .scope S_0x6115f0ebe8e0;
T_18 ;
    %pushi/vec4 0, 0, 32;
    %store/vec4 v0x6115f0f60930_0, 0, 32;
    %pushi/vec4 0, 0, 32; draw_string_vec4
    %pushi/vec4 0, 0, 32; draw_string_vec4
    %concat/vec4; draw_string_vec4
    %pushi/vec4 0, 0, 32; draw_string_vec4
    %concat/vec4; draw_string_vec4
    %pushi/vec4 0, 0, 32; draw_string_vec4
    %concat/vec4; draw_string_vec4
    %pushi/vec4 0, 0, 32; draw_string_vec4
    %concat/vec4; draw_string_vec4
    %pushi/vec4 0, 0, 32; draw_string_vec4
    %concat/vec4; draw_string_vec4
    %pushi/vec4 0, 0, 32; draw_string_vec4
    %concat/vec4; draw_string_vec4
    %pushi/vec4 0, 0, 32; draw_string_vec4
    %concat/vec4; draw_string_vec4
    %pushi/vec4 0, 0, 32; draw_string_vec4
    %concat/vec4; draw_string_vec4
    %pushi/vec4 0, 0, 32; draw_string_vec4
    %concat/vec4; draw_string_vec4
    %store/vec4 v0x6115f0f60850_0, 0, 320;
    %pushi/vec4 0, 0, 32;
    %store/vec4 v0x6115f0f60b20_0, 0, 32;
    %pushi/vec4 0, 0, 32;
    %store/vec4 v0x6115f0f607b0_0, 0, 32;
    %vpi_call 2 129 "$dumpfile", "mem_init_tb.vcd" {0 0 0};
    %vpi_call 2 130 "$dumpvars", 32'sb00000000000000000000000000000000, S_0x6115f0ebe8e0 {0 0 0};
    %fork TD_tb_mem_init.create_test_firmware, S_0x6115f0ec25a0;
    %join;
    %wait E_0x6115f0eedf10;
    %delay 20000, 0;
    %vpi_call 2 140 "$display", "\012[TESTBENCH MEM_INIT][TEST 1] INITIALIZATION SEQUENCE: Starting" {0 0 0};
    %pushi/vec4 1, 0, 32;
    %store/vec4 v0x6115f0f60930_0, 0, 32;
    %pushi/vec4 0, 0, 32; draw_string_vec4
    %pushi/vec4 0, 0, 32; draw_string_vec4
    %concat/vec4; draw_string_vec4
    %pushi/vec4 0, 0, 32; draw_string_vec4
    %concat/vec4; draw_string_vec4
    %pushi/vec4 0, 0, 32; draw_string_vec4
    %concat/vec4; draw_string_vec4
    %pushi/vec4 4812393, 0, 32; draw_string_vec4
    %concat/vec4; draw_string_vec4
    %pushi/vec4 1953063276, 0, 32; draw_string_vec4
    %concat/vec4; draw_string_vec4
    %pushi/vec4 1769628020, 0, 32; draw_string_vec4
    %concat/vec4; draw_string_vec4
    %pushi/vec4 1768910368, 0, 32; draw_string_vec4
    %concat/vec4; draw_string_vec4
    %pushi/vec4 1399157109, 0, 32; draw_string_vec4
    %concat/vec4; draw_string_vec4
    %pushi/vec4 1701733221, 0, 32; draw_string_vec4
    %concat/vec4; draw_string_vec4
    %store/vec4 v0x6115f0f60850_0, 0, 320;
    %fork TD_tb_mem_init.test_init_sequence, S_0x6115f0f5f740;
    %join;
    %load/vec4 v0x6115f0f5f960_0;
    %store/vec4 v0x6115f0f607b0_0, 0, 32;
    %load/vec4 v0x6115f0f60b20_0;
    %load/vec4 v0x6115f0f607b0_0;
    %add;
    %store/vec4 v0x6115f0f60b20_0, 0, 32;
    %vpi_call 2 145 "$display", "\012[TESTBENCH MEM_INIT][TEST 1] INITIALIZATION SEQUENCE: Completed" {0 0 0};
    %vpi_call 2 148 "$display", "\012Testbench completed with %0d total errors", v0x6115f0f60b20_0 {0 0 0};
    %vpi_call 2 149 "$finish" {0 0 0};
    %end;
    .thread T_18;
# The file index is used to find the file name in the following table.
:file_names 8;
    "N/A";
    "<interactive>";
    "/home/gael/Desktop/asic_workspace/MiniSoC_RV32I/sim/mem/mem_init/tb_mem_init.v";
    "/home/gael/Desktop/asic_workspace/MiniSoC_RV32I/src/mem/dmem/dmem_wrapper.v";
    "/home/gael/Desktop/asic_workspace/MiniSoC_RV32I/src/mem/dmem/dmem.v";
    "/home/gael/Desktop/asic_workspace/MiniSoC_RV32I/src/mem/mem_init/mem_init.v";
    "/home/gael/Desktop/asic_workspace/MiniSoC_RV32I/src/mem/imem/imem_wrapper.v";
    "/home/gael/Desktop/asic_workspace/MiniSoC_RV32I/src/mem/imem/imem.v";
