#! /usr/bin/vvp
:ivl_version "12.0 (stable)";
:ivl_delay_selection "TYPICAL";
:vpi_time_precision - 12;
:vpi_module "/usr/lib/x86_64-linux-gnu/ivl/system.vpi";
:vpi_module "/usr/lib/x86_64-linux-gnu/ivl/vhdl_sys.vpi";
:vpi_module "/usr/lib/x86_64-linux-gnu/ivl/vhdl_textio.vpi";
:vpi_module "/usr/lib/x86_64-linux-gnu/ivl/v2005_math.vpi";
:vpi_module "/usr/lib/x86_64-linux-gnu/ivl/va_math.vpi";
S_0x5e84f941a7f0 .scope module, "tb_io_pad" "tb_io_pad" 2 3;
 .timescale -9 -12;
P_0x5e84f941a980 .param/l "CLK_PERIOD" 0 2 5, +C4<00000000000000000000000000001010>;
o0x75e2a23cf1c8 .functor BUFZ 1, C4<z>; HiZ drive
; Elide local net with no drivers, v0x5e84f9450710_0 name=_ivl_0
v0x5e84f94507d0_0 .var "clk", 0 0;
v0x5e84f9450890_0 .var "external_drive", 0 0;
v0x5e84f9450930_0 .var "external_value", 0 0;
v0x5e84f94509f0_0 .var "pad_in", 0 0;
RS_0x75e2a23cf078 .resolv tri, L_0x5e84f9450cc0, L_0x5e84f9450f10;
v0x5e84f9450ae0_0 .net8 "pad_io", 0 0, RS_0x75e2a23cf078;  2 drivers
v0x5e84f9450b80_0 .var "pad_oe", 0 0;
v0x5e84f9450c20_0 .net "pad_out", 0 0, L_0x5e84f9450e50;  1 drivers
E_0x5e84f93e1ba0 .event anyedge, v0x5e84f944faf0_0, v0x5e84f944fa50_0, v0x5e84f9411d70_0, v0x5e84f944fbb0_0;
E_0x5e84f93e1950 .event posedge, v0x5e84f94507d0_0;
L_0x5e84f9450f10 .functor MUXZ 1, o0x75e2a23cf1c8, v0x5e84f9450930_0, v0x5e84f9450890_0, C4<>;
S_0x5e84f941aa20 .scope module, "dut" "io_pad" 2 20, 3 1 0, S_0x5e84f941a7f0;
 .timescale 0 0;
    .port_info 0 /INPUT 1 "pad_in";
    .port_info 1 /OUTPUT 1 "pad_out";
    .port_info 2 /INPUT 1 "pad_oe";
    .port_info 3 /INOUT 1 "pad_io";
L_0x5e84f9450e50 .functor BUFZ 1, RS_0x75e2a23cf078, C4<0>, C4<0>, C4<0>;
o0x75e2a23cf018 .functor BUFZ 1, C4<z>; HiZ drive
; Elide local net with no drivers, v0x5e84f9413800_0 name=_ivl_0
v0x5e84f9411d70_0 .net "pad_in", 0 0, v0x5e84f94509f0_0;  1 drivers
v0x5e84f944fa50_0 .net8 "pad_io", 0 0, RS_0x75e2a23cf078;  alias, 2 drivers
v0x5e84f944faf0_0 .net "pad_oe", 0 0, v0x5e84f9450b80_0;  1 drivers
v0x5e84f944fbb0_0 .net "pad_out", 0 0, L_0x5e84f9450e50;  alias, 1 drivers
L_0x5e84f9450cc0 .functor MUXZ 1, o0x75e2a23cf018, v0x5e84f94509f0_0, v0x5e84f9450b80_0, C4<>;
S_0x5e84f944fd40 .scope task, "test_basic_functionality" "test_basic_functionality" 2 179, 2 179 0, S_0x5e84f941a7f0;
 .timescale -9 -12;
TD_tb_io_pad.test_basic_functionality ;
    %pushi/vec4 1, 0, 1;
    %store/vec4 v0x5e84f9450b80_0, 0, 1;
    %pushi/vec4 1, 0, 1;
    %store/vec4 v0x5e84f94509f0_0, 0, 1;
    %pushi/vec4 0, 0, 1;
    %store/vec4 v0x5e84f9450890_0, 0, 1;
    %delay 20000, 0;
    %load/vec4 v0x5e84f9450c20_0;
    %load/vec4 v0x5e84f9450ae0_0;
    %cmp/e;
    %flag_get/vec4 6;
    %jmp/0 T_0.2, 6;
    %load/vec4 v0x5e84f9450ae0_0;
    %pushi/vec4 1, 0, 1;
    %cmp/e;
    %flag_get/vec4 6;
    %and;
T_0.2;
    %flag_set/vec4 8;
    %jmp/0xz  T_0.0, 8;
    %vpi_call 2 188 "$display", "\342\234\205 pad_out follows pad_io (HIGH)" {0 0 0};
    %jmp T_0.1;
T_0.0 ;
    %vpi_call 2 190 "$display", "\342\235\214 pad_out should follow pad_io" {0 0 0};
T_0.1 ;
    %pushi/vec4 0, 0, 1;
    %store/vec4 v0x5e84f94509f0_0, 0, 1;
    %delay 20000, 0;
    %load/vec4 v0x5e84f9450c20_0;
    %load/vec4 v0x5e84f9450ae0_0;
    %cmp/e;
    %flag_get/vec4 6;
    %jmp/0 T_0.5, 6;
    %load/vec4 v0x5e84f9450ae0_0;
    %pushi/vec4 0, 0, 1;
    %cmp/e;
    %flag_get/vec4 6;
    %and;
T_0.5;
    %flag_set/vec4 8;
    %jmp/0xz  T_0.3, 8;
    %vpi_call 2 196 "$display", "\342\234\205 pad_out follows pad_io (LOW)" {0 0 0};
    %jmp T_0.4;
T_0.3 ;
    %vpi_call 2 198 "$display", "\342\235\214 pad_out should follow pad_io" {0 0 0};
T_0.4 ;
    %end;
S_0x5e84f944ff40 .scope task, "test_high_z_behavior" "test_high_z_behavior" 2 162, 2 162 0, S_0x5e84f941a7f0;
 .timescale -9 -12;
TD_tb_io_pad.test_high_z_behavior ;
    %pushi/vec4 0, 0, 1;
    %store/vec4 v0x5e84f9450b80_0, 0, 1;
    %pushi/vec4 0, 0, 1;
    %store/vec4 v0x5e84f9450890_0, 0, 1;
    %delay 20000, 0;
    %load/vec4 v0x5e84f9450ae0_0;
    %cmpi/e 0, 1, 1;
    %jmp/0xz  T_1.6, 6;
    %vpi_call 2 170 "$display", "\342\234\205 High-Z: pad_io = %b (expected z)", v0x5e84f9450ae0_0 {0 0 0};
    %jmp T_1.7;
T_1.6 ;
    %vpi_call 2 172 "$display", "\342\235\214 High-Z: pad_io = %b (expected z)", v0x5e84f9450ae0_0 {0 0 0};
T_1.7 ;
    %vpi_call 2 175 "$display", "Note: pad_out = %b in High-Z mode", v0x5e84f9450c20_0 {0 0 0};
    %end;
S_0x5e84f9450120 .scope task, "test_input_mode" "test_input_mode" 2 108, 2 108 0, S_0x5e84f941a7f0;
 .timescale -9 -12;
TD_tb_io_pad.test_input_mode ;
    %pushi/vec4 0, 0, 1;
    %store/vec4 v0x5e84f9450b80_0, 0, 1;
    %pushi/vec4 1, 0, 1;
    %store/vec4 v0x5e84f9450890_0, 0, 1;
    %pushi/vec4 1, 0, 1;
    %store/vec4 v0x5e84f9450930_0, 0, 1;
    %delay 20000, 0;
    %load/vec4 v0x5e84f9450c20_0;
    %cmpi/e 1, 0, 1;
    %flag_get/vec4 6;
    %jmp/0 T_2.10, 6;
    %load/vec4 v0x5e84f9450ae0_0;
    %pushi/vec4 1, 0, 1;
    %cmp/e;
    %flag_get/vec4 6;
    %and;
T_2.10;
    %flag_set/vec4 8;
    %jmp/0xz  T_2.8, 8;
    %vpi_call 2 117 "$display", "\342\234\205 Input HIGH: pad_out = %b, pad_io = %b", v0x5e84f9450c20_0, v0x5e84f9450ae0_0 {0 0 0};
    %jmp T_2.9;
T_2.8 ;
    %vpi_call 2 119 "$display", "\342\235\214 Input HIGH: pad_out = %b, pad_io = %b", v0x5e84f9450c20_0, v0x5e84f9450ae0_0 {0 0 0};
T_2.9 ;
    %pushi/vec4 0, 0, 1;
    %store/vec4 v0x5e84f9450930_0, 0, 1;
    %delay 20000, 0;
    %load/vec4 v0x5e84f9450c20_0;
    %cmpi/e 0, 0, 1;
    %flag_get/vec4 6;
    %jmp/0 T_2.13, 6;
    %load/vec4 v0x5e84f9450ae0_0;
    %pushi/vec4 0, 0, 1;
    %cmp/e;
    %flag_get/vec4 6;
    %and;
T_2.13;
    %flag_set/vec4 8;
    %jmp/0xz  T_2.11, 8;
    %vpi_call 2 125 "$display", "\342\234\205 Input LOW: pad_out = %b, pad_io = %b", v0x5e84f9450c20_0, v0x5e84f9450ae0_0 {0 0 0};
    %jmp T_2.12;
T_2.11 ;
    %vpi_call 2 127 "$display", "\342\235\214 Input LOW: pad_out = %b, pad_io = %b", v0x5e84f9450c20_0, v0x5e84f9450ae0_0 {0 0 0};
T_2.12 ;
    %end;
S_0x5e84f9450300 .scope task, "test_oe_switching" "test_oe_switching" 2 131, 2 131 0, S_0x5e84f941a7f0;
 .timescale -9 -12;
TD_tb_io_pad.test_oe_switching ;
    %pushi/vec4 0, 0, 1;
    %store/vec4 v0x5e84f9450b80_0, 0, 1;
    %pushi/vec4 1, 0, 1;
    %store/vec4 v0x5e84f9450890_0, 0, 1;
    %pushi/vec4 1, 0, 1;
    %store/vec4 v0x5e84f9450930_0, 0, 1;
    %delay 20000, 0;
    %pushi/vec4 0, 0, 1;
    %store/vec4 v0x5e84f9450890_0, 0, 1;
    %pushi/vec4 1, 0, 1;
    %store/vec4 v0x5e84f9450b80_0, 0, 1;
    %pushi/vec4 0, 0, 1;
    %store/vec4 v0x5e84f94509f0_0, 0, 1;
    %delay 20000, 0;
    %load/vec4 v0x5e84f9450ae0_0;
    %cmpi/e 0, 0, 1;
    %jmp/0xz  T_3.14, 6;
    %vpi_call 2 145 "$display", "\342\234\205 OE switch: Output mode takes precedence" {0 0 0};
    %jmp T_3.15;
T_3.14 ;
    %vpi_call 2 147 "$display", "\342\235\214 OE switch: pad_io = %b (expected 0)", v0x5e84f9450ae0_0 {0 0 0};
T_3.15 ;
    %pushi/vec4 0, 0, 1;
    %store/vec4 v0x5e84f9450b80_0, 0, 1;
    %pushi/vec4 1, 0, 1;
    %store/vec4 v0x5e84f9450890_0, 0, 1;
    %pushi/vec4 1, 0, 1;
    %store/vec4 v0x5e84f9450930_0, 0, 1;
    %delay 20000, 0;
    %load/vec4 v0x5e84f9450ae0_0;
    %cmpi/e 1, 0, 1;
    %jmp/0xz  T_3.16, 6;
    %vpi_call 2 155 "$display", "\342\234\205 OE switch: Back to input mode" {0 0 0};
    %jmp T_3.17;
T_3.16 ;
    %vpi_call 2 157 "$display", "\342\235\214 OE switch: pad_io = %b (expected 1)", v0x5e84f9450ae0_0 {0 0 0};
T_3.17 ;
    %end;
S_0x5e84f9450530 .scope task, "test_output_mode" "test_output_mode" 2 80, 2 80 0, S_0x5e84f941a7f0;
 .timescale -9 -12;
TD_tb_io_pad.test_output_mode ;
    %pushi/vec4 1, 0, 1;
    %store/vec4 v0x5e84f9450b80_0, 0, 1;
    %pushi/vec4 1, 0, 1;
    %store/vec4 v0x5e84f94509f0_0, 0, 1;
    %delay 20000, 0;
    %load/vec4 v0x5e84f9450ae0_0;
    %cmpi/e 1, 0, 1;
    %jmp/0xz  T_4.18, 6;
    %vpi_call 2 88 "$display", "\342\234\205 Output HIGH: pad_io = %b (expected 1)", v0x5e84f9450ae0_0 {0 0 0};
    %jmp T_4.19;
T_4.18 ;
    %vpi_call 2 90 "$display", "\342\235\214 Output HIGH: pad_io = %b (expected 1)", v0x5e84f9450ae0_0 {0 0 0};
T_4.19 ;
    %pushi/vec4 0, 0, 1;
    %store/vec4 v0x5e84f94509f0_0, 0, 1;
    %delay 20000, 0;
    %load/vec4 v0x5e84f9450ae0_0;
    %cmpi/e 0, 0, 1;
    %jmp/0xz  T_4.20, 6;
    %vpi_call 2 96 "$display", "\342\234\205 Output LOW: pad_io = %b (expected 0)", v0x5e84f9450ae0_0 {0 0 0};
    %jmp T_4.21;
T_4.20 ;
    %vpi_call 2 98 "$display", "\342\235\214 Output LOW: pad_io = %b (expected 0)", v0x5e84f9450ae0_0 {0 0 0};
T_4.21 ;
    %load/vec4 v0x5e84f9450c20_0;
    %load/vec4 v0x5e84f9450ae0_0;
    %cmp/e;
    %jmp/0xz  T_4.22, 6;
    %vpi_call 2 102 "$display", "\342\234\205 pad_out follows pad_io in output mode" {0 0 0};
    %jmp T_4.23;
T_4.22 ;
    %vpi_call 2 104 "$display", "\342\235\214 pad_out should follow pad_io in output mode" {0 0 0};
T_4.23 ;
    %end;
    .scope S_0x5e84f941a7f0;
T_5 ;
    %pushi/vec4 0, 0, 1;
    %store/vec4 v0x5e84f94507d0_0, 0, 1;
T_5.0 ;
    %delay 5000, 0;
    %load/vec4 v0x5e84f94507d0_0;
    %inv;
    %store/vec4 v0x5e84f94507d0_0, 0, 1;
    %jmp T_5.0;
    %end;
    .thread T_5;
    .scope S_0x5e84f941a7f0;
T_6 ;
    %vpi_call 2 39 "$dumpfile", "io_pad_tb.vcd" {0 0 0};
    %vpi_call 2 40 "$dumpvars", 32'sb00000000000000000000000000000000, S_0x5e84f941a7f0 {0 0 0};
    %vpi_call 2 42 "$display", "=== IO Pad Testbench Started ===" {0 0 0};
    %pushi/vec4 0, 0, 1;
    %store/vec4 v0x5e84f94509f0_0, 0, 1;
    %pushi/vec4 0, 0, 1;
    %store/vec4 v0x5e84f9450b80_0, 0, 1;
    %pushi/vec4 0, 0, 1;
    %store/vec4 v0x5e84f9450890_0, 0, 1;
    %pushi/vec4 0, 0, 1;
    %store/vec4 v0x5e84f9450930_0, 0, 1;
    %delay 100000, 0;
    %vpi_call 2 53 "$display", "\012[TEST 1] Output Mode Testing" {0 0 0};
    %fork TD_tb_io_pad.test_output_mode, S_0x5e84f9450530;
    %join;
    %vpi_call 2 57 "$display", "\012[TEST 2] Input Mode Testing" {0 0 0};
    %fork TD_tb_io_pad.test_input_mode, S_0x5e84f9450120;
    %join;
    %vpi_call 2 61 "$display", "\012[TEST 3] Output Enable Switching" {0 0 0};
    %fork TD_tb_io_pad.test_oe_switching, S_0x5e84f9450300;
    %join;
    %vpi_call 2 65 "$display", "\012[TEST 4] High-Z Behavior" {0 0 0};
    %fork TD_tb_io_pad.test_high_z_behavior, S_0x5e84f944ff40;
    %join;
    %vpi_call 2 69 "$display", "\012[TEST 5] Basic Functionality" {0 0 0};
    %fork TD_tb_io_pad.test_basic_functionality, S_0x5e84f944fd40;
    %join;
    %vpi_call 2 72 "$display", "\012=== IO Pad Testbench Completed ===" {0 0 0};
    %vpi_call 2 73 "$finish" {0 0 0};
    %end;
    .thread T_6;
    .scope S_0x5e84f941a7f0;
T_7 ;
    %wait E_0x5e84f93e1950;
    %vpi_call 2 208 "$display", "Time %0t: pad_oe=%b, pad_in=%b, pad_out=%b, pad_io=%b, ext_drive=%b, ext_val=%b", $time, v0x5e84f9450b80_0, v0x5e84f94509f0_0, v0x5e84f9450c20_0, v0x5e84f9450ae0_0, v0x5e84f9450890_0, v0x5e84f9450930_0 {0 0 0};
    %jmp T_7;
    .thread T_7;
    .scope S_0x5e84f941a7f0;
T_8 ;
    %wait E_0x5e84f93e1ba0;
    %load/vec4 v0x5e84f9450b80_0;
    %cmpi/e 1, 0, 1;
    %jmp/0xz  T_8.0, 6;
    %delay 1000, 0;
    %load/vec4 v0x5e84f9450ae0_0;
    %load/vec4 v0x5e84f94509f0_0;
    %cmp/ne;
    %flag_get/vec4 6;
    %jmp/0 T_8.4, 6;
    %load/vec4 v0x5e84f9450ae0_0;
    %pushi/vec4 0, 1, 1;
    %cmp/ne;
    %flag_get/vec4 6;
    %and;
T_8.4;
    %flag_set/vec4 8;
    %jmp/0xz  T_8.2, 8;
    %vpi_call 2 218 "$display", "ASSERTION FAILED: Output mode - pad_io should equal pad_in" {0 0 0};
    %vpi_call 2 219 "$display", "  pad_oe=%b, pad_in=%b, pad_io=%b", v0x5e84f9450b80_0, v0x5e84f94509f0_0, v0x5e84f9450ae0_0 {0 0 0};
T_8.2 ;
T_8.0 ;
    %delay 1000, 0;
    %load/vec4 v0x5e84f9450c20_0;
    %load/vec4 v0x5e84f9450ae0_0;
    %cmp/ne;
    %jmp/0xz  T_8.5, 6;
    %vpi_call 2 226 "$display", "ASSERTION FAILED: pad_out should always equal pad_io" {0 0 0};
    %vpi_call 2 227 "$display", "  pad_out=%b, pad_io=%b", v0x5e84f9450c20_0, v0x5e84f9450ae0_0 {0 0 0};
T_8.5 ;
    %jmp T_8;
    .thread T_8, $push;
    .scope S_0x5e84f941a7f0;
T_9 ;
    %delay 500000, 0;
    %vpi_call 2 238 "$display", "\012[Timing Test] Checking basic timing behavior..." {0 0 0};
    %pushi/vec4 1, 0, 1;
    %store/vec4 v0x5e84f9450b80_0, 0, 1;
    %pushi/vec4 0, 0, 1;
    %store/vec4 v0x5e84f94509f0_0, 0, 1;
    %delay 5000, 0;
    %load/vec4 v0x5e84f9450ae0_0;
    %cmpi/e 0, 0, 1;
    %jmp/0xz  T_9.0, 6;
    %vpi_call 2 245 "$display", "\342\234\205 Immediate response to input change" {0 0 0};
    %jmp T_9.1;
T_9.0 ;
    %vpi_call 2 247 "$display", "\342\235\214 Delay in output response" {0 0 0};
T_9.1 ;
    %end;
    .thread T_9;
# The file index is used to find the file name in the following table.
:file_names 4;
    "N/A";
    "<interactive>";
    "/home/gael/Desktop/asic_workspace/MiniSoC_RV32I/sim/pad/tb_io_pad.v";
    "/home/gael/Desktop/asic_workspace/MiniSoC_RV32I/src/pad/io_pad.v";
