#! /usr/bin/vvp
:ivl_version "12.0 (stable)";
:ivl_delay_selection "TYPICAL";
:vpi_time_precision - 12;
:vpi_module "/usr/lib/x86_64-linux-gnu/ivl/system.vpi";
:vpi_module "/usr/lib/x86_64-linux-gnu/ivl/vhdl_sys.vpi";
:vpi_module "/usr/lib/x86_64-linux-gnu/ivl/vhdl_textio.vpi";
:vpi_module "/usr/lib/x86_64-linux-gnu/ivl/v2005_math.vpi";
:vpi_module "/usr/lib/x86_64-linux-gnu/ivl/va_math.vpi";
S_0x5d7d149c3870 .scope module, "tb_gpio" "tb_gpio" 2 3;
 .timescale -9 -12;
P_0x5d7d149c3a00 .param/l "ADDR_WIDTH" 0 2 7, +C4<00000000000000000000000000100000>;
P_0x5d7d149c3a40 .param/l "BASE_ADDR" 0 2 9, C4<01000000000000000000000000000000>;
P_0x5d7d149c3a80 .param/l "CLK_FREQ" 0 2 6, +C4<00000101111101011110000100000000>;
P_0x5d7d149c3ac0 .param/l "CLK_PERIOD" 0 2 5, +C4<00000000000000000000000000001010>;
P_0x5d7d149c3b00 .param/l "DATA_WIDTH" 0 2 8, +C4<00000000000000000000000000100000>;
P_0x5d7d149c3b40 .param/l "N_GPIO" 0 2 11, +C4<00000000000000000000000000001000>;
P_0x5d7d149c3b80 .param/l "SIZE_KB" 0 2 10, +C4<00000000000000000000000000000100>;
v0x5d7d14a3f9a0_0 .var "clk", 0 0;
v0x5d7d14a3fab0_0 .var "gpio_in", 7 0;
v0x5d7d14a3fbc0_0 .net "gpio_oe", 7 0, v0x5d7d14a3bad0_0;  1 drivers
v0x5d7d14a3fcb0_0 .net "gpio_out", 7 0, v0x5d7d14a3bbb0_0;  1 drivers
v0x5d7d14a3fdc0_0 .var "rst_n", 0 0;
v0x5d7d14a3ff00_0 .var "task_error_count", 31 0;
v0x5d7d14a3ffe0_0 .var "test_num", 31 0;
v0x5d7d14a400c0_0 .var "total_errors", 31 0;
v0x5d7d14a401a0_0 .net "wbs_ack", 0 0, v0x5d7d14a3d6f0_0;  1 drivers
v0x5d7d14a40240_0 .var "wbs_addr", 31 0;
v0x5d7d14a402e0_0 .var "wbs_cyc", 0 0;
v0x5d7d14a40380_0 .net "wbs_data_read", 31 0, v0x5d7d14a3d900_0;  1 drivers
v0x5d7d14a40420_0 .var "wbs_data_write", 31 0;
v0x5d7d14a40510_0 .var "wbs_sel", 3 0;
v0x5d7d14a40620_0 .var "wbs_stb", 0 0;
v0x5d7d14a406c0_0 .var "wbs_we", 0 0;
E_0x5d7d149b2270 .event anyedge, v0x5d7d14a3be50_0;
S_0x5d7d149cb5b0 .scope module, "dut" "gpio_wrapper" 2 51, 3 1 0, S_0x5d7d149c3870;
 .timescale 0 0;
    .port_info 0 /INPUT 1 "clk";
    .port_info 1 /INPUT 1 "rst_n";
    .port_info 2 /INPUT 1 "wbs_cyc";
    .port_info 3 /INPUT 1 "wbs_stb";
    .port_info 4 /INPUT 1 "wbs_we";
    .port_info 5 /INPUT 32 "wbs_addr";
    .port_info 6 /INPUT 32 "wbs_data_write";
    .port_info 7 /INPUT 4 "wbs_sel";
    .port_info 8 /OUTPUT 32 "wbs_data_read";
    .port_info 9 /OUTPUT 1 "wbs_ack";
    .port_info 10 /INPUT 8 "gpio_in";
    .port_info 11 /OUTPUT 8 "gpio_out";
    .port_info 12 /OUTPUT 8 "gpio_oe";
P_0x5d7d14a11c20 .param/l "ADDR_WIDTH" 0 3 4, +C4<00000000000000000000000000100000>;
P_0x5d7d14a11c60 .param/l "BASE_ADDR" 0 3 2, C4<01000000000000000000000000000000>;
P_0x5d7d14a11ca0 .param/l "DATA_WIDTH" 0 3 5, +C4<00000000000000000000000000100000>;
P_0x5d7d14a11ce0 .param/l "N_GPIO" 0 3 6, +C4<00000000000000000000000000001000>;
P_0x5d7d14a11d20 .param/l "SIZE_KB" 0 3 3, +C4<00000000000000000000000000000100>;
L_0x5d7d14a06160 .functor AND 1, L_0x5d7d14a507c0, L_0x5d7d14a508b0, C4<1>, C4<1>;
L_0x5d7d14a51d90 .functor AND 1, v0x5d7d14a402e0_0, L_0x5d7d14a06160, C4<1>, C4<1>;
L_0x5d7d14a51ea0 .functor AND 1, v0x5d7d14a40620_0, L_0x5d7d14a06160, C4<1>, C4<1>;
L_0x7d15bea6e018 .functor BUFT 1, C4<01000000000000000000000000000000>, C4<0>, C4<0>, C4<0>;
v0x5d7d14a3ce80_0 .net/2u *"_ivl_0", 31 0, L_0x7d15bea6e018;  1 drivers
v0x5d7d14a3cf80_0 .net *"_ivl_2", 0 0, L_0x5d7d14a507c0;  1 drivers
L_0x7d15bea6e060 .functor BUFT 1, C4<01000000000000000001000000000000>, C4<0>, C4<0>, C4<0>;
v0x5d7d14a3d040_0 .net/2u *"_ivl_4", 31 0, L_0x7d15bea6e060;  1 drivers
v0x5d7d14a3d100_0 .net *"_ivl_6", 0 0, L_0x5d7d14a508b0;  1 drivers
v0x5d7d14a3d1c0_0 .net "clk", 0 0, v0x5d7d14a3f9a0_0;  1 drivers
v0x5d7d14a3d260_0 .net "gpio_in", 7 0, v0x5d7d14a3fab0_0;  1 drivers
v0x5d7d14a3d300_0 .net "gpio_oe", 7 0, v0x5d7d14a3bad0_0;  alias, 1 drivers
v0x5d7d14a3d3a0_0 .net "gpio_out", 7 0, v0x5d7d14a3bbb0_0;  alias, 1 drivers
v0x5d7d14a3d440_0 .net "gpio_select", 0 0, L_0x5d7d14a06160;  1 drivers
v0x5d7d14a3d4e0_0 .net "rst_n", 0 0, v0x5d7d14a3fdc0_0;  1 drivers
v0x5d7d14a3d580_0 .net "tmp_wbs_ack", 0 0, v0x5d7d14a3c450_0;  1 drivers
v0x5d7d14a3d620_0 .net "tmp_wbs_data_read", 31 0, v0x5d7d14a3c6b0_0;  1 drivers
v0x5d7d14a3d6f0_0 .var "wbs_ack", 0 0;
v0x5d7d14a3d790_0 .net "wbs_addr", 31 0, v0x5d7d14a40240_0;  1 drivers
v0x5d7d14a3d860_0 .net "wbs_cyc", 0 0, v0x5d7d14a402e0_0;  1 drivers
v0x5d7d14a3d900_0 .var "wbs_data_read", 31 0;
v0x5d7d14a3d9e0_0 .net "wbs_data_write", 31 0, v0x5d7d14a40420_0;  1 drivers
v0x5d7d14a3dad0_0 .net "wbs_sel", 3 0, v0x5d7d14a40510_0;  1 drivers
v0x5d7d14a3dba0_0 .net "wbs_stb", 0 0, v0x5d7d14a40620_0;  1 drivers
v0x5d7d14a3dc40_0 .net "wbs_we", 0 0, v0x5d7d14a406c0_0;  1 drivers
E_0x5d7d149b26e0 .event posedge, v0x5d7d14a3b690_0;
L_0x5d7d14a507c0 .cmp/ge 32, v0x5d7d14a40240_0, L_0x7d15bea6e018;
L_0x5d7d14a508b0 .cmp/gt 32, L_0x7d15bea6e060, v0x5d7d14a40240_0;
S_0x5d7d14978490 .scope module, "gpio_inst" "gpio" 3 45, 4 1 0, S_0x5d7d149cb5b0;
 .timescale 0 0;
    .port_info 0 /INPUT 1 "clk";
    .port_info 1 /INPUT 1 "rst_n";
    .port_info 2 /INPUT 1 "wbs_cyc";
    .port_info 3 /INPUT 1 "wbs_stb";
    .port_info 4 /INPUT 1 "wbs_we";
    .port_info 5 /INPUT 32 "wbs_addr";
    .port_info 6 /INPUT 32 "wbs_data_write";
    .port_info 7 /INPUT 4 "wbs_sel";
    .port_info 8 /OUTPUT 32 "wbs_data_read";
    .port_info 9 /OUTPUT 1 "wbs_ack";
    .port_info 10 /INPUT 8 "gpio_in";
    .port_info 11 /OUTPUT 8 "gpio_out";
    .port_info 12 /OUTPUT 8 "gpio_oe";
P_0x5d7d149d7190 .param/l "ADDR_WIDTH" 0 4 2, +C4<00000000000000000000000000100000>;
P_0x5d7d149d71d0 .param/l "DATA_WIDTH" 0 4 3, +C4<00000000000000000000000000100000>;
P_0x5d7d149d7210 .param/l "N_GPIO" 0 4 4, +C4<00000000000000000000000000001000>;
P_0x5d7d149d7250 .param/l "REG_GPIO_CLEAR" 1 4 32, C4<000000001100>;
P_0x5d7d149d7290 .param/l "REG_GPIO_DATA" 1 4 29, C4<000000000000>;
P_0x5d7d149d72d0 .param/l "REG_GPIO_DIR" 1 4 30, C4<000000000100>;
P_0x5d7d149d7310 .param/l "REG_GPIO_SET" 1 4 31, C4<000000001000>;
P_0x5d7d149d7350 .param/l "REG_GPIO_TOGGLE" 1 4 33, C4<000000010000>;
L_0x5d7d14a03040 .functor AND 8, v0x5d7d14a3b830_0, v0x5d7d14a3bc90_0, C4<11111111>, C4<11111111>;
L_0x5d7d14a01fe0 .functor NOT 8, v0x5d7d14a3b830_0, C4<00000000>, C4<00000000>, C4<00000000>;
L_0x5d7d149c7800 .functor AND 8, L_0x5d7d14a01fe0, L_0x5d7d14a510f0, C4<11111111>, C4<11111111>;
L_0x5d7d149b3f80 .functor OR 8, L_0x5d7d14a03040, L_0x5d7d149c7800, C4<00000000>, C4<00000000>;
v0x5d7d14a3af40_0 .net *"_ivl_17", 7 0, L_0x5d7d14a03040;  1 drivers
v0x5d7d14a3b040_0 .net *"_ivl_19", 7 0, L_0x5d7d14a01fe0;  1 drivers
v0x5d7d14a3b120_0 .net *"_ivl_21", 7 0, L_0x5d7d149c7800;  1 drivers
L_0x7d15bea6e0a8 .functor BUFT 1, C4<000000000000>, C4<0>, C4<0>, C4<0>;
v0x5d7d14a3b1e0_0 .net/2u *"_ivl_27", 11 0, L_0x7d15bea6e0a8;  1 drivers
L_0x7d15bea6e0f0 .functor BUFT 1, C4<000000000100>, C4<0>, C4<0>, C4<0>;
v0x5d7d14a3b2c0_0 .net/2u *"_ivl_31", 11 0, L_0x7d15bea6e0f0;  1 drivers
L_0x7d15bea6e138 .functor BUFT 1, C4<000000001000>, C4<0>, C4<0>, C4<0>;
v0x5d7d14a3b3f0_0 .net/2u *"_ivl_35", 11 0, L_0x7d15bea6e138;  1 drivers
L_0x7d15bea6e180 .functor BUFT 1, C4<000000001100>, C4<0>, C4<0>, C4<0>;
v0x5d7d14a3b4d0_0 .net/2u *"_ivl_39", 11 0, L_0x7d15bea6e180;  1 drivers
L_0x7d15bea6e1c8 .functor BUFT 1, C4<000000010000>, C4<0>, C4<0>, C4<0>;
v0x5d7d14a3b5b0_0 .net/2u *"_ivl_43", 11 0, L_0x7d15bea6e1c8;  1 drivers
v0x5d7d14a3b690_0 .net "clk", 0 0, v0x5d7d14a3f9a0_0;  alias, 1 drivers
v0x5d7d14a3b750_0 .net "data_reg", 7 0, L_0x5d7d149b3f80;  1 drivers
v0x5d7d14a3b830_0 .var "dir_reg", 7 0;
v0x5d7d14a3b910_0 .net "gpio_in", 7 0, v0x5d7d14a3fab0_0;  alias, 1 drivers
v0x5d7d14a3b9f0_0 .net "gpio_in_sync", 7 0, L_0x5d7d14a510f0;  1 drivers
v0x5d7d14a3bad0_0 .var "gpio_oe", 7 0;
v0x5d7d14a3bbb0_0 .var "gpio_out", 7 0;
v0x5d7d14a3bc90_0 .var "out_reg", 7 0;
v0x5d7d14a3bd70_0 .net "reg_offset", 11 0, L_0x5d7d14a516f0;  1 drivers
v0x5d7d14a3be50_0 .net "rst_n", 0 0, v0x5d7d14a3fdc0_0;  alias, 1 drivers
v0x5d7d14a3bf10_0 .net "sel_clear", 0 0, L_0x5d7d14a51b70;  1 drivers
v0x5d7d14a3bfd0_0 .net "sel_data", 0 0, L_0x5d7d14a51790;  1 drivers
v0x5d7d14a3c090_0 .net "sel_dir", 0 0, L_0x5d7d14a518d0;  1 drivers
v0x5d7d14a3c150_0 .net "sel_set", 0 0, L_0x5d7d14a51a40;  1 drivers
v0x5d7d14a3c210_0 .net "sel_toggle", 0 0, L_0x5d7d14a51ca0;  1 drivers
v0x5d7d14a3c2d0_0 .var "tmp_r_ack", 0 0;
v0x5d7d14a3c390_0 .var "tmp_w_ack", 0 0;
v0x5d7d14a3c450_0 .var "wbs_ack", 0 0;
v0x5d7d14a3c510_0 .net "wbs_addr", 31 0, v0x5d7d14a40240_0;  alias, 1 drivers
v0x5d7d14a3c5f0_0 .net "wbs_cyc", 0 0, L_0x5d7d14a51d90;  1 drivers
v0x5d7d14a3c6b0_0 .var "wbs_data_read", 31 0;
v0x5d7d14a3c790_0 .net "wbs_data_write", 31 0, v0x5d7d14a40420_0;  alias, 1 drivers
v0x5d7d14a3c870_0 .net "wbs_sel", 3 0, v0x5d7d14a40510_0;  alias, 1 drivers
v0x5d7d14a3c950_0 .net "wbs_stb", 0 0, L_0x5d7d14a51ea0;  1 drivers
v0x5d7d14a3ca10_0 .net "wbs_we", 0 0, v0x5d7d14a406c0_0;  alias, 1 drivers
E_0x5d7d149b15c0/0 .event anyedge, v0x5d7d14a3c5f0_0, v0x5d7d14a3c950_0, v0x5d7d14a3ca10_0, v0x5d7d14a3bd70_0;
E_0x5d7d149b15c0/1 .event anyedge, v0x5d7d14a3b750_0, v0x5d7d14a3b830_0;
E_0x5d7d149b15c0 .event/or E_0x5d7d149b15c0/0, E_0x5d7d149b15c0/1;
LS_0x5d7d14a510f0_0_0 .concat8 [ 1 1 1 1], L_0x5d7d14a50a80, L_0x5d7d14a50b20, L_0x5d7d14a50bf0, L_0x5d7d14a50cf0;
LS_0x5d7d14a510f0_0_4 .concat8 [ 1 1 1 1], L_0x5d7d14a50df0, L_0x5d7d14a50ef0, L_0x5d7d14a50ff0, L_0x5d7d14a51440;
L_0x5d7d14a510f0 .concat8 [ 4 4 0 0], LS_0x5d7d14a510f0_0_0, LS_0x5d7d14a510f0_0_4;
L_0x5d7d14a516f0 .part v0x5d7d14a40240_0, 0, 12;
L_0x5d7d14a51790 .cmp/eq 12, L_0x5d7d14a516f0, L_0x7d15bea6e0a8;
L_0x5d7d14a518d0 .cmp/eq 12, L_0x5d7d14a516f0, L_0x7d15bea6e0f0;
L_0x5d7d14a51a40 .cmp/eq 12, L_0x5d7d14a516f0, L_0x7d15bea6e138;
L_0x5d7d14a51b70 .cmp/eq 12, L_0x5d7d14a516f0, L_0x7d15bea6e180;
L_0x5d7d14a51ca0 .cmp/eq 12, L_0x5d7d14a516f0, L_0x7d15bea6e1c8;
S_0x5d7d14a1cd00 .scope generate, "gpio_sync[0]" "gpio_sync[0]" 4 47, 4 47 0, S_0x5d7d14978490;
 .timescale 0 0;
P_0x5d7d149b8710 .param/l "i" 1 4 47, +C4<00>;
v0x5d7d14a052c0_0 .net *"_ivl_1", 0 0, L_0x5d7d14a50a80;  1 drivers
v0x5d7d14a041c0_0 .var "sync_reg", 1 0;
E_0x5d7d14a110d0/0 .event negedge, v0x5d7d14a3be50_0;
E_0x5d7d14a110d0/1 .event posedge, v0x5d7d14a3b690_0;
E_0x5d7d14a110d0 .event/or E_0x5d7d14a110d0/0, E_0x5d7d14a110d0/1;
L_0x5d7d14a50a80 .part v0x5d7d14a041c0_0, 1, 1;
S_0x5d7d14a391d0 .scope generate, "gpio_sync[1]" "gpio_sync[1]" 4 47, 4 47 0, S_0x5d7d14978490;
 .timescale 0 0;
P_0x5d7d14a393f0 .param/l "i" 1 4 47, +C4<01>;
v0x5d7d14a04260_0 .net *"_ivl_1", 0 0, L_0x5d7d14a50b20;  1 drivers
v0x5d7d14a03160_0 .var "sync_reg", 1 0;
L_0x5d7d14a50b20 .part v0x5d7d14a03160_0, 1, 1;
S_0x5d7d14a39530 .scope generate, "gpio_sync[2]" "gpio_sync[2]" 4 47, 4 47 0, S_0x5d7d14978490;
 .timescale 0 0;
P_0x5d7d14a39730 .param/l "i" 1 4 47, +C4<010>;
v0x5d7d14a03200_0 .net *"_ivl_1", 0 0, L_0x5d7d14a50bf0;  1 drivers
v0x5d7d14a02100_0 .var "sync_reg", 1 0;
L_0x5d7d14a50bf0 .part v0x5d7d14a02100_0, 1, 1;
S_0x5d7d14a39870 .scope generate, "gpio_sync[3]" "gpio_sync[3]" 4 47, 4 47 0, S_0x5d7d14978490;
 .timescale 0 0;
P_0x5d7d14a39a70 .param/l "i" 1 4 47, +C4<011>;
v0x5d7d14a021a0_0 .net *"_ivl_1", 0 0, L_0x5d7d14a50cf0;  1 drivers
v0x5d7d14a39b90_0 .var "sync_reg", 1 0;
L_0x5d7d14a50cf0 .part v0x5d7d14a39b90_0, 1, 1;
S_0x5d7d14a39c70 .scope generate, "gpio_sync[4]" "gpio_sync[4]" 4 47, 4 47 0, S_0x5d7d14978490;
 .timescale 0 0;
P_0x5d7d14a39ec0 .param/l "i" 1 4 47, +C4<0100>;
v0x5d7d14a39fa0_0 .net *"_ivl_1", 0 0, L_0x5d7d14a50df0;  1 drivers
v0x5d7d14a3a080_0 .var "sync_reg", 1 0;
L_0x5d7d14a50df0 .part v0x5d7d14a3a080_0, 1, 1;
S_0x5d7d14a3a160 .scope generate, "gpio_sync[5]" "gpio_sync[5]" 4 47, 4 47 0, S_0x5d7d14978490;
 .timescale 0 0;
P_0x5d7d14a3a360 .param/l "i" 1 4 47, +C4<0101>;
v0x5d7d14a3a440_0 .net *"_ivl_1", 0 0, L_0x5d7d14a50ef0;  1 drivers
v0x5d7d14a3a520_0 .var "sync_reg", 1 0;
L_0x5d7d14a50ef0 .part v0x5d7d14a3a520_0, 1, 1;
S_0x5d7d14a3a600 .scope generate, "gpio_sync[6]" "gpio_sync[6]" 4 47, 4 47 0, S_0x5d7d14978490;
 .timescale 0 0;
P_0x5d7d14a3a800 .param/l "i" 1 4 47, +C4<0110>;
v0x5d7d14a3a8e0_0 .net *"_ivl_1", 0 0, L_0x5d7d14a50ff0;  1 drivers
v0x5d7d14a3a9c0_0 .var "sync_reg", 1 0;
L_0x5d7d14a50ff0 .part v0x5d7d14a3a9c0_0, 1, 1;
S_0x5d7d14a3aaa0 .scope generate, "gpio_sync[7]" "gpio_sync[7]" 4 47, 4 47 0, S_0x5d7d14978490;
 .timescale 0 0;
P_0x5d7d14a3aca0 .param/l "i" 1 4 47, +C4<0111>;
v0x5d7d14a3ad80_0 .net *"_ivl_1", 0 0, L_0x5d7d14a51440;  1 drivers
v0x5d7d14a3ae60_0 .var "sync_reg", 1 0;
L_0x5d7d14a51440 .part v0x5d7d14a3ae60_0, 1, 1;
S_0x5d7d14a3de90 .scope task, "test_atomic_operations" "test_atomic_operations" 2 255, 2 255 0, S_0x5d7d149c3870;
 .timescale -9 -12;
v0x5d7d14a3e040_0 .var "error_count", 31 0;
v0x5d7d14a3e120_0 .var "read_data", 31 0;
TD_tb_gpio.test_atomic_operations ;
    %pushi/vec4 0, 0, 32;
    %store/vec4 v0x5d7d14a3e040_0, 0, 32;
    %pushi/vec4 0, 0, 32;
    %store/vec4 v0x5d7d14a3e120_0, 0, 32;
    %pushi/vec4 1073741828, 0, 32;
    %store/vec4 v0x5d7d14a3f700_0, 0, 32;
    %pushi/vec4 4, 0, 32;
    %store/vec4 v0x5d7d14a3f800_0, 0, 32;
    %pushi/vec4 1, 0, 4;
    %store/vec4 v0x5d7d14a3f8e0_0, 0, 4;
    %fork TD_tb_gpio.wb_write, S_0x5d7d14a3f520;
    %join;
    %pushi/vec4 1073741832, 0, 32;
    %store/vec4 v0x5d7d14a3f700_0, 0, 32;
    %pushi/vec4 4, 0, 32;
    %store/vec4 v0x5d7d14a3f800_0, 0, 32;
    %pushi/vec4 1, 0, 4;
    %store/vec4 v0x5d7d14a3f8e0_0, 0, 4;
    %fork TD_tb_gpio.wb_write, S_0x5d7d14a3f520;
    %join;
    %load/vec4 v0x5d7d14a3fcb0_0;
    %parti/s 1, 2, 3;
    %cmpi/ne 1, 0, 1;
    %jmp/0xz  T_0.0, 6;
    %vpi_call 2 268 "$display", "ERROR: SET operation failed: bit 2 should be 1" {0 0 0};
    ; show_stmt_assign_vector: Get l-value for compressed += operand
    %load/vec4 v0x5d7d14a3e040_0;
    %pushi/vec4 1, 0, 32;
    %add;
    %store/vec4 v0x5d7d14a3e040_0, 0, 32;
T_0.0 ;
    %pushi/vec4 1073741836, 0, 32;
    %store/vec4 v0x5d7d14a3f700_0, 0, 32;
    %pushi/vec4 4, 0, 32;
    %store/vec4 v0x5d7d14a3f800_0, 0, 32;
    %pushi/vec4 1, 0, 4;
    %store/vec4 v0x5d7d14a3f8e0_0, 0, 4;
    %fork TD_tb_gpio.wb_write, S_0x5d7d14a3f520;
    %join;
    %load/vec4 v0x5d7d14a3fcb0_0;
    %parti/s 1, 2, 3;
    %cmpi/ne 0, 0, 1;
    %jmp/0xz  T_0.2, 6;
    %vpi_call 2 275 "$display", "ERROR: CLEAR operation failed: bit 2 should be 0" {0 0 0};
    ; show_stmt_assign_vector: Get l-value for compressed += operand
    %load/vec4 v0x5d7d14a3e040_0;
    %pushi/vec4 1, 0, 32;
    %add;
    %store/vec4 v0x5d7d14a3e040_0, 0, 32;
T_0.2 ;
    %pushi/vec4 1073741840, 0, 32;
    %store/vec4 v0x5d7d14a3f700_0, 0, 32;
    %pushi/vec4 4, 0, 32;
    %store/vec4 v0x5d7d14a3f800_0, 0, 32;
    %pushi/vec4 1, 0, 4;
    %store/vec4 v0x5d7d14a3f8e0_0, 0, 4;
    %fork TD_tb_gpio.wb_write, S_0x5d7d14a3f520;
    %join;
    %load/vec4 v0x5d7d14a3fcb0_0;
    %parti/s 1, 2, 3;
    %cmpi/ne 1, 0, 1;
    %jmp/0xz  T_0.4, 6;
    %vpi_call 2 282 "$display", "ERROR: TOGGLE operation failed: bit 2 should be 1" {0 0 0};
    ; show_stmt_assign_vector: Get l-value for compressed += operand
    %load/vec4 v0x5d7d14a3e040_0;
    %pushi/vec4 1, 0, 32;
    %add;
    %store/vec4 v0x5d7d14a3e040_0, 0, 32;
T_0.4 ;
    %pushi/vec4 1073741840, 0, 32;
    %store/vec4 v0x5d7d14a3f700_0, 0, 32;
    %pushi/vec4 4, 0, 32;
    %store/vec4 v0x5d7d14a3f800_0, 0, 32;
    %pushi/vec4 1, 0, 4;
    %store/vec4 v0x5d7d14a3f8e0_0, 0, 4;
    %fork TD_tb_gpio.wb_write, S_0x5d7d14a3f520;
    %join;
    %load/vec4 v0x5d7d14a3fcb0_0;
    %parti/s 1, 2, 3;
    %cmpi/ne 0, 0, 1;
    %jmp/0xz  T_0.6, 6;
    %vpi_call 2 288 "$display", "ERROR: TOGGLE operation failed: bit 2 should be 0" {0 0 0};
    ; show_stmt_assign_vector: Get l-value for compressed += operand
    %load/vec4 v0x5d7d14a3e040_0;
    %pushi/vec4 1, 0, 32;
    %add;
    %store/vec4 v0x5d7d14a3e040_0, 0, 32;
T_0.6 ;
    %vpi_call 2 292 "$display", "Atomic operations test completed with %0d errors", v0x5d7d14a3e040_0 {0 0 0};
    %end;
S_0x5d7d14a3e200 .scope task, "test_gpio_configuration" "test_gpio_configuration" 2 158, 2 158 0, S_0x5d7d149c3870;
 .timescale -9 -12;
v0x5d7d14a3e410_0 .var "error_count", 31 0;
v0x5d7d14a3e4f0_0 .var "read_data", 31 0;
TD_tb_gpio.test_gpio_configuration ;
    %pushi/vec4 0, 0, 32;
    %store/vec4 v0x5d7d14a3e410_0, 0, 32;
    %pushi/vec4 0, 0, 32;
    %store/vec4 v0x5d7d14a3e4f0_0, 0, 32;
    %pushi/vec4 1073741824, 0, 32;
    %store/vec4 v0x5d7d14a3f340_0, 0, 32;
    %fork TD_tb_gpio.wb_read, S_0x5d7d14a3f160;
    %join;
    %load/vec4 v0x5d7d14a3f440_0;
    %store/vec4 v0x5d7d14a3e4f0_0, 0, 32;
    %load/vec4 v0x5d7d14a3e4f0_0;
    %cmpi/ne 0, 0, 32;
    %jmp/0xz  T_1.8, 6;
    %vpi_call 2 168 "$display", "ERROR: DATA register not zero after reset: %h", v0x5d7d14a3e4f0_0 {0 0 0};
    ; show_stmt_assign_vector: Get l-value for compressed += operand
    %load/vec4 v0x5d7d14a3e410_0;
    %pushi/vec4 1, 0, 32;
    %add;
    %store/vec4 v0x5d7d14a3e410_0, 0, 32;
T_1.8 ;
    %pushi/vec4 1073741828, 0, 32;
    %store/vec4 v0x5d7d14a3f340_0, 0, 32;
    %fork TD_tb_gpio.wb_read, S_0x5d7d14a3f160;
    %join;
    %load/vec4 v0x5d7d14a3f440_0;
    %store/vec4 v0x5d7d14a3e4f0_0, 0, 32;
    %load/vec4 v0x5d7d14a3e4f0_0;
    %cmpi/ne 0, 0, 32;
    %jmp/0xz  T_1.10, 6;
    %vpi_call 2 174 "$display", "ERROR: DIR register not zero after reset: %h", v0x5d7d14a3e4f0_0 {0 0 0};
    ; show_stmt_assign_vector: Get l-value for compressed += operand
    %load/vec4 v0x5d7d14a3e410_0;
    %pushi/vec4 1, 0, 32;
    %add;
    %store/vec4 v0x5d7d14a3e410_0, 0, 32;
T_1.10 ;
    %load/vec4 v0x5d7d14a3fbc0_0;
    %cmpi/ne 0, 0, 8;
    %jmp/0xz  T_1.12, 6;
    %vpi_call 2 180 "$display", "ERROR: GPIO_OE not all inputs after reset: %b", v0x5d7d14a3fbc0_0 {0 0 0};
    ; show_stmt_assign_vector: Get l-value for compressed += operand
    %load/vec4 v0x5d7d14a3e410_0;
    %pushi/vec4 1, 0, 32;
    %add;
    %store/vec4 v0x5d7d14a3e410_0, 0, 32;
T_1.12 ;
    %vpi_call 2 184 "$display", "Configuration test completed" {0 0 0};
    %end;
S_0x5d7d14a3e5d0 .scope task, "test_input_functionality" "test_input_functionality" 2 223, 2 223 0, S_0x5d7d149c3870;
 .timescale -9 -12;
v0x5d7d14a3e7b0_0 .var "error_count", 31 0;
v0x5d7d14a3e8b0_0 .var "read_data", 31 0;
TD_tb_gpio.test_input_functionality ;
    %pushi/vec4 0, 0, 32;
    %store/vec4 v0x5d7d14a3e7b0_0, 0, 32;
    %pushi/vec4 0, 0, 32;
    %store/vec4 v0x5d7d14a3e8b0_0, 0, 32;
    %pushi/vec4 1073741828, 0, 32;
    %store/vec4 v0x5d7d14a3f700_0, 0, 32;
    %pushi/vec4 0, 0, 32;
    %store/vec4 v0x5d7d14a3f800_0, 0, 32;
    %pushi/vec4 1, 0, 4;
    %store/vec4 v0x5d7d14a3f8e0_0, 0, 4;
    %fork TD_tb_gpio.wb_write, S_0x5d7d14a3f520;
    %join;
    %pushi/vec4 165, 0, 8;
    %store/vec4 v0x5d7d14a3fab0_0, 0, 8;
    %delay 30000, 0;
    %pushi/vec4 1073741824, 0, 32;
    %store/vec4 v0x5d7d14a3f340_0, 0, 32;
    %fork TD_tb_gpio.wb_read, S_0x5d7d14a3f160;
    %join;
    %load/vec4 v0x5d7d14a3f440_0;
    %store/vec4 v0x5d7d14a3e8b0_0, 0, 32;
    %load/vec4 v0x5d7d14a3e8b0_0;
    %parti/s 8, 0, 2;
    %cmpi/ne 165, 0, 8;
    %jmp/0xz  T_2.14, 6;
    %vpi_call 2 240 "$display", "ERROR: Input read incorrect: expected A5, got %h", v0x5d7d14a3e8b0_0 {0 0 0};
    ; show_stmt_assign_vector: Get l-value for compressed += operand
    %load/vec4 v0x5d7d14a3e7b0_0;
    %pushi/vec4 1, 0, 32;
    %add;
    %store/vec4 v0x5d7d14a3e7b0_0, 0, 32;
T_2.14 ;
    %load/vec4 v0x5d7d14a3fbc0_0;
    %cmpi/ne 0, 0, 8;
    %jmp/0xz  T_2.16, 6;
    %vpi_call 2 246 "$display", "ERROR: GPIO_OE should be all inputs: got %b", v0x5d7d14a3fbc0_0 {0 0 0};
    ; show_stmt_assign_vector: Get l-value for compressed += operand
    %load/vec4 v0x5d7d14a3e7b0_0;
    %pushi/vec4 1, 0, 32;
    %add;
    %store/vec4 v0x5d7d14a3e7b0_0, 0, 32;
T_2.16 ;
    %vpi_call 2 250 "$display", "Input functionality test completed with %0d errors", v0x5d7d14a3e7b0_0 {0 0 0};
    %end;
S_0x5d7d14a3e990 .scope task, "test_mixed_io" "test_mixed_io" 2 296, 2 296 0, S_0x5d7d149c3870;
 .timescale -9 -12;
v0x5d7d14a3ebc0_0 .var "error_count", 31 0;
v0x5d7d14a3ecc0_0 .var "read_data", 31 0;
TD_tb_gpio.test_mixed_io ;
    %pushi/vec4 0, 0, 32;
    %store/vec4 v0x5d7d14a3ebc0_0, 0, 32;
    %pushi/vec4 0, 0, 32;
    %store/vec4 v0x5d7d14a3ecc0_0, 0, 32;
    %pushi/vec4 1073741828, 0, 32;
    %store/vec4 v0x5d7d14a3f700_0, 0, 32;
    %pushi/vec4 15, 0, 32;
    %store/vec4 v0x5d7d14a3f800_0, 0, 32;
    %pushi/vec4 1, 0, 4;
    %store/vec4 v0x5d7d14a3f8e0_0, 0, 4;
    %fork TD_tb_gpio.wb_write, S_0x5d7d14a3f520;
    %join;
    %pushi/vec4 1073741824, 0, 32;
    %store/vec4 v0x5d7d14a3f700_0, 0, 32;
    %pushi/vec4 5, 0, 32;
    %store/vec4 v0x5d7d14a3f800_0, 0, 32;
    %pushi/vec4 1, 0, 4;
    %store/vec4 v0x5d7d14a3f8e0_0, 0, 4;
    %fork TD_tb_gpio.wb_write, S_0x5d7d14a3f520;
    %join;
    %pushi/vec4 240, 0, 8;
    %store/vec4 v0x5d7d14a3fab0_0, 0, 8;
    %delay 30000, 0;
    %pushi/vec4 1073741824, 0, 32;
    %store/vec4 v0x5d7d14a3f340_0, 0, 32;
    %fork TD_tb_gpio.wb_read, S_0x5d7d14a3f160;
    %join;
    %load/vec4 v0x5d7d14a3f440_0;
    %store/vec4 v0x5d7d14a3ecc0_0, 0, 32;
    %load/vec4 v0x5d7d14a3ecc0_0;
    %parti/s 8, 0, 2;
    %cmpi/ne 245, 0, 8;
    %jmp/0xz  T_3.18, 6;
    %vpi_call 2 318 "$display", "ERROR: Mixed I/O read incorrect: expected F5, got %h", v0x5d7d14a3ecc0_0 {0 0 0};
    ; show_stmt_assign_vector: Get l-value for compressed += operand
    %load/vec4 v0x5d7d14a3ebc0_0;
    %pushi/vec4 1, 0, 32;
    %add;
    %store/vec4 v0x5d7d14a3ebc0_0, 0, 32;
T_3.18 ;
    %load/vec4 v0x5d7d14a3fbc0_0;
    %cmpi/ne 15, 0, 8;
    %jmp/0xz  T_3.20, 6;
    %vpi_call 2 324 "$display", "ERROR: Mixed I/O direction incorrect: expected 0F, got %b", v0x5d7d14a3fbc0_0 {0 0 0};
    ; show_stmt_assign_vector: Get l-value for compressed += operand
    %load/vec4 v0x5d7d14a3ebc0_0;
    %pushi/vec4 1, 0, 32;
    %add;
    %store/vec4 v0x5d7d14a3ebc0_0, 0, 32;
T_3.20 ;
    %vpi_call 2 328 "$display", "Mixed I/O test completed with %0d errors", v0x5d7d14a3ebc0_0 {0 0 0};
    %end;
S_0x5d7d14a3eda0 .scope task, "test_output_functionality" "test_output_functionality" 2 188, 2 188 0, S_0x5d7d149c3870;
 .timescale -9 -12;
v0x5d7d14a3ef80_0 .var "error_count", 31 0;
v0x5d7d14a3f080_0 .var "read_data", 31 0;
TD_tb_gpio.test_output_functionality ;
    %pushi/vec4 0, 0, 32;
    %store/vec4 v0x5d7d14a3ef80_0, 0, 32;
    %pushi/vec4 0, 0, 32;
    %store/vec4 v0x5d7d14a3f080_0, 0, 32;
    %pushi/vec4 1073741828, 0, 32;
    %store/vec4 v0x5d7d14a3f700_0, 0, 32;
    %pushi/vec4 3, 0, 32;
    %store/vec4 v0x5d7d14a3f800_0, 0, 32;
    %pushi/vec4 1, 0, 4;
    %store/vec4 v0x5d7d14a3f8e0_0, 0, 4;
    %fork TD_tb_gpio.wb_write, S_0x5d7d14a3f520;
    %join;
    %pushi/vec4 1073741824, 0, 32;
    %store/vec4 v0x5d7d14a3f700_0, 0, 32;
    %pushi/vec4 1, 0, 32;
    %store/vec4 v0x5d7d14a3f800_0, 0, 32;
    %pushi/vec4 1, 0, 4;
    %store/vec4 v0x5d7d14a3f8e0_0, 0, 4;
    %fork TD_tb_gpio.wb_write, S_0x5d7d14a3f520;
    %join;
    %load/vec4 v0x5d7d14a3fcb0_0;
    %cmpi/ne 1, 0, 8;
    %jmp/0xz  T_4.22, 6;
    %vpi_call 2 203 "$display", "ERROR: GPIO_OUT incorrect: expected 01, got %b", v0x5d7d14a3fcb0_0 {0 0 0};
    ; show_stmt_assign_vector: Get l-value for compressed += operand
    %load/vec4 v0x5d7d14a3ef80_0;
    %pushi/vec4 1, 0, 32;
    %add;
    %store/vec4 v0x5d7d14a3ef80_0, 0, 32;
T_4.22 ;
    %load/vec4 v0x5d7d14a3fbc0_0;
    %cmpi/ne 3, 0, 8;
    %jmp/0xz  T_4.24, 6;
    %vpi_call 2 208 "$display", "ERROR: GPIO_OE incorrect: expected 03, got %b", v0x5d7d14a3fbc0_0 {0 0 0};
    ; show_stmt_assign_vector: Get l-value for compressed += operand
    %load/vec4 v0x5d7d14a3ef80_0;
    %pushi/vec4 1, 0, 32;
    %add;
    %store/vec4 v0x5d7d14a3ef80_0, 0, 32;
T_4.24 ;
    %pushi/vec4 1073741824, 0, 32;
    %store/vec4 v0x5d7d14a3f340_0, 0, 32;
    %fork TD_tb_gpio.wb_read, S_0x5d7d14a3f160;
    %join;
    %load/vec4 v0x5d7d14a3f440_0;
    %store/vec4 v0x5d7d14a3f080_0, 0, 32;
    %load/vec4 v0x5d7d14a3f080_0;
    %parti/s 8, 0, 2;
    %cmpi/ne 1, 0, 8;
    %jmp/0xz  T_4.26, 6;
    %vpi_call 2 215 "$display", "ERROR: DATA register readback incorrect: expected 01, got %h", v0x5d7d14a3f080_0 {0 0 0};
    ; show_stmt_assign_vector: Get l-value for compressed += operand
    %load/vec4 v0x5d7d14a3ef80_0;
    %pushi/vec4 1, 0, 32;
    %add;
    %store/vec4 v0x5d7d14a3ef80_0, 0, 32;
T_4.26 ;
    %vpi_call 2 219 "$display", "Output functionality test completed with %0d errors", v0x5d7d14a3ef80_0 {0 0 0};
    %end;
S_0x5d7d14a3f160 .scope task, "wb_read" "wb_read" 2 360, 2 360 0, S_0x5d7d149c3870;
 .timescale -9 -12;
v0x5d7d14a3f340_0 .var "addr", 31 0;
v0x5d7d14a3f440_0 .var "data", 31 0;
TD_tb_gpio.wb_read ;
    %wait E_0x5d7d149b26e0;
    %pushi/vec4 1, 0, 1;
    %store/vec4 v0x5d7d14a402e0_0, 0, 1;
    %pushi/vec4 1, 0, 1;
    %store/vec4 v0x5d7d14a40620_0, 0, 1;
    %pushi/vec4 0, 0, 1;
    %store/vec4 v0x5d7d14a406c0_0, 0, 1;
    %load/vec4 v0x5d7d14a3f340_0;
    %store/vec4 v0x5d7d14a40240_0, 0, 32;
    %wait E_0x5d7d149b26e0;
T_5.28 ;
    %load/vec4 v0x5d7d14a401a0_0;
    %nor/r;
    %flag_set/vec4 8;
    %jmp/0xz T_5.29, 8;
    %wait E_0x5d7d149b26e0;
    %jmp T_5.28;
T_5.29 ;
    %load/vec4 v0x5d7d14a40380_0;
    %store/vec4 v0x5d7d14a3f440_0, 0, 32;
    %pushi/vec4 0, 0, 1;
    %store/vec4 v0x5d7d14a402e0_0, 0, 1;
    %pushi/vec4 0, 0, 1;
    %store/vec4 v0x5d7d14a40620_0, 0, 1;
    %wait E_0x5d7d149b26e0;
    %end;
S_0x5d7d14a3f520 .scope task, "wb_write" "wb_write" 2 337, 2 337 0, S_0x5d7d149c3870;
 .timescale -9 -12;
v0x5d7d14a3f700_0 .var "addr", 31 0;
v0x5d7d14a3f800_0 .var "data", 31 0;
v0x5d7d14a3f8e0_0 .var "sel", 3 0;
TD_tb_gpio.wb_write ;
    %wait E_0x5d7d149b26e0;
    %pushi/vec4 1, 0, 1;
    %store/vec4 v0x5d7d14a402e0_0, 0, 1;
    %pushi/vec4 1, 0, 1;
    %store/vec4 v0x5d7d14a40620_0, 0, 1;
    %pushi/vec4 1, 0, 1;
    %store/vec4 v0x5d7d14a406c0_0, 0, 1;
    %load/vec4 v0x5d7d14a3f700_0;
    %store/vec4 v0x5d7d14a40240_0, 0, 32;
    %load/vec4 v0x5d7d14a3f800_0;
    %store/vec4 v0x5d7d14a40420_0, 0, 32;
    %load/vec4 v0x5d7d14a3f8e0_0;
    %store/vec4 v0x5d7d14a40510_0, 0, 4;
    %wait E_0x5d7d149b26e0;
T_6.30 ;
    %load/vec4 v0x5d7d14a401a0_0;
    %nor/r;
    %flag_set/vec4 8;
    %jmp/0xz T_6.31, 8;
    %wait E_0x5d7d149b26e0;
    %jmp T_6.30;
T_6.31 ;
    %pushi/vec4 0, 0, 1;
    %store/vec4 v0x5d7d14a402e0_0, 0, 1;
    %pushi/vec4 0, 0, 1;
    %store/vec4 v0x5d7d14a40620_0, 0, 1;
    %pushi/vec4 0, 0, 1;
    %store/vec4 v0x5d7d14a406c0_0, 0, 1;
    %wait E_0x5d7d149b26e0;
    %end;
    .scope S_0x5d7d14a1cd00;
T_7 ;
    %wait E_0x5d7d14a110d0;
    %load/vec4 v0x5d7d14a3be50_0;
    %nor/r;
    %flag_set/vec4 8;
    %jmp/0xz  T_7.0, 8;
    %pushi/vec4 0, 0, 2;
    %assign/vec4 v0x5d7d14a041c0_0, 0;
    %jmp T_7.1;
T_7.0 ;
    %load/vec4 v0x5d7d14a041c0_0;
    %parti/s 1, 0, 2;
    %load/vec4 v0x5d7d14a3b910_0;
    %parti/s 1, 0, 2;
    %concat/vec4; draw_concat_vec4
    %assign/vec4 v0x5d7d14a041c0_0, 0;
T_7.1 ;
    %jmp T_7;
    .thread T_7;
    .scope S_0x5d7d14a391d0;
T_8 ;
    %wait E_0x5d7d14a110d0;
    %load/vec4 v0x5d7d14a3be50_0;
    %nor/r;
    %flag_set/vec4 8;
    %jmp/0xz  T_8.0, 8;
    %pushi/vec4 0, 0, 2;
    %assign/vec4 v0x5d7d14a03160_0, 0;
    %jmp T_8.1;
T_8.0 ;
    %load/vec4 v0x5d7d14a03160_0;
    %parti/s 1, 0, 2;
    %load/vec4 v0x5d7d14a3b910_0;
    %parti/s 1, 1, 2;
    %concat/vec4; draw_concat_vec4
    %assign/vec4 v0x5d7d14a03160_0, 0;
T_8.1 ;
    %jmp T_8;
    .thread T_8;
    .scope S_0x5d7d14a39530;
T_9 ;
    %wait E_0x5d7d14a110d0;
    %load/vec4 v0x5d7d14a3be50_0;
    %nor/r;
    %flag_set/vec4 8;
    %jmp/0xz  T_9.0, 8;
    %pushi/vec4 0, 0, 2;
    %assign/vec4 v0x5d7d14a02100_0, 0;
    %jmp T_9.1;
T_9.0 ;
    %load/vec4 v0x5d7d14a02100_0;
    %parti/s 1, 0, 2;
    %load/vec4 v0x5d7d14a3b910_0;
    %parti/s 1, 2, 3;
    %concat/vec4; draw_concat_vec4
    %assign/vec4 v0x5d7d14a02100_0, 0;
T_9.1 ;
    %jmp T_9;
    .thread T_9;
    .scope S_0x5d7d14a39870;
T_10 ;
    %wait E_0x5d7d14a110d0;
    %load/vec4 v0x5d7d14a3be50_0;
    %nor/r;
    %flag_set/vec4 8;
    %jmp/0xz  T_10.0, 8;
    %pushi/vec4 0, 0, 2;
    %assign/vec4 v0x5d7d14a39b90_0, 0;
    %jmp T_10.1;
T_10.0 ;
    %load/vec4 v0x5d7d14a39b90_0;
    %parti/s 1, 0, 2;
    %load/vec4 v0x5d7d14a3b910_0;
    %parti/s 1, 3, 3;
    %concat/vec4; draw_concat_vec4
    %assign/vec4 v0x5d7d14a39b90_0, 0;
T_10.1 ;
    %jmp T_10;
    .thread T_10;
    .scope S_0x5d7d14a39c70;
T_11 ;
    %wait E_0x5d7d14a110d0;
    %load/vec4 v0x5d7d14a3be50_0;
    %nor/r;
    %flag_set/vec4 8;
    %jmp/0xz  T_11.0, 8;
    %pushi/vec4 0, 0, 2;
    %assign/vec4 v0x5d7d14a3a080_0, 0;
    %jmp T_11.1;
T_11.0 ;
    %load/vec4 v0x5d7d14a3a080_0;
    %parti/s 1, 0, 2;
    %load/vec4 v0x5d7d14a3b910_0;
    %parti/s 1, 4, 4;
    %concat/vec4; draw_concat_vec4
    %assign/vec4 v0x5d7d14a3a080_0, 0;
T_11.1 ;
    %jmp T_11;
    .thread T_11;
    .scope S_0x5d7d14a3a160;
T_12 ;
    %wait E_0x5d7d14a110d0;
    %load/vec4 v0x5d7d14a3be50_0;
    %nor/r;
    %flag_set/vec4 8;
    %jmp/0xz  T_12.0, 8;
    %pushi/vec4 0, 0, 2;
    %assign/vec4 v0x5d7d14a3a520_0, 0;
    %jmp T_12.1;
T_12.0 ;
    %load/vec4 v0x5d7d14a3a520_0;
    %parti/s 1, 0, 2;
    %load/vec4 v0x5d7d14a3b910_0;
    %parti/s 1, 5, 4;
    %concat/vec4; draw_concat_vec4
    %assign/vec4 v0x5d7d14a3a520_0, 0;
T_12.1 ;
    %jmp T_12;
    .thread T_12;
    .scope S_0x5d7d14a3a600;
T_13 ;
    %wait E_0x5d7d14a110d0;
    %load/vec4 v0x5d7d14a3be50_0;
    %nor/r;
    %flag_set/vec4 8;
    %jmp/0xz  T_13.0, 8;
    %pushi/vec4 0, 0, 2;
    %assign/vec4 v0x5d7d14a3a9c0_0, 0;
    %jmp T_13.1;
T_13.0 ;
    %load/vec4 v0x5d7d14a3a9c0_0;
    %parti/s 1, 0, 2;
    %load/vec4 v0x5d7d14a3b910_0;
    %parti/s 1, 6, 4;
    %concat/vec4; draw_concat_vec4
    %assign/vec4 v0x5d7d14a3a9c0_0, 0;
T_13.1 ;
    %jmp T_13;
    .thread T_13;
    .scope S_0x5d7d14a3aaa0;
T_14 ;
    %wait E_0x5d7d14a110d0;
    %load/vec4 v0x5d7d14a3be50_0;
    %nor/r;
    %flag_set/vec4 8;
    %jmp/0xz  T_14.0, 8;
    %pushi/vec4 0, 0, 2;
    %assign/vec4 v0x5d7d14a3ae60_0, 0;
    %jmp T_14.1;
T_14.0 ;
    %load/vec4 v0x5d7d14a3ae60_0;
    %parti/s 1, 0, 2;
    %load/vec4 v0x5d7d14a3b910_0;
    %parti/s 1, 7, 4;
    %concat/vec4; draw_concat_vec4
    %assign/vec4 v0x5d7d14a3ae60_0, 0;
T_14.1 ;
    %jmp T_14;
    .thread T_14;
    .scope S_0x5d7d14978490;
T_15 ;
    %wait E_0x5d7d149b15c0;
    %pushi/vec4 0, 0, 32;
    %store/vec4 v0x5d7d14a3c6b0_0, 0, 32;
    %pushi/vec4 0, 0, 1;
    %store/vec4 v0x5d7d14a3c2d0_0, 0, 1;
    %load/vec4 v0x5d7d14a3c5f0_0;
    %flag_set/vec4 10;
    %flag_get/vec4 10;
    %jmp/0 T_15.3, 10;
    %load/vec4 v0x5d7d14a3c950_0;
    %and;
T_15.3;
    %flag_set/vec4 9;
    %flag_get/vec4 9;
    %jmp/0 T_15.2, 9;
    %load/vec4 v0x5d7d14a3ca10_0;
    %nor/r;
    %and;
T_15.2;
    %flag_set/vec4 8;
    %jmp/0xz  T_15.0, 8;
    %pushi/vec4 1, 0, 1;
    %store/vec4 v0x5d7d14a3c2d0_0, 0, 1;
    %load/vec4 v0x5d7d14a3bd70_0;
    %dup/vec4;
    %pushi/vec4 0, 0, 12;
    %cmp/u;
    %jmp/1 T_15.4, 6;
    %dup/vec4;
    %pushi/vec4 4, 0, 12;
    %cmp/u;
    %jmp/1 T_15.5, 6;
    %dup/vec4;
    %pushi/vec4 8, 0, 12;
    %cmp/u;
    %jmp/1 T_15.6, 6;
    %dup/vec4;
    %pushi/vec4 12, 0, 12;
    %cmp/u;
    %jmp/1 T_15.7, 6;
    %dup/vec4;
    %pushi/vec4 16, 0, 12;
    %cmp/u;
    %jmp/1 T_15.8, 6;
    %pushi/vec4 0, 0, 32;
    %store/vec4 v0x5d7d14a3c6b0_0, 0, 32;
    %jmp T_15.10;
T_15.4 ;
    %pushi/vec4 0, 0, 24;
    %load/vec4 v0x5d7d14a3b750_0;
    %concat/vec4; draw_concat_vec4
    %store/vec4 v0x5d7d14a3c6b0_0, 0, 32;
    %jmp T_15.10;
T_15.5 ;
    %pushi/vec4 0, 0, 24;
    %load/vec4 v0x5d7d14a3b830_0;
    %concat/vec4; draw_concat_vec4
    %store/vec4 v0x5d7d14a3c6b0_0, 0, 32;
    %jmp T_15.10;
T_15.6 ;
    %pushi/vec4 0, 0, 32;
    %store/vec4 v0x5d7d14a3c6b0_0, 0, 32;
    %jmp T_15.10;
T_15.7 ;
    %pushi/vec4 0, 0, 32;
    %store/vec4 v0x5d7d14a3c6b0_0, 0, 32;
    %jmp T_15.10;
T_15.8 ;
    %pushi/vec4 0, 0, 32;
    %store/vec4 v0x5d7d14a3c6b0_0, 0, 32;
    %jmp T_15.10;
T_15.10 ;
    %pop/vec4 1;
T_15.0 ;
    %jmp T_15;
    .thread T_15, $push;
    .scope S_0x5d7d14978490;
T_16 ;
    %wait E_0x5d7d14a110d0;
    %load/vec4 v0x5d7d14a3be50_0;
    %nor/r;
    %flag_set/vec4 8;
    %jmp/0xz  T_16.0, 8;
    %pushi/vec4 0, 0, 8;
    %assign/vec4 v0x5d7d14a3bc90_0, 0;
    %pushi/vec4 0, 0, 8;
    %assign/vec4 v0x5d7d14a3b830_0, 0;
    %pushi/vec4 0, 0, 1;
    %assign/vec4 v0x5d7d14a3c390_0, 0;
    %jmp T_16.1;
T_16.0 ;
    %pushi/vec4 0, 0, 1;
    %assign/vec4 v0x5d7d14a3c390_0, 0;
    %load/vec4 v0x5d7d14a3c5f0_0;
    %flag_set/vec4 10;
    %flag_get/vec4 10;
    %jmp/0 T_16.5, 10;
    %load/vec4 v0x5d7d14a3c950_0;
    %and;
T_16.5;
    %flag_set/vec4 9;
    %flag_get/vec4 9;
    %jmp/0 T_16.4, 9;
    %load/vec4 v0x5d7d14a3ca10_0;
    %and;
T_16.4;
    %flag_set/vec4 8;
    %jmp/0xz  T_16.2, 8;
    %pushi/vec4 1, 0, 1;
    %assign/vec4 v0x5d7d14a3c390_0, 0;
    %load/vec4 v0x5d7d14a3bd70_0;
    %dup/vec4;
    %pushi/vec4 0, 0, 12;
    %cmp/u;
    %jmp/1 T_16.6, 6;
    %dup/vec4;
    %pushi/vec4 4, 0, 12;
    %cmp/u;
    %jmp/1 T_16.7, 6;
    %dup/vec4;
    %pushi/vec4 8, 0, 12;
    %cmp/u;
    %jmp/1 T_16.8, 6;
    %dup/vec4;
    %pushi/vec4 12, 0, 12;
    %cmp/u;
    %jmp/1 T_16.9, 6;
    %dup/vec4;
    %pushi/vec4 16, 0, 12;
    %cmp/u;
    %jmp/1 T_16.10, 6;
    %jmp T_16.11;
T_16.6 ;
    %load/vec4 v0x5d7d14a3c870_0;
    %parti/s 1, 0, 2;
    %flag_set/vec4 8;
    %jmp/0xz  T_16.12, 8;
    %load/vec4 v0x5d7d14a3c790_0;
    %parti/s 8, 0, 2;
    %assign/vec4 v0x5d7d14a3bc90_0, 0;
T_16.12 ;
    %jmp T_16.11;
T_16.7 ;
    %load/vec4 v0x5d7d14a3c870_0;
    %parti/s 1, 0, 2;
    %flag_set/vec4 8;
    %jmp/0xz  T_16.14, 8;
    %load/vec4 v0x5d7d14a3c790_0;
    %parti/s 8, 0, 2;
    %assign/vec4 v0x5d7d14a3b830_0, 0;
T_16.14 ;
    %jmp T_16.11;
T_16.8 ;
    %load/vec4 v0x5d7d14a3c870_0;
    %parti/s 1, 0, 2;
    %flag_set/vec4 8;
    %jmp/0xz  T_16.16, 8;
    %load/vec4 v0x5d7d14a3bc90_0;
    %load/vec4 v0x5d7d14a3c790_0;
    %parti/s 8, 0, 2;
    %or;
    %assign/vec4 v0x5d7d14a3bc90_0, 0;
T_16.16 ;
    %jmp T_16.11;
T_16.9 ;
    %load/vec4 v0x5d7d14a3c870_0;
    %parti/s 1, 0, 2;
    %flag_set/vec4 8;
    %jmp/0xz  T_16.18, 8;
    %load/vec4 v0x5d7d14a3bc90_0;
    %load/vec4 v0x5d7d14a3c790_0;
    %parti/s 8, 0, 2;
    %inv;
    %and;
    %assign/vec4 v0x5d7d14a3bc90_0, 0;
T_16.18 ;
    %jmp T_16.11;
T_16.10 ;
    %load/vec4 v0x5d7d14a3c870_0;
    %parti/s 1, 0, 2;
    %flag_set/vec4 8;
    %jmp/0xz  T_16.20, 8;
    %load/vec4 v0x5d7d14a3bc90_0;
    %load/vec4 v0x5d7d14a3c790_0;
    %parti/s 8, 0, 2;
    %xor;
    %assign/vec4 v0x5d7d14a3bc90_0, 0;
T_16.20 ;
    %jmp T_16.11;
T_16.11 ;
    %pop/vec4 1;
T_16.2 ;
T_16.1 ;
    %jmp T_16;
    .thread T_16;
    .scope S_0x5d7d14978490;
T_17 ;
    %wait E_0x5d7d14a110d0;
    %load/vec4 v0x5d7d14a3be50_0;
    %nor/r;
    %flag_set/vec4 8;
    %jmp/0xz  T_17.0, 8;
    %pushi/vec4 0, 0, 1;
    %assign/vec4 v0x5d7d14a3c450_0, 0;
    %jmp T_17.1;
T_17.0 ;
    %load/vec4 v0x5d7d14a3c5f0_0;
    %flag_set/vec4 9;
    %flag_get/vec4 9;
    %jmp/0 T_17.3, 9;
    %load/vec4 v0x5d7d14a3c950_0;
    %and;
T_17.3;
    %flag_set/vec4 8;
    %flag_get/vec4 8;
    %jmp/0 T_17.2, 8;
    %load/vec4 v0x5d7d14a3c2d0_0;
    %flag_set/vec4 8;
    %flag_get/vec4 8;
    %jmp/1 T_17.4, 8;
    %load/vec4 v0x5d7d14a3c390_0;
    %or;
T_17.4;
    %and;
T_17.2;
    %assign/vec4 v0x5d7d14a3c450_0, 0;
T_17.1 ;
    %jmp T_17;
    .thread T_17;
    .scope S_0x5d7d14978490;
T_18 ;
    %wait E_0x5d7d14a110d0;
    %load/vec4 v0x5d7d14a3be50_0;
    %nor/r;
    %flag_set/vec4 8;
    %jmp/0xz  T_18.0, 8;
    %pushi/vec4 0, 0, 8;
    %assign/vec4 v0x5d7d14a3bbb0_0, 0;
    %pushi/vec4 0, 0, 8;
    %assign/vec4 v0x5d7d14a3bad0_0, 0;
    %jmp T_18.1;
T_18.0 ;
    %load/vec4 v0x5d7d14a3bc90_0;
    %assign/vec4 v0x5d7d14a3bbb0_0, 0;
    %load/vec4 v0x5d7d14a3b830_0;
    %assign/vec4 v0x5d7d14a3bad0_0, 0;
T_18.1 ;
    %jmp T_18;
    .thread T_18;
    .scope S_0x5d7d149cb5b0;
T_19 ;
    %wait E_0x5d7d149b26e0;
    %load/vec4 v0x5d7d14a3d4e0_0;
    %nor/r;
    %flag_set/vec4 8;
    %jmp/0xz  T_19.0, 8;
    %pushi/vec4 0, 0, 32;
    %assign/vec4 v0x5d7d14a3d900_0, 0;
    %pushi/vec4 0, 0, 1;
    %assign/vec4 v0x5d7d14a3d6f0_0, 0;
    %jmp T_19.1;
T_19.0 ;
    %load/vec4 v0x5d7d14a3d440_0;
    %flag_set/vec4 8;
    %jmp/0xz  T_19.2, 8;
    %load/vec4 v0x5d7d14a3d620_0;
    %assign/vec4 v0x5d7d14a3d900_0, 0;
    %load/vec4 v0x5d7d14a3d580_0;
    %assign/vec4 v0x5d7d14a3d6f0_0, 0;
    %jmp T_19.3;
T_19.2 ;
    %pushi/vec4 0, 0, 1;
    %assign/vec4 v0x5d7d14a3d6f0_0, 0;
T_19.3 ;
T_19.1 ;
    %jmp T_19;
    .thread T_19;
    .scope S_0x5d7d149c3870;
T_20 ;
    %pushi/vec4 0, 0, 1;
    %store/vec4 v0x5d7d14a3f9a0_0, 0, 1;
T_20.0 ;
    %delay 5000, 0;
    %load/vec4 v0x5d7d14a3f9a0_0;
    %inv;
    %store/vec4 v0x5d7d14a3f9a0_0, 0, 1;
    %jmp T_20.0;
    %end;
    .thread T_20;
    .scope S_0x5d7d149c3870;
T_21 ;
    %pushi/vec4 0, 0, 1;
    %store/vec4 v0x5d7d14a3fdc0_0, 0, 1;
    %pushi/vec4 0, 0, 1;
    %store/vec4 v0x5d7d14a402e0_0, 0, 1;
    %pushi/vec4 0, 0, 1;
    %store/vec4 v0x5d7d14a40620_0, 0, 1;
    %pushi/vec4 0, 0, 1;
    %store/vec4 v0x5d7d14a406c0_0, 0, 1;
    %pushi/vec4 0, 0, 32;
    %store/vec4 v0x5d7d14a40240_0, 0, 32;
    %pushi/vec4 0, 0, 32;
    %store/vec4 v0x5d7d14a40420_0, 0, 32;
    %pushi/vec4 0, 0, 4;
    %store/vec4 v0x5d7d14a40510_0, 0, 4;
    %pushi/vec4 0, 0, 8;
    %store/vec4 v0x5d7d14a3fab0_0, 0, 8;
    %pushi/vec4 0, 0, 32;
    %store/vec4 v0x5d7d14a3ffe0_0, 0, 32;
    %pushi/vec4 0, 0, 32;
    %store/vec4 v0x5d7d14a400c0_0, 0, 32;
    %pushi/vec4 0, 0, 32;
    %store/vec4 v0x5d7d14a3ff00_0, 0, 32;
    %delay 100000, 0;
    %pushi/vec4 1, 0, 1;
    %store/vec4 v0x5d7d14a3fdc0_0, 0, 1;
    %end;
    .thread T_21;
    .scope S_0x5d7d149c3870;
T_22 ;
    %vpi_call 2 95 "$dumpfile", "gpio_tb.vcd" {0 0 0};
    %vpi_call 2 96 "$dumpvars", 32'sb00000000000000000000000000000000, S_0x5d7d149c3870 {0 0 0};
T_22.0 ;
    %load/vec4 v0x5d7d14a3fdc0_0;
    %cmpi/ne 1, 0, 1;
    %jmp/0xz T_22.1, 6;
    %wait E_0x5d7d149b2270;
    %jmp T_22.0;
T_22.1 ;
    %delay 20000, 0;
    %vpi_call 2 101 "$display", "\012=== GPIO Testbench Started ===" {0 0 0};
    %pushi/vec4 1, 0, 32;
    %store/vec4 v0x5d7d14a3ffe0_0, 0, 32;
    %vpi_call 2 105 "$display", "\012[TEST %0d] GPIO Configuration: Starting", v0x5d7d14a3ffe0_0 {0 0 0};
    %pushi/vec4 0, 0, 32;
    %store/vec4 v0x5d7d14a3ff00_0, 0, 32;
    %fork TD_tb_gpio.test_gpio_configuration, S_0x5d7d14a3e200;
    %join;
    %load/vec4 v0x5d7d14a3e410_0;
    %store/vec4 v0x5d7d14a3ff00_0, 0, 32;
    ; show_stmt_assign_vector: Get l-value for compressed += operand
    %load/vec4 v0x5d7d14a400c0_0;
    %load/vec4 v0x5d7d14a3ff00_0;
    %add;
    %store/vec4 v0x5d7d14a400c0_0, 0, 32;
    %vpi_call 2 109 "$display", "[TEST %0d] GPIO Configuration: Completed\012", v0x5d7d14a3ffe0_0 {0 0 0};
    %pushi/vec4 2, 0, 32;
    %store/vec4 v0x5d7d14a3ffe0_0, 0, 32;
    %vpi_call 2 113 "$display", "\012[TEST %0d] GPIO Output Functionality: Starting", v0x5d7d14a3ffe0_0 {0 0 0};
    %pushi/vec4 0, 0, 32;
    %store/vec4 v0x5d7d14a3ff00_0, 0, 32;
    %fork TD_tb_gpio.test_output_functionality, S_0x5d7d14a3eda0;
    %join;
    %load/vec4 v0x5d7d14a3ef80_0;
    %store/vec4 v0x5d7d14a3ff00_0, 0, 32;
    ; show_stmt_assign_vector: Get l-value for compressed += operand
    %load/vec4 v0x5d7d14a400c0_0;
    %load/vec4 v0x5d7d14a3ff00_0;
    %add;
    %store/vec4 v0x5d7d14a400c0_0, 0, 32;
    %vpi_call 2 117 "$display", "[TEST %0d] GPIO Output Functionality: Completed\012", v0x5d7d14a3ffe0_0 {0 0 0};
    %pushi/vec4 3, 0, 32;
    %store/vec4 v0x5d7d14a3ffe0_0, 0, 32;
    %vpi_call 2 121 "$display", "\012[TEST %0d] GPIO Input Functionality: Starting", v0x5d7d14a3ffe0_0 {0 0 0};
    %pushi/vec4 0, 0, 32;
    %store/vec4 v0x5d7d14a3ff00_0, 0, 32;
    %fork TD_tb_gpio.test_input_functionality, S_0x5d7d14a3e5d0;
    %join;
    %load/vec4 v0x5d7d14a3e7b0_0;
    %store/vec4 v0x5d7d14a3ff00_0, 0, 32;
    ; show_stmt_assign_vector: Get l-value for compressed += operand
    %load/vec4 v0x5d7d14a400c0_0;
    %load/vec4 v0x5d7d14a3ff00_0;
    %add;
    %store/vec4 v0x5d7d14a400c0_0, 0, 32;
    %vpi_call 2 125 "$display", "[TEST %0d] GPIO Input Functionality: Completed\012", v0x5d7d14a3ffe0_0 {0 0 0};
    %pushi/vec4 4, 0, 32;
    %store/vec4 v0x5d7d14a3ffe0_0, 0, 32;
    %vpi_call 2 129 "$display", "\012[TEST %0d] GPIO Atomic Operation: Starting", v0x5d7d14a3ffe0_0 {0 0 0};
    %pushi/vec4 0, 0, 32;
    %store/vec4 v0x5d7d14a3ff00_0, 0, 32;
    %fork TD_tb_gpio.test_atomic_operations, S_0x5d7d14a3de90;
    %join;
    %load/vec4 v0x5d7d14a3e040_0;
    %store/vec4 v0x5d7d14a3ff00_0, 0, 32;
    ; show_stmt_assign_vector: Get l-value for compressed += operand
    %load/vec4 v0x5d7d14a400c0_0;
    %load/vec4 v0x5d7d14a3ff00_0;
    %add;
    %store/vec4 v0x5d7d14a400c0_0, 0, 32;
    %vpi_call 2 133 "$display", "[TEST %0d] GPIO Atomic Operation: Completed\012", v0x5d7d14a3ffe0_0 {0 0 0};
    %pushi/vec4 5, 0, 32;
    %store/vec4 v0x5d7d14a3ffe0_0, 0, 32;
    %vpi_call 2 137 "$display", "\012[TEST %0d] GPIO Mixed I/O: Starting", v0x5d7d14a3ffe0_0 {0 0 0};
    %pushi/vec4 0, 0, 32;
    %store/vec4 v0x5d7d14a3ff00_0, 0, 32;
    %fork TD_tb_gpio.test_mixed_io, S_0x5d7d14a3e990;
    %join;
    %load/vec4 v0x5d7d14a3ebc0_0;
    %store/vec4 v0x5d7d14a3ff00_0, 0, 32;
    ; show_stmt_assign_vector: Get l-value for compressed += operand
    %load/vec4 v0x5d7d14a400c0_0;
    %load/vec4 v0x5d7d14a3ff00_0;
    %add;
    %store/vec4 v0x5d7d14a400c0_0, 0, 32;
    %vpi_call 2 141 "$display", "[TEST %0d] GPIO Mixed I/O: Completed\012", v0x5d7d14a3ffe0_0 {0 0 0};
    %vpi_call 2 145 "$display", "\012=== GPIO Testbench Completed ===" {0 0 0};
    %vpi_call 2 146 "$display", "\012Total errors: %0d", v0x5d7d14a400c0_0 {0 0 0};
    %load/vec4 v0x5d7d14a400c0_0;
    %cmpi/e 0, 0, 32;
    %jmp/0xz  T_22.2, 4;
    %vpi_call 2 148 "$display", "\342\234\205 All tests PASSED!" {0 0 0};
    %jmp T_22.3;
T_22.2 ;
    %vpi_call 2 150 "$display", "\342\235\214 Some tests FAILED" {0 0 0};
T_22.3 ;
    %vpi_call 2 152 "$finish" {0 0 0};
    %end;
    .thread T_22;
# The file index is used to find the file name in the following table.
:file_names 5;
    "N/A";
    "<interactive>";
    "/home/gael/Desktop/asic_workspace/MiniSoC_RV32I/sim/peripheral/gpio/tb_gpio.v";
    "/home/gael/Desktop/asic_workspace/MiniSoC_RV32I/src/peripheral/gpio/gpio_wrapper.v";
    "/home/gael/Desktop/asic_workspace/MiniSoC_RV32I/src/peripheral/gpio/gpio.v";
