#! /usr/bin/vvp
:ivl_version "12.0 (stable)";
:ivl_delay_selection "TYPICAL";
:vpi_time_precision - 12;
:vpi_module "/usr/lib/x86_64-linux-gnu/ivl/system.vpi";
:vpi_module "/usr/lib/x86_64-linux-gnu/ivl/vhdl_sys.vpi";
:vpi_module "/usr/lib/x86_64-linux-gnu/ivl/vhdl_textio.vpi";
:vpi_module "/usr/lib/x86_64-linux-gnu/ivl/v2005_math.vpi";
:vpi_module "/usr/lib/x86_64-linux-gnu/ivl/va_math.vpi";
S_0x55780aa87620 .scope module, "tb_gpio_latency" "tb_gpio_latency" 2 3;
 .timescale -9 -12;
P_0x55780aa55890 .param/l "ADDR_WIDTH" 0 2 7, +C4<00000000000000000000000000100000>;
P_0x55780aa558d0 .param/l "BASE_ADDR" 0 2 9, C4<01000000000000000000000000000000>;
P_0x55780aa55910 .param/l "CLK_FREQ" 0 2 6, +C4<00000101111101011110000100000000>;
P_0x55780aa55950 .param/l "CLK_PERIOD" 0 2 5, +C4<00000000000000000000000000001010>;
P_0x55780aa55990 .param/l "DATA_WIDTH" 0 2 8, +C4<00000000000000000000000000100000>;
P_0x55780aa559d0 .param/l "N_GPIO" 0 2 10, +C4<00000000000000000000000000001000>;
v0x55780aac02f0_0 .var/i "ack_assert_time", 31 0;
v0x55780aac03f0_0 .var "clk", 0 0;
v0x55780aac0500_0 .var/i "end_time", 31 0;
v0x55780aac05a0_0 .var "gpio_in", 7 0;
v0x55780aac06b0_0 .net "gpio_oe", 7 0, v0x55780aabcbb0_0;  1 drivers
v0x55780aac0810_0 .net "gpio_out", 7 0, v0x55780aabcc90_0;  1 drivers
v0x55780aac0920_0 .var/i "oe_update_latency", 31 0;
v0x55780aac0a00_0 .var/i "output_update_latency", 31 0;
v0x55780aac0ae0_0 .var/i "read_latency", 31 0;
v0x55780aac0bc0_0 .var "rst_n", 0 0;
v0x55780aac0c60_0 .var/i "start_time", 31 0;
v0x55780aac0d40_0 .var/i "stb_assert_time", 31 0;
v0x55780aac0e20_0 .var/i "sync_latency", 31 0;
v0x55780aac0f00_0 .var/i "test_start", 31 0;
v0x55780aac0fe0_0 .net "wbs_ack", 0 0, v0x55780aabe7a0_0;  1 drivers
v0x55780aac1080_0 .var "wbs_addr", 31 0;
v0x55780aac1170_0 .var "wbs_cyc", 0 0;
v0x55780aac1210_0 .net "wbs_data_read", 31 0, v0x55780aabe9b0_0;  1 drivers
v0x55780aac12b0_0 .var "wbs_data_write", 31 0;
v0x55780aac13a0_0 .var "wbs_sel", 3 0;
v0x55780aac14b0_0 .var "wbs_stb", 0 0;
v0x55780aac1550_0 .var "wbs_we", 0 0;
v0x55780aac1640_0 .var/i "write_latency", 31 0;
E_0x55780aa435e0 .event anyedge, v0x55780aabcf30_0;
S_0x55780aa5d5d0 .scope module, "dut" "gpio_wrapper" 2 46, 3 1 0, S_0x55780aa87620;
 .timescale 0 0;
    .port_info 0 /INPUT 1 "clk";
    .port_info 1 /INPUT 1 "rst_n";
    .port_info 2 /INPUT 1 "wbs_cyc";
    .port_info 3 /INPUT 1 "wbs_stb";
    .port_info 4 /INPUT 1 "wbs_we";
    .port_info 5 /INPUT 32 "wbs_addr";
    .port_info 6 /INPUT 32 "wbs_data_write";
    .port_info 7 /INPUT 4 "wbs_sel";
    .port_info 8 /OUTPUT 32 "wbs_data_read";
    .port_info 9 /OUTPUT 1 "wbs_ack";
    .port_info 10 /INPUT 8 "gpio_in";
    .port_info 11 /OUTPUT 8 "gpio_out";
    .port_info 12 /OUTPUT 8 "gpio_oe";
P_0x55780aa99450 .param/l "ADDR_WIDTH" 0 3 4, +C4<00000000000000000000000000100000>;
P_0x55780aa99490 .param/l "BASE_ADDR" 0 3 2, C4<01000000000000000000000000000000>;
P_0x55780aa994d0 .param/l "DATA_WIDTH" 0 3 5, +C4<00000000000000000000000000100000>;
P_0x55780aa99510 .param/l "N_GPIO" 0 3 6, +C4<00000000000000000000000000001000>;
P_0x55780aa99550 .param/l "SIZE_KB" 0 3 3, +C4<00000000000000000000000000000100>;
L_0x55780aa8d990 .functor AND 1, L_0x55780aad1710, L_0x55780aad1800, C4<1>, C4<1>;
L_0x55780aad2bc0 .functor AND 1, v0x55780aac1170_0, L_0x55780aa8d990, C4<1>, C4<1>;
L_0x55780aad2cd0 .functor AND 1, v0x55780aac14b0_0, L_0x55780aa8d990, C4<1>, C4<1>;
L_0x79c1fa9b7018 .functor BUFT 1, C4<01000000000000000000000000000000>, C4<0>, C4<0>, C4<0>;
v0x55780aabdf60_0 .net/2u *"_ivl_0", 31 0, L_0x79c1fa9b7018;  1 drivers
v0x55780aabe060_0 .net *"_ivl_2", 0 0, L_0x55780aad1710;  1 drivers
L_0x79c1fa9b7060 .functor BUFT 1, C4<01000000000000000001000000000000>, C4<0>, C4<0>, C4<0>;
v0x55780aabe120_0 .net/2u *"_ivl_4", 31 0, L_0x79c1fa9b7060;  1 drivers
v0x55780aabe1e0_0 .net *"_ivl_6", 0 0, L_0x55780aad1800;  1 drivers
v0x55780aabe2a0_0 .net "clk", 0 0, v0x55780aac03f0_0;  1 drivers
v0x55780aabe340_0 .net "gpio_in", 7 0, v0x55780aac05a0_0;  1 drivers
v0x55780aabe3e0_0 .net "gpio_oe", 7 0, v0x55780aabcbb0_0;  alias, 1 drivers
v0x55780aabe480_0 .net "gpio_out", 7 0, v0x55780aabcc90_0;  alias, 1 drivers
v0x55780aabe520_0 .net "gpio_select", 0 0, L_0x55780aa8d990;  1 drivers
v0x55780aabe5c0_0 .net "rst_n", 0 0, v0x55780aac0bc0_0;  1 drivers
v0x55780aabe660_0 .net "tmp_wbs_ack", 0 0, v0x55780aabd530_0;  1 drivers
v0x55780aabe700_0 .net "tmp_wbs_data_read", 31 0, v0x55780aabd790_0;  1 drivers
v0x55780aabe7a0_0 .var "wbs_ack", 0 0;
v0x55780aabe840_0 .net "wbs_addr", 31 0, v0x55780aac1080_0;  1 drivers
v0x55780aabe910_0 .net "wbs_cyc", 0 0, v0x55780aac1170_0;  1 drivers
v0x55780aabe9b0_0 .var "wbs_data_read", 31 0;
v0x55780aabea90_0 .net "wbs_data_write", 31 0, v0x55780aac12b0_0;  1 drivers
v0x55780aabeb80_0 .net "wbs_sel", 3 0, v0x55780aac13a0_0;  1 drivers
v0x55780aabec50_0 .net "wbs_stb", 0 0, v0x55780aac14b0_0;  1 drivers
v0x55780aabecf0_0 .net "wbs_we", 0 0, v0x55780aac1550_0;  1 drivers
E_0x55780aa43830 .event posedge, v0x55780aabc770_0;
L_0x55780aad1710 .cmp/ge 32, v0x55780aac1080_0, L_0x79c1fa9b7018;
L_0x55780aad1800 .cmp/gt 32, L_0x79c1fa9b7060, v0x55780aac1080_0;
S_0x55780aa0a490 .scope module, "gpio_inst" "gpio" 3 45, 4 1 0, S_0x55780aa5d5d0;
 .timescale 0 0;
    .port_info 0 /INPUT 1 "clk";
    .port_info 1 /INPUT 1 "rst_n";
    .port_info 2 /INPUT 1 "wbs_cyc";
    .port_info 3 /INPUT 1 "wbs_stb";
    .port_info 4 /INPUT 1 "wbs_we";
    .port_info 5 /INPUT 32 "wbs_addr";
    .port_info 6 /INPUT 32 "wbs_data_write";
    .port_info 7 /INPUT 4 "wbs_sel";
    .port_info 8 /OUTPUT 32 "wbs_data_read";
    .port_info 9 /OUTPUT 1 "wbs_ack";
    .port_info 10 /INPUT 8 "gpio_in";
    .port_info 11 /OUTPUT 8 "gpio_out";
    .port_info 12 /OUTPUT 8 "gpio_oe";
P_0x55780aa7c460 .param/l "ADDR_WIDTH" 0 4 2, +C4<00000000000000000000000000100000>;
P_0x55780aa7c4a0 .param/l "DATA_WIDTH" 0 4 3, +C4<00000000000000000000000000100000>;
P_0x55780aa7c4e0 .param/l "N_GPIO" 0 4 4, +C4<00000000000000000000000000001000>;
P_0x55780aa7c520 .param/l "REG_GPIO_CLEAR" 1 4 32, C4<000000001100>;
P_0x55780aa7c560 .param/l "REG_GPIO_DATA" 1 4 29, C4<000000000000>;
P_0x55780aa7c5a0 .param/l "REG_GPIO_DIR" 1 4 30, C4<000000000100>;
P_0x55780aa7c5e0 .param/l "REG_GPIO_SET" 1 4 31, C4<000000001000>;
P_0x55780aa7c620 .param/l "REG_GPIO_TOGGLE" 1 4 33, C4<000000010000>;
L_0x55780aa8a870 .functor AND 8, v0x55780aabc910_0, v0x55780aabcd70_0, C4<11111111>, C4<11111111>;
L_0x55780aa89810 .functor NOT 8, v0x55780aabc910_0, C4<00000000>, C4<00000000>, C4<00000000>;
L_0x55780aa59820 .functor AND 8, L_0x55780aa89810, L_0x55780aad1fb0, C4<11111111>, C4<11111111>;
L_0x55780aa45fa0 .functor OR 8, L_0x55780aa8a870, L_0x55780aa59820, C4<00000000>, C4<00000000>;
v0x55780aabc020_0 .net *"_ivl_17", 7 0, L_0x55780aa8a870;  1 drivers
v0x55780aabc120_0 .net *"_ivl_19", 7 0, L_0x55780aa89810;  1 drivers
v0x55780aabc200_0 .net *"_ivl_21", 7 0, L_0x55780aa59820;  1 drivers
L_0x79c1fa9b70a8 .functor BUFT 1, C4<000000000000>, C4<0>, C4<0>, C4<0>;
v0x55780aabc2c0_0 .net/2u *"_ivl_27", 11 0, L_0x79c1fa9b70a8;  1 drivers
L_0x79c1fa9b70f0 .functor BUFT 1, C4<000000000100>, C4<0>, C4<0>, C4<0>;
v0x55780aabc3a0_0 .net/2u *"_ivl_31", 11 0, L_0x79c1fa9b70f0;  1 drivers
L_0x79c1fa9b7138 .functor BUFT 1, C4<000000001000>, C4<0>, C4<0>, C4<0>;
v0x55780aabc4d0_0 .net/2u *"_ivl_35", 11 0, L_0x79c1fa9b7138;  1 drivers
L_0x79c1fa9b7180 .functor BUFT 1, C4<000000001100>, C4<0>, C4<0>, C4<0>;
v0x55780aabc5b0_0 .net/2u *"_ivl_39", 11 0, L_0x79c1fa9b7180;  1 drivers
L_0x79c1fa9b71c8 .functor BUFT 1, C4<000000010000>, C4<0>, C4<0>, C4<0>;
v0x55780aabc690_0 .net/2u *"_ivl_43", 11 0, L_0x79c1fa9b71c8;  1 drivers
v0x55780aabc770_0 .net "clk", 0 0, v0x55780aac03f0_0;  alias, 1 drivers
v0x55780aabc830_0 .net "data_reg", 7 0, L_0x55780aa45fa0;  1 drivers
v0x55780aabc910_0 .var "dir_reg", 7 0;
v0x55780aabc9f0_0 .net "gpio_in", 7 0, v0x55780aac05a0_0;  alias, 1 drivers
v0x55780aabcad0_0 .net "gpio_in_sync", 7 0, L_0x55780aad1fb0;  1 drivers
v0x55780aabcbb0_0 .var "gpio_oe", 7 0;
v0x55780aabcc90_0 .var "gpio_out", 7 0;
v0x55780aabcd70_0 .var "out_reg", 7 0;
v0x55780aabce50_0 .net "reg_offset", 11 0, L_0x55780aad25b0;  1 drivers
v0x55780aabcf30_0 .net "rst_n", 0 0, v0x55780aac0bc0_0;  alias, 1 drivers
v0x55780aabcff0_0 .net "sel_clear", 0 0, L_0x55780aad29a0;  1 drivers
v0x55780aabd0b0_0 .net "sel_data", 0 0, L_0x55780aad2650;  1 drivers
v0x55780aabd170_0 .net "sel_dir", 0 0, L_0x55780aad2790;  1 drivers
v0x55780aabd230_0 .net "sel_set", 0 0, L_0x55780aad2900;  1 drivers
v0x55780aabd2f0_0 .net "sel_toggle", 0 0, L_0x55780aad2ad0;  1 drivers
v0x55780aabd3b0_0 .var "tmp_r_ack", 0 0;
v0x55780aabd470_0 .var "tmp_w_ack", 0 0;
v0x55780aabd530_0 .var "wbs_ack", 0 0;
v0x55780aabd5f0_0 .net "wbs_addr", 31 0, v0x55780aac1080_0;  alias, 1 drivers
v0x55780aabd6d0_0 .net "wbs_cyc", 0 0, L_0x55780aad2bc0;  1 drivers
v0x55780aabd790_0 .var "wbs_data_read", 31 0;
v0x55780aabd870_0 .net "wbs_data_write", 31 0, v0x55780aac12b0_0;  alias, 1 drivers
v0x55780aabd950_0 .net "wbs_sel", 3 0, v0x55780aac13a0_0;  alias, 1 drivers
v0x55780aabda30_0 .net "wbs_stb", 0 0, L_0x55780aad2cd0;  1 drivers
v0x55780aabdaf0_0 .net "wbs_we", 0 0, v0x55780aac1550_0;  alias, 1 drivers
E_0x55780aa47d10/0 .event anyedge, v0x55780aabd6d0_0, v0x55780aabda30_0, v0x55780aabdaf0_0, v0x55780aabce50_0;
E_0x55780aa47d10/1 .event anyedge, v0x55780aabc830_0, v0x55780aabc910_0;
E_0x55780aa47d10 .event/or E_0x55780aa47d10/0, E_0x55780aa47d10/1;
LS_0x55780aad1fb0_0_0 .concat8 [ 1 1 1 1], L_0x55780aad1940, L_0x55780aad19e0, L_0x55780aad1ab0, L_0x55780aad1bb0;
LS_0x55780aad1fb0_0_4 .concat8 [ 1 1 1 1], L_0x55780aad1cb0, L_0x55780aad1db0, L_0x55780aad1eb0, L_0x55780aad2300;
L_0x55780aad1fb0 .concat8 [ 4 4 0 0], LS_0x55780aad1fb0_0_0, LS_0x55780aad1fb0_0_4;
L_0x55780aad25b0 .part v0x55780aac1080_0, 0, 12;
L_0x55780aad2650 .cmp/eq 12, L_0x55780aad25b0, L_0x79c1fa9b70a8;
L_0x55780aad2790 .cmp/eq 12, L_0x55780aad25b0, L_0x79c1fa9b70f0;
L_0x55780aad2900 .cmp/eq 12, L_0x55780aad25b0, L_0x79c1fa9b7138;
L_0x55780aad29a0 .cmp/eq 12, L_0x55780aad25b0, L_0x79c1fa9b7180;
L_0x55780aad2ad0 .cmp/eq 12, L_0x55780aad25b0, L_0x79c1fa9b71c8;
S_0x55780aa9e080 .scope generate, "gpio_sync[0]" "gpio_sync[0]" 4 47, 4 47 0, S_0x55780aa0a490;
 .timescale 0 0;
P_0x55780aa9e260 .param/l "i" 1 4 47, +C4<00>;
v0x55780aa8caf0_0 .net *"_ivl_1", 0 0, L_0x55780aad1940;  1 drivers
v0x55780aa8b9f0_0 .var "sync_reg", 1 0;
E_0x55780aa92070/0 .event negedge, v0x55780aabcf30_0;
E_0x55780aa92070/1 .event posedge, v0x55780aabc770_0;
E_0x55780aa92070 .event/or E_0x55780aa92070/0, E_0x55780aa92070/1;
L_0x55780aad1940 .part v0x55780aa8b9f0_0, 1, 1;
S_0x55780aaba2b0 .scope generate, "gpio_sync[1]" "gpio_sync[1]" 4 47, 4 47 0, S_0x55780aa0a490;
 .timescale 0 0;
P_0x55780aaba4d0 .param/l "i" 1 4 47, +C4<01>;
v0x55780aa8ba90_0 .net *"_ivl_1", 0 0, L_0x55780aad19e0;  1 drivers
v0x55780aa8a990_0 .var "sync_reg", 1 0;
L_0x55780aad19e0 .part v0x55780aa8a990_0, 1, 1;
S_0x55780aaba610 .scope generate, "gpio_sync[2]" "gpio_sync[2]" 4 47, 4 47 0, S_0x55780aa0a490;
 .timescale 0 0;
P_0x55780aaba810 .param/l "i" 1 4 47, +C4<010>;
v0x55780aa8aa30_0 .net *"_ivl_1", 0 0, L_0x55780aad1ab0;  1 drivers
v0x55780aa89930_0 .var "sync_reg", 1 0;
L_0x55780aad1ab0 .part v0x55780aa89930_0, 1, 1;
S_0x55780aaba950 .scope generate, "gpio_sync[3]" "gpio_sync[3]" 4 47, 4 47 0, S_0x55780aa0a490;
 .timescale 0 0;
P_0x55780aabab50 .param/l "i" 1 4 47, +C4<011>;
v0x55780aa899d0_0 .net *"_ivl_1", 0 0, L_0x55780aad1bb0;  1 drivers
v0x55780aabac70_0 .var "sync_reg", 1 0;
L_0x55780aad1bb0 .part v0x55780aabac70_0, 1, 1;
S_0x55780aabad50 .scope generate, "gpio_sync[4]" "gpio_sync[4]" 4 47, 4 47 0, S_0x55780aa0a490;
 .timescale 0 0;
P_0x55780aabafa0 .param/l "i" 1 4 47, +C4<0100>;
v0x55780aabb080_0 .net *"_ivl_1", 0 0, L_0x55780aad1cb0;  1 drivers
v0x55780aabb160_0 .var "sync_reg", 1 0;
L_0x55780aad1cb0 .part v0x55780aabb160_0, 1, 1;
S_0x55780aabb240 .scope generate, "gpio_sync[5]" "gpio_sync[5]" 4 47, 4 47 0, S_0x55780aa0a490;
 .timescale 0 0;
P_0x55780aabb440 .param/l "i" 1 4 47, +C4<0101>;
v0x55780aabb520_0 .net *"_ivl_1", 0 0, L_0x55780aad1db0;  1 drivers
v0x55780aabb600_0 .var "sync_reg", 1 0;
L_0x55780aad1db0 .part v0x55780aabb600_0, 1, 1;
S_0x55780aabb6e0 .scope generate, "gpio_sync[6]" "gpio_sync[6]" 4 47, 4 47 0, S_0x55780aa0a490;
 .timescale 0 0;
P_0x55780aabb8e0 .param/l "i" 1 4 47, +C4<0110>;
v0x55780aabb9c0_0 .net *"_ivl_1", 0 0, L_0x55780aad1eb0;  1 drivers
v0x55780aabbaa0_0 .var "sync_reg", 1 0;
L_0x55780aad1eb0 .part v0x55780aabbaa0_0, 1, 1;
S_0x55780aabbb80 .scope generate, "gpio_sync[7]" "gpio_sync[7]" 4 47, 4 47 0, S_0x55780aa0a490;
 .timescale 0 0;
P_0x55780aabbd80 .param/l "i" 1 4 47, +C4<0111>;
v0x55780aabbe60_0 .net *"_ivl_1", 0 0, L_0x55780aad2300;  1 drivers
v0x55780aabbf40_0 .var "sync_reg", 1 0;
L_0x55780aad2300 .part v0x55780aabbf40_0, 1, 1;
S_0x55780aabef40 .scope task, "test_atomic_operation_latency" "test_atomic_operation_latency" 2 228, 2 228 0, S_0x55780aa87620;
 .timescale -9 -12;
TD_tb_gpio_latency.test_atomic_operation_latency ;
    %vpi_call 2 230 "$display", "\012[TEST] Atomic Operation Latency" {0 0 0};
    %pushi/vec4 1073741828, 0, 32;
    %store/vec4 v0x55780aac0050_0, 0, 32;
    %pushi/vec4 1, 0, 32;
    %store/vec4 v0x55780aac0150_0, 0, 32;
    %pushi/vec4 1, 0, 4;
    %store/vec4 v0x55780aac0230_0, 0, 4;
    %fork TD_tb_gpio_latency.wb_write, S_0x55780aabfe70;
    %join;
    %delay 20000, 0;
    %wait E_0x55780aa43830;
    %pushi/vec4 1073741832, 0, 32;
    %store/vec4 v0x55780aac0050_0, 0, 32;
    %pushi/vec4 1, 0, 32;
    %store/vec4 v0x55780aac0150_0, 0, 32;
    %pushi/vec4 1, 0, 4;
    %store/vec4 v0x55780aac0230_0, 0, 4;
    %fork TD_tb_gpio_latency.wb_write, S_0x55780aabfe70;
    %join;
    %vpi_func 2 239 "$time" 64 {0 0 0};
    %pad/u 32;
    %store/vec4 v0x55780aac0c60_0, 0, 32;
    %wait E_0x55780aa43830;
    %load/vec4 v0x55780aac0810_0;
    %parti/s 1, 0, 2;
    %cmpi/e 1, 0, 1;
    %jmp/0xz  T_0.0, 6;
    %vpi_func 2 244 "$time" 64 {0 0 0};
    %pad/u 32;
    %store/vec4 v0x55780aac0500_0, 0, 32;
    %load/vec4 v0x55780aac0500_0;
    %load/vec4 v0x55780aac0c60_0;
    %sub;
    %pushi/vec4 10, 0, 32;
    %div/s;
    %vpi_call 2 245 "$display", "SET operation latency: %0d cycles", S<0,vec4,s32> {1 0 0};
    %jmp T_0.1;
T_0.0 ;
    %vpi_call 2 247 "$display", "ERROR: SET operation failed" {0 0 0};
T_0.1 ;
    %end;
S_0x55780aabf0f0 .scope task, "test_input_sync_latency" "test_input_sync_latency" 2 195, 2 195 0, S_0x55780aa87620;
 .timescale -9 -12;
v0x55780aabf300_0 .var "read_data", 31 0;
TD_tb_gpio_latency.test_input_sync_latency ;
    %vpi_call 2 198 "$display", "\012[TEST] Input Synchronization Latency" {0 0 0};
    %pushi/vec4 1073741828, 0, 32;
    %store/vec4 v0x55780aac0050_0, 0, 32;
    %pushi/vec4 0, 0, 32;
    %store/vec4 v0x55780aac0150_0, 0, 32;
    %pushi/vec4 1, 0, 4;
    %store/vec4 v0x55780aac0230_0, 0, 4;
    %fork TD_tb_gpio_latency.wb_write, S_0x55780aabfe70;
    %join;
    %delay 20000, 0;
    %pushi/vec4 1073741824, 0, 32;
    %store/vec4 v0x55780aabfc90_0, 0, 32;
    %fork TD_tb_gpio_latency.wb_read, S_0x55780aabfab0;
    %join;
    %load/vec4 v0x55780aabfd90_0;
    %store/vec4 v0x55780aabf300_0, 0, 32;
    %vpi_call 2 206 "$display", "Initial input value: %h", v0x55780aabf300_0 {0 0 0};
    %wait E_0x55780aa43830;
    %pushi/vec4 170, 0, 8;
    %store/vec4 v0x55780aac05a0_0, 0, 8;
    %vpi_func 2 211 "$time" 64 {0 0 0};
    %pad/u 32;
    %store/vec4 v0x55780aac0c60_0, 0, 32;
    %delay 20000, 0;
    %pushi/vec4 1073741824, 0, 32;
    %store/vec4 v0x55780aabfc90_0, 0, 32;
    %fork TD_tb_gpio_latency.wb_read, S_0x55780aabfab0;
    %join;
    %load/vec4 v0x55780aabfd90_0;
    %store/vec4 v0x55780aabf300_0, 0, 32;
    %load/vec4 v0x55780aabf300_0;
    %parti/s 8, 0, 2;
    %cmpi/e 170, 0, 8;
    %jmp/0xz  T_1.2, 6;
    %vpi_func 2 218 "$time" 64 {0 0 0};
    %pad/u 32;
    %store/vec4 v0x55780aac0500_0, 0, 32;
    %load/vec4 v0x55780aac0500_0;
    %load/vec4 v0x55780aac0c60_0;
    %sub;
    %pushi/vec4 10, 0, 32;
    %div/s;
    %store/vec4 v0x55780aac0e20_0, 0, 32;
    %vpi_call 2 220 "$display", "Input sync latency: %0d cycles", v0x55780aac0e20_0 {0 0 0};
    %vpi_call 2 221 "$display", "Synced value: %h", v0x55780aabf300_0 {0 0 0};
    %jmp T_1.3;
T_1.2 ;
    %vpi_call 2 223 "$display", "ERROR: Input not synchronized correctly" {0 0 0};
T_1.3 ;
    %end;
S_0x55780aabf3c0 .scope task, "test_output_propagation_latency" "test_output_propagation_latency" 2 156, 2 156 0, S_0x55780aa87620;
 .timescale -9 -12;
TD_tb_gpio_latency.test_output_propagation_latency ;
    %vpi_call 2 158 "$display", "\012[TEST] Output Propagation Latency" {0 0 0};
    %pushi/vec4 1073741828, 0, 32;
    %store/vec4 v0x55780aac0050_0, 0, 32;
    %pushi/vec4 255, 0, 32;
    %store/vec4 v0x55780aac0150_0, 0, 32;
    %pushi/vec4 1, 0, 4;
    %store/vec4 v0x55780aac0230_0, 0, 4;
    %fork TD_tb_gpio_latency.wb_write, S_0x55780aabfe70;
    %join;
    %delay 20000, 0;
    %wait E_0x55780aa43830;
    %pushi/vec4 1073741824, 0, 32;
    %store/vec4 v0x55780aac0050_0, 0, 32;
    %pushi/vec4 170, 0, 32;
    %store/vec4 v0x55780aac0150_0, 0, 32;
    %pushi/vec4 1, 0, 4;
    %store/vec4 v0x55780aac0230_0, 0, 4;
    %fork TD_tb_gpio_latency.wb_write, S_0x55780aabfe70;
    %join;
    %vpi_func 2 167 "$time" 64 {0 0 0};
    %pad/u 32;
    %store/vec4 v0x55780aac0c60_0, 0, 32;
    %wait E_0x55780aa43830;
    %load/vec4 v0x55780aac0810_0;
    %cmpi/e 170, 0, 8;
    %jmp/0xz  T_2.4, 6;
    %vpi_func 2 172 "$time" 64 {0 0 0};
    %pad/u 32;
    %store/vec4 v0x55780aac0500_0, 0, 32;
    %load/vec4 v0x55780aac0500_0;
    %load/vec4 v0x55780aac0c60_0;
    %sub;
    %pushi/vec4 10, 0, 32;
    %div/s;
    %store/vec4 v0x55780aac0a00_0, 0, 32;
    %vpi_call 2 174 "$display", "DATA to output latency: %0d cycles", v0x55780aac0a00_0 {0 0 0};
    %jmp T_2.5;
T_2.4 ;
    %vpi_call 2 176 "$display", "ERROR: Output not updated as expected" {0 0 0};
T_2.5 ;
    %wait E_0x55780aa43830;
    %pushi/vec4 1073741828, 0, 32;
    %store/vec4 v0x55780aac0050_0, 0, 32;
    %pushi/vec4 85, 0, 32;
    %store/vec4 v0x55780aac0150_0, 0, 32;
    %pushi/vec4 1, 0, 4;
    %store/vec4 v0x55780aac0230_0, 0, 4;
    %fork TD_tb_gpio_latency.wb_write, S_0x55780aabfe70;
    %join;
    %vpi_func 2 182 "$time" 64 {0 0 0};
    %pad/u 32;
    %store/vec4 v0x55780aac0c60_0, 0, 32;
    %wait E_0x55780aa43830;
    %load/vec4 v0x55780aac06b0_0;
    %cmpi/e 85, 0, 8;
    %jmp/0xz  T_2.6, 6;
    %vpi_func 2 186 "$time" 64 {0 0 0};
    %pad/u 32;
    %store/vec4 v0x55780aac0500_0, 0, 32;
    %load/vec4 v0x55780aac0500_0;
    %load/vec4 v0x55780aac0c60_0;
    %sub;
    %pushi/vec4 10, 0, 32;
    %div/s;
    %store/vec4 v0x55780aac0920_0, 0, 32;
    %vpi_call 2 188 "$display", "DIR to OE latency: %0d cycles", v0x55780aac0920_0 {0 0 0};
    %jmp T_2.7;
T_2.6 ;
    %vpi_call 2 190 "$display", "ERROR: OE not updated as expected" {0 0 0};
T_2.7 ;
    %end;
S_0x55780aabf5a0 .scope task, "test_read_latency" "test_read_latency" 2 139, 2 139 0, S_0x55780aa87620;
 .timescale -9 -12;
v0x55780aabf7d0_0 .var "read_data", 31 0;
TD_tb_gpio_latency.test_read_latency ;
    %vpi_call 2 142 "$display", "\012[TEST] Read Latency Measurement" {0 0 0};
    %pushi/vec4 1, 0, 32;
    %store/vec4 v0x55780aac0f00_0, 0, 32;
    %wait E_0x55780aa43830;
    %pushi/vec4 1073741824, 0, 32;
    %store/vec4 v0x55780aabfc90_0, 0, 32;
    %fork TD_tb_gpio_latency.wb_read, S_0x55780aabfab0;
    %join;
    %load/vec4 v0x55780aabfd90_0;
    %store/vec4 v0x55780aabf7d0_0, 0, 32;
    %load/vec4 v0x55780aac02f0_0;
    %load/vec4 v0x55780aac0d40_0;
    %sub;
    %pushi/vec4 10, 0, 32;
    %div/s;
    %store/vec4 v0x55780aac0ae0_0, 0, 32;
    %vpi_call 2 149 "$display", "Read latency (STB to ACK): %0d cycles", v0x55780aac0ae0_0 {0 0 0};
    %vpi_call 2 150 "$display", "Read data: %h", v0x55780aabf7d0_0 {0 0 0};
    %pushi/vec4 0, 0, 32;
    %store/vec4 v0x55780aac0f00_0, 0, 32;
    %end;
S_0x55780aabf8d0 .scope task, "test_write_latency" "test_write_latency" 2 124, 2 124 0, S_0x55780aa87620;
 .timescale -9 -12;
TD_tb_gpio_latency.test_write_latency ;
    %vpi_call 2 126 "$display", "\012[TEST] Write Latency Measurement" {0 0 0};
    %pushi/vec4 1, 0, 32;
    %store/vec4 v0x55780aac0f00_0, 0, 32;
    %wait E_0x55780aa43830;
    %pushi/vec4 1073741824, 0, 32;
    %store/vec4 v0x55780aac0050_0, 0, 32;
    %pushi/vec4 255, 0, 32;
    %store/vec4 v0x55780aac0150_0, 0, 32;
    %pushi/vec4 1, 0, 4;
    %store/vec4 v0x55780aac0230_0, 0, 4;
    %fork TD_tb_gpio_latency.wb_write, S_0x55780aabfe70;
    %join;
    %load/vec4 v0x55780aac02f0_0;
    %load/vec4 v0x55780aac0d40_0;
    %sub;
    %pushi/vec4 10, 0, 32;
    %div/s;
    %store/vec4 v0x55780aac1640_0, 0, 32;
    %vpi_call 2 133 "$display", "Write latency (STB to ACK): %0d cycles", v0x55780aac1640_0 {0 0 0};
    %pushi/vec4 0, 0, 32;
    %store/vec4 v0x55780aac0f00_0, 0, 32;
    %end;
S_0x55780aabfab0 .scope task, "wb_read" "wb_read" 2 278, 2 278 0, S_0x55780aa87620;
 .timescale -9 -12;
v0x55780aabfc90_0 .var "addr", 31 0;
v0x55780aabfd90_0 .var "data", 31 0;
TD_tb_gpio_latency.wb_read ;
    %wait E_0x55780aa43830;
    %pushi/vec4 1, 0, 1;
    %store/vec4 v0x55780aac1170_0, 0, 1;
    %pushi/vec4 1, 0, 1;
    %store/vec4 v0x55780aac14b0_0, 0, 1;
    %pushi/vec4 0, 0, 1;
    %store/vec4 v0x55780aac1550_0, 0, 1;
    %load/vec4 v0x55780aabfc90_0;
    %store/vec4 v0x55780aac1080_0, 0, 32;
    %wait E_0x55780aa43830;
T_5.8 ;
    %load/vec4 v0x55780aac0fe0_0;
    %cmpi/ne 1, 0, 1;
    %jmp/0xz T_5.9, 6;
    %wait E_0x55780aa43830;
    %jmp T_5.8;
T_5.9 ;
    %load/vec4 v0x55780aac1210_0;
    %store/vec4 v0x55780aabfd90_0, 0, 32;
    %pushi/vec4 0, 0, 1;
    %store/vec4 v0x55780aac1170_0, 0, 1;
    %pushi/vec4 0, 0, 1;
    %store/vec4 v0x55780aac14b0_0, 0, 1;
    %wait E_0x55780aa43830;
    %end;
S_0x55780aabfe70 .scope task, "wb_write" "wb_write" 2 255, 2 255 0, S_0x55780aa87620;
 .timescale -9 -12;
v0x55780aac0050_0 .var "addr", 31 0;
v0x55780aac0150_0 .var "data", 31 0;
v0x55780aac0230_0 .var "sel", 3 0;
TD_tb_gpio_latency.wb_write ;
    %wait E_0x55780aa43830;
    %pushi/vec4 1, 0, 1;
    %store/vec4 v0x55780aac1170_0, 0, 1;
    %pushi/vec4 1, 0, 1;
    %store/vec4 v0x55780aac14b0_0, 0, 1;
    %pushi/vec4 1, 0, 1;
    %store/vec4 v0x55780aac1550_0, 0, 1;
    %load/vec4 v0x55780aac0050_0;
    %store/vec4 v0x55780aac1080_0, 0, 32;
    %load/vec4 v0x55780aac0150_0;
    %store/vec4 v0x55780aac12b0_0, 0, 32;
    %load/vec4 v0x55780aac0230_0;
    %store/vec4 v0x55780aac13a0_0, 0, 4;
    %wait E_0x55780aa43830;
T_6.10 ;
    %load/vec4 v0x55780aac0fe0_0;
    %cmpi/ne 1, 0, 1;
    %jmp/0xz T_6.11, 6;
    %wait E_0x55780aa43830;
    %jmp T_6.10;
T_6.11 ;
    %pushi/vec4 0, 0, 1;
    %store/vec4 v0x55780aac1170_0, 0, 1;
    %pushi/vec4 0, 0, 1;
    %store/vec4 v0x55780aac14b0_0, 0, 1;
    %pushi/vec4 0, 0, 1;
    %store/vec4 v0x55780aac1550_0, 0, 1;
    %wait E_0x55780aa43830;
    %end;
    .scope S_0x55780aa9e080;
T_7 ;
    %wait E_0x55780aa92070;
    %load/vec4 v0x55780aabcf30_0;
    %nor/r;
    %flag_set/vec4 8;
    %jmp/0xz  T_7.0, 8;
    %pushi/vec4 0, 0, 2;
    %assign/vec4 v0x55780aa8b9f0_0, 0;
    %jmp T_7.1;
T_7.0 ;
    %load/vec4 v0x55780aa8b9f0_0;
    %parti/s 1, 0, 2;
    %load/vec4 v0x55780aabc9f0_0;
    %parti/s 1, 0, 2;
    %concat/vec4; draw_concat_vec4
    %assign/vec4 v0x55780aa8b9f0_0, 0;
T_7.1 ;
    %jmp T_7;
    .thread T_7;
    .scope S_0x55780aaba2b0;
T_8 ;
    %wait E_0x55780aa92070;
    %load/vec4 v0x55780aabcf30_0;
    %nor/r;
    %flag_set/vec4 8;
    %jmp/0xz  T_8.0, 8;
    %pushi/vec4 0, 0, 2;
    %assign/vec4 v0x55780aa8a990_0, 0;
    %jmp T_8.1;
T_8.0 ;
    %load/vec4 v0x55780aa8a990_0;
    %parti/s 1, 0, 2;
    %load/vec4 v0x55780aabc9f0_0;
    %parti/s 1, 1, 2;
    %concat/vec4; draw_concat_vec4
    %assign/vec4 v0x55780aa8a990_0, 0;
T_8.1 ;
    %jmp T_8;
    .thread T_8;
    .scope S_0x55780aaba610;
T_9 ;
    %wait E_0x55780aa92070;
    %load/vec4 v0x55780aabcf30_0;
    %nor/r;
    %flag_set/vec4 8;
    %jmp/0xz  T_9.0, 8;
    %pushi/vec4 0, 0, 2;
    %assign/vec4 v0x55780aa89930_0, 0;
    %jmp T_9.1;
T_9.0 ;
    %load/vec4 v0x55780aa89930_0;
    %parti/s 1, 0, 2;
    %load/vec4 v0x55780aabc9f0_0;
    %parti/s 1, 2, 3;
    %concat/vec4; draw_concat_vec4
    %assign/vec4 v0x55780aa89930_0, 0;
T_9.1 ;
    %jmp T_9;
    .thread T_9;
    .scope S_0x55780aaba950;
T_10 ;
    %wait E_0x55780aa92070;
    %load/vec4 v0x55780aabcf30_0;
    %nor/r;
    %flag_set/vec4 8;
    %jmp/0xz  T_10.0, 8;
    %pushi/vec4 0, 0, 2;
    %assign/vec4 v0x55780aabac70_0, 0;
    %jmp T_10.1;
T_10.0 ;
    %load/vec4 v0x55780aabac70_0;
    %parti/s 1, 0, 2;
    %load/vec4 v0x55780aabc9f0_0;
    %parti/s 1, 3, 3;
    %concat/vec4; draw_concat_vec4
    %assign/vec4 v0x55780aabac70_0, 0;
T_10.1 ;
    %jmp T_10;
    .thread T_10;
    .scope S_0x55780aabad50;
T_11 ;
    %wait E_0x55780aa92070;
    %load/vec4 v0x55780aabcf30_0;
    %nor/r;
    %flag_set/vec4 8;
    %jmp/0xz  T_11.0, 8;
    %pushi/vec4 0, 0, 2;
    %assign/vec4 v0x55780aabb160_0, 0;
    %jmp T_11.1;
T_11.0 ;
    %load/vec4 v0x55780aabb160_0;
    %parti/s 1, 0, 2;
    %load/vec4 v0x55780aabc9f0_0;
    %parti/s 1, 4, 4;
    %concat/vec4; draw_concat_vec4
    %assign/vec4 v0x55780aabb160_0, 0;
T_11.1 ;
    %jmp T_11;
    .thread T_11;
    .scope S_0x55780aabb240;
T_12 ;
    %wait E_0x55780aa92070;
    %load/vec4 v0x55780aabcf30_0;
    %nor/r;
    %flag_set/vec4 8;
    %jmp/0xz  T_12.0, 8;
    %pushi/vec4 0, 0, 2;
    %assign/vec4 v0x55780aabb600_0, 0;
    %jmp T_12.1;
T_12.0 ;
    %load/vec4 v0x55780aabb600_0;
    %parti/s 1, 0, 2;
    %load/vec4 v0x55780aabc9f0_0;
    %parti/s 1, 5, 4;
    %concat/vec4; draw_concat_vec4
    %assign/vec4 v0x55780aabb600_0, 0;
T_12.1 ;
    %jmp T_12;
    .thread T_12;
    .scope S_0x55780aabb6e0;
T_13 ;
    %wait E_0x55780aa92070;
    %load/vec4 v0x55780aabcf30_0;
    %nor/r;
    %flag_set/vec4 8;
    %jmp/0xz  T_13.0, 8;
    %pushi/vec4 0, 0, 2;
    %assign/vec4 v0x55780aabbaa0_0, 0;
    %jmp T_13.1;
T_13.0 ;
    %load/vec4 v0x55780aabbaa0_0;
    %parti/s 1, 0, 2;
    %load/vec4 v0x55780aabc9f0_0;
    %parti/s 1, 6, 4;
    %concat/vec4; draw_concat_vec4
    %assign/vec4 v0x55780aabbaa0_0, 0;
T_13.1 ;
    %jmp T_13;
    .thread T_13;
    .scope S_0x55780aabbb80;
T_14 ;
    %wait E_0x55780aa92070;
    %load/vec4 v0x55780aabcf30_0;
    %nor/r;
    %flag_set/vec4 8;
    %jmp/0xz  T_14.0, 8;
    %pushi/vec4 0, 0, 2;
    %assign/vec4 v0x55780aabbf40_0, 0;
    %jmp T_14.1;
T_14.0 ;
    %load/vec4 v0x55780aabbf40_0;
    %parti/s 1, 0, 2;
    %load/vec4 v0x55780aabc9f0_0;
    %parti/s 1, 7, 4;
    %concat/vec4; draw_concat_vec4
    %assign/vec4 v0x55780aabbf40_0, 0;
T_14.1 ;
    %jmp T_14;
    .thread T_14;
    .scope S_0x55780aa0a490;
T_15 ;
    %wait E_0x55780aa47d10;
    %pushi/vec4 0, 0, 32;
    %store/vec4 v0x55780aabd790_0, 0, 32;
    %pushi/vec4 0, 0, 1;
    %store/vec4 v0x55780aabd3b0_0, 0, 1;
    %load/vec4 v0x55780aabd6d0_0;
    %flag_set/vec4 10;
    %flag_get/vec4 10;
    %jmp/0 T_15.3, 10;
    %load/vec4 v0x55780aabda30_0;
    %and;
T_15.3;
    %flag_set/vec4 9;
    %flag_get/vec4 9;
    %jmp/0 T_15.2, 9;
    %load/vec4 v0x55780aabdaf0_0;
    %nor/r;
    %and;
T_15.2;
    %flag_set/vec4 8;
    %jmp/0xz  T_15.0, 8;
    %pushi/vec4 1, 0, 1;
    %store/vec4 v0x55780aabd3b0_0, 0, 1;
    %load/vec4 v0x55780aabce50_0;
    %dup/vec4;
    %pushi/vec4 0, 0, 12;
    %cmp/u;
    %jmp/1 T_15.4, 6;
    %dup/vec4;
    %pushi/vec4 4, 0, 12;
    %cmp/u;
    %jmp/1 T_15.5, 6;
    %dup/vec4;
    %pushi/vec4 8, 0, 12;
    %cmp/u;
    %jmp/1 T_15.6, 6;
    %dup/vec4;
    %pushi/vec4 12, 0, 12;
    %cmp/u;
    %jmp/1 T_15.7, 6;
    %dup/vec4;
    %pushi/vec4 16, 0, 12;
    %cmp/u;
    %jmp/1 T_15.8, 6;
    %pushi/vec4 0, 0, 32;
    %store/vec4 v0x55780aabd790_0, 0, 32;
    %jmp T_15.10;
T_15.4 ;
    %pushi/vec4 0, 0, 24;
    %load/vec4 v0x55780aabc830_0;
    %concat/vec4; draw_concat_vec4
    %store/vec4 v0x55780aabd790_0, 0, 32;
    %jmp T_15.10;
T_15.5 ;
    %pushi/vec4 0, 0, 24;
    %load/vec4 v0x55780aabc910_0;
    %concat/vec4; draw_concat_vec4
    %store/vec4 v0x55780aabd790_0, 0, 32;
    %jmp T_15.10;
T_15.6 ;
    %pushi/vec4 0, 0, 32;
    %store/vec4 v0x55780aabd790_0, 0, 32;
    %jmp T_15.10;
T_15.7 ;
    %pushi/vec4 0, 0, 32;
    %store/vec4 v0x55780aabd790_0, 0, 32;
    %jmp T_15.10;
T_15.8 ;
    %pushi/vec4 0, 0, 32;
    %store/vec4 v0x55780aabd790_0, 0, 32;
    %jmp T_15.10;
T_15.10 ;
    %pop/vec4 1;
T_15.0 ;
    %jmp T_15;
    .thread T_15, $push;
    .scope S_0x55780aa0a490;
T_16 ;
    %wait E_0x55780aa92070;
    %load/vec4 v0x55780aabcf30_0;
    %nor/r;
    %flag_set/vec4 8;
    %jmp/0xz  T_16.0, 8;
    %pushi/vec4 0, 0, 8;
    %assign/vec4 v0x55780aabcd70_0, 0;
    %pushi/vec4 0, 0, 8;
    %assign/vec4 v0x55780aabc910_0, 0;
    %pushi/vec4 0, 0, 1;
    %assign/vec4 v0x55780aabd470_0, 0;
    %jmp T_16.1;
T_16.0 ;
    %pushi/vec4 0, 0, 1;
    %assign/vec4 v0x55780aabd470_0, 0;
    %load/vec4 v0x55780aabd6d0_0;
    %flag_set/vec4 10;
    %flag_get/vec4 10;
    %jmp/0 T_16.5, 10;
    %load/vec4 v0x55780aabda30_0;
    %and;
T_16.5;
    %flag_set/vec4 9;
    %flag_get/vec4 9;
    %jmp/0 T_16.4, 9;
    %load/vec4 v0x55780aabdaf0_0;
    %and;
T_16.4;
    %flag_set/vec4 8;
    %jmp/0xz  T_16.2, 8;
    %pushi/vec4 1, 0, 1;
    %assign/vec4 v0x55780aabd470_0, 0;
    %load/vec4 v0x55780aabce50_0;
    %dup/vec4;
    %pushi/vec4 0, 0, 12;
    %cmp/u;
    %jmp/1 T_16.6, 6;
    %dup/vec4;
    %pushi/vec4 4, 0, 12;
    %cmp/u;
    %jmp/1 T_16.7, 6;
    %dup/vec4;
    %pushi/vec4 8, 0, 12;
    %cmp/u;
    %jmp/1 T_16.8, 6;
    %dup/vec4;
    %pushi/vec4 12, 0, 12;
    %cmp/u;
    %jmp/1 T_16.9, 6;
    %dup/vec4;
    %pushi/vec4 16, 0, 12;
    %cmp/u;
    %jmp/1 T_16.10, 6;
    %jmp T_16.11;
T_16.6 ;
    %load/vec4 v0x55780aabd950_0;
    %parti/s 1, 0, 2;
    %flag_set/vec4 8;
    %jmp/0xz  T_16.12, 8;
    %load/vec4 v0x55780aabd870_0;
    %parti/s 8, 0, 2;
    %assign/vec4 v0x55780aabcd70_0, 0;
T_16.12 ;
    %jmp T_16.11;
T_16.7 ;
    %load/vec4 v0x55780aabd950_0;
    %parti/s 1, 0, 2;
    %flag_set/vec4 8;
    %jmp/0xz  T_16.14, 8;
    %load/vec4 v0x55780aabd870_0;
    %parti/s 8, 0, 2;
    %assign/vec4 v0x55780aabc910_0, 0;
T_16.14 ;
    %jmp T_16.11;
T_16.8 ;
    %load/vec4 v0x55780aabd950_0;
    %parti/s 1, 0, 2;
    %flag_set/vec4 8;
    %jmp/0xz  T_16.16, 8;
    %load/vec4 v0x55780aabcd70_0;
    %load/vec4 v0x55780aabd870_0;
    %parti/s 8, 0, 2;
    %or;
    %assign/vec4 v0x55780aabcd70_0, 0;
T_16.16 ;
    %jmp T_16.11;
T_16.9 ;
    %load/vec4 v0x55780aabd950_0;
    %parti/s 1, 0, 2;
    %flag_set/vec4 8;
    %jmp/0xz  T_16.18, 8;
    %load/vec4 v0x55780aabcd70_0;
    %load/vec4 v0x55780aabd870_0;
    %parti/s 8, 0, 2;
    %inv;
    %and;
    %assign/vec4 v0x55780aabcd70_0, 0;
T_16.18 ;
    %jmp T_16.11;
T_16.10 ;
    %load/vec4 v0x55780aabd950_0;
    %parti/s 1, 0, 2;
    %flag_set/vec4 8;
    %jmp/0xz  T_16.20, 8;
    %load/vec4 v0x55780aabcd70_0;
    %load/vec4 v0x55780aabd870_0;
    %parti/s 8, 0, 2;
    %xor;
    %assign/vec4 v0x55780aabcd70_0, 0;
T_16.20 ;
    %jmp T_16.11;
T_16.11 ;
    %pop/vec4 1;
T_16.2 ;
T_16.1 ;
    %jmp T_16;
    .thread T_16;
    .scope S_0x55780aa0a490;
T_17 ;
    %wait E_0x55780aa92070;
    %load/vec4 v0x55780aabcf30_0;
    %nor/r;
    %flag_set/vec4 8;
    %jmp/0xz  T_17.0, 8;
    %pushi/vec4 0, 0, 1;
    %assign/vec4 v0x55780aabd530_0, 0;
    %jmp T_17.1;
T_17.0 ;
    %load/vec4 v0x55780aabd6d0_0;
    %flag_set/vec4 9;
    %flag_get/vec4 9;
    %jmp/0 T_17.3, 9;
    %load/vec4 v0x55780aabda30_0;
    %and;
T_17.3;
    %flag_set/vec4 8;
    %flag_get/vec4 8;
    %jmp/0 T_17.2, 8;
    %load/vec4 v0x55780aabd3b0_0;
    %flag_set/vec4 8;
    %flag_get/vec4 8;
    %jmp/1 T_17.4, 8;
    %load/vec4 v0x55780aabd470_0;
    %or;
T_17.4;
    %and;
T_17.2;
    %assign/vec4 v0x55780aabd530_0, 0;
T_17.1 ;
    %jmp T_17;
    .thread T_17;
    .scope S_0x55780aa0a490;
T_18 ;
    %wait E_0x55780aa92070;
    %load/vec4 v0x55780aabcf30_0;
    %nor/r;
    %flag_set/vec4 8;
    %jmp/0xz  T_18.0, 8;
    %pushi/vec4 0, 0, 8;
    %assign/vec4 v0x55780aabcc90_0, 0;
    %pushi/vec4 0, 0, 8;
    %assign/vec4 v0x55780aabcbb0_0, 0;
    %jmp T_18.1;
T_18.0 ;
    %load/vec4 v0x55780aabcd70_0;
    %assign/vec4 v0x55780aabcc90_0, 0;
    %load/vec4 v0x55780aabc910_0;
    %assign/vec4 v0x55780aabcbb0_0, 0;
T_18.1 ;
    %jmp T_18;
    .thread T_18;
    .scope S_0x55780aa5d5d0;
T_19 ;
    %wait E_0x55780aa43830;
    %load/vec4 v0x55780aabe5c0_0;
    %nor/r;
    %flag_set/vec4 8;
    %jmp/0xz  T_19.0, 8;
    %pushi/vec4 0, 0, 32;
    %assign/vec4 v0x55780aabe9b0_0, 0;
    %pushi/vec4 0, 0, 1;
    %assign/vec4 v0x55780aabe7a0_0, 0;
    %jmp T_19.1;
T_19.0 ;
    %load/vec4 v0x55780aabe520_0;
    %flag_set/vec4 8;
    %jmp/0xz  T_19.2, 8;
    %load/vec4 v0x55780aabe700_0;
    %assign/vec4 v0x55780aabe9b0_0, 0;
    %load/vec4 v0x55780aabe660_0;
    %assign/vec4 v0x55780aabe7a0_0, 0;
    %jmp T_19.3;
T_19.2 ;
    %pushi/vec4 0, 0, 1;
    %assign/vec4 v0x55780aabe7a0_0, 0;
T_19.3 ;
T_19.1 ;
    %jmp T_19;
    .thread T_19;
    .scope S_0x55780aa87620;
T_20 ;
    %pushi/vec4 0, 0, 1;
    %store/vec4 v0x55780aac03f0_0, 0, 1;
T_20.0 ;
    %delay 5000, 0;
    %load/vec4 v0x55780aac03f0_0;
    %inv;
    %store/vec4 v0x55780aac03f0_0, 0, 1;
    %jmp T_20.0;
    %end;
    .thread T_20;
    .scope S_0x55780aa87620;
T_21 ;
    %pushi/vec4 0, 0, 1;
    %store/vec4 v0x55780aac0bc0_0, 0, 1;
    %pushi/vec4 0, 0, 32;
    %store/vec4 v0x55780aac0d40_0, 0, 32;
    %pushi/vec4 0, 0, 32;
    %store/vec4 v0x55780aac02f0_0, 0, 32;
    %pushi/vec4 0, 0, 32;
    %store/vec4 v0x55780aac0f00_0, 0, 32;
    %pushi/vec4 0, 0, 1;
    %store/vec4 v0x55780aac1170_0, 0, 1;
    %pushi/vec4 0, 0, 1;
    %store/vec4 v0x55780aac14b0_0, 0, 1;
    %pushi/vec4 0, 0, 1;
    %store/vec4 v0x55780aac1550_0, 0, 1;
    %pushi/vec4 0, 0, 32;
    %store/vec4 v0x55780aac1080_0, 0, 32;
    %pushi/vec4 0, 0, 32;
    %store/vec4 v0x55780aac12b0_0, 0, 32;
    %pushi/vec4 0, 0, 4;
    %store/vec4 v0x55780aac13a0_0, 0, 4;
    %pushi/vec4 0, 0, 8;
    %store/vec4 v0x55780aac05a0_0, 0, 8;
    %delay 100000, 0;
    %pushi/vec4 1, 0, 1;
    %store/vec4 v0x55780aac0bc0_0, 0, 1;
    %end;
    .thread T_21;
    .scope S_0x55780aa87620;
T_22 ;
    %wait E_0x55780aa43830;
    %load/vec4 v0x55780aac0f00_0;
    %cmpi/ne 0, 0, 32;
    %jmp/0xz  T_22.0, 4;
    %load/vec4 v0x55780aac14b0_0;
    %cmpi/e 1, 0, 1;
    %jmp/0xz  T_22.2, 6;
    %vpi_func 2 84 "$time" 64 {0 0 0};
    %pad/u 32;
    %store/vec4 v0x55780aac0d40_0, 0, 32;
T_22.2 ;
T_22.0 ;
    %jmp T_22;
    .thread T_22;
    .scope S_0x55780aa87620;
T_23 ;
    %wait E_0x55780aa43830;
    %load/vec4 v0x55780aac0f00_0;
    %cmpi/ne 0, 0, 32;
    %jmp/0xz  T_23.0, 4;
    %load/vec4 v0x55780aac0fe0_0;
    %cmpi/e 1, 0, 1;
    %jmp/0xz  T_23.2, 6;
    %vpi_func 2 94 "$time" 64 {0 0 0};
    %pad/u 32;
    %store/vec4 v0x55780aac02f0_0, 0, 32;
T_23.2 ;
T_23.0 ;
    %jmp T_23;
    .thread T_23;
    .scope S_0x55780aa87620;
T_24 ;
    %vpi_call 2 102 "$dumpfile", "gpio_latency_tb.vcd" {0 0 0};
    %vpi_call 2 103 "$dumpvars", 32'sb00000000000000000000000000000000, S_0x55780aa87620 {0 0 0};
T_24.0 ;
    %load/vec4 v0x55780aac0bc0_0;
    %cmpi/ne 1, 0, 1;
    %jmp/0xz T_24.1, 6;
    %wait E_0x55780aa435e0;
    %jmp T_24.0;
T_24.1 ;
    %delay 40000, 0;
    %vpi_call 2 108 "$display", "\012=== GPIO Latency Testbench Started ===" {0 0 0};
    %fork TD_tb_gpio_latency.test_write_latency, S_0x55780aabf8d0;
    %join;
    %fork TD_tb_gpio_latency.test_read_latency, S_0x55780aabf5a0;
    %join;
    %fork TD_tb_gpio_latency.test_output_propagation_latency, S_0x55780aabf3c0;
    %join;
    %fork TD_tb_gpio_latency.test_input_sync_latency, S_0x55780aabf0f0;
    %join;
    %fork TD_tb_gpio_latency.test_atomic_operation_latency, S_0x55780aabef40;
    %join;
    %vpi_call 2 116 "$display", "\012=== GPIO Latency Testbench Completed ===" {0 0 0};
    %vpi_call 2 117 "$finish" {0 0 0};
    %end;
    .thread T_24;
# The file index is used to find the file name in the following table.
:file_names 5;
    "N/A";
    "<interactive>";
    "/home/gael/Desktop/asic_workspace/MiniSoC_RV32I/sim/peripheral/gpio/tb_gpio_latency.v";
    "/home/gael/Desktop/asic_workspace/MiniSoC_RV32I/src/peripheral/gpio/gpio_wrapper.v";
    "/home/gael/Desktop/asic_workspace/MiniSoC_RV32I/src/peripheral/gpio/gpio.v";
