#! /usr/bin/vvp
:ivl_version "12.0 (stable)";
:ivl_delay_selection "TYPICAL";
:vpi_time_precision - 12;
:vpi_module "/usr/lib/x86_64-linux-gnu/ivl/system.vpi";
:vpi_module "/usr/lib/x86_64-linux-gnu/ivl/vhdl_sys.vpi";
:vpi_module "/usr/lib/x86_64-linux-gnu/ivl/vhdl_textio.vpi";
:vpi_module "/usr/lib/x86_64-linux-gnu/ivl/v2005_math.vpi";
:vpi_module "/usr/lib/x86_64-linux-gnu/ivl/va_math.vpi";
S_0x55740ec188b0 .scope module, "mem_init" "mem_init" 2 1;
 .timescale 0 0;
    .port_info 0 /INPUT 1 "clk";
    .port_info 1 /INPUT 1 "rst_n";
    .port_info 2 /INPUT 1 "init_start";
    .port_info 3 /OUTPUT 1 "init_done";
    .port_info 4 /OUTPUT 1 "imem_init_en";
    .port_info 5 /OUTPUT 32 "imem_init_addr";
    .port_info 6 /OUTPUT 32 "imem_init_data";
    .port_info 7 /OUTPUT 1 "dmem_init_en";
    .port_info 8 /OUTPUT 32 "dmem_init_addr";
    .port_info 9 /OUTPUT 32 "dmem_init_data";
P_0x55740ec8f830 .param/l "ADDR_WIDTH" 0 2 5, +C4<00000000000000000000000000100000>;
P_0x55740ec8f870 .param/l "DATA_WIDTH" 0 2 6, +C4<00000000000000000000000000100000>;
P_0x55740ec8f8b0 .param/l "DMEM_BASE" 0 2 3, C4<00010000000000000000000000000000>;
P_0x55740ec8f8f0 .param/l "DONE" 1 2 42, C4<11>;
P_0x55740ec8f930 .param/l "IDLE" 1 2 39, C4<00>;
P_0x55740ec8f970 .param/l "IMEM_BASE" 0 2 2, C4<00000000000000000000000000000000>;
P_0x55740ec8f9b0 .param/str "INIT_FILE" 0 2 4, "firmware.hex";
P_0x55740ec8f9f0 .param/l "LOAD_DMEM" 1 2 41, C4<10>;
P_0x55740ec8fa30 .param/l "LOAD_IMEM" 1 2 40, C4<01>;
o0x7d5cd18b7018 .functor BUFZ 1, C4<z>; HiZ drive
v0x55740ec7fd00_0 .net "clk", 0 0, o0x7d5cd18b7018;  0 drivers
v0x55740ec7cd60_0 .var "dmem_init_addr", 31 0;
v0x55740ec7cf40_0 .var "dmem_init_data", 31 0;
v0x55740ec7d280_0 .var "dmem_init_en", 0 0;
v0x55740ec6f130 .array "firmware_mem", 1023 0, 31 0;
v0x55740ec8a510_0 .var "imem_init_addr", 31 0;
v0x55740ec86430_0 .var "imem_init_data", 31 0;
v0x55740ecacaa0_0 .var "imem_init_en", 0 0;
v0x55740ecacb60_0 .var "init_counter", 31 0;
v0x55740ecacc40_0 .var "init_done", 0 0;
v0x55740ecacd00_0 .var "init_pulse", 0 0;
o0x7d5cd18b71f8 .functor BUFZ 1, C4<z>; HiZ drive
v0x55740ecacdc0_0 .net "init_start", 0 0, o0x7d5cd18b71f8;  0 drivers
o0x7d5cd18b7228 .functor BUFZ 1, C4<z>; HiZ drive
v0x55740ecace80_0 .net "rst_n", 0 0, o0x7d5cd18b7228;  0 drivers
v0x55740ecacf40_0 .var "state", 1 0;
E_0x55740ec2b270/0 .event negedge, v0x55740ecace80_0;
E_0x55740ec2b270/1 .event posedge, v0x55740ec7fd00_0;
E_0x55740ec2b270 .event/or E_0x55740ec2b270/0, E_0x55740ec2b270/1;
S_0x55740ec82380 .scope module, "tb_dmem" "tb_dmem" 3 3;
 .timescale -9 -12;
P_0x55740ec34db0 .param/l "ADDR_WIDTH" 0 3 6, +C4<00000000000000000000000000100000>;
P_0x55740ec34df0 .param/l "BASE_ADDR" 0 3 8, C4<00010000000000000000000000000000>;
P_0x55740ec34e30 .param/l "CLK_PERIOD" 0 3 5, +C4<00000000000000000000000000001010>;
P_0x55740ec34e70 .param/l "DATA_WIDTH" 0 3 7, +C4<00000000000000000000000000100000>;
P_0x55740ec34eb0 .param/l "SIZE_KB" 0 3 9, +C4<00000000000000000000000000000100>;
v0x55740ecb2300_0 .var "clk", 0 0;
v0x55740ecb2410_0 .var "init_addr", 31 0;
v0x55740ecb24d0_0 .var "init_data", 31 0;
v0x55740ecb25f0_0 .var "init_en", 0 0;
v0x55740ecb2690_0 .var "rst_n", 0 0;
v0x55740ecb27d0_0 .var "task_error_count", 31 0;
v0x55740ecb2870_0 .var "total_errors", 31 0;
v0x55740ecb2950_0 .net "wbs_ack", 0 0, v0x55740ecafd50_0;  1 drivers
v0x55740ecb29f0_0 .var "wbs_addr", 31 0;
v0x55740ecb2a90_0 .var "wbs_cyc", 0 0;
v0x55740ecb2b60_0 .net "wbs_data_read", 31 0, v0x55740ecaff70_0;  1 drivers
v0x55740ecb2c30_0 .var "wbs_data_write", 31 0;
v0x55740ecb2cd0_0 .var "wbs_sel", 3 0;
v0x55740ecb2dc0_0 .var "wbs_stb", 0 0;
v0x55740ecb2e60_0 .var "wbs_we", 0 0;
E_0x55740ec2b6e0 .event anyedge, v0x55740ecae150_0;
S_0x55740ecad200 .scope module, "dut" "dmem_wrapper" 3 42, 4 1 0, S_0x55740ec82380;
 .timescale 0 0;
    .port_info 0 /INPUT 1 "clk";
    .port_info 1 /INPUT 1 "rst_n";
    .port_info 2 /INPUT 1 "wbs_cyc";
    .port_info 3 /INPUT 1 "wbs_stb";
    .port_info 4 /INPUT 1 "wbs_we";
    .port_info 5 /INPUT 32 "wbs_addr";
    .port_info 6 /INPUT 32 "wbs_data_write";
    .port_info 7 /INPUT 4 "wbs_sel";
    .port_info 8 /OUTPUT 32 "wbs_data_read";
    .port_info 9 /OUTPUT 1 "wbs_ack";
    .port_info 10 /INPUT 1 "init_en";
    .port_info 11 /INPUT 32 "init_addr";
    .port_info 12 /INPUT 32 "init_data";
P_0x55740ec1a400 .param/l "ADDR_WIDTH" 0 4 4, +C4<00000000000000000000000000100000>;
P_0x55740ec1a440 .param/l "BASE_ADDR" 0 4 2, C4<00010000000000000000000000000000>;
P_0x55740ec1a480 .param/l "DATA_WIDTH" 0 4 5, +C4<00000000000000000000000000100000>;
P_0x55740ec1a4c0 .param/l "SIZE_KB" 0 4 3, +C4<00000000000000000000000000000100>;
L_0x55740ec7ce20 .functor AND 1, L_0x55740ecc2f60, L_0x55740ecc30d0, C4<1>, C4<1>;
L_0x55740ec83f30 .functor AND 1, L_0x55740ecc3260, L_0x55740ecc33d0, C4<1>, C4<1>;
L_0x55740ec84c00 .functor AND 1, v0x55740ecb2a90_0, L_0x55740ec7ce20, C4<1>, C4<1>;
L_0x55740ec38880 .functor AND 1, v0x55740ecb2dc0_0, L_0x55740ec7ce20, C4<1>, C4<1>;
L_0x55740ec2cc80 .functor AND 1, v0x55740ecb25f0_0, L_0x55740ec83f30, C4<1>, C4<1>;
L_0x7d5cd186e018 .functor BUFT 1, C4<00010000000000000000000000000000>, C4<0>, C4<0>, C4<0>;
v0x55740ecaec90_0 .net/2u *"_ivl_0", 31 0, L_0x7d5cd186e018;  1 drivers
L_0x7d5cd186e0a8 .functor BUFT 1, C4<00010000000000000000000000000000>, C4<0>, C4<0>, C4<0>;
v0x55740ecaed90_0 .net/2u *"_ivl_10", 31 0, L_0x7d5cd186e0a8;  1 drivers
v0x55740ecaee70_0 .net *"_ivl_12", 0 0, L_0x55740ecc3260;  1 drivers
L_0x7d5cd186e0f0 .functor BUFT 1, C4<00010000000000000001000000000000>, C4<0>, C4<0>, C4<0>;
v0x55740ecaef10_0 .net/2u *"_ivl_14", 31 0, L_0x7d5cd186e0f0;  1 drivers
v0x55740ecaeff0_0 .net *"_ivl_16", 0 0, L_0x55740ecc33d0;  1 drivers
v0x55740ecaf0b0_0 .net *"_ivl_2", 0 0, L_0x55740ecc2f60;  1 drivers
L_0x7d5cd186e138 .functor BUFT 1, C4<00010000000000000000000000000000>, C4<0>, C4<0>, C4<0>;
v0x55740ecaf170_0 .net/2u *"_ivl_20", 31 0, L_0x7d5cd186e138;  1 drivers
L_0x7d5cd186e180 .functor BUFT 1, C4<00010000000000000000000000000000>, C4<0>, C4<0>, C4<0>;
v0x55740ecaf250_0 .net/2u *"_ivl_24", 31 0, L_0x7d5cd186e180;  1 drivers
L_0x7d5cd186e060 .functor BUFT 1, C4<00010000000000000001000000000000>, C4<0>, C4<0>, C4<0>;
v0x55740ecaf330_0 .net/2u *"_ivl_4", 31 0, L_0x7d5cd186e060;  1 drivers
v0x55740ecaf410_0 .net *"_ivl_6", 0 0, L_0x55740ecc30d0;  1 drivers
v0x55740ecaf4d0_0 .net "clk", 0 0, v0x55740ecb2300_0;  1 drivers
v0x55740ecaf570_0 .net "dmem_init_addr", 31 0, L_0x55740ecc3760;  1 drivers
v0x55740ecaf640_0 .net "dmem_wbs_addr", 31 0, L_0x55740ecc35e0;  1 drivers
v0x55740ecaf710_0 .net "init_addr", 31 0, v0x55740ecb2410_0;  1 drivers
v0x55740ecaf7d0_0 .net "init_data", 31 0, v0x55740ecb24d0_0;  1 drivers
v0x55740ecaf8c0_0 .net "init_en", 0 0, v0x55740ecb25f0_0;  1 drivers
v0x55740ecaf960_0 .net "init_select", 0 0, L_0x55740ec83f30;  1 drivers
v0x55740ecafa20_0 .net "mem_select", 0 0, L_0x55740ec7ce20;  1 drivers
v0x55740ecafae0_0 .net "rst_n", 0 0, v0x55740ecb2690_0;  1 drivers
v0x55740ecafbb0_0 .net "tmp_wbs_ack", 0 0, v0x55740ecae390_0;  1 drivers
v0x55740ecafc80_0 .net "tmp_wbs_data_read", 31 0, v0x55740ecae5f0_0;  1 drivers
v0x55740ecafd50_0 .var "wbs_ack", 0 0;
v0x55740ecafdf0_0 .net "wbs_addr", 31 0, v0x55740ecb29f0_0;  1 drivers
v0x55740ecafeb0_0 .net "wbs_cyc", 0 0, v0x55740ecb2a90_0;  1 drivers
v0x55740ecaff70_0 .var "wbs_data_read", 31 0;
v0x55740ecb0050_0 .net "wbs_data_write", 31 0, v0x55740ecb2c30_0;  1 drivers
v0x55740ecb0140_0 .net "wbs_sel", 3 0, v0x55740ecb2cd0_0;  1 drivers
v0x55740ecb0210_0 .net "wbs_stb", 0 0, v0x55740ecb2dc0_0;  1 drivers
v0x55740ecb02b0_0 .net "wbs_we", 0 0, v0x55740ecb2e60_0;  1 drivers
L_0x55740ecc2f60 .cmp/ge 32, v0x55740ecb29f0_0, L_0x7d5cd186e018;
L_0x55740ecc30d0 .cmp/gt 32, L_0x7d5cd186e060, v0x55740ecb29f0_0;
L_0x55740ecc3260 .cmp/ge 32, v0x55740ecb2410_0, L_0x7d5cd186e0a8;
L_0x55740ecc33d0 .cmp/gt 32, L_0x7d5cd186e0f0, v0x55740ecb2410_0;
L_0x55740ecc35e0 .arith/sub 32, v0x55740ecb29f0_0, L_0x7d5cd186e138;
L_0x55740ecc3760 .arith/sub 32, v0x55740ecb2410_0, L_0x7d5cd186e180;
S_0x55740ecad630 .scope module, "dmem_inst" "dmem" 4 50, 5 1 0, S_0x55740ecad200;
 .timescale 0 0;
    .port_info 0 /INPUT 1 "clk";
    .port_info 1 /INPUT 1 "rst_n";
    .port_info 2 /INPUT 1 "wbs_cyc";
    .port_info 3 /INPUT 1 "wbs_stb";
    .port_info 4 /INPUT 1 "wbs_we";
    .port_info 5 /INPUT 32 "wbs_addr";
    .port_info 6 /INPUT 32 "wbs_data_write";
    .port_info 7 /INPUT 4 "wbs_sel";
    .port_info 8 /OUTPUT 32 "wbs_data_read";
    .port_info 9 /OUTPUT 1 "wbs_ack";
    .port_info 10 /INPUT 1 "init_en";
    .port_info 11 /INPUT 32 "init_addr";
    .port_info 12 /INPUT 32 "init_data";
P_0x55740ec19d40 .param/l "ADDR_WIDTH" 0 5 3, +C4<00000000000000000000000000100000>;
P_0x55740ec19d80 .param/l "DATA_WIDTH" 0 5 4, +C4<00000000000000000000000000100000>;
P_0x55740ec19dc0 .param/l "DEPTH" 1 5 31, +C4<0000000000000000000000000000000000000000000000000000010000000000>;
P_0x55740ec19e00 .param/l "SIZE_KB" 0 5 2, +C4<00000000000000000000000000000100>;
v0x55740ecadbf0_0 .net "clk", 0 0, v0x55740ecb2300_0;  alias, 1 drivers
v0x55740ecadcd0_0 .net "init_addr", 31 0, L_0x55740ecc3760;  alias, 1 drivers
v0x55740ecaddb0_0 .net "init_data", 31 0, v0x55740ecb24d0_0;  alias, 1 drivers
v0x55740ecadea0_0 .net "init_en", 0 0, L_0x55740ec2cc80;  1 drivers
v0x55740ecadf60_0 .net "init_word_addr", 9 0, L_0x55740ecc39c0;  1 drivers
v0x55740ecae090 .array "mem", 1023 0, 31 0;
v0x55740ecae150_0 .net "rst_n", 0 0, v0x55740ecb2690_0;  alias, 1 drivers
v0x55740ecae210_0 .var "tmp_r_ack", 0 0;
v0x55740ecae2d0_0 .var "tmp_w_ack", 0 0;
v0x55740ecae390_0 .var "wbs_ack", 0 0;
v0x55740ecae450_0 .net "wbs_addr", 31 0, L_0x55740ecc35e0;  alias, 1 drivers
v0x55740ecae530_0 .net "wbs_cyc", 0 0, L_0x55740ec84c00;  1 drivers
v0x55740ecae5f0_0 .var "wbs_data_read", 31 0;
v0x55740ecae6d0_0 .net "wbs_data_write", 31 0, v0x55740ecb2c30_0;  alias, 1 drivers
v0x55740ecae7b0_0 .net "wbs_sel", 3 0, v0x55740ecb2cd0_0;  alias, 1 drivers
v0x55740ecae890_0 .net "wbs_stb", 0 0, L_0x55740ec38880;  1 drivers
v0x55740ecae950_0 .net "wbs_we", 0 0, v0x55740ecb2e60_0;  alias, 1 drivers
v0x55740ecaea10_0 .net "word_addr", 9 0, L_0x55740ecc3920;  1 drivers
E_0x55740ec2a5c0/0 .event negedge, v0x55740ecae150_0;
E_0x55740ec2a5c0/1 .event posedge, v0x55740ecadbf0_0;
E_0x55740ec2a5c0 .event/or E_0x55740ec2a5c0/0, E_0x55740ec2a5c0/1;
E_0x55740ec2a810 .event posedge, v0x55740ecadbf0_0;
L_0x55740ecc3920 .part L_0x55740ecc35e0, 2, 10;
L_0x55740ecc39c0 .part L_0x55740ecc3760, 2, 10;
S_0x55740ecb0500 .scope task, "init_write" "init_write" 3 277, 3 277 0, S_0x55740ec82380;
 .timescale -9 -12;
v0x55740ecb06b0_0 .var "addr", 31 0;
v0x55740ecb0790_0 .var "data", 31 0;
TD_tb_dmem.init_write ;
    %pushi/vec4 1, 0, 1;
    %store/vec4 v0x55740ecb25f0_0, 0, 1;
    %load/vec4 v0x55740ecb06b0_0;
    %store/vec4 v0x55740ecb2410_0, 0, 32;
    %load/vec4 v0x55740ecb0790_0;
    %store/vec4 v0x55740ecb24d0_0, 0, 32;
    %vpi_call 3 284 "$display", "[INFO]: Testbench Initialization @%h Data=%h", v0x55740ecb06b0_0, v0x55740ecb0790_0 {0 0 0};
    %wait E_0x55740ec2a810;
    %delay 1000, 0;
    %pushi/vec4 0, 0, 1;
    %store/vec4 v0x55740ecb25f0_0, 0, 1;
    %pushi/vec4 0, 0, 32;
    %store/vec4 v0x55740ecb2410_0, 0, 32;
    %pushi/vec4 0, 0, 32;
    %store/vec4 v0x55740ecb24d0_0, 0, 32;
    %delay 2000, 0;
    %end;
S_0x55740ecb0870 .scope task, "test_basic_rw" "test_basic_rw" 3 128, 3 128 0, S_0x55740ec82380;
 .timescale -9 -12;
v0x55740ecb0a80_0 .var "error_count", 31 0;
v0x55740ecb0b60_0 .var/i "i", 31 0;
v0x55740ecb0c40_0 .var "read_data", 31 0;
v0x55740ecb0d30_0 .var "write_data", 31 0;
TD_tb_dmem.test_basic_rw ;
    %pushi/vec4 0, 0, 32;
    %store/vec4 v0x55740ecb0a80_0, 0, 32;
    %pushi/vec4 0, 0, 32;
    %store/vec4 v0x55740ecb0b60_0, 0, 32;
T_1.0 ;
    %load/vec4 v0x55740ecb0b60_0;
    %cmpi/s 4, 0, 32;
    %jmp/0xz T_1.1, 5;
    %pushi/vec4 2779096485, 0, 32;
    %load/vec4 v0x55740ecb0b60_0;
    %add;
    %store/vec4 v0x55740ecb0d30_0, 0, 32;
    %pushi/vec4 268435456, 0, 32;
    %load/vec4 v0x55740ecb0b60_0;
    %muli 4, 0, 32;
    %add;
    %store/vec4 v0x55740ecb2060_0, 0, 32;
    %load/vec4 v0x55740ecb0d30_0;
    %store/vec4 v0x55740ecb2160_0, 0, 32;
    %pushi/vec4 15, 0, 4;
    %store/vec4 v0x55740ecb2240_0, 0, 4;
    %fork TD_tb_dmem.wb_write, S_0x55740ecb1e80;
    %join;
    %pushi/vec4 268435456, 0, 32;
    %load/vec4 v0x55740ecb0b60_0;
    %muli 4, 0, 32;
    %add;
    %store/vec4 v0x55740ecb1ca0_0, 0, 32;
    %fork TD_tb_dmem.wb_read, S_0x55740ecb1a80;
    %join;
    %load/vec4 v0x55740ecb1da0_0;
    %store/vec4 v0x55740ecb0c40_0, 0, 32;
    %load/vec4 v0x55740ecb0c40_0;
    %load/vec4 v0x55740ecb0d30_0;
    %cmp/ne;
    %jmp/0xz  T_1.2, 6;
    %pushi/vec4 268435456, 0, 32;
    %load/vec4 v0x55740ecb0b60_0;
    %muli 4, 0, 32;
    %add;
    %vpi_call 3 139 "$display", "ERROR: @%h Wrote %h, Read %h", S<0,vec4,u32>, v0x55740ecb0d30_0, v0x55740ecb0c40_0 {1 0 0};
    ; show_stmt_assign_vector: Get l-value for compressed += operand
    %load/vec4 v0x55740ecb0a80_0;
    %pushi/vec4 1, 0, 32;
    %add;
    %store/vec4 v0x55740ecb0a80_0, 0, 32;
T_1.2 ;
    ; show_stmt_assign_vector: Get l-value for compressed += operand
    %load/vec4 v0x55740ecb0b60_0;
    %pushi/vec4 1, 0, 32;
    %add;
    %store/vec4 v0x55740ecb0b60_0, 0, 32;
    %jmp T_1.0;
T_1.1 ;
    %end;
S_0x55740ecb0e10 .scope task, "test_byte_access" "test_byte_access" 3 147, 3 147 0, S_0x55740ec82380;
 .timescale -9 -12;
v0x55740ecb0ff0_0 .var "current_value", 31 0;
v0x55740ecb10f0_0 .var "error_count", 31 0;
v0x55740ecb11d0_0 .var "expected", 31 0;
v0x55740ecb12c0_0 .var/i "i", 31 0;
v0x55740ecb13a0_0 .var "read_data", 31 0;
v0x55740ecb14d0_0 .var "write_data", 31 0;
TD_tb_dmem.test_byte_access ;
    %pushi/vec4 0, 0, 32;
    %store/vec4 v0x55740ecb10f0_0, 0, 32;
    %pushi/vec4 268435456, 0, 32;
    %store/vec4 v0x55740ecb2060_0, 0, 32;
    %pushi/vec4 0, 0, 32;
    %store/vec4 v0x55740ecb2160_0, 0, 32;
    %pushi/vec4 15, 0, 4;
    %store/vec4 v0x55740ecb2240_0, 0, 4;
    %fork TD_tb_dmem.wb_write, S_0x55740ecb1e80;
    %join;
    %pushi/vec4 268435456, 0, 32;
    %store/vec4 v0x55740ecb1ca0_0, 0, 32;
    %fork TD_tb_dmem.wb_read, S_0x55740ecb1a80;
    %join;
    %load/vec4 v0x55740ecb1da0_0;
    %store/vec4 v0x55740ecb13a0_0, 0, 32;
    %load/vec4 v0x55740ecb13a0_0;
    %load/vec4 v0x55740ecb14d0_0;
    %cmp/ne;
    %jmp/0xz  T_2.4, 4;
    %vpi_call 3 158 "$display", "Memory at @%h not cleared properly", P_0x55740ec34df0 {0 0 0};
    %jmp T_2.5;
T_2.4 ;
    %vpi_call 3 160 "$display", "Memory at @%h cleared", P_0x55740ec34df0 {0 0 0};
T_2.5 ;
    %pushi/vec4 0, 0, 32;
    %store/vec4 v0x55740ecb12c0_0, 0, 32;
T_2.6 ;
    %load/vec4 v0x55740ecb12c0_0;
    %cmpi/s 4, 0, 32;
    %jmp/0xz T_2.7, 5;
    %pushi/vec4 268435456, 0, 32;
    %store/vec4 v0x55740ecb1ca0_0, 0, 32;
    %fork TD_tb_dmem.wb_read, S_0x55740ecb1a80;
    %join;
    %load/vec4 v0x55740ecb1da0_0;
    %store/vec4 v0x55740ecb0ff0_0, 0, 32;
    %load/vec4 v0x55740ecb0ff0_0;
    %store/vec4 v0x55740ecb14d0_0, 0, 32;
    %pushi/vec4 165, 0, 8;
    %load/vec4 v0x55740ecb12c0_0;
    %muli 8, 0, 32;
    %ix/vec4/s 4;
    %store/vec4 v0x55740ecb14d0_0, 4, 8;
    %pushi/vec4 268435456, 0, 32;
    %store/vec4 v0x55740ecb2060_0, 0, 32;
    %load/vec4 v0x55740ecb14d0_0;
    %store/vec4 v0x55740ecb2160_0, 0, 32;
    %pushi/vec4 1, 0, 4;
    %load/vec4 v0x55740ecb12c0_0;
    %ix/vec4 4;
    %shiftl 4;
    %store/vec4 v0x55740ecb2240_0, 0, 4;
    %fork TD_tb_dmem.wb_write, S_0x55740ecb1e80;
    %join;
    %pushi/vec4 268435456, 0, 32;
    %store/vec4 v0x55740ecb1ca0_0, 0, 32;
    %fork TD_tb_dmem.wb_read, S_0x55740ecb1a80;
    %join;
    %load/vec4 v0x55740ecb1da0_0;
    %store/vec4 v0x55740ecb13a0_0, 0, 32;
    %load/vec4 v0x55740ecb0ff0_0;
    %store/vec4 v0x55740ecb11d0_0, 0, 32;
    %pushi/vec4 165, 0, 8;
    %load/vec4 v0x55740ecb12c0_0;
    %muli 8, 0, 32;
    %ix/vec4/s 4;
    %store/vec4 v0x55740ecb11d0_0, 4, 8;
    %load/vec4 v0x55740ecb13a0_0;
    %load/vec4 v0x55740ecb11d0_0;
    %cmp/ne;
    %jmp/0xz  T_2.8, 6;
    %vpi_call 3 183 "$display", "ERROR: Byte access failed for byte %0d:", v0x55740ecb12c0_0 {0 0 0};
    %vpi_call 3 184 "$display", "  Original: %h", v0x55740ecb0ff0_0 {0 0 0};
    %vpi_call 3 185 "$display", "  Expected: %h", v0x55740ecb11d0_0 {0 0 0};
    %vpi_call 3 186 "$display", "  Got:      %h", v0x55740ecb13a0_0 {0 0 0};
    %load/vec4 v0x55740ecb10f0_0;
    %addi 1, 0, 32;
    %store/vec4 v0x55740ecb10f0_0, 0, 32;
T_2.8 ;
    %load/vec4 v0x55740ecb12c0_0;
    %addi 1, 0, 32;
    %store/vec4 v0x55740ecb12c0_0, 0, 32;
    %jmp T_2.6;
T_2.7 ;
    %vpi_call 3 192 "$display", "\012Testing byte reading from known pattern..." {0 0 0};
    %pushi/vec4 268435460, 0, 32;
    %store/vec4 v0x55740ecb2060_0, 0, 32;
    %pushi/vec4 2864434397, 0, 32;
    %store/vec4 v0x55740ecb2160_0, 0, 32;
    %pushi/vec4 15, 0, 4;
    %store/vec4 v0x55740ecb2240_0, 0, 4;
    %fork TD_tb_dmem.wb_write, S_0x55740ecb1e80;
    %join;
    %pushi/vec4 0, 0, 32;
    %store/vec4 v0x55740ecb12c0_0, 0, 32;
T_2.10 ;
    %load/vec4 v0x55740ecb12c0_0;
    %cmpi/s 4, 0, 32;
    %jmp/0xz T_2.11, 5;
    %pushi/vec4 268435460, 0, 32;
    %store/vec4 v0x55740ecb1ca0_0, 0, 32;
    %fork TD_tb_dmem.wb_read, S_0x55740ecb1a80;
    %join;
    %load/vec4 v0x55740ecb1da0_0;
    %store/vec4 v0x55740ecb13a0_0, 0, 32;
    %load/vec4 v0x55740ecb12c0_0;
    %dup/vec4;
    %pushi/vec4 0, 0, 32;
    %cmp/u;
    %jmp/1 T_2.12, 6;
    %dup/vec4;
    %pushi/vec4 1, 0, 32;
    %cmp/u;
    %jmp/1 T_2.13, 6;
    %dup/vec4;
    %pushi/vec4 2, 0, 32;
    %cmp/u;
    %jmp/1 T_2.14, 6;
    %dup/vec4;
    %pushi/vec4 3, 0, 32;
    %cmp/u;
    %jmp/1 T_2.15, 6;
    %jmp T_2.16;
T_2.12 ;
    %pushi/vec4 221, 0, 32;
    %store/vec4 v0x55740ecb11d0_0, 0, 32;
    %jmp T_2.16;
T_2.13 ;
    %pushi/vec4 204, 0, 32;
    %store/vec4 v0x55740ecb11d0_0, 0, 32;
    %jmp T_2.16;
T_2.14 ;
    %pushi/vec4 187, 0, 32;
    %store/vec4 v0x55740ecb11d0_0, 0, 32;
    %jmp T_2.16;
T_2.15 ;
    %pushi/vec4 170, 0, 32;
    %store/vec4 v0x55740ecb11d0_0, 0, 32;
    %jmp T_2.16;
T_2.16 ;
    %pop/vec4 1;
    %load/vec4 v0x55740ecb13a0_0;
    %load/vec4 v0x55740ecb12c0_0;
    %muli 8, 0, 32;
    %part/s 8;
    %pad/u 32;
    %load/vec4 v0x55740ecb11d0_0;
    %cmp/ne;
    %jmp/0xz  T_2.17, 6;
    %load/vec4 v0x55740ecb13a0_0;
    %load/vec4 v0x55740ecb12c0_0;
    %muli 8, 0, 32;
    %part/s 8;
    %vpi_call 3 210 "$display", "ERROR: Byte read failed for byte %0d: Expected %h, Got %h", v0x55740ecb12c0_0, v0x55740ecb11d0_0, S<0,vec4,u8> {1 0 0};
    %load/vec4 v0x55740ecb10f0_0;
    %addi 1, 0, 32;
    %store/vec4 v0x55740ecb10f0_0, 0, 32;
T_2.17 ;
    %load/vec4 v0x55740ecb12c0_0;
    %addi 1, 0, 32;
    %store/vec4 v0x55740ecb12c0_0, 0, 32;
    %jmp T_2.10;
T_2.11 ;
    %vpi_call 3 217 "$display", "\012Testing that unwritten bytes are preserved..." {0 0 0};
    %pushi/vec4 268435464, 0, 32;
    %store/vec4 v0x55740ecb2060_0, 0, 32;
    %pushi/vec4 305419896, 0, 32;
    %store/vec4 v0x55740ecb2160_0, 0, 32;
    %pushi/vec4 15, 0, 4;
    %store/vec4 v0x55740ecb2240_0, 0, 4;
    %fork TD_tb_dmem.wb_write, S_0x55740ecb1e80;
    %join;
    %pushi/vec4 268435464, 0, 32;
    %store/vec4 v0x55740ecb1ca0_0, 0, 32;
    %fork TD_tb_dmem.wb_read, S_0x55740ecb1a80;
    %join;
    %load/vec4 v0x55740ecb1da0_0;
    %store/vec4 v0x55740ecb0ff0_0, 0, 32;
    %load/vec4 v0x55740ecb0ff0_0;
    %store/vec4 v0x55740ecb14d0_0, 0, 32;
    %pushi/vec4 170, 0, 8;
    %ix/load 4, 8, 0;
    %flag_set/imm 4, 0;
    %store/vec4 v0x55740ecb14d0_0, 4, 8;
    %pushi/vec4 268435464, 0, 32;
    %store/vec4 v0x55740ecb2060_0, 0, 32;
    %load/vec4 v0x55740ecb14d0_0;
    %store/vec4 v0x55740ecb2160_0, 0, 32;
    %pushi/vec4 2, 0, 4;
    %store/vec4 v0x55740ecb2240_0, 0, 4;
    %fork TD_tb_dmem.wb_write, S_0x55740ecb1e80;
    %join;
    %pushi/vec4 268435464, 0, 32;
    %store/vec4 v0x55740ecb1ca0_0, 0, 32;
    %fork TD_tb_dmem.wb_read, S_0x55740ecb1a80;
    %join;
    %load/vec4 v0x55740ecb1da0_0;
    %store/vec4 v0x55740ecb13a0_0, 0, 32;
    %pushi/vec4 305441400, 0, 32;
    %store/vec4 v0x55740ecb11d0_0, 0, 32;
    %load/vec4 v0x55740ecb13a0_0;
    %load/vec4 v0x55740ecb11d0_0;
    %cmp/ne;
    %jmp/0xz  T_2.19, 6;
    %vpi_call 3 237 "$display", "ERROR: Byte preservation failed:" {0 0 0};
    %vpi_call 3 238 "$display", "  Original: %h", v0x55740ecb0ff0_0 {0 0 0};
    %vpi_call 3 239 "$display", "  Expected: %h", v0x55740ecb11d0_0 {0 0 0};
    %vpi_call 3 240 "$display", "  Got:      %h", v0x55740ecb13a0_0 {0 0 0};
    %load/vec4 v0x55740ecb10f0_0;
    %addi 1, 0, 32;
    %store/vec4 v0x55740ecb10f0_0, 0, 32;
T_2.19 ;
    %end;
S_0x55740ecb15b0 .scope task, "test_initialization" "test_initialization" 3 246, 3 246 0, S_0x55740ec82380;
 .timescale -9 -12;
v0x55740ecb17e0_0 .var "error_count", 31 0;
v0x55740ecb18e0_0 .var/i "i", 31 0;
v0x55740ecb19c0_0 .var "read_data", 31 0;
TD_tb_dmem.test_initialization ;
    %pushi/vec4 0, 0, 32;
    %store/vec4 v0x55740ecb17e0_0, 0, 32;
    %pushi/vec4 0, 0, 32;
    %store/vec4 v0x55740ecb18e0_0, 0, 32;
T_3.21 ;
    %load/vec4 v0x55740ecb18e0_0;
    %cmpi/s 8, 0, 32;
    %jmp/0xz T_3.22, 5;
    %pushi/vec4 268435456, 0, 32;
    %load/vec4 v0x55740ecb18e0_0;
    %muli 4, 0, 32;
    %add;
    %store/vec4 v0x55740ecb06b0_0, 0, 32;
    %pushi/vec4 305419896, 0, 32;
    %load/vec4 v0x55740ecb18e0_0;
    %add;
    %store/vec4 v0x55740ecb0790_0, 0, 32;
    %fork TD_tb_dmem.init_write, S_0x55740ecb0500;
    %join;
    %load/vec4 v0x55740ecb18e0_0;
    %addi 1, 0, 32;
    %store/vec4 v0x55740ecb18e0_0, 0, 32;
    %jmp T_3.21;
T_3.22 ;
    %wait E_0x55740ec2a810;
    %wait E_0x55740ec2a810;
    %pushi/vec4 0, 0, 32;
    %store/vec4 v0x55740ecb18e0_0, 0, 32;
T_3.23 ;
    %load/vec4 v0x55740ecb18e0_0;
    %cmpi/s 8, 0, 32;
    %jmp/0xz T_3.24, 5;
    %wait E_0x55740ec2a810;
    %pushi/vec4 268435456, 0, 32;
    %load/vec4 v0x55740ecb18e0_0;
    %muli 4, 0, 32;
    %add;
    %store/vec4 v0x55740ecb1ca0_0, 0, 32;
    %fork TD_tb_dmem.wb_read, S_0x55740ecb1a80;
    %join;
    %load/vec4 v0x55740ecb1da0_0;
    %store/vec4 v0x55740ecb19c0_0, 0, 32;
    %load/vec4 v0x55740ecb19c0_0;
    %pushi/vec4 305419896, 0, 32;
    %load/vec4 v0x55740ecb18e0_0;
    %add;
    %cmp/ne;
    %jmp/0xz  T_3.25, 6;
    %pushi/vec4 268435456, 0, 32;
    %load/vec4 v0x55740ecb18e0_0;
    %muli 4, 0, 32;
    %add;
    %pushi/vec4 305419896, 0, 32;
    %load/vec4 v0x55740ecb18e0_0;
    %add;
    %vpi_call 3 268 "$display", "ERROR: Init failed @%h Exp=%h Got=%h", S<1,vec4,u32>, S<0,vec4,u32>, v0x55740ecb19c0_0 {2 0 0};
    %load/vec4 v0x55740ecb17e0_0;
    %addi 1, 0, 32;
    %store/vec4 v0x55740ecb17e0_0, 0, 32;
T_3.25 ;
    %load/vec4 v0x55740ecb18e0_0;
    %addi 1, 0, 32;
    %store/vec4 v0x55740ecb18e0_0, 0, 32;
    %jmp T_3.23;
T_3.24 ;
    %end;
S_0x55740ecb1a80 .scope task, "wb_read" "wb_read" 3 321, 3 321 0, S_0x55740ec82380;
 .timescale -9 -12;
v0x55740ecb1ca0_0 .var "addr", 31 0;
v0x55740ecb1da0_0 .var "data", 31 0;
E_0x55740ec2dab0 .event anyedge, v0x55740ecafd50_0;
TD_tb_dmem.wb_read ;
    %wait E_0x55740ec2a810;
    %pushi/vec4 1, 0, 1;
    %store/vec4 v0x55740ecb2a90_0, 0, 1;
    %pushi/vec4 1, 0, 1;
    %store/vec4 v0x55740ecb2dc0_0, 0, 1;
    %pushi/vec4 0, 0, 1;
    %store/vec4 v0x55740ecb2e60_0, 0, 1;
    %load/vec4 v0x55740ecb1ca0_0;
    %store/vec4 v0x55740ecb29f0_0, 0, 32;
    %pushi/vec4 15, 0, 4;
    %store/vec4 v0x55740ecb2cd0_0, 0, 4;
T_4.27 ;
    %load/vec4 v0x55740ecb2950_0;
    %cmpi/ne 1, 0, 1;
    %jmp/0xz T_4.28, 6;
    %wait E_0x55740ec2dab0;
    %jmp T_4.27;
T_4.28 ;
    %load/vec4 v0x55740ecb2b60_0;
    %store/vec4 v0x55740ecb1da0_0, 0, 32;
    %wait E_0x55740ec2a810;
    %pushi/vec4 0, 0, 1;
    %store/vec4 v0x55740ecb2a90_0, 0, 1;
    %pushi/vec4 0, 0, 1;
    %store/vec4 v0x55740ecb2dc0_0, 0, 1;
    %wait E_0x55740ec2a810;
    %end;
S_0x55740ecb1e80 .scope task, "wb_write" "wb_write" 3 306, 3 306 0, S_0x55740ec82380;
 .timescale -9 -12;
v0x55740ecb2060_0 .var "addr", 31 0;
v0x55740ecb2160_0 .var "data", 31 0;
v0x55740ecb2240_0 .var "sel", 3 0;
TD_tb_dmem.wb_write ;
    %wait E_0x55740ec2a810;
    %pushi/vec4 1, 0, 1;
    %store/vec4 v0x55740ecb2a90_0, 0, 1;
    %pushi/vec4 1, 0, 1;
    %store/vec4 v0x55740ecb2dc0_0, 0, 1;
    %pushi/vec4 1, 0, 1;
    %store/vec4 v0x55740ecb2e60_0, 0, 1;
    %load/vec4 v0x55740ecb2060_0;
    %store/vec4 v0x55740ecb29f0_0, 0, 32;
    %load/vec4 v0x55740ecb2160_0;
    %store/vec4 v0x55740ecb2c30_0, 0, 32;
    %load/vec4 v0x55740ecb2240_0;
    %store/vec4 v0x55740ecb2cd0_0, 0, 4;
T_5.29 ;
    %load/vec4 v0x55740ecb2950_0;
    %cmpi/ne 1, 0, 1;
    %jmp/0xz T_5.30, 6;
    %wait E_0x55740ec2dab0;
    %jmp T_5.29;
T_5.30 ;
    %wait E_0x55740ec2a810;
    %pushi/vec4 0, 0, 1;
    %store/vec4 v0x55740ecb2a90_0, 0, 1;
    %pushi/vec4 0, 0, 1;
    %store/vec4 v0x55740ecb2dc0_0, 0, 1;
    %pushi/vec4 0, 0, 1;
    %store/vec4 v0x55740ecb2e60_0, 0, 1;
    %wait E_0x55740ec2a810;
    %end;
    .scope S_0x55740ec188b0;
T_6 ;
    %vpi_call 2 33 "$readmemh", P_0x55740ec8f9b0, v0x55740ec6f130 {0 0 0};
    %end;
    .thread T_6;
    .scope S_0x55740ec188b0;
T_7 ;
    %wait E_0x55740ec2b270;
    %load/vec4 v0x55740ecace80_0;
    %nor/r;
    %flag_set/vec4 8;
    %jmp/0xz  T_7.0, 8;
    %pushi/vec4 0, 0, 2;
    %assign/vec4 v0x55740ecacf40_0, 0;
    %pushi/vec4 0, 0, 1;
    %assign/vec4 v0x55740ecacc40_0, 0;
    %pushi/vec4 0, 0, 1;
    %assign/vec4 v0x55740ecacaa0_0, 0;
    %pushi/vec4 0, 0, 32;
    %assign/vec4 v0x55740ec8a510_0, 0;
    %pushi/vec4 0, 0, 32;
    %assign/vec4 v0x55740ec86430_0, 0;
    %pushi/vec4 0, 0, 1;
    %assign/vec4 v0x55740ec7d280_0, 0;
    %pushi/vec4 0, 0, 32;
    %assign/vec4 v0x55740ec7cd60_0, 0;
    %pushi/vec4 0, 0, 32;
    %assign/vec4 v0x55740ec7cf40_0, 0;
    %pushi/vec4 0, 0, 32;
    %assign/vec4 v0x55740ecacb60_0, 0;
    %pushi/vec4 0, 0, 1;
    %assign/vec4 v0x55740ecacd00_0, 0;
    %jmp T_7.1;
T_7.0 ;
    %pushi/vec4 0, 0, 1;
    %assign/vec4 v0x55740ecacaa0_0, 0;
    %pushi/vec4 0, 0, 1;
    %assign/vec4 v0x55740ec7d280_0, 0;
    %pushi/vec4 0, 0, 1;
    %assign/vec4 v0x55740ecacd00_0, 0;
    %load/vec4 v0x55740ecacf40_0;
    %dup/vec4;
    %pushi/vec4 0, 0, 2;
    %cmp/u;
    %jmp/1 T_7.2, 6;
    %dup/vec4;
    %pushi/vec4 1, 0, 2;
    %cmp/u;
    %jmp/1 T_7.3, 6;
    %dup/vec4;
    %pushi/vec4 2, 0, 2;
    %cmp/u;
    %jmp/1 T_7.4, 6;
    %dup/vec4;
    %pushi/vec4 3, 0, 2;
    %cmp/u;
    %jmp/1 T_7.5, 6;
    %jmp T_7.6;
T_7.2 ;
    %load/vec4 v0x55740ecacdc0_0;
    %flag_set/vec4 8;
    %jmp/0xz  T_7.7, 8;
    %pushi/vec4 0, 0, 32;
    %assign/vec4 v0x55740ecacb60_0, 0;
    %pushi/vec4 1, 0, 2;
    %assign/vec4 v0x55740ecacf40_0, 0;
    %pushi/vec4 1, 0, 1;
    %assign/vec4 v0x55740ecacd00_0, 0;
T_7.7 ;
    %jmp T_7.6;
T_7.3 ;
    %load/vec4 v0x55740ecacd00_0;
    %flag_set/vec4 8;
    %jmp/0xz  T_7.9, 8;
    %pushi/vec4 1, 0, 1;
    %assign/vec4 v0x55740ecacaa0_0, 0;
    %pushi/vec4 0, 0, 32;
    %load/vec4 v0x55740ecacb60_0;
    %ix/load 4, 2, 0;
    %flag_set/imm 4, 0;
    %shiftl 4;
    %add;
    %assign/vec4 v0x55740ec8a510_0, 0;
    %ix/getv 4, v0x55740ecacb60_0;
    %load/vec4a v0x55740ec6f130, 4;
    %assign/vec4 v0x55740ec86430_0, 0;
    %load/vec4 v0x55740ecacb60_0;
    %cmpi/e 1023, 0, 32;
    %jmp/0xz  T_7.11, 4;
    %pushi/vec4 2, 0, 2;
    %assign/vec4 v0x55740ecacf40_0, 0;
    %pushi/vec4 0, 0, 32;
    %assign/vec4 v0x55740ecacb60_0, 0;
    %pushi/vec4 1, 0, 1;
    %assign/vec4 v0x55740ecacd00_0, 0;
    %jmp T_7.12;
T_7.11 ;
    %load/vec4 v0x55740ecacb60_0;
    %addi 1, 0, 32;
    %assign/vec4 v0x55740ecacb60_0, 0;
    %pushi/vec4 1, 0, 1;
    %assign/vec4 v0x55740ecacd00_0, 0;
T_7.12 ;
    %jmp T_7.10;
T_7.9 ;
    %pushi/vec4 1, 0, 1;
    %assign/vec4 v0x55740ecacd00_0, 0;
T_7.10 ;
    %jmp T_7.6;
T_7.4 ;
    %load/vec4 v0x55740ecacd00_0;
    %flag_set/vec4 8;
    %jmp/0xz  T_7.13, 8;
    %pushi/vec4 1, 0, 1;
    %assign/vec4 v0x55740ec7d280_0, 0;
    %pushi/vec4 268435456, 0, 32;
    %load/vec4 v0x55740ecacb60_0;
    %ix/load 4, 2, 0;
    %flag_set/imm 4, 0;
    %shiftl 4;
    %add;
    %assign/vec4 v0x55740ec7cd60_0, 0;
    %pushi/vec4 0, 0, 32;
    %assign/vec4 v0x55740ec7cf40_0, 0;
    %load/vec4 v0x55740ecacb60_0;
    %cmpi/e 1023, 0, 32;
    %jmp/0xz  T_7.15, 4;
    %pushi/vec4 3, 0, 2;
    %assign/vec4 v0x55740ecacf40_0, 0;
    %pushi/vec4 0, 0, 1;
    %assign/vec4 v0x55740ecacd00_0, 0;
    %jmp T_7.16;
T_7.15 ;
    %load/vec4 v0x55740ecacb60_0;
    %addi 1, 0, 32;
    %assign/vec4 v0x55740ecacb60_0, 0;
    %pushi/vec4 1, 0, 1;
    %assign/vec4 v0x55740ecacd00_0, 0;
T_7.16 ;
    %jmp T_7.14;
T_7.13 ;
    %pushi/vec4 1, 0, 1;
    %assign/vec4 v0x55740ecacd00_0, 0;
T_7.14 ;
    %jmp T_7.6;
T_7.5 ;
    %pushi/vec4 1, 0, 1;
    %assign/vec4 v0x55740ecacc40_0, 0;
    %pushi/vec4 0, 0, 2;
    %assign/vec4 v0x55740ecacf40_0, 0;
    %jmp T_7.6;
T_7.6 ;
    %pop/vec4 1;
T_7.1 ;
    %jmp T_7;
    .thread T_7;
    .scope S_0x55740ecad630;
T_8 ;
    %pushi/vec4 0, 0, 1;
    %store/vec4 v0x55740ecae210_0, 0, 1;
    %pushi/vec4 0, 0, 1;
    %store/vec4 v0x55740ecae2d0_0, 0, 1;
    %end;
    .thread T_8;
    .scope S_0x55740ecad630;
T_9 ;
    %wait E_0x55740ec2a810;
    %load/vec4 v0x55740ecae530_0;
    %flag_set/vec4 10;
    %flag_get/vec4 10;
    %jmp/0 T_9.3, 10;
    %load/vec4 v0x55740ecae890_0;
    %and;
T_9.3;
    %flag_set/vec4 9;
    %flag_get/vec4 9;
    %jmp/0 T_9.2, 9;
    %load/vec4 v0x55740ecae950_0;
    %nor/r;
    %and;
T_9.2;
    %flag_set/vec4 8;
    %jmp/0xz  T_9.0, 8;
    %load/vec4 v0x55740ecaea10_0;
    %pad/u 12;
    %ix/vec4 4;
    %load/vec4a v0x55740ecae090, 4;
    %assign/vec4 v0x55740ecae5f0_0, 0;
    %pushi/vec4 1, 0, 1;
    %assign/vec4 v0x55740ecae210_0, 0;
    %jmp T_9.1;
T_9.0 ;
    %pushi/vec4 0, 0, 32;
    %assign/vec4 v0x55740ecae5f0_0, 0;
    %pushi/vec4 0, 0, 1;
    %assign/vec4 v0x55740ecae210_0, 0;
T_9.1 ;
    %jmp T_9;
    .thread T_9;
    .scope S_0x55740ecad630;
T_10 ;
    %wait E_0x55740ec2a810;
    %load/vec4 v0x55740ecadea0_0;
    %flag_set/vec4 8;
    %jmp/0xz  T_10.0, 8;
    %load/vec4 v0x55740ecaddb0_0;
    %load/vec4 v0x55740ecadf60_0;
    %pad/u 12;
    %ix/vec4 3;
    %ix/load 4, 0, 0; Constant delay
    %assign/vec4/a/d v0x55740ecae090, 0, 4;
    %vpi_call 5 61 "$display", "[INFO]: DMEM init mem at @ %h with %h", v0x55740ecadf60_0, v0x55740ecaddb0_0 {0 0 0};
    %jmp T_10.1;
T_10.0 ;
    %load/vec4 v0x55740ecae530_0;
    %flag_set/vec4 10;
    %flag_get/vec4 10;
    %jmp/0 T_10.5, 10;
    %load/vec4 v0x55740ecae890_0;
    %and;
T_10.5;
    %flag_set/vec4 9;
    %flag_get/vec4 9;
    %jmp/0 T_10.4, 9;
    %load/vec4 v0x55740ecae950_0;
    %and;
T_10.4;
    %flag_set/vec4 8;
    %jmp/0xz  T_10.2, 8;
    %load/vec4 v0x55740ecae7b0_0;
    %parti/s 1, 0, 2;
    %flag_set/vec4 8;
    %jmp/0xz  T_10.6, 8;
    %load/vec4 v0x55740ecae6d0_0;
    %parti/s 8, 0, 2;
    %load/vec4 v0x55740ecaea10_0;
    %pad/u 12;
    %ix/vec4 3;
    %ix/load 4, 0, 0; Constant delay
    %assign/vec4/a/d v0x55740ecae090, 0, 4;
T_10.6 ;
    %load/vec4 v0x55740ecae7b0_0;
    %parti/s 1, 1, 2;
    %flag_set/vec4 8;
    %jmp/0xz  T_10.8, 8;
    %load/vec4 v0x55740ecae6d0_0;
    %parti/s 8, 8, 5;
    %load/vec4 v0x55740ecaea10_0;
    %pad/u 12;
    %ix/vec4 3;
    %ix/load 4, 8, 0; part off
    %ix/load 5, 0, 0; Constant delay
    %assign/vec4/a/d v0x55740ecae090, 4, 5;
T_10.8 ;
    %load/vec4 v0x55740ecae7b0_0;
    %parti/s 1, 2, 3;
    %flag_set/vec4 8;
    %jmp/0xz  T_10.10, 8;
    %load/vec4 v0x55740ecae6d0_0;
    %parti/s 8, 16, 6;
    %load/vec4 v0x55740ecaea10_0;
    %pad/u 12;
    %ix/vec4 3;
    %ix/load 4, 16, 0; part off
    %ix/load 5, 0, 0; Constant delay
    %assign/vec4/a/d v0x55740ecae090, 4, 5;
T_10.10 ;
    %load/vec4 v0x55740ecae7b0_0;
    %parti/s 1, 3, 3;
    %flag_set/vec4 8;
    %jmp/0xz  T_10.12, 8;
    %load/vec4 v0x55740ecae6d0_0;
    %parti/s 8, 24, 6;
    %load/vec4 v0x55740ecaea10_0;
    %pad/u 12;
    %ix/vec4 3;
    %ix/load 4, 24, 0; part off
    %ix/load 5, 0, 0; Constant delay
    %assign/vec4/a/d v0x55740ecae090, 4, 5;
T_10.12 ;
    %pushi/vec4 1, 0, 1;
    %assign/vec4 v0x55740ecae2d0_0, 0;
    %jmp T_10.3;
T_10.2 ;
    %pushi/vec4 0, 0, 1;
    %assign/vec4 v0x55740ecae2d0_0, 0;
T_10.3 ;
T_10.1 ;
    %jmp T_10;
    .thread T_10;
    .scope S_0x55740ecad630;
T_11 ;
    %wait E_0x55740ec2a5c0;
    %load/vec4 v0x55740ecae150_0;
    %nor/r;
    %flag_set/vec4 8;
    %jmp/0xz  T_11.0, 8;
    %pushi/vec4 0, 0, 1;
    %assign/vec4 v0x55740ecae390_0, 0;
    %jmp T_11.1;
T_11.0 ;
    %load/vec4 v0x55740ecae530_0;
    %flag_set/vec4 9;
    %flag_get/vec4 9;
    %jmp/0 T_11.3, 9;
    %load/vec4 v0x55740ecae890_0;
    %and;
T_11.3;
    %flag_set/vec4 8;
    %flag_get/vec4 8;
    %jmp/0 T_11.2, 8;
    %load/vec4 v0x55740ecae210_0;
    %flag_set/vec4 8;
    %flag_get/vec4 8;
    %jmp/1 T_11.4, 8;
    %load/vec4 v0x55740ecae2d0_0;
    %or;
T_11.4;
    %and;
T_11.2;
    %assign/vec4 v0x55740ecae390_0, 0;
T_11.1 ;
    %jmp T_11;
    .thread T_11;
    .scope S_0x55740ecad200;
T_12 ;
    %wait E_0x55740ec2a810;
    %load/vec4 v0x55740ecafae0_0;
    %nor/r;
    %flag_set/vec4 8;
    %jmp/0xz  T_12.0, 8;
    %pushi/vec4 0, 0, 32;
    %assign/vec4 v0x55740ecaff70_0, 0;
    %pushi/vec4 0, 0, 1;
    %assign/vec4 v0x55740ecafd50_0, 0;
    %jmp T_12.1;
T_12.0 ;
    %load/vec4 v0x55740ecafa20_0;
    %flag_set/vec4 8;
    %jmp/0xz  T_12.2, 8;
    %load/vec4 v0x55740ecafc80_0;
    %assign/vec4 v0x55740ecaff70_0, 0;
    %load/vec4 v0x55740ecafbb0_0;
    %assign/vec4 v0x55740ecafd50_0, 0;
    %jmp T_12.3;
T_12.2 ;
    %pushi/vec4 0, 0, 1;
    %assign/vec4 v0x55740ecafd50_0, 0;
T_12.3 ;
T_12.1 ;
    %jmp T_12;
    .thread T_12;
    .scope S_0x55740ec82380;
T_13 ;
    %pushi/vec4 0, 0, 1;
    %store/vec4 v0x55740ecb2300_0, 0, 1;
T_13.0 ;
    %delay 5000, 0;
    %load/vec4 v0x55740ecb2300_0;
    %inv;
    %store/vec4 v0x55740ecb2300_0, 0, 1;
    %jmp T_13.0;
    %end;
    .thread T_13;
    .scope S_0x55740ec82380;
T_14 ;
    %pushi/vec4 0, 0, 1;
    %store/vec4 v0x55740ecb2690_0, 0, 1;
    %pushi/vec4 0, 0, 1;
    %store/vec4 v0x55740ecb2a90_0, 0, 1;
    %pushi/vec4 0, 0, 1;
    %store/vec4 v0x55740ecb2dc0_0, 0, 1;
    %pushi/vec4 0, 0, 1;
    %store/vec4 v0x55740ecb2e60_0, 0, 1;
    %pushi/vec4 0, 0, 32;
    %store/vec4 v0x55740ecb29f0_0, 0, 32;
    %pushi/vec4 0, 0, 32;
    %store/vec4 v0x55740ecb2c30_0, 0, 32;
    %pushi/vec4 0, 0, 4;
    %store/vec4 v0x55740ecb2cd0_0, 0, 4;
    %pushi/vec4 0, 0, 1;
    %store/vec4 v0x55740ecb25f0_0, 0, 1;
    %pushi/vec4 0, 0, 32;
    %store/vec4 v0x55740ecb2410_0, 0, 32;
    %pushi/vec4 0, 0, 32;
    %store/vec4 v0x55740ecb24d0_0, 0, 32;
    %delay 100000, 0;
    %pushi/vec4 1, 0, 1;
    %store/vec4 v0x55740ecb2690_0, 0, 1;
    %end;
    .thread T_14;
    .scope S_0x55740ec82380;
T_15 ;
    %pushi/vec4 0, 0, 32;
    %store/vec4 v0x55740ecb2870_0, 0, 32;
    %pushi/vec4 0, 0, 32;
    %store/vec4 v0x55740ecb27d0_0, 0, 32;
    %vpi_call 3 87 "$dumpfile", "dmem_tb.vcd" {0 0 0};
    %vpi_call 3 88 "$dumpvars", 32'sb00000000000000000000000000000000, S_0x55740ec82380 {0 0 0};
T_15.0 ;
    %load/vec4 v0x55740ecb2690_0;
    %cmpi/ne 1, 0, 1;
    %jmp/0xz T_15.1, 6;
    %wait E_0x55740ec2b6e0;
    %jmp T_15.0;
T_15.1 ;
    %delay 20000, 0;
    %vpi_call 3 93 "$display", "\012=== DMEM Testbench Started ===" {0 0 0};
    %vpi_call 3 95 "$display", "\012[TEST 1] BASIC READ/WRITE: Starting" {0 0 0};
    %pushi/vec4 0, 0, 32;
    %store/vec4 v0x55740ecb27d0_0, 0, 32;
    %fork TD_tb_dmem.test_basic_rw, S_0x55740ecb0870;
    %join;
    %load/vec4 v0x55740ecb0a80_0;
    %store/vec4 v0x55740ecb27d0_0, 0, 32;
    ; show_stmt_assign_vector: Get l-value for compressed += operand
    %load/vec4 v0x55740ecb2870_0;
    %load/vec4 v0x55740ecb27d0_0;
    %add;
    %store/vec4 v0x55740ecb2870_0, 0, 32;
    %vpi_call 3 99 "$display", "[TEST 1] Completed\012" {0 0 0};
    %vpi_call 3 101 "$display", "\012[TEST 2] BYTE ACCESS: Starting" {0 0 0};
    %pushi/vec4 0, 0, 32;
    %store/vec4 v0x55740ecb27d0_0, 0, 32;
    %fork TD_tb_dmem.test_byte_access, S_0x55740ecb0e10;
    %join;
    %load/vec4 v0x55740ecb10f0_0;
    %store/vec4 v0x55740ecb27d0_0, 0, 32;
    ; show_stmt_assign_vector: Get l-value for compressed += operand
    %load/vec4 v0x55740ecb2870_0;
    %load/vec4 v0x55740ecb27d0_0;
    %add;
    %store/vec4 v0x55740ecb2870_0, 0, 32;
    %vpi_call 3 105 "$display", "[TEST 2] Completed\012" {0 0 0};
    %vpi_call 3 107 "$display", "\012[TEST 3] INITIALIZATION: Starting" {0 0 0};
    %pushi/vec4 0, 0, 32;
    %store/vec4 v0x55740ecb27d0_0, 0, 32;
    %fork TD_tb_dmem.test_initialization, S_0x55740ecb15b0;
    %join;
    %load/vec4 v0x55740ecb17e0_0;
    %store/vec4 v0x55740ecb27d0_0, 0, 32;
    ; show_stmt_assign_vector: Get l-value for compressed += operand
    %load/vec4 v0x55740ecb2870_0;
    %load/vec4 v0x55740ecb27d0_0;
    %add;
    %store/vec4 v0x55740ecb2870_0, 0, 32;
    %vpi_call 3 111 "$display", "[TEST 3] Completed\012" {0 0 0};
    %vpi_call 3 115 "$display", "\012=== DMEM Testbench Completed ===" {0 0 0};
    %vpi_call 3 116 "$display", "\012Total errors: %0d", v0x55740ecb2870_0 {0 0 0};
    %load/vec4 v0x55740ecb2870_0;
    %cmpi/e 0, 0, 32;
    %jmp/0xz  T_15.2, 4;
    %vpi_call 3 118 "$display", "\342\234\205 All tests PASSED!" {0 0 0};
    %jmp T_15.3;
T_15.2 ;
    %vpi_call 3 120 "$display", "\342\235\214 Some tests FAILED" {0 0 0};
T_15.3 ;
    %vpi_call 3 122 "$finish" {0 0 0};
    %end;
    .thread T_15;
# The file index is used to find the file name in the following table.
:file_names 6;
    "N/A";
    "<interactive>";
    "/home/gael/Desktop/asic_workspace/MiniSoC_RV32I/src/mem/mem_init/mem_init.v";
    "/home/gael/Desktop/asic_workspace/MiniSoC_RV32I/sim/mem/dmem/tb_dmem.v";
    "/home/gael/Desktop/asic_workspace/MiniSoC_RV32I/src/mem/dmem/dmem_wrapper.v";
    "/home/gael/Desktop/asic_workspace/MiniSoC_RV32I/src/mem/dmem/dmem.v";
