#! /usr/bin/vvp
:ivl_version "12.0 (stable)";
:ivl_delay_selection "TYPICAL";
:vpi_time_precision - 12;
:vpi_module "/usr/lib/x86_64-linux-gnu/ivl/system.vpi";
:vpi_module "/usr/lib/x86_64-linux-gnu/ivl/vhdl_sys.vpi";
:vpi_module "/usr/lib/x86_64-linux-gnu/ivl/vhdl_textio.vpi";
:vpi_module "/usr/lib/x86_64-linux-gnu/ivl/v2005_math.vpi";
:vpi_module "/usr/lib/x86_64-linux-gnu/ivl/va_math.vpi";
S_0x5d0af29d23d0 .scope module, "tb_timer" "tb_timer" 2 3;
 .timescale -9 -12;
P_0x5d0af292d490 .param/l "ADDR_WIDTH" 0 2 7, +C4<00000000000000000000000000100000>;
P_0x5d0af292d4d0 .param/l "BASE_ADDR" 0 2 9, C4<00110000000000000000000000000000>;
P_0x5d0af292d510 .param/l "CLK_FREQ" 0 2 6, +C4<00000101111101011110000100000000>;
P_0x5d0af292d550 .param/l "CLK_PERIOD" 0 2 5, +C4<00000000000000000000000000001010>;
P_0x5d0af292d590 .param/l "DATA_WIDTH" 0 2 8, +C4<00000000000000000000000000100000>;
P_0x5d0af292d5d0 .param/l "SIZE_KB" 0 2 10, +C4<00000000000000000000000000000100>;
v0x5d0af29fd4b0_0 .var "clk", 0 0;
v0x5d0af29fd570_0 .var "rst_n", 0 0;
v0x5d0af29fd680_0 .var "task_error_count", 31 0;
v0x5d0af29fd720_0 .var "test_num", 31 0;
v0x5d0af29fd800_0 .var "total_errors", 31 0;
v0x5d0af29fd930_0 .net "wbs_ack", 0 0, v0x5d0af29facc0_0;  1 drivers
v0x5d0af29fd9d0_0 .var "wbs_addr", 31 0;
v0x5d0af29fdac0_0 .var "wbs_cyc", 0 0;
v0x5d0af29fdb60_0 .net "wbs_data_read", 31 0, v0x5d0af29faed0_0;  1 drivers
v0x5d0af29fdc90_0 .var "wbs_data_write", 31 0;
v0x5d0af29fdd30_0 .var "wbs_sel", 3 0;
v0x5d0af29fde40_0 .var "wbs_stb", 0 0;
v0x5d0af29fdee0_0 .var "wbs_we", 0 0;
E_0x5d0af29a29f0 .event anyedge, v0x5d0af29f9610_0;
S_0x5d0af297fd30 .scope module, "dut" "timer_wrapper" 2 42, 3 1 0, S_0x5d0af29d23d0;
 .timescale 0 0;
    .port_info 0 /INPUT 1 "clk";
    .port_info 1 /INPUT 1 "rst_n";
    .port_info 2 /INPUT 1 "wbs_cyc";
    .port_info 3 /INPUT 1 "wbs_stb";
    .port_info 4 /INPUT 1 "wbs_we";
    .port_info 5 /INPUT 32 "wbs_addr";
    .port_info 6 /INPUT 32 "wbs_data_write";
    .port_info 7 /INPUT 4 "wbs_sel";
    .port_info 8 /OUTPUT 32 "wbs_data_read";
    .port_info 9 /OUTPUT 1 "wbs_ack";
P_0x5d0af29d1610 .param/l "ADDR_WIDTH" 0 3 4, +C4<00000000000000000000000000100000>;
P_0x5d0af29d1650 .param/l "BASE_ADDR" 0 3 2, C4<00110000000000000000000000000000>;
P_0x5d0af29d1690 .param/l "DATA_WIDTH" 0 3 5, +C4<00000000000000000000000000100000>;
P_0x5d0af29d16d0 .param/l "SIZE_KB" 0 3 3, +C4<00000000000000000000000000000100>;
L_0x5d0af29bc490 .functor AND 1, L_0x5d0af2a0dfe0, L_0x5d0af2a0e100, C4<1>, C4<1>;
L_0x5d0af2a0f2b0 .functor AND 1, v0x5d0af29fdac0_0, L_0x5d0af29bc490, C4<1>, C4<1>;
L_0x5d0af29bc6f0 .functor AND 1, v0x5d0af29fde40_0, L_0x5d0af29bc490, C4<1>, C4<1>;
L_0x7843d1f57018 .functor BUFT 1, C4<00110000000000000000000000000000>, C4<0>, C4<0>, C4<0>;
v0x5d0af29fa5d0_0 .net/2u *"_ivl_0", 31 0, L_0x7843d1f57018;  1 drivers
v0x5d0af29fa6d0_0 .net *"_ivl_2", 0 0, L_0x5d0af2a0dfe0;  1 drivers
L_0x7843d1f57060 .functor BUFT 1, C4<00110000000000000001000000000000>, C4<0>, C4<0>, C4<0>;
v0x5d0af29fa790_0 .net/2u *"_ivl_4", 31 0, L_0x7843d1f57060;  1 drivers
v0x5d0af29fa850_0 .net *"_ivl_6", 0 0, L_0x5d0af2a0e100;  1 drivers
v0x5d0af29fa910_0 .net "clk", 0 0, v0x5d0af29fd4b0_0;  1 drivers
v0x5d0af29fa9b0_0 .net "rst_n", 0 0, v0x5d0af29fd570_0;  1 drivers
v0x5d0af29faa80_0 .net "timer_select", 0 0, L_0x5d0af29bc490;  1 drivers
v0x5d0af29fab20_0 .net "tmp_wbs_ack", 0 0, v0x5d0af29f9db0_0;  1 drivers
v0x5d0af29fabf0_0 .net "tmp_wbs_data_read", 31 0, v0x5d0af29fa010_0;  1 drivers
v0x5d0af29facc0_0 .var "wbs_ack", 0 0;
v0x5d0af29fad60_0 .net "wbs_addr", 31 0, v0x5d0af29fd9d0_0;  1 drivers
v0x5d0af29fae30_0 .net "wbs_cyc", 0 0, v0x5d0af29fdac0_0;  1 drivers
v0x5d0af29faed0_0 .var "wbs_data_read", 31 0;
v0x5d0af29fafb0_0 .net "wbs_data_write", 31 0, v0x5d0af29fdc90_0;  1 drivers
v0x5d0af29fb0a0_0 .net "wbs_sel", 3 0, v0x5d0af29fdd30_0;  1 drivers
v0x5d0af29fb170_0 .net "wbs_stb", 0 0, v0x5d0af29fde40_0;  1 drivers
v0x5d0af29fb210_0 .net "wbs_we", 0 0, v0x5d0af29fdee0_0;  1 drivers
E_0x5d0af29931c0 .event posedge, v0x5d0af29f8c30_0;
L_0x5d0af2a0dfe0 .cmp/ge 32, v0x5d0af29fd9d0_0, L_0x7843d1f57018;
L_0x5d0af2a0e100 .cmp/gt 32, L_0x7843d1f57060, v0x5d0af29fd9d0_0;
S_0x5d0af2986540 .scope module, "timer_inst" "timer" 3 38, 4 1 0, S_0x5d0af297fd30;
 .timescale 0 0;
    .port_info 0 /INPUT 1 "clk";
    .port_info 1 /INPUT 1 "rst_n";
    .port_info 2 /INPUT 1 "wbs_cyc";
    .port_info 3 /INPUT 1 "wbs_stb";
    .port_info 4 /INPUT 1 "wbs_we";
    .port_info 5 /INPUT 32 "wbs_addr";
    .port_info 6 /INPUT 32 "wbs_data_write";
    .port_info 7 /INPUT 4 "wbs_sel";
    .port_info 8 /OUTPUT 32 "wbs_data_read";
    .port_info 9 /OUTPUT 1 "wbs_ack";
P_0x5d0af29b9640 .param/l "ADDR_WIDTH" 0 4 2, +C4<00000000000000000000000000100000>;
P_0x5d0af29b9680 .param/l "CTRL_ENABLE" 1 4 29, +C4<00000000000000000000000000000000>;
P_0x5d0af29b96c0 .param/l "CTRL_ONESHOT" 1 4 30, +C4<00000000000000000000000000000001>;
P_0x5d0af29b9700 .param/l "CTRL_PRESCALE0" 1 4 31, +C4<00000000000000000000000000000010>;
P_0x5d0af29b9740 .param/l "CTRL_PRESCALE1" 1 4 32, +C4<00000000000000000000000000000011>;
P_0x5d0af29b9780 .param/l "DATA_WIDTH" 0 4 3, +C4<00000000000000000000000000100000>;
P_0x5d0af29b97c0 .param/l "PRESCALE_1" 1 4 39, C4<00>;
P_0x5d0af29b9800 .param/l "PRESCALE_1024" 1 4 42, C4<11>;
P_0x5d0af29b9840 .param/l "PRESCALE_64" 1 4 41, C4<10>;
P_0x5d0af29b9880 .param/l "PRESCALE_8" 1 4 40, C4<01>;
P_0x5d0af29b98c0 .param/l "REG_TIMER_CMP" 1 4 24, C4<000000000100>;
P_0x5d0af29b9900 .param/l "REG_TIMER_COUNT" 1 4 23, C4<000000000000>;
P_0x5d0af29b9940 .param/l "REG_TIMER_CTRL" 1 4 25, C4<000000001000>;
P_0x5d0af29b9980 .param/l "REG_TIMER_STATUS" 1 4 26, C4<000000001100>;
P_0x5d0af29b99c0 .param/l "STATUS_MATCH" 1 4 35, +C4<00000000000000000000000000000000>;
P_0x5d0af29b9a00 .param/l "STATUS_OVERFLOW" 1 4 36, +C4<00000000000000000000000000000001>;
L_0x7843d1f57138 .functor BUFT 1, C4<000000001000>, C4<0>, C4<0>, C4<0>;
v0x5d0af29c76e0_0 .net/2u *"_ivl_10", 11 0, L_0x7843d1f57138;  1 drivers
L_0x7843d1f57180 .functor BUFT 1, C4<000000001100>, C4<0>, C4<0>, C4<0>;
v0x5d0af29c9230_0 .net/2u *"_ivl_14", 11 0, L_0x7843d1f57180;  1 drivers
L_0x7843d1f570a8 .functor BUFT 1, C4<000000000000>, C4<0>, C4<0>, C4<0>;
v0x5d0af29c92d0_0 .net/2u *"_ivl_2", 11 0, L_0x7843d1f570a8;  1 drivers
L_0x7843d1f571c8 .functor BUFT 1, C4<00>, C4<0>, C4<0>, C4<0>;
v0x5d0af29ca3e0_0 .net/2u *"_ivl_20", 1 0, L_0x7843d1f571c8;  1 drivers
v0x5d0af29ca480_0 .net *"_ivl_22", 0 0, L_0x5d0af2a0ea10;  1 drivers
L_0x7843d1f57210 .functor BUFT 1, C4<00000000000000000000000000000001>, C4<0>, C4<0>, C4<0>;
v0x5d0af29cf100_0 .net/2u *"_ivl_24", 31 0, L_0x7843d1f57210;  1 drivers
L_0x7843d1f57258 .functor BUFT 1, C4<01>, C4<0>, C4<0>, C4<0>;
v0x5d0af29cf1a0_0 .net/2u *"_ivl_26", 1 0, L_0x7843d1f57258;  1 drivers
v0x5d0af29f8130_0 .net *"_ivl_28", 0 0, L_0x5d0af2a0ec10;  1 drivers
L_0x7843d1f572a0 .functor BUFT 1, C4<00000000000000000000000000001000>, C4<0>, C4<0>, C4<0>;
v0x5d0af29f81f0_0 .net/2u *"_ivl_30", 31 0, L_0x7843d1f572a0;  1 drivers
L_0x7843d1f572e8 .functor BUFT 1, C4<10>, C4<0>, C4<0>, C4<0>;
v0x5d0af29f82d0_0 .net/2u *"_ivl_32", 1 0, L_0x7843d1f572e8;  1 drivers
v0x5d0af29f83b0_0 .net *"_ivl_34", 0 0, L_0x5d0af2a0ed60;  1 drivers
L_0x7843d1f57330 .functor BUFT 1, C4<00000000000000000000000001000000>, C4<0>, C4<0>, C4<0>;
v0x5d0af29f8470_0 .net/2u *"_ivl_36", 31 0, L_0x7843d1f57330;  1 drivers
L_0x7843d1f57378 .functor BUFT 1, C4<11>, C4<0>, C4<0>, C4<0>;
v0x5d0af29f8550_0 .net/2u *"_ivl_38", 1 0, L_0x7843d1f57378;  1 drivers
v0x5d0af29f8630_0 .net *"_ivl_40", 0 0, L_0x5d0af2a0eef0;  1 drivers
L_0x7843d1f573c0 .functor BUFT 1, C4<00000000000000000000010000000000>, C4<0>, C4<0>, C4<0>;
v0x5d0af29f86f0_0 .net/2u *"_ivl_42", 31 0, L_0x7843d1f573c0;  1 drivers
L_0x7843d1f57408 .functor BUFT 1, C4<00000000000000000000000000000001>, C4<0>, C4<0>, C4<0>;
v0x5d0af29f87d0_0 .net/2u *"_ivl_44", 31 0, L_0x7843d1f57408;  1 drivers
v0x5d0af29f88b0_0 .net *"_ivl_46", 31 0, L_0x5d0af2a0f0a0;  1 drivers
v0x5d0af29f8990_0 .net *"_ivl_48", 31 0, L_0x5d0af2a0f210;  1 drivers
v0x5d0af29f8a70_0 .net *"_ivl_50", 31 0, L_0x5d0af2a0f410;  1 drivers
L_0x7843d1f570f0 .functor BUFT 1, C4<000000000100>, C4<0>, C4<0>, C4<0>;
v0x5d0af29f8b50_0 .net/2u *"_ivl_6", 11 0, L_0x7843d1f570f0;  1 drivers
v0x5d0af29f8c30_0 .net "clk", 0 0, v0x5d0af29fd4b0_0;  alias, 1 drivers
v0x5d0af29f8cf0_0 .var "cmp_reg", 31 0;
v0x5d0af29f8dd0_0 .var "cmp_reg_write", 0 0;
v0x5d0af29f8e90_0 .var "count_reg", 31 0;
v0x5d0af29f8f70_0 .var "ctrl_reg", 3 0;
v0x5d0af29f9050_0 .var "match_flag", 0 0;
v0x5d0af29f9110_0 .var "overflow_flag", 0 0;
v0x5d0af29f91d0_0 .net "prescale_max", 31 0, L_0x5d0af2a0f5a0;  1 drivers
v0x5d0af29f92b0_0 .net "prescale_sel", 1 0, L_0x5d0af2a0e900;  1 drivers
v0x5d0af29f9390_0 .var "prescaler_counter", 31 0;
v0x5d0af29f9470_0 .var "prescaler_tick", 0 0;
v0x5d0af29f9530_0 .net "reg_offset", 11 0, L_0x5d0af2a0e300;  1 drivers
v0x5d0af29f9610_0 .net "rst_n", 0 0, v0x5d0af29fd570_0;  alias, 1 drivers
v0x5d0af29f96d0_0 .net "sel_cmp", 0 0, L_0x5d0af2a0e540;  1 drivers
v0x5d0af29f9790_0 .net "sel_count", 0 0, L_0x5d0af2a0e3d0;  1 drivers
v0x5d0af29f9850_0 .net "sel_ctrl", 0 0, L_0x5d0af2a0e680;  1 drivers
v0x5d0af29f9910_0 .net "sel_status", 0 0, L_0x5d0af2a0e7e0;  1 drivers
v0x5d0af29f99d0_0 .var "status_read_match", 0 0;
v0x5d0af29f9a90_0 .var "status_read_overflow", 0 0;
v0x5d0af29f9b50_0 .var "status_reg", 1 0;
v0x5d0af29f9c30_0 .var "tmp_r_ack", 0 0;
v0x5d0af29f9cf0_0 .var "tmp_w_ack", 0 0;
v0x5d0af29f9db0_0 .var "wbs_ack", 0 0;
v0x5d0af29f9e70_0 .net "wbs_addr", 31 0, v0x5d0af29fd9d0_0;  alias, 1 drivers
v0x5d0af29f9f50_0 .net "wbs_cyc", 0 0, L_0x5d0af2a0f2b0;  1 drivers
v0x5d0af29fa010_0 .var "wbs_data_read", 31 0;
v0x5d0af29fa0f0_0 .net "wbs_data_write", 31 0, v0x5d0af29fdc90_0;  alias, 1 drivers
v0x5d0af29fa1d0_0 .net "wbs_sel", 3 0, v0x5d0af29fdd30_0;  alias, 1 drivers
v0x5d0af29fa2b0_0 .net "wbs_stb", 0 0, L_0x5d0af29bc6f0;  1 drivers
v0x5d0af29fa370_0 .net "wbs_we", 0 0, v0x5d0af29fdee0_0;  alias, 1 drivers
E_0x5d0af29a5580/0 .event negedge, v0x5d0af29f9610_0;
E_0x5d0af29a5580/1 .event posedge, v0x5d0af29f8c30_0;
E_0x5d0af29a5580 .event/or E_0x5d0af29a5580/0, E_0x5d0af29a5580/1;
E_0x5d0af29ab910/0 .event anyedge, v0x5d0af29f9f50_0, v0x5d0af29fa2b0_0, v0x5d0af29fa370_0, v0x5d0af29f9530_0;
E_0x5d0af29ab910/1 .event anyedge, v0x5d0af29f8e90_0, v0x5d0af29f8cf0_0, v0x5d0af29f8f70_0, v0x5d0af29f9b50_0;
E_0x5d0af29ab910 .event/or E_0x5d0af29ab910/0, E_0x5d0af29ab910/1;
L_0x5d0af2a0e300 .part v0x5d0af29fd9d0_0, 0, 12;
L_0x5d0af2a0e3d0 .cmp/eq 12, L_0x5d0af2a0e300, L_0x7843d1f570a8;
L_0x5d0af2a0e540 .cmp/eq 12, L_0x5d0af2a0e300, L_0x7843d1f570f0;
L_0x5d0af2a0e680 .cmp/eq 12, L_0x5d0af2a0e300, L_0x7843d1f57138;
L_0x5d0af2a0e7e0 .cmp/eq 12, L_0x5d0af2a0e300, L_0x7843d1f57180;
L_0x5d0af2a0e900 .part v0x5d0af29f8f70_0, 2, 2;
L_0x5d0af2a0ea10 .cmp/eq 2, L_0x5d0af2a0e900, L_0x7843d1f571c8;
L_0x5d0af2a0ec10 .cmp/eq 2, L_0x5d0af2a0e900, L_0x7843d1f57258;
L_0x5d0af2a0ed60 .cmp/eq 2, L_0x5d0af2a0e900, L_0x7843d1f572e8;
L_0x5d0af2a0eef0 .cmp/eq 2, L_0x5d0af2a0e900, L_0x7843d1f57378;
L_0x5d0af2a0f0a0 .functor MUXZ 32, L_0x7843d1f57408, L_0x7843d1f573c0, L_0x5d0af2a0eef0, C4<>;
L_0x5d0af2a0f210 .functor MUXZ 32, L_0x5d0af2a0f0a0, L_0x7843d1f57330, L_0x5d0af2a0ed60, C4<>;
L_0x5d0af2a0f410 .functor MUXZ 32, L_0x5d0af2a0f210, L_0x7843d1f572a0, L_0x5d0af2a0ec10, C4<>;
L_0x5d0af2a0f5a0 .functor MUXZ 32, L_0x5d0af2a0f410, L_0x7843d1f57210, L_0x5d0af2a0ea10, C4<>;
S_0x5d0af29fb400 .scope task, "test_compare_match" "test_compare_match" 2 226, 2 226 0, S_0x5d0af29d23d0;
 .timescale -9 -12;
v0x5d0af29fb5b0_0 .var "error_count", 31 0;
v0x5d0af29fb690_0 .var "read_data", 31 0;
TD_tb_timer.test_compare_match ;
    %pushi/vec4 0, 0, 32;
    %store/vec4 v0x5d0af29fb5b0_0, 0, 32;
    %pushi/vec4 805306372, 0, 32;
    %store/vec4 v0x5d0af29fd1e0_0, 0, 32;
    %pushi/vec4 10, 0, 32;
    %store/vec4 v0x5d0af29fd2e0_0, 0, 32;
    %pushi/vec4 15, 0, 4;
    %store/vec4 v0x5d0af29fd3c0_0, 0, 4;
    %fork TD_tb_timer.wb_write, S_0x5d0af29fd000;
    %join;
    %pushi/vec4 805306376, 0, 32;
    %store/vec4 v0x5d0af29fd1e0_0, 0, 32;
    %pushi/vec4 1, 0, 32;
    %store/vec4 v0x5d0af29fd2e0_0, 0, 32;
    %pushi/vec4 1, 0, 4;
    %store/vec4 v0x5d0af29fd3c0_0, 0, 4;
    %fork TD_tb_timer.wb_write, S_0x5d0af29fd000;
    %join;
    %delay 150000, 0;
    %pushi/vec4 805306380, 0, 32;
    %store/vec4 v0x5d0af29fce20_0, 0, 32;
    %fork TD_tb_timer.wb_read, S_0x5d0af29fcc40;
    %join;
    %load/vec4 v0x5d0af29fcf20_0;
    %store/vec4 v0x5d0af29fb690_0, 0, 32;
    %load/vec4 v0x5d0af29fb690_0;
    %parti/s 1, 0, 2;
    %cmpi/ne 1, 0, 1;
    %jmp/0xz  T_0.0, 6;
    %vpi_call 2 242 "$display", "ERROR: Match flag not set: %b", &PV<v0x5d0af29fb690_0, 0, 1> {0 0 0};
    ; show_stmt_assign_vector: Get l-value for compressed += operand
    %load/vec4 v0x5d0af29fb5b0_0;
    %pushi/vec4 1, 0, 32;
    %add;
    %store/vec4 v0x5d0af29fb5b0_0, 0, 32;
T_0.0 ;
    %pushi/vec4 805306380, 0, 32;
    %store/vec4 v0x5d0af29fd1e0_0, 0, 32;
    %pushi/vec4 1, 0, 32;
    %store/vec4 v0x5d0af29fd2e0_0, 0, 32;
    %pushi/vec4 1, 0, 4;
    %store/vec4 v0x5d0af29fd3c0_0, 0, 4;
    %fork TD_tb_timer.wb_write, S_0x5d0af29fd000;
    %join;
    %pushi/vec4 805306380, 0, 32;
    %store/vec4 v0x5d0af29fce20_0, 0, 32;
    %fork TD_tb_timer.wb_read, S_0x5d0af29fcc40;
    %join;
    %load/vec4 v0x5d0af29fcf20_0;
    %store/vec4 v0x5d0af29fb690_0, 0, 32;
    %load/vec4 v0x5d0af29fb690_0;
    %parti/s 1, 0, 2;
    %cmpi/ne 0, 0, 1;
    %jmp/0xz  T_0.2, 6;
    %vpi_call 2 250 "$display", "ERROR: Match flag not cleared: %b", &PV<v0x5d0af29fb690_0, 0, 1> {0 0 0};
    ; show_stmt_assign_vector: Get l-value for compressed += operand
    %load/vec4 v0x5d0af29fb5b0_0;
    %pushi/vec4 1, 0, 32;
    %add;
    %store/vec4 v0x5d0af29fb5b0_0, 0, 32;
T_0.2 ;
    %vpi_call 2 254 "$display", "Compare match test completed with %0d errors", v0x5d0af29fb5b0_0 {0 0 0};
    %end;
S_0x5d0af29fb770 .scope task, "test_free_running" "test_free_running" 2 189, 2 189 0, S_0x5d0af29d23d0;
 .timescale -9 -12;
v0x5d0af29fb980_0 .var "error_count", 31 0;
v0x5d0af29fba60_0 .var "read_data1", 31 0;
v0x5d0af29fbb40_0 .var "read_data2", 31 0;
TD_tb_timer.test_free_running ;
    %pushi/vec4 0, 0, 32;
    %store/vec4 v0x5d0af29fb980_0, 0, 32;
    %pushi/vec4 805306376, 0, 32;
    %store/vec4 v0x5d0af29fd1e0_0, 0, 32;
    %pushi/vec4 1, 0, 32;
    %store/vec4 v0x5d0af29fd2e0_0, 0, 32;
    %pushi/vec4 1, 0, 4;
    %store/vec4 v0x5d0af29fd3c0_0, 0, 4;
    %fork TD_tb_timer.wb_write, S_0x5d0af29fd000;
    %join;
    %pushi/vec4 805306368, 0, 32;
    %store/vec4 v0x5d0af29fce20_0, 0, 32;
    %fork TD_tb_timer.wb_read, S_0x5d0af29fcc40;
    %join;
    %load/vec4 v0x5d0af29fcf20_0;
    %store/vec4 v0x5d0af29fba60_0, 0, 32;
    %delay 50000, 0;
    %pushi/vec4 805306368, 0, 32;
    %store/vec4 v0x5d0af29fce20_0, 0, 32;
    %fork TD_tb_timer.wb_read, S_0x5d0af29fcc40;
    %join;
    %load/vec4 v0x5d0af29fcf20_0;
    %store/vec4 v0x5d0af29fbb40_0, 0, 32;
    %load/vec4 v0x5d0af29fbb40_0;
    %load/vec4 v0x5d0af29fba60_0;
    %cmp/u;
    %flag_or 5, 4;
    %jmp/0xz  T_1.4, 5;
    %vpi_call 2 204 "$display", "ERROR: Counter not incrementing: %d -> %d", v0x5d0af29fba60_0, v0x5d0af29fbb40_0 {0 0 0};
    ; show_stmt_assign_vector: Get l-value for compressed += operand
    %load/vec4 v0x5d0af29fb980_0;
    %pushi/vec4 1, 0, 32;
    %add;
    %store/vec4 v0x5d0af29fb980_0, 0, 32;
    %jmp T_1.5;
T_1.4 ;
    %vpi_call 2 207 "$display", "[INFO]: read_data1 = %d ", v0x5d0af29fba60_0 {0 0 0};
    %vpi_call 2 208 "$display", "[INFO]: read_data2 = %d ", v0x5d0af29fbb40_0 {0 0 0};
T_1.5 ;
    %pushi/vec4 805306376, 0, 32;
    %store/vec4 v0x5d0af29fd1e0_0, 0, 32;
    %pushi/vec4 0, 0, 32;
    %store/vec4 v0x5d0af29fd2e0_0, 0, 32;
    %pushi/vec4 1, 0, 4;
    %store/vec4 v0x5d0af29fd3c0_0, 0, 4;
    %fork TD_tb_timer.wb_write, S_0x5d0af29fd000;
    %join;
    %pushi/vec4 805306368, 0, 32;
    %store/vec4 v0x5d0af29fce20_0, 0, 32;
    %fork TD_tb_timer.wb_read, S_0x5d0af29fcc40;
    %join;
    %load/vec4 v0x5d0af29fcf20_0;
    %store/vec4 v0x5d0af29fba60_0, 0, 32;
    %delay 30000, 0;
    %pushi/vec4 805306368, 0, 32;
    %store/vec4 v0x5d0af29fce20_0, 0, 32;
    %fork TD_tb_timer.wb_read, S_0x5d0af29fcc40;
    %join;
    %load/vec4 v0x5d0af29fcf20_0;
    %store/vec4 v0x5d0af29fbb40_0, 0, 32;
    %load/vec4 v0x5d0af29fbb40_0;
    %load/vec4 v0x5d0af29fba60_0;
    %cmp/ne;
    %jmp/0xz  T_1.6, 6;
    %vpi_call 2 218 "$display", "ERROR: Counter still incrementing when disabled: %d -> %d", v0x5d0af29fba60_0, v0x5d0af29fbb40_0 {0 0 0};
    ; show_stmt_assign_vector: Get l-value for compressed += operand
    %load/vec4 v0x5d0af29fb980_0;
    %pushi/vec4 1, 0, 32;
    %add;
    %store/vec4 v0x5d0af29fb980_0, 0, 32;
T_1.6 ;
    %vpi_call 2 222 "$display", "Free-running test completed with %0d errors", v0x5d0af29fb980_0 {0 0 0};
    %end;
S_0x5d0af29fbc30 .scope task, "test_one_shot_mode" "test_one_shot_mode" 2 258, 2 258 0, S_0x5d0af29d23d0;
 .timescale -9 -12;
v0x5d0af29fbe10_0 .var "error_count", 31 0;
v0x5d0af29fbf10_0 .var "read_data", 31 0;
TD_tb_timer.test_one_shot_mode ;
    %pushi/vec4 0, 0, 32;
    %store/vec4 v0x5d0af29fbe10_0, 0, 32;
    %pushi/vec4 805306372, 0, 32;
    %store/vec4 v0x5d0af29fd1e0_0, 0, 32;
    %pushi/vec4 5, 0, 32;
    %store/vec4 v0x5d0af29fd2e0_0, 0, 32;
    %pushi/vec4 15, 0, 4;
    %store/vec4 v0x5d0af29fd3c0_0, 0, 4;
    %fork TD_tb_timer.wb_write, S_0x5d0af29fd000;
    %join;
    %pushi/vec4 805306376, 0, 32;
    %store/vec4 v0x5d0af29fd1e0_0, 0, 32;
    %pushi/vec4 3, 0, 32;
    %store/vec4 v0x5d0af29fd2e0_0, 0, 32;
    %pushi/vec4 1, 0, 4;
    %store/vec4 v0x5d0af29fd3c0_0, 0, 4;
    %fork TD_tb_timer.wb_write, S_0x5d0af29fd000;
    %join;
    %delay 100000, 0;
    %pushi/vec4 805306368, 0, 32;
    %store/vec4 v0x5d0af29fce20_0, 0, 32;
    %fork TD_tb_timer.wb_read, S_0x5d0af29fcc40;
    %join;
    %load/vec4 v0x5d0af29fcf20_0;
    %store/vec4 v0x5d0af29fbf10_0, 0, 32;
    %load/vec4 v0x5d0af29fbf10_0;
    %cmpi/ne 5, 0, 32;
    %jmp/0xz  T_2.8, 6;
    %vpi_call 2 274 "$display", "ERROR: Counter not stopped in one-shot mode: %d", v0x5d0af29fbf10_0 {0 0 0};
    ; show_stmt_assign_vector: Get l-value for compressed += operand
    %load/vec4 v0x5d0af29fbe10_0;
    %pushi/vec4 1, 0, 32;
    %add;
    %store/vec4 v0x5d0af29fbe10_0, 0, 32;
T_2.8 ;
    %pushi/vec4 805306380, 0, 32;
    %store/vec4 v0x5d0af29fce20_0, 0, 32;
    %fork TD_tb_timer.wb_read, S_0x5d0af29fcc40;
    %join;
    %load/vec4 v0x5d0af29fcf20_0;
    %store/vec4 v0x5d0af29fbf10_0, 0, 32;
    %load/vec4 v0x5d0af29fbf10_0;
    %parti/s 1, 0, 2;
    %cmpi/ne 1, 0, 1;
    %jmp/0xz  T_2.10, 6;
    %vpi_call 2 281 "$display", "ERROR: Match flag not set in one-shot: %b", &PV<v0x5d0af29fbf10_0, 0, 1> {0 0 0};
    ; show_stmt_assign_vector: Get l-value for compressed += operand
    %load/vec4 v0x5d0af29fbe10_0;
    %pushi/vec4 1, 0, 32;
    %add;
    %store/vec4 v0x5d0af29fbe10_0, 0, 32;
T_2.10 ;
    %vpi_call 2 285 "$display", "One-shot test completed with %0d errors", v0x5d0af29fbe10_0 {0 0 0};
    %end;
S_0x5d0af29fbff0 .scope task, "test_prescaler" "test_prescaler" 2 289, 2 289 0, S_0x5d0af29d23d0;
 .timescale -9 -12;
v0x5d0af29fc220_0 .var "error_count", 31 0;
v0x5d0af29fc320_0 .var "read_data1", 31 0;
v0x5d0af29fc400_0 .var "read_data2", 31 0;
TD_tb_timer.test_prescaler ;
    %pushi/vec4 0, 0, 32;
    %store/vec4 v0x5d0af29fc220_0, 0, 32;
    %pushi/vec4 805306376, 0, 32;
    %store/vec4 v0x5d0af29fd1e0_0, 0, 32;
    %pushi/vec4 5, 0, 32;
    %store/vec4 v0x5d0af29fd2e0_0, 0, 32;
    %pushi/vec4 1, 0, 4;
    %store/vec4 v0x5d0af29fd3c0_0, 0, 4;
    %fork TD_tb_timer.wb_write, S_0x5d0af29fd000;
    %join;
    %pushi/vec4 805306368, 0, 32;
    %store/vec4 v0x5d0af29fce20_0, 0, 32;
    %fork TD_tb_timer.wb_read, S_0x5d0af29fcc40;
    %join;
    %load/vec4 v0x5d0af29fcf20_0;
    %store/vec4 v0x5d0af29fc320_0, 0, 32;
    %delay 400000, 0;
    %pushi/vec4 805306368, 0, 32;
    %store/vec4 v0x5d0af29fce20_0, 0, 32;
    %fork TD_tb_timer.wb_read, S_0x5d0af29fcc40;
    %join;
    %load/vec4 v0x5d0af29fcf20_0;
    %store/vec4 v0x5d0af29fc400_0, 0, 32;
    %load/vec4 v0x5d0af29fc400_0;
    %load/vec4 v0x5d0af29fc320_0;
    %sub;
    %cmpi/u 3, 0, 32;
    %jmp/1 T_3.14, 5;
    %flag_mov 8, 5;
    %load/vec4 v0x5d0af29fc400_0;
    %load/vec4 v0x5d0af29fc320_0;
    %sub;
    %cmpi/u 5, 0, 32;
    %flag_or 5, 4; GT is !LE
    %flag_inv 5;
    %flag_or 5, 8;
T_3.14;
    %jmp/0xz  T_3.12, 5;
    %load/vec4 v0x5d0af29fc400_0;
    %load/vec4 v0x5d0af29fc320_0;
    %sub;
    %vpi_call 2 305 "$display", "ERROR: Prescaler not working: advanced by %d (expected ~4)", S<0,vec4,u32> {1 0 0};
    ; show_stmt_assign_vector: Get l-value for compressed += operand
    %load/vec4 v0x5d0af29fc220_0;
    %pushi/vec4 1, 0, 32;
    %add;
    %store/vec4 v0x5d0af29fc220_0, 0, 32;
T_3.12 ;
    %vpi_call 2 309 "$display", "Prescaler test completed with %0d errors", v0x5d0af29fc220_0 {0 0 0};
    %end;
S_0x5d0af29fc4c0 .scope task, "test_reset_values" "test_reset_values" 2 154, 2 154 0, S_0x5d0af29d23d0;
 .timescale -9 -12;
v0x5d0af29fc6a0_0 .var "error_count", 31 0;
v0x5d0af29fc7a0_0 .var "read_data", 31 0;
TD_tb_timer.test_reset_values ;
    %pushi/vec4 0, 0, 32;
    %store/vec4 v0x5d0af29fc6a0_0, 0, 32;
    %pushi/vec4 805306368, 0, 32;
    %store/vec4 v0x5d0af29fce20_0, 0, 32;
    %fork TD_tb_timer.wb_read, S_0x5d0af29fcc40;
    %join;
    %load/vec4 v0x5d0af29fcf20_0;
    %store/vec4 v0x5d0af29fc7a0_0, 0, 32;
    %load/vec4 v0x5d0af29fc7a0_0;
    %cmpi/ne 0, 0, 32;
    %jmp/0xz  T_4.15, 6;
    %vpi_call 2 163 "$display", "ERROR: COUNT not zero after reset: %h", v0x5d0af29fc7a0_0 {0 0 0};
    ; show_stmt_assign_vector: Get l-value for compressed += operand
    %load/vec4 v0x5d0af29fc6a0_0;
    %pushi/vec4 1, 0, 32;
    %add;
    %store/vec4 v0x5d0af29fc6a0_0, 0, 32;
T_4.15 ;
    %pushi/vec4 805306372, 0, 32;
    %store/vec4 v0x5d0af29fce20_0, 0, 32;
    %fork TD_tb_timer.wb_read, S_0x5d0af29fcc40;
    %join;
    %load/vec4 v0x5d0af29fcf20_0;
    %store/vec4 v0x5d0af29fc7a0_0, 0, 32;
    %load/vec4 v0x5d0af29fc7a0_0;
    %cmpi/ne 0, 0, 32;
    %jmp/0xz  T_4.17, 6;
    %vpi_call 2 169 "$display", "ERROR: CMP not zero after reset: %h", v0x5d0af29fc7a0_0 {0 0 0};
    ; show_stmt_assign_vector: Get l-value for compressed += operand
    %load/vec4 v0x5d0af29fc6a0_0;
    %pushi/vec4 1, 0, 32;
    %add;
    %store/vec4 v0x5d0af29fc6a0_0, 0, 32;
T_4.17 ;
    %pushi/vec4 805306376, 0, 32;
    %store/vec4 v0x5d0af29fce20_0, 0, 32;
    %fork TD_tb_timer.wb_read, S_0x5d0af29fcc40;
    %join;
    %load/vec4 v0x5d0af29fcf20_0;
    %store/vec4 v0x5d0af29fc7a0_0, 0, 32;
    %load/vec4 v0x5d0af29fc7a0_0;
    %parti/s 4, 0, 2;
    %cmpi/ne 0, 0, 4;
    %jmp/0xz  T_4.19, 6;
    %vpi_call 2 175 "$display", "ERROR: CTRL not zero after reset: %b", &PV<v0x5d0af29fc7a0_0, 0, 4> {0 0 0};
    ; show_stmt_assign_vector: Get l-value for compressed += operand
    %load/vec4 v0x5d0af29fc6a0_0;
    %pushi/vec4 1, 0, 32;
    %add;
    %store/vec4 v0x5d0af29fc6a0_0, 0, 32;
T_4.19 ;
    %pushi/vec4 805306380, 0, 32;
    %store/vec4 v0x5d0af29fce20_0, 0, 32;
    %fork TD_tb_timer.wb_read, S_0x5d0af29fcc40;
    %join;
    %load/vec4 v0x5d0af29fcf20_0;
    %store/vec4 v0x5d0af29fc7a0_0, 0, 32;
    %load/vec4 v0x5d0af29fc7a0_0;
    %parti/s 2, 0, 2;
    %cmpi/ne 0, 0, 2;
    %jmp/0xz  T_4.21, 6;
    %vpi_call 2 181 "$display", "ERROR: STAT not zero after reset: %b", &PV<v0x5d0af29fc7a0_0, 0, 2> {0 0 0};
    ; show_stmt_assign_vector: Get l-value for compressed += operand
    %load/vec4 v0x5d0af29fc6a0_0;
    %pushi/vec4 1, 0, 32;
    %add;
    %store/vec4 v0x5d0af29fc6a0_0, 0, 32;
T_4.21 ;
    %vpi_call 2 185 "$display", "Reset values test completed with %0d errors", v0x5d0af29fc6a0_0 {0 0 0};
    %end;
S_0x5d0af29fc880 .scope task, "test_status_register" "test_status_register" 2 313, 2 313 0, S_0x5d0af29d23d0;
 .timescale -9 -12;
v0x5d0af29fca60_0 .var "error_count", 31 0;
v0x5d0af29fcb60_0 .var "read_data", 31 0;
TD_tb_timer.test_status_register ;
    %pushi/vec4 0, 0, 32;
    %store/vec4 v0x5d0af29fca60_0, 0, 32;
    %pushi/vec4 805306376, 0, 32;
    %store/vec4 v0x5d0af29fd1e0_0, 0, 32;
    %pushi/vec4 1, 0, 32;
    %store/vec4 v0x5d0af29fd2e0_0, 0, 32;
    %pushi/vec4 1, 0, 4;
    %store/vec4 v0x5d0af29fd3c0_0, 0, 4;
    %fork TD_tb_timer.wb_write, S_0x5d0af29fd000;
    %join;
    %pushi/vec4 805306372, 0, 32;
    %store/vec4 v0x5d0af29fd1e0_0, 0, 32;
    %pushi/vec4 4294967292, 0, 32;
    %store/vec4 v0x5d0af29fd2e0_0, 0, 32;
    %pushi/vec4 15, 0, 4;
    %store/vec4 v0x5d0af29fd3c0_0, 0, 4;
    %fork TD_tb_timer.wb_write, S_0x5d0af29fd000;
    %join;
    %delay 100000, 0;
    %pushi/vec4 805306380, 0, 32;
    %store/vec4 v0x5d0af29fce20_0, 0, 32;
    %fork TD_tb_timer.wb_read, S_0x5d0af29fcc40;
    %join;
    %load/vec4 v0x5d0af29fcf20_0;
    %store/vec4 v0x5d0af29fcb60_0, 0, 32;
    %load/vec4 v0x5d0af29fcb60_0;
    %parti/s 1, 1, 2;
    %cmpi/ne 1, 0, 1;
    %jmp/0xz  T_5.23, 6;
    %vpi_call 2 328 "$display", "ERROR: Overflow flag not set: %b", &PV<v0x5d0af29fcb60_0, 1, 1> {0 0 0};
    ; show_stmt_assign_vector: Get l-value for compressed += operand
    %load/vec4 v0x5d0af29fca60_0;
    %pushi/vec4 1, 0, 32;
    %add;
    %store/vec4 v0x5d0af29fca60_0, 0, 32;
T_5.23 ;
    %pushi/vec4 805306380, 0, 32;
    %store/vec4 v0x5d0af29fd1e0_0, 0, 32;
    %pushi/vec4 3, 0, 32;
    %store/vec4 v0x5d0af29fd2e0_0, 0, 32;
    %pushi/vec4 1, 0, 4;
    %store/vec4 v0x5d0af29fd3c0_0, 0, 4;
    %fork TD_tb_timer.wb_write, S_0x5d0af29fd000;
    %join;
    %pushi/vec4 805306380, 0, 32;
    %store/vec4 v0x5d0af29fce20_0, 0, 32;
    %fork TD_tb_timer.wb_read, S_0x5d0af29fcc40;
    %join;
    %load/vec4 v0x5d0af29fcf20_0;
    %store/vec4 v0x5d0af29fcb60_0, 0, 32;
    %load/vec4 v0x5d0af29fcb60_0;
    %parti/s 2, 0, 2;
    %cmpi/ne 0, 0, 2;
    %jmp/0xz  T_5.25, 6;
    %vpi_call 2 336 "$display", "ERROR: Flags not cleared: %b", &PV<v0x5d0af29fcb60_0, 0, 2> {0 0 0};
    ; show_stmt_assign_vector: Get l-value for compressed += operand
    %load/vec4 v0x5d0af29fca60_0;
    %pushi/vec4 1, 0, 32;
    %add;
    %store/vec4 v0x5d0af29fca60_0, 0, 32;
T_5.25 ;
    %vpi_call 2 340 "$display", "Status register test completed with %0d errors", v0x5d0af29fca60_0 {0 0 0};
    %end;
S_0x5d0af29fcc40 .scope task, "wb_read" "wb_read" 2 373, 2 373 0, S_0x5d0af29d23d0;
 .timescale -9 -12;
v0x5d0af29fce20_0 .var "addr", 31 0;
v0x5d0af29fcf20_0 .var "data", 31 0;
TD_tb_timer.wb_read ;
    %wait E_0x5d0af29931c0;
    %pushi/vec4 1, 0, 1;
    %store/vec4 v0x5d0af29fdac0_0, 0, 1;
    %pushi/vec4 1, 0, 1;
    %store/vec4 v0x5d0af29fde40_0, 0, 1;
    %pushi/vec4 0, 0, 1;
    %store/vec4 v0x5d0af29fdee0_0, 0, 1;
    %load/vec4 v0x5d0af29fce20_0;
    %store/vec4 v0x5d0af29fd9d0_0, 0, 32;
    %wait E_0x5d0af29931c0;
T_6.27 ;
    %load/vec4 v0x5d0af29fd930_0;
    %nor/r;
    %flag_set/vec4 8;
    %jmp/0xz T_6.28, 8;
    %wait E_0x5d0af29931c0;
    %jmp T_6.27;
T_6.28 ;
    %load/vec4 v0x5d0af29fdb60_0;
    %store/vec4 v0x5d0af29fcf20_0, 0, 32;
    %pushi/vec4 0, 0, 1;
    %store/vec4 v0x5d0af29fdac0_0, 0, 1;
    %pushi/vec4 0, 0, 1;
    %store/vec4 v0x5d0af29fde40_0, 0, 1;
    %wait E_0x5d0af29931c0;
    %end;
S_0x5d0af29fd000 .scope task, "wb_write" "wb_write" 2 350, 2 350 0, S_0x5d0af29d23d0;
 .timescale -9 -12;
v0x5d0af29fd1e0_0 .var "addr", 31 0;
v0x5d0af29fd2e0_0 .var "data", 31 0;
v0x5d0af29fd3c0_0 .var "sel", 3 0;
TD_tb_timer.wb_write ;
    %wait E_0x5d0af29931c0;
    %pushi/vec4 1, 0, 1;
    %store/vec4 v0x5d0af29fdac0_0, 0, 1;
    %pushi/vec4 1, 0, 1;
    %store/vec4 v0x5d0af29fde40_0, 0, 1;
    %pushi/vec4 1, 0, 1;
    %store/vec4 v0x5d0af29fdee0_0, 0, 1;
    %load/vec4 v0x5d0af29fd1e0_0;
    %store/vec4 v0x5d0af29fd9d0_0, 0, 32;
    %load/vec4 v0x5d0af29fd2e0_0;
    %store/vec4 v0x5d0af29fdc90_0, 0, 32;
    %load/vec4 v0x5d0af29fd3c0_0;
    %store/vec4 v0x5d0af29fdd30_0, 0, 4;
    %wait E_0x5d0af29931c0;
T_7.29 ;
    %load/vec4 v0x5d0af29fd930_0;
    %nor/r;
    %flag_set/vec4 8;
    %jmp/0xz T_7.30, 8;
    %wait E_0x5d0af29931c0;
    %jmp T_7.29;
T_7.30 ;
    %pushi/vec4 0, 0, 1;
    %store/vec4 v0x5d0af29fdac0_0, 0, 1;
    %pushi/vec4 0, 0, 1;
    %store/vec4 v0x5d0af29fde40_0, 0, 1;
    %pushi/vec4 0, 0, 1;
    %store/vec4 v0x5d0af29fdee0_0, 0, 1;
    %wait E_0x5d0af29931c0;
    %end;
    .scope S_0x5d0af2986540;
T_8 ;
    %wait E_0x5d0af29a5580;
    %load/vec4 v0x5d0af29f9610_0;
    %nor/r;
    %flag_set/vec4 8;
    %jmp/0xz  T_8.0, 8;
    %pushi/vec4 0, 0, 32;
    %assign/vec4 v0x5d0af29f9390_0, 0;
    %pushi/vec4 0, 0, 1;
    %assign/vec4 v0x5d0af29f9470_0, 0;
    %jmp T_8.1;
T_8.0 ;
    %load/vec4 v0x5d0af29f8f70_0;
    %parti/s 1, 0, 2;
    %flag_set/vec4 8;
    %jmp/0xz  T_8.2, 8;
    %load/vec4 v0x5d0af29f9390_0;
    %load/vec4 v0x5d0af29f91d0_0;
    %subi 1, 0, 32;
    %cmp/e;
    %jmp/0xz  T_8.4, 4;
    %pushi/vec4 0, 0, 32;
    %assign/vec4 v0x5d0af29f9390_0, 0;
    %pushi/vec4 1, 0, 1;
    %assign/vec4 v0x5d0af29f9470_0, 0;
    %jmp T_8.5;
T_8.4 ;
    %load/vec4 v0x5d0af29f9390_0;
    %addi 1, 0, 32;
    %assign/vec4 v0x5d0af29f9390_0, 0;
    %pushi/vec4 0, 0, 1;
    %assign/vec4 v0x5d0af29f9470_0, 0;
T_8.5 ;
    %jmp T_8.3;
T_8.2 ;
    %pushi/vec4 0, 0, 32;
    %assign/vec4 v0x5d0af29f9390_0, 0;
    %pushi/vec4 0, 0, 1;
    %assign/vec4 v0x5d0af29f9470_0, 0;
T_8.3 ;
T_8.1 ;
    %jmp T_8;
    .thread T_8;
    .scope S_0x5d0af2986540;
T_9 ;
    %wait E_0x5d0af29a5580;
    %load/vec4 v0x5d0af29f9610_0;
    %nor/r;
    %flag_set/vec4 8;
    %jmp/0xz  T_9.0, 8;
    %pushi/vec4 0, 0, 32;
    %assign/vec4 v0x5d0af29f8e90_0, 0;
    %pushi/vec4 0, 0, 1;
    %assign/vec4 v0x5d0af29f9050_0, 0;
    %pushi/vec4 0, 0, 1;
    %assign/vec4 v0x5d0af29f9110_0, 0;
    %jmp T_9.1;
T_9.0 ;
    %load/vec4 v0x5d0af29f8f70_0;
    %parti/s 1, 0, 2;
    %flag_set/vec4 9;
    %flag_get/vec4 9;
    %jmp/0 T_9.4, 9;
    %load/vec4 v0x5d0af29f9470_0;
    %and;
T_9.4;
    %flag_set/vec4 8;
    %jmp/0xz  T_9.2, 8;
    %load/vec4 v0x5d0af29f8e90_0;
    %load/vec4 v0x5d0af29f8cf0_0;
    %cmp/e;
    %jmp/0xz  T_9.5, 4;
    %pushi/vec4 1, 0, 1;
    %assign/vec4 v0x5d0af29f9050_0, 0;
    %load/vec4 v0x5d0af29f8f70_0;
    %parti/s 1, 1, 2;
    %flag_set/vec4 8;
    %jmp/0xz  T_9.7, 8;
    %load/vec4 v0x5d0af29f8e90_0;
    %assign/vec4 v0x5d0af29f8e90_0, 0;
    %jmp T_9.8;
T_9.7 ;
    %load/vec4 v0x5d0af29f8e90_0;
    %addi 1, 0, 32;
    %assign/vec4 v0x5d0af29f8e90_0, 0;
T_9.8 ;
    %jmp T_9.6;
T_9.5 ;
    %pushi/vec4 0, 0, 1;
    %assign/vec4 v0x5d0af29f9050_0, 0;
    %load/vec4 v0x5d0af29f8e90_0;
    %addi 1, 0, 32;
    %assign/vec4 v0x5d0af29f8e90_0, 0;
T_9.6 ;
    %load/vec4 v0x5d0af29f8e90_0;
    %cmpi/e 4294967295, 0, 32;
    %jmp/0xz  T_9.9, 4;
    %pushi/vec4 1, 0, 1;
    %assign/vec4 v0x5d0af29f9110_0, 0;
T_9.9 ;
    %jmp T_9.3;
T_9.2 ;
    %pushi/vec4 0, 0, 1;
    %assign/vec4 v0x5d0af29f9050_0, 0;
T_9.3 ;
T_9.1 ;
    %jmp T_9;
    .thread T_9;
    .scope S_0x5d0af2986540;
T_10 ;
    %wait E_0x5d0af29a5580;
    %load/vec4 v0x5d0af29f9610_0;
    %nor/r;
    %flag_set/vec4 8;
    %jmp/0xz  T_10.0, 8;
    %pushi/vec4 0, 0, 2;
    %assign/vec4 v0x5d0af29f9b50_0, 0;
    %jmp T_10.1;
T_10.0 ;
    %load/vec4 v0x5d0af29f9050_0;
    %flag_set/vec4 8;
    %jmp/0xz  T_10.2, 8;
    %pushi/vec4 1, 0, 1;
    %ix/load 4, 0, 0;
    %ix/load 5, 0, 0;
    %flag_set/imm 4, 0;
    %assign/vec4/off/d v0x5d0af29f9b50_0, 4, 5;
T_10.2 ;
    %load/vec4 v0x5d0af29f9110_0;
    %flag_set/vec4 8;
    %jmp/0xz  T_10.4, 8;
    %pushi/vec4 1, 0, 1;
    %ix/load 4, 1, 0;
    %ix/load 5, 0, 0;
    %flag_set/imm 4, 0;
    %assign/vec4/off/d v0x5d0af29f9b50_0, 4, 5;
T_10.4 ;
    %load/vec4 v0x5d0af29f99d0_0;
    %flag_set/vec4 8;
    %jmp/0xz  T_10.6, 8;
    %pushi/vec4 0, 0, 1;
    %ix/load 4, 0, 0;
    %ix/load 5, 0, 0;
    %flag_set/imm 4, 0;
    %assign/vec4/off/d v0x5d0af29f9b50_0, 4, 5;
T_10.6 ;
    %load/vec4 v0x5d0af29f9a90_0;
    %flag_set/vec4 8;
    %jmp/0xz  T_10.8, 8;
    %pushi/vec4 0, 0, 1;
    %ix/load 4, 1, 0;
    %ix/load 5, 0, 0;
    %flag_set/imm 4, 0;
    %assign/vec4/off/d v0x5d0af29f9b50_0, 4, 5;
T_10.8 ;
T_10.1 ;
    %jmp T_10;
    .thread T_10;
    .scope S_0x5d0af2986540;
T_11 ;
    %wait E_0x5d0af29ab910;
    %pushi/vec4 0, 0, 32;
    %store/vec4 v0x5d0af29fa010_0, 0, 32;
    %pushi/vec4 0, 0, 1;
    %store/vec4 v0x5d0af29f9c30_0, 0, 1;
    %load/vec4 v0x5d0af29f9f50_0;
    %flag_set/vec4 10;
    %flag_get/vec4 10;
    %jmp/0 T_11.3, 10;
    %load/vec4 v0x5d0af29fa2b0_0;
    %and;
T_11.3;
    %flag_set/vec4 9;
    %flag_get/vec4 9;
    %jmp/0 T_11.2, 9;
    %load/vec4 v0x5d0af29fa370_0;
    %nor/r;
    %and;
T_11.2;
    %flag_set/vec4 8;
    %jmp/0xz  T_11.0, 8;
    %pushi/vec4 1, 0, 1;
    %store/vec4 v0x5d0af29f9c30_0, 0, 1;
    %load/vec4 v0x5d0af29f9530_0;
    %dup/vec4;
    %pushi/vec4 0, 0, 12;
    %cmp/u;
    %jmp/1 T_11.4, 6;
    %dup/vec4;
    %pushi/vec4 4, 0, 12;
    %cmp/u;
    %jmp/1 T_11.5, 6;
    %dup/vec4;
    %pushi/vec4 8, 0, 12;
    %cmp/u;
    %jmp/1 T_11.6, 6;
    %dup/vec4;
    %pushi/vec4 12, 0, 12;
    %cmp/u;
    %jmp/1 T_11.7, 6;
    %pushi/vec4 0, 0, 32;
    %store/vec4 v0x5d0af29fa010_0, 0, 32;
    %jmp T_11.9;
T_11.4 ;
    %load/vec4 v0x5d0af29f8e90_0;
    %store/vec4 v0x5d0af29fa010_0, 0, 32;
    %jmp T_11.9;
T_11.5 ;
    %load/vec4 v0x5d0af29f8cf0_0;
    %store/vec4 v0x5d0af29fa010_0, 0, 32;
    %jmp T_11.9;
T_11.6 ;
    %pushi/vec4 0, 0, 28;
    %load/vec4 v0x5d0af29f8f70_0;
    %concat/vec4; draw_concat_vec4
    %store/vec4 v0x5d0af29fa010_0, 0, 32;
    %jmp T_11.9;
T_11.7 ;
    %pushi/vec4 0, 0, 30;
    %load/vec4 v0x5d0af29f9b50_0;
    %concat/vec4; draw_concat_vec4
    %store/vec4 v0x5d0af29fa010_0, 0, 32;
    %jmp T_11.9;
T_11.9 ;
    %pop/vec4 1;
T_11.0 ;
    %jmp T_11;
    .thread T_11, $push;
    .scope S_0x5d0af2986540;
T_12 ;
    %wait E_0x5d0af29a5580;
    %load/vec4 v0x5d0af29f9610_0;
    %nor/r;
    %flag_set/vec4 8;
    %jmp/0xz  T_12.0, 8;
    %pushi/vec4 0, 0, 32;
    %assign/vec4 v0x5d0af29f8cf0_0, 0;
    %pushi/vec4 0, 0, 4;
    %assign/vec4 v0x5d0af29f8f70_0, 0;
    %pushi/vec4 0, 0, 2;
    %assign/vec4 v0x5d0af29f9b50_0, 0;
    %pushi/vec4 0, 0, 1;
    %assign/vec4 v0x5d0af29f99d0_0, 0;
    %pushi/vec4 0, 0, 1;
    %assign/vec4 v0x5d0af29f9a90_0, 0;
    %pushi/vec4 0, 0, 1;
    %assign/vec4 v0x5d0af29f8dd0_0, 0;
    %pushi/vec4 0, 0, 1;
    %assign/vec4 v0x5d0af29f9cf0_0, 0;
    %jmp T_12.1;
T_12.0 ;
    %pushi/vec4 0, 0, 1;
    %assign/vec4 v0x5d0af29f9cf0_0, 0;
    %load/vec4 v0x5d0af29f9f50_0;
    %flag_set/vec4 10;
    %flag_get/vec4 10;
    %jmp/0 T_12.5, 10;
    %load/vec4 v0x5d0af29fa2b0_0;
    %and;
T_12.5;
    %flag_set/vec4 9;
    %flag_get/vec4 9;
    %jmp/0 T_12.4, 9;
    %load/vec4 v0x5d0af29fa370_0;
    %and;
T_12.4;
    %flag_set/vec4 8;
    %jmp/0xz  T_12.2, 8;
    %pushi/vec4 1, 0, 1;
    %assign/vec4 v0x5d0af29f9cf0_0, 0;
    %load/vec4 v0x5d0af29f9530_0;
    %dup/vec4;
    %pushi/vec4 4, 0, 12;
    %cmp/u;
    %jmp/1 T_12.6, 6;
    %dup/vec4;
    %pushi/vec4 8, 0, 12;
    %cmp/u;
    %jmp/1 T_12.7, 6;
    %dup/vec4;
    %pushi/vec4 12, 0, 12;
    %cmp/u;
    %jmp/1 T_12.8, 6;
    %jmp T_12.9;
T_12.6 ;
    %load/vec4 v0x5d0af29fa1d0_0;
    %parti/s 1, 0, 2;
    %flag_set/vec4 8;
    %jmp/0xz  T_12.10, 8;
    %load/vec4 v0x5d0af29fa0f0_0;
    %parti/s 8, 0, 2;
    %ix/load 4, 0, 0;
    %ix/load 5, 0, 0;
    %flag_set/imm 4, 0;
    %assign/vec4/off/d v0x5d0af29f8cf0_0, 4, 5;
T_12.10 ;
    %load/vec4 v0x5d0af29fa1d0_0;
    %parti/s 1, 1, 2;
    %flag_set/vec4 8;
    %jmp/0xz  T_12.12, 8;
    %load/vec4 v0x5d0af29fa0f0_0;
    %parti/s 8, 8, 5;
    %ix/load 4, 8, 0;
    %ix/load 5, 0, 0;
    %flag_set/imm 4, 0;
    %assign/vec4/off/d v0x5d0af29f8cf0_0, 4, 5;
T_12.12 ;
    %load/vec4 v0x5d0af29fa1d0_0;
    %parti/s 1, 2, 3;
    %flag_set/vec4 8;
    %jmp/0xz  T_12.14, 8;
    %load/vec4 v0x5d0af29fa0f0_0;
    %parti/s 8, 16, 6;
    %ix/load 4, 16, 0;
    %ix/load 5, 0, 0;
    %flag_set/imm 4, 0;
    %assign/vec4/off/d v0x5d0af29f8cf0_0, 4, 5;
T_12.14 ;
    %load/vec4 v0x5d0af29fa1d0_0;
    %parti/s 1, 3, 3;
    %flag_set/vec4 8;
    %jmp/0xz  T_12.16, 8;
    %load/vec4 v0x5d0af29fa0f0_0;
    %parti/s 8, 24, 6;
    %ix/load 4, 24, 0;
    %ix/load 5, 0, 0;
    %flag_set/imm 4, 0;
    %assign/vec4/off/d v0x5d0af29f8cf0_0, 4, 5;
T_12.16 ;
    %pushi/vec4 1, 0, 1;
    %assign/vec4 v0x5d0af29f8dd0_0, 0;
    %jmp T_12.9;
T_12.7 ;
    %load/vec4 v0x5d0af29fa1d0_0;
    %parti/s 1, 0, 2;
    %flag_set/vec4 8;
    %jmp/0xz  T_12.18, 8;
    %load/vec4 v0x5d0af29fa0f0_0;
    %parti/s 4, 0, 2;
    %assign/vec4 v0x5d0af29f8f70_0, 0;
T_12.18 ;
    %jmp T_12.9;
T_12.8 ;
    %load/vec4 v0x5d0af29fa1d0_0;
    %parti/s 1, 0, 2;
    %flag_set/vec4 8;
    %jmp/0xz  T_12.20, 8;
    %load/vec4 v0x5d0af29fa0f0_0;
    %parti/s 1, 0, 2;
    %flag_set/vec4 8;
    %jmp/0xz  T_12.22, 8;
    %pushi/vec4 1, 0, 1;
    %assign/vec4 v0x5d0af29f99d0_0, 0;
T_12.22 ;
    %load/vec4 v0x5d0af29fa0f0_0;
    %parti/s 1, 1, 2;
    %flag_set/vec4 8;
    %jmp/0xz  T_12.24, 8;
    %pushi/vec4 1, 0, 1;
    %assign/vec4 v0x5d0af29f9a90_0, 0;
T_12.24 ;
T_12.20 ;
    %jmp T_12.9;
T_12.9 ;
    %pop/vec4 1;
T_12.2 ;
T_12.1 ;
    %jmp T_12;
    .thread T_12;
    .scope S_0x5d0af2986540;
T_13 ;
    %wait E_0x5d0af29a5580;
    %load/vec4 v0x5d0af29f9610_0;
    %nor/r;
    %flag_set/vec4 8;
    %jmp/0xz  T_13.0, 8;
    %pushi/vec4 0, 0, 1;
    %assign/vec4 v0x5d0af29f9db0_0, 0;
    %jmp T_13.1;
T_13.0 ;
    %load/vec4 v0x5d0af29f9f50_0;
    %flag_set/vec4 9;
    %flag_get/vec4 9;
    %jmp/0 T_13.3, 9;
    %load/vec4 v0x5d0af29fa2b0_0;
    %and;
T_13.3;
    %flag_set/vec4 8;
    %flag_get/vec4 8;
    %jmp/0 T_13.2, 8;
    %load/vec4 v0x5d0af29f9c30_0;
    %flag_set/vec4 8;
    %flag_get/vec4 8;
    %jmp/1 T_13.4, 8;
    %load/vec4 v0x5d0af29f9cf0_0;
    %or;
T_13.4;
    %and;
T_13.2;
    %assign/vec4 v0x5d0af29f9db0_0, 0;
T_13.1 ;
    %jmp T_13;
    .thread T_13;
    .scope S_0x5d0af297fd30;
T_14 ;
    %wait E_0x5d0af29931c0;
    %load/vec4 v0x5d0af29fa9b0_0;
    %nor/r;
    %flag_set/vec4 8;
    %jmp/0xz  T_14.0, 8;
    %pushi/vec4 0, 0, 32;
    %assign/vec4 v0x5d0af29faed0_0, 0;
    %pushi/vec4 0, 0, 1;
    %assign/vec4 v0x5d0af29facc0_0, 0;
    %jmp T_14.1;
T_14.0 ;
    %load/vec4 v0x5d0af29faa80_0;
    %flag_set/vec4 8;
    %jmp/0xz  T_14.2, 8;
    %load/vec4 v0x5d0af29fabf0_0;
    %assign/vec4 v0x5d0af29faed0_0, 0;
    %load/vec4 v0x5d0af29fab20_0;
    %assign/vec4 v0x5d0af29facc0_0, 0;
    %jmp T_14.3;
T_14.2 ;
    %pushi/vec4 0, 0, 1;
    %assign/vec4 v0x5d0af29facc0_0, 0;
T_14.3 ;
T_14.1 ;
    %jmp T_14;
    .thread T_14;
    .scope S_0x5d0af29d23d0;
T_15 ;
    %pushi/vec4 0, 0, 1;
    %store/vec4 v0x5d0af29fd4b0_0, 0, 1;
T_15.0 ;
    %delay 5000, 0;
    %load/vec4 v0x5d0af29fd4b0_0;
    %inv;
    %store/vec4 v0x5d0af29fd4b0_0, 0, 1;
    %jmp T_15.0;
    %end;
    .thread T_15;
    .scope S_0x5d0af29d23d0;
T_16 ;
    %pushi/vec4 0, 0, 1;
    %store/vec4 v0x5d0af29fd570_0, 0, 1;
    %pushi/vec4 0, 0, 1;
    %store/vec4 v0x5d0af29fdac0_0, 0, 1;
    %pushi/vec4 0, 0, 1;
    %store/vec4 v0x5d0af29fde40_0, 0, 1;
    %pushi/vec4 0, 0, 1;
    %store/vec4 v0x5d0af29fdee0_0, 0, 1;
    %pushi/vec4 0, 0, 32;
    %store/vec4 v0x5d0af29fd9d0_0, 0, 32;
    %pushi/vec4 0, 0, 32;
    %store/vec4 v0x5d0af29fdc90_0, 0, 32;
    %pushi/vec4 0, 0, 4;
    %store/vec4 v0x5d0af29fdd30_0, 0, 4;
    %pushi/vec4 0, 0, 32;
    %store/vec4 v0x5d0af29fd720_0, 0, 32;
    %pushi/vec4 0, 0, 32;
    %store/vec4 v0x5d0af29fd800_0, 0, 32;
    %pushi/vec4 0, 0, 32;
    %store/vec4 v0x5d0af29fd680_0, 0, 32;
    %delay 100000, 0;
    %pushi/vec4 1, 0, 1;
    %store/vec4 v0x5d0af29fd570_0, 0, 1;
    %end;
    .thread T_16;
    .scope S_0x5d0af29d23d0;
T_17 ;
    %vpi_call 2 82 "$dumpfile", "timer_tb.vcd" {0 0 0};
    %vpi_call 2 83 "$dumpvars", 32'sb00000000000000000000000000000000, S_0x5d0af29d23d0 {0 0 0};
T_17.0 ;
    %load/vec4 v0x5d0af29fd570_0;
    %cmpi/ne 1, 0, 1;
    %jmp/0xz T_17.1, 6;
    %wait E_0x5d0af29a29f0;
    %jmp T_17.0;
T_17.1 ;
    %delay 20000, 0;
    %vpi_call 2 88 "$display", "\012=== TIMER Testbench Started ===" {0 0 0};
    %pushi/vec4 1, 0, 32;
    %store/vec4 v0x5d0af29fd720_0, 0, 32;
    %vpi_call 2 92 "$display", "\012[TEST %0d] TIMER Reset Value: Starting", v0x5d0af29fd720_0 {0 0 0};
    %pushi/vec4 0, 0, 32;
    %store/vec4 v0x5d0af29fd680_0, 0, 32;
    %fork TD_tb_timer.test_reset_values, S_0x5d0af29fc4c0;
    %join;
    %load/vec4 v0x5d0af29fc6a0_0;
    %store/vec4 v0x5d0af29fd680_0, 0, 32;
    ; show_stmt_assign_vector: Get l-value for compressed += operand
    %load/vec4 v0x5d0af29fd800_0;
    %load/vec4 v0x5d0af29fd680_0;
    %add;
    %store/vec4 v0x5d0af29fd800_0, 0, 32;
    %vpi_call 2 96 "$display", "[TEST %0d] TIMER Reset Value: Completed\012", v0x5d0af29fd720_0 {0 0 0};
    %pushi/vec4 2, 0, 32;
    %store/vec4 v0x5d0af29fd720_0, 0, 32;
    %vpi_call 2 100 "$display", "\012[TEST %0d] TIMER Free Running: Starting", v0x5d0af29fd720_0 {0 0 0};
    %pushi/vec4 0, 0, 32;
    %store/vec4 v0x5d0af29fd680_0, 0, 32;
    %fork TD_tb_timer.test_free_running, S_0x5d0af29fb770;
    %join;
    %load/vec4 v0x5d0af29fb980_0;
    %store/vec4 v0x5d0af29fd680_0, 0, 32;
    ; show_stmt_assign_vector: Get l-value for compressed += operand
    %load/vec4 v0x5d0af29fd800_0;
    %load/vec4 v0x5d0af29fd680_0;
    %add;
    %store/vec4 v0x5d0af29fd800_0, 0, 32;
    %vpi_call 2 104 "$display", "[TEST %0d] TIMER Free Running: Completed\012", v0x5d0af29fd720_0 {0 0 0};
    %pushi/vec4 3, 0, 32;
    %store/vec4 v0x5d0af29fd720_0, 0, 32;
    %vpi_call 2 108 "$display", "\012[TEST %0d] TIMER Compare Match: Starting", v0x5d0af29fd720_0 {0 0 0};
    %pushi/vec4 0, 0, 32;
    %store/vec4 v0x5d0af29fd680_0, 0, 32;
    %fork TD_tb_timer.test_compare_match, S_0x5d0af29fb400;
    %join;
    %load/vec4 v0x5d0af29fb5b0_0;
    %store/vec4 v0x5d0af29fd680_0, 0, 32;
    ; show_stmt_assign_vector: Get l-value for compressed += operand
    %load/vec4 v0x5d0af29fd800_0;
    %load/vec4 v0x5d0af29fd680_0;
    %add;
    %store/vec4 v0x5d0af29fd800_0, 0, 32;
    %vpi_call 2 112 "$display", "[TEST %0d] TIMER Compare Match: Completed\012", v0x5d0af29fd720_0 {0 0 0};
    %pushi/vec4 4, 0, 32;
    %store/vec4 v0x5d0af29fd720_0, 0, 32;
    %vpi_call 2 116 "$display", "\012[TEST %0d] TIMER One Shot Mode: Starting", v0x5d0af29fd720_0 {0 0 0};
    %pushi/vec4 0, 0, 32;
    %store/vec4 v0x5d0af29fd680_0, 0, 32;
    %fork TD_tb_timer.test_one_shot_mode, S_0x5d0af29fbc30;
    %join;
    %load/vec4 v0x5d0af29fbe10_0;
    %store/vec4 v0x5d0af29fd680_0, 0, 32;
    ; show_stmt_assign_vector: Get l-value for compressed += operand
    %load/vec4 v0x5d0af29fd800_0;
    %load/vec4 v0x5d0af29fd680_0;
    %add;
    %store/vec4 v0x5d0af29fd800_0, 0, 32;
    %vpi_call 2 120 "$display", "[TEST %0d] TIMER One Shot Mode: Completed\012", v0x5d0af29fd720_0 {0 0 0};
    %pushi/vec4 5, 0, 32;
    %store/vec4 v0x5d0af29fd720_0, 0, 32;
    %vpi_call 2 124 "$display", "\012[TEST %0d] TIMER Prescaler: Starting", v0x5d0af29fd720_0 {0 0 0};
    %pushi/vec4 0, 0, 32;
    %store/vec4 v0x5d0af29fd680_0, 0, 32;
    %fork TD_tb_timer.test_prescaler, S_0x5d0af29fbff0;
    %join;
    %load/vec4 v0x5d0af29fc220_0;
    %store/vec4 v0x5d0af29fd680_0, 0, 32;
    ; show_stmt_assign_vector: Get l-value for compressed += operand
    %load/vec4 v0x5d0af29fd800_0;
    %load/vec4 v0x5d0af29fd680_0;
    %add;
    %store/vec4 v0x5d0af29fd800_0, 0, 32;
    %vpi_call 2 128 "$display", "[TEST %0d] TIMER Prescaler: Completed\012", v0x5d0af29fd720_0 {0 0 0};
    %pushi/vec4 6, 0, 32;
    %store/vec4 v0x5d0af29fd720_0, 0, 32;
    %vpi_call 2 132 "$display", "\012[TEST %0d] TIMER Status Register: Starting", v0x5d0af29fd720_0 {0 0 0};
    %pushi/vec4 0, 0, 32;
    %store/vec4 v0x5d0af29fd680_0, 0, 32;
    %fork TD_tb_timer.test_status_register, S_0x5d0af29fc880;
    %join;
    %load/vec4 v0x5d0af29fca60_0;
    %store/vec4 v0x5d0af29fd680_0, 0, 32;
    ; show_stmt_assign_vector: Get l-value for compressed += operand
    %load/vec4 v0x5d0af29fd800_0;
    %load/vec4 v0x5d0af29fd680_0;
    %add;
    %store/vec4 v0x5d0af29fd800_0, 0, 32;
    %vpi_call 2 136 "$display", "[TEST %0d] TIMER Status Register: Completed\012", v0x5d0af29fd720_0 {0 0 0};
    %vpi_call 2 140 "$display", "\012=== TIMER Testbench Completed ===" {0 0 0};
    %vpi_call 2 141 "$display", "\012Total errors: %0d", v0x5d0af29fd800_0 {0 0 0};
    %load/vec4 v0x5d0af29fd800_0;
    %cmpi/e 0, 0, 32;
    %jmp/0xz  T_17.2, 4;
    %vpi_call 2 143 "$display", "\342\234\205 All tests PASSED!" {0 0 0};
    %jmp T_17.3;
T_17.2 ;
    %vpi_call 2 145 "$display", "\342\235\214 Some tests FAILED" {0 0 0};
T_17.3 ;
    %vpi_call 2 147 "$finish" {0 0 0};
    %end;
    .thread T_17;
# The file index is used to find the file name in the following table.
:file_names 5;
    "N/A";
    "<interactive>";
    "/home/gael/Desktop/asic_workspace/MiniSoC_RV32I/sim/peripheral/timer/tb_timer.v";
    "/home/gael/Desktop/asic_workspace/MiniSoC_RV32I/src/peripheral/timer/timer_wrapper.v";
    "/home/gael/Desktop/asic_workspace/MiniSoC_RV32I/src/peripheral/timer/timer.v";
